{
    "repository": "Pylons/webtest",
    "clone_url": "https://github.com/Pylons/webtest.git",
    "timestamp": "2023-05-29T14:38:30.507033Z",
    "clone_success": true,
    "number of actions": 1,
    "number_of_test_actions": 1,
    "actions_successful": false,
    "actions_stdout": "[Build and test/Build the documentation         ] \ud83d\ude80  Start image=crawlergpt:latest\n[Build and test/Validate coverage               ] \ud83d\ude80  Start image=crawlergpt:latest\n[Build and test/Python: 3.7-x64 on ubuntu-latest] \ud83d\ude80  Start image=crawlergpt:latest\n[Build and test/Build the documentation         ]   \ud83d\udc33  docker pull image=crawlergpt:latest platform= username= forcePull=false\n[Build and test/Python: 3.7-x64 on ubuntu-latest]   \ud83d\udc33  docker pull image=crawlergpt:latest platform= username= forcePull=false\n[Build and test/Validate coverage               ]   \ud83d\udc33  docker pull image=crawlergpt:latest platform= username= forcePull=false\n[Build and test/Build the documentation         ]   \ud83d\udc33  docker create image=crawlergpt:latest platform= entrypoint=[\"tail\" \"-f\" \"/dev/null\"] cmd=[]\n[Build and test/Validate coverage               ]   \ud83d\udc33  docker create image=crawlergpt:latest platform= entrypoint=[\"tail\" \"-f\" \"/dev/null\"] cmd=[]\n[Build and test/Python: 3.7-x64 on ubuntu-latest]   \ud83d\udc33  docker create image=crawlergpt:latest platform= entrypoint=[\"tail\" \"-f\" \"/dev/null\"] cmd=[]\n[Build and test/Build the documentation         ]   \ud83d\udc33  docker run image=crawlergpt:latest platform= entrypoint=[\"tail\" \"-f\" \"/dev/null\"] cmd=[]\n[Build and test/Validate coverage               ]   \ud83d\udc33  docker run image=crawlergpt:latest platform= entrypoint=[\"tail\" \"-f\" \"/dev/null\"] cmd=[]\n[Build and test/Python: 3.7-x64 on ubuntu-latest]   \ud83d\udc33  docker run image=crawlergpt:latest platform= entrypoint=[\"tail\" \"-f\" \"/dev/null\"] cmd=[]\n[Build and test/Build the documentation         ]   \ud83d\udc33  docker exec cmd=[chown -R 1012:1000 /tmp/de65f406-fe28-11ed-a890-af2cc187fc11/Pylons-webtest] user=0 workdir=\n[Build and test/Python: 3.7-x64 on ubuntu-latest]   \ud83d\udc33  docker exec cmd=[chown -R 1012:1000 /tmp/de65f406-fe28-11ed-a890-af2cc187fc11/Pylons-webtest] user=0 workdir=\n[Build and test/Validate coverage               ]   \ud83d\udc33  docker exec cmd=[chown -R 1012:1000 /tmp/de65f406-fe28-11ed-a890-af2cc187fc11/Pylons-webtest] user=0 workdir=\n[Build and test/Python: 3.7-x64 on ubuntu-latest]   \u2601  git clone 'https://github.com/actions/setup-python' # ref=v2\n[Build and test/Build the documentation         ]   \u2601  git clone 'https://github.com/actions/setup-python' # ref=v2\n[Build and test/Validate coverage               ]   \u2601  git clone 'https://github.com/actions/setup-python' # ref=v2\n[Build and test/Python: 3.7-x64 on ubuntu-latest] Unable to checkout 75f3110429a8c05be0e1bf360334e4cced2b63fa: EOF\n[Build and test/Build the documentation         ] \u2b50 Run Main actions/checkout@v2\n[Build and test/Validate coverage               ] \u2b50 Run Main actions/checkout@v2\n[Build and test/Build the documentation         ]   \u2705  Success - Main actions/checkout@v2\n[Build and test/Validate coverage               ]   \u2705  Success - Main actions/checkout@v2\n[Build and test/Build the documentation         ] \u2b50 Run Main Setup python\n[Build and test/Build the documentation         ]   \ud83d\udc33  docker cp src=/home/andre-silva/.cache/act/actions-setup-python@v2/ dst=/var/run/act/actions/actions-setup-python@v2/\n[Build and test/Validate coverage               ] \u2b50 Run Main Setup python\n[Build and test/Validate coverage               ]   \ud83d\udc33  docker cp src=/home/andre-silva/.cache/act/actions-setup-python@v2/ dst=/var/run/act/actions/actions-setup-python@v2/\n[Build and test/Build the documentation         ]   \ud83d\udc33  docker exec cmd=[chown -R 1012:1000 /var/run/act/actions/actions-setup-python@v2/] user=0 workdir=\n[Build and test/Validate coverage               ]   \ud83d\udc33  docker exec cmd=[chown -R 1012:1000 /var/run/act/actions/actions-setup-python@v2/] user=0 workdir=\n[Build and test/Python: 3.7-x64 on ubuntu-latest] \ud83c\udfc1  Job succeeded\n[Build and test/Build the documentation         ]   \ud83d\udc33  docker exec cmd=[node /var/run/act/actions/actions-setup-python@v2/dist/setup/index.js] user= workdir=\n[Build and test/Validate coverage               ]   \ud83d\udc33  docker exec cmd=[node /var/run/act/actions/actions-setup-python@v2/dist/setup/index.js] user= workdir=\n[Build and test/Validate coverage               ]   \ud83d\udcac  ::debug::Semantic version spec of 3.9 is 3.9\n[Build and test/Validate coverage               ]   \ud83d\udcac  ::debug::isExplicit: \n[Build and test/Validate coverage               ]   \ud83d\udcac  ::debug::explicit? false\n[Build and test/Validate coverage               ]   \ud83d\udcac  ::debug::isExplicit: 2.7.18\n[Build and test/Validate coverage               ]   \ud83d\udcac  ::debug::explicit? true\n[Build and test/Validate coverage               ]   \ud83d\udcac  ::debug::isExplicit: 3.5.10\n[Build and test/Validate coverage               ]   \ud83d\udcac  ::debug::explicit? true\n[Build and test/Validate coverage               ]   \ud83d\udcac  ::debug::isExplicit: 3.6.14\n[Build and test/Validate coverage               ]   \ud83d\udcac  ::debug::explicit? true\n[Build and test/Validate coverage               ]   \ud83d\udcac  ::debug::isExplicit: 3.7.11\n[Build and test/Validate coverage               ]   \ud83d\udcac  ::debug::explicit? true\n[Build and test/Validate coverage               ]   \ud83d\udcac  ::debug::isExplicit: 3.8.11\n[Build and test/Validate coverage               ]   \ud83d\udcac  ::debug::explicit? true\n[Build and test/Validate coverage               ]   \ud83d\udcac  ::debug::isExplicit: 3.9.6\n[Build and test/Validate coverage               ]   \ud83d\udcac  ::debug::explicit? true\n[Build and test/Validate coverage               ]   \ud83d\udcac  ::debug::evaluating 6 versions\n[Build and test/Validate coverage               ]   \ud83d\udcac  ::debug::matched: 3.9.6\n[Build and test/Validate coverage               ]   \ud83d\udcac  ::debug::checking cache: /opt/hostedtoolcache/Python/3.9.6/x64\n[Build and test/Validate coverage               ]   \ud83d\udcac  ::debug::Found tool in cache Python 3.9.6 x64\n[Build and test/Validate coverage               ]   | Successfully setup CPython (3.9.6)\n[Build and test/Validate coverage               ]   \u2753 add-matcher /run/act/actions/actions-setup-python@v2/.github/python.json\n[Build and test/Validate coverage               ]   \u2705  Success - Main Setup python\n[Build and test/Build the documentation         ]   \ud83d\udcac  ::debug::Semantic version spec of 3.9 is 3.9\n[Build and test/Build the documentation         ]   \ud83d\udcac  ::debug::isExplicit: \n[Build and test/Build the documentation         ]   \ud83d\udcac  ::debug::explicit? false\n[Build and test/Build the documentation         ]   \ud83d\udcac  ::debug::isExplicit: 2.7.18\n[Build and test/Build the documentation         ]   \ud83d\udcac  ::debug::explicit? true\n[Build and test/Build the documentation         ]   \ud83d\udcac  ::debug::isExplicit: 3.5.10\n[Build and test/Build the documentation         ]   \ud83d\udcac  ::debug::explicit? true\n[Build and test/Build the documentation         ]   \ud83d\udcac  ::debug::isExplicit: 3.6.14\n[Build and test/Build the documentation         ]   \ud83d\udcac  ::debug::explicit? true\n[Build and test/Build the documentation         ]   \ud83d\udcac  ::debug::isExplicit: 3.7.11\n[Build and test/Build the documentation         ]   \ud83d\udcac  ::debug::explicit? true\n[Build and test/Build the documentation         ]   \ud83d\udcac  ::debug::isExplicit: 3.8.11\n[Build and test/Build the documentation         ]   \ud83d\udcac  ::debug::explicit? true\n[Build and test/Build the documentation         ]   \ud83d\udcac  ::debug::isExplicit: 3.9.6\n[Build and test/Build the documentation         ]   \ud83d\udcac  ::debug::explicit? true\n[Build and test/Build the documentation         ]   \ud83d\udcac  ::debug::evaluating 6 versions\n[Build and test/Build the documentation         ]   \ud83d\udcac  ::debug::matched: 3.9.6\n[Build and test/Build the documentation         ]   \ud83d\udcac  ::debug::checking cache: /opt/hostedtoolcache/Python/3.9.6/x64\n[Build and test/Build the documentation         ]   \ud83d\udcac  ::debug::Found tool in cache Python 3.9.6 x64\n[Build and test/Build the documentation         ]   | Successfully setup CPython (3.9.6)\n[Build and test/Build the documentation         ]   \u2753 add-matcher /run/act/actions/actions-setup-python@v2/.github/python.json\n[Build and test/Build the documentation         ]   \u2705  Success - Main Setup python\n[Build and test/Validate coverage               ]   \u2699  ::set-env:: pythonLocation=/opt/hostedtoolcache/Python/3.9.6/x64\n[Build and test/Validate coverage               ]   \u2699  ::set-env:: LD_LIBRARY_PATH=/opt/hostedtoolcache/Python/3.9.6/x64/lib\n[Build and test/Build the documentation         ]   \u2699  ::set-env:: LD_LIBRARY_PATH=/opt/hostedtoolcache/Python/3.9.6/x64/lib\n[Build and test/Build the documentation         ]   \u2699  ::set-env:: pythonLocation=/opt/hostedtoolcache/Python/3.9.6/x64\n[Build and test/Build the documentation         ]   \u2699  ::set-output:: python-version=3.9.6\n[Build and test/Validate coverage               ]   \u2699  ::set-output:: python-version=3.9.6\n[Build and test/Build the documentation         ]   \u2699  ::add-path:: /opt/hostedtoolcache/Python/3.9.6/x64\n[Build and test/Build the documentation         ]   \u2699  ::add-path:: /opt/hostedtoolcache/Python/3.9.6/x64/bin\n[Build and test/Validate coverage               ]   \u2699  ::add-path:: /opt/hostedtoolcache/Python/3.9.6/x64\n[Build and test/Validate coverage               ]   \u2699  ::add-path:: /opt/hostedtoolcache/Python/3.9.6/x64/bin\n[Build and test/Validate coverage               ] \u2b50 Run Main pip install tox\n[Build and test/Build the documentation         ] \u2b50 Run Main pip install tox\n[Build and test/Build the documentation         ]   \ud83d\udc33  docker exec cmd=[bash --noprofile --norc -e -o pipefail /var/run/act/workflow/2] user= workdir=\n[Build and test/Validate coverage               ]   \ud83d\udc33  docker exec cmd=[bash --noprofile --norc -e -o pipefail /var/run/act/workflow/2] user= workdir=\n[Build and test/Validate coverage               ]   | Collecting tox\n[Build and test/Build the documentation         ]   | Collecting tox\n[Build and test/Build the documentation         ]   |   Downloading tox-4.5.2-py3-none-any.whl (148 kB)\n[Build and test/Validate coverage               ]   |   Downloading tox-4.5.2-py3-none-any.whl (148 kB)\n[Build and test/Build the documentation         ]   | Collecting virtualenv>=20.23\n[Build and test/Build the documentation         ]   |   Downloading virtualenv-20.23.0-py3-none-any.whl (3.3 MB)\n[Build and test/Validate coverage               ]   | Collecting virtualenv>=20.23\n[Build and test/Validate coverage               ]   |   Downloading virtualenv-20.23.0-py3-none-any.whl (3.3 MB)\n[Build and test/Build the documentation         ]   | Collecting pyproject-api>=1.5.1\n[Build and test/Build the documentation         ]   |   Downloading pyproject_api-1.5.1-py3-none-any.whl (12 kB)\n[Build and test/Validate coverage               ]   | Collecting filelock>=3.12\n[Build and test/Validate coverage               ]   |   Downloading filelock-3.12.0-py3-none-any.whl (10 kB)\n[Build and test/Build the documentation         ]   | Collecting colorama>=0.4.6\n[Build and test/Build the documentation         ]   |   Downloading colorama-0.4.6-py2.py3-none-any.whl (25 kB)\n[Build and test/Validate coverage               ]   | Collecting packaging>=23.1\n[Build and test/Validate coverage               ]   |   Downloading packaging-23.1-py3-none-any.whl (48 kB)\n[Build and test/Build the documentation         ]   | Collecting filelock>=3.12\n[Build and test/Build the documentation         ]   |   Downloading filelock-3.12.0-py3-none-any.whl (10 kB)\n[Build and test/Validate coverage               ]   | Collecting chardet>=5.1\n[Build and test/Validate coverage               ]   |   Downloading chardet-5.1.0-py3-none-any.whl (199 kB)\n[Build and test/Build the documentation         ]   | Collecting platformdirs>=3.5.1\n[Build and test/Build the documentation         ]   |   Downloading platformdirs-3.5.1-py3-none-any.whl (15 kB)\n[Build and test/Validate coverage               ]   | Collecting pluggy>=1\n[Build and test/Build the documentation         ]   | Collecting cachetools>=5.3\n[Build and test/Build the documentation         ]   |   Downloading cachetools-5.3.1-py3-none-any.whl (9.3 kB)\n[Build and test/Validate coverage               ]   |   Downloading pluggy-1.0.0-py2.py3-none-any.whl (13 kB)\n[Build and test/Build the documentation         ]   | Collecting tomli>=2.0.1\n[Build and test/Build the documentation         ]   |   Downloading tomli-2.0.1-py3-none-any.whl (12 kB)\n[Build and test/Validate coverage               ]   | Collecting colorama>=0.4.6\n[Build and test/Validate coverage               ]   |   Downloading colorama-0.4.6-py2.py3-none-any.whl (25 kB)\n[Build and test/Build the documentation         ]   | Collecting pluggy>=1\n[Build and test/Validate coverage               ]   | Collecting tomli>=2.0.1\n[Build and test/Build the documentation         ]   |   Downloading pluggy-1.0.0-py2.py3-none-any.whl (13 kB)\n[Build and test/Validate coverage               ]   |   Downloading tomli-2.0.1-py3-none-any.whl (12 kB)\n[Build and test/Build the documentation         ]   | Collecting chardet>=5.1\n[Build and test/Build the documentation         ]   |   Downloading chardet-5.1.0-py3-none-any.whl (199 kB)\n[Build and test/Validate coverage               ]   | Collecting platformdirs>=3.5.1\n[Build and test/Validate coverage               ]   |   Downloading platformdirs-3.5.1-py3-none-any.whl (15 kB)\n[Build and test/Validate coverage               ]   | Collecting cachetools>=5.3\n[Build and test/Build the documentation         ]   | Collecting packaging>=23.1\n[Build and test/Validate coverage               ]   |   Downloading cachetools-5.3.1-py3-none-any.whl (9.3 kB)\n[Build and test/Build the documentation         ]   |   Downloading packaging-23.1-py3-none-any.whl (48 kB)\n[Build and test/Validate coverage               ]   | Collecting pyproject-api>=1.5.1\n[Build and test/Validate coverage               ]   |   Downloading pyproject_api-1.5.1-py3-none-any.whl (12 kB)\n[Build and test/Build the documentation         ]   | Collecting distlib<1,>=0.3.6\n[Build and test/Build the documentation         ]   |   Downloading distlib-0.3.6-py2.py3-none-any.whl (468 kB)\n[Build and test/Validate coverage               ]   | Collecting distlib<1,>=0.3.6\n[Build and test/Validate coverage               ]   |   Downloading distlib-0.3.6-py2.py3-none-any.whl (468 kB)\n[Build and test/Build the documentation         ]   | Installing collected packages: tomli, platformdirs, packaging, filelock, distlib, virtualenv, pyproject-api, pluggy, colorama, chardet, cachetools, tox\n[Build and test/Validate coverage               ]   | Installing collected packages: tomli, platformdirs, packaging, filelock, distlib, virtualenv, pyproject-api, pluggy, colorama, chardet, cachetools, tox\n[Build and test/Build the documentation         ]   | Successfully installed cachetools-5.3.1 chardet-5.1.0 colorama-0.4.6 distlib-0.3.6 filelock-3.12.0 packaging-23.1 platformdirs-3.5.1 pluggy-1.0.0 pyproject-api-1.5.1 tomli-2.0.1 tox-4.5.2 virtualenv-20.23.0\n[Build and test/Build the documentation         ]   | WARNING: You are using pip version 21.2.4; however, version 23.1.2 is available.\n[Build and test/Build the documentation         ]   | You should consider upgrading via the '/opt/hostedtoolcache/Python/3.9.6/x64/bin/python -m pip install --upgrade pip' command.\n[Build and test/Validate coverage               ]   | Successfully installed cachetools-5.3.1 chardet-5.1.0 colorama-0.4.6 distlib-0.3.6 filelock-3.12.0 packaging-23.1 platformdirs-3.5.1 pluggy-1.0.0 pyproject-api-1.5.1 tomli-2.0.1 tox-4.5.2 virtualenv-20.23.0\n[Build and test/Build the documentation         ]   \u2705  Success - Main pip install tox\n[Build and test/Validate coverage               ]   | WARNING: You are using pip version 21.2.4; however, version 23.1.2 is available.\n[Build and test/Validate coverage               ]   | You should consider upgrading via the '/opt/hostedtoolcache/Python/3.9.6/x64/bin/python -m pip install --upgrade pip' command.\n[Build and test/Validate coverage               ]   \u2705  Success - Main pip install tox\n[Build and test/Build the documentation         ] \u2b50 Run Main tox -e docs\n[Build and test/Validate coverage               ] \u2b50 Run Main tox -e py39,coverage\n[Build and test/Build the documentation         ]   \ud83d\udc33  docker exec cmd=[bash --noprofile --norc -e -o pipefail /var/run/act/workflow/3] user= workdir=\n[Build and test/Validate coverage               ]   \ud83d\udc33  docker exec cmd=[bash --noprofile --norc -e -o pipefail /var/run/act/workflow/3] user= workdir=\n[Build and test/Validate coverage               ]   | .pkg: install_requires> python -I -m pip install 'setuptools>=40.8.0' wheel\n[Build and test/Validate coverage               ]   | .pkg: _optional_hooks> python /opt/hostedtoolcache/Python/3.9.6/x64/lib/python3.9/site-packages/pyproject_api/_backend.py True setuptools.build_meta __legacy__\n[Build and test/Validate coverage               ]   | .pkg: get_requires_for_build_sdist> python /opt/hostedtoolcache/Python/3.9.6/x64/lib/python3.9/site-packages/pyproject_api/_backend.py True setuptools.build_meta __legacy__\n[Build and test/Validate coverage               ]   | .pkg: freeze> python -m pip freeze --all\n[Build and test/Validate coverage               ]   | .pkg: pip==23.1.2,setuptools==67.7.2,wheel==0.40.0\n[Build and test/Validate coverage               ]   | .pkg: prepare_metadata_for_build_wheel> python /opt/hostedtoolcache/Python/3.9.6/x64/lib/python3.9/site-packages/pyproject_api/_backend.py True setuptools.build_meta __legacy__\n[Build and test/Validate coverage               ]   | .pkg: build_sdist> python /opt/hostedtoolcache/Python/3.9.6/x64/lib/python3.9/site-packages/pyproject_api/_backend.py True setuptools.build_meta __legacy__\n[Build and test/Validate coverage               ]   | py39: install_package_deps> python -I -m pip install PasteDeploy WSGIProxy2 'WebOb>=1.2' beautifulsoup4 coverage pyquery pytest pytest-cov 'waitress>=0.8.5'\n[Build and test/Build the documentation         ]   | .pkg: _optional_hooks> python /opt/hostedtoolcache/Python/3.9.6/x64/lib/python3.9/site-packages/pyproject_api/_backend.py True setuptools.build_meta __legacy__\n[Build and test/Build the documentation         ]   | .pkg: get_requires_for_build_sdist> python /opt/hostedtoolcache/Python/3.9.6/x64/lib/python3.9/site-packages/pyproject_api/_backend.py True setuptools.build_meta __legacy__\n[Build and test/Build the documentation         ]   | .pkg: freeze> python -m pip freeze --all\n[Build and test/Build the documentation         ]   | .pkg: pip==23.1.2,setuptools==67.7.2,wheel==0.40.0\n[Build and test/Build the documentation         ]   | .pkg: prepare_metadata_for_build_wheel> python /opt/hostedtoolcache/Python/3.9.6/x64/lib/python3.9/site-packages/pyproject_api/_backend.py True setuptools.build_meta __legacy__\n[Build and test/Build the documentation         ]   | .pkg: build_sdist> python /opt/hostedtoolcache/Python/3.9.6/x64/lib/python3.9/site-packages/pyproject_api/_backend.py True setuptools.build_meta __legacy__\n[Build and test/Build the documentation         ]   | docs: install_package_deps> python -I -m pip install 'Sphinx>=1.8.1' 'WebOb>=1.2' beautifulsoup4 docutils 'pylons-sphinx-themes>=1.0.8' 'waitress>=0.8.5'\n[Build and test/Validate coverage               ]   | py39: install_package> python -I -m pip install --force-reinstall --no-deps /tmp/de65f406-fe28-11ed-a890-af2cc187fc11/Pylons-webtest/.tox/.tmp/package/1/WebTest-3.0.1.dev0.tar.gz\n[Build and test/Validate coverage               ]   | py39: freeze> python -m pip freeze --all\n[Build and test/Validate coverage               ]   | py39: beautifulsoup4==4.12.2,coverage==7.2.6,cssselect==1.2.0,exceptiongroup==1.1.1,iniconfig==2.0.0,lxml==4.9.2,packaging==23.1,PasteDeploy==3.0.1,pip==23.1.2,pluggy==1.0.0,pyquery==2.0.0,pytest==7.3.1,pytest-cov==4.1.0,setuptools==67.7.2,soupsieve==2.4.1,tomli==2.0.1,waitress==2.1.2,WebOb==1.8.7,WebTest @ file:///tmp/de65f406-fe28-11ed-a890-af2cc187fc11/Pylons-webtest/.tox/.tmp/package/1/WebTest-3.0.1.dev0.tar.gz#sha256=4cdd951f944961d086e5cbe6fbf8de876b239f86c8ae2262b8c12a5ed0a2a47f,wheel==0.40.0,WSGIProxy2==0.5.1\n[Build and test/Validate coverage               ]   | py39: commands[0]> python --version\n[Build and test/Validate coverage               ]   | Python 3.9.6\n[Build and test/Validate coverage               ]   | py39: commands[1]> pip freeze\n[Build and test/Validate coverage               ]   | beautifulsoup4==4.12.2\n[Build and test/Validate coverage               ]   | coverage==7.2.6\n[Build and test/Validate coverage               ]   | cssselect==1.2.0\n[Build and test/Validate coverage               ]   | exceptiongroup==1.1.1\n[Build and test/Validate coverage               ]   | iniconfig==2.0.0\n[Build and test/Validate coverage               ]   | lxml==4.9.2\n[Build and test/Validate coverage               ]   | packaging==23.1\n[Build and test/Validate coverage               ]   | PasteDeploy==3.0.1\n[Build and test/Validate coverage               ]   | pluggy==1.0.0\n[Build and test/Validate coverage               ]   | pyquery==2.0.0\n[Build and test/Validate coverage               ]   | pytest==7.3.1\n[Build and test/Validate coverage               ]   | pytest-cov==4.1.0\n[Build and test/Validate coverage               ]   | soupsieve==2.4.1\n[Build and test/Validate coverage               ]   | tomli==2.0.1\n[Build and test/Validate coverage               ]   | waitress==2.1.2\n[Build and test/Validate coverage               ]   | WebOb==1.8.7\n[Build and test/Validate coverage               ]   | WebTest @ file:///tmp/de65f406-fe28-11ed-a890-af2cc187fc11/Pylons-webtest/.tox/.tmp/package/1/WebTest-3.0.1.dev0.tar.gz#sha256=4cdd951f944961d086e5cbe6fbf8de876b239f86c8ae2262b8c12a5ed0a2a47f\n[Build and test/Validate coverage               ]   | WSGIProxy2==0.5.1\n[Build and test/Validate coverage               ]   | py39: commands[2]> pytest --cov\n[Build and test/Validate coverage               ]   | ============================= test session starts ==============================\n[Build and test/Validate coverage               ]   | platform linux -- Python 3.9.6, pytest-7.3.1, pluggy-1.0.0\n[Build and test/Validate coverage               ]   | cachedir: .tox/py39/.pytest_cache\n[Build and test/Validate coverage               ]   | rootdir: /tmp/de65f406-fe28-11ed-a890-af2cc187fc11/Pylons-webtest\n[Build and test/Validate coverage               ]   | configfile: setup.cfg\n[Build and test/Validate coverage               ]   | plugins: cov-4.1.0\n[Build and test/Validate coverage               ]   | collected 202 items\n[Build and test/Validate coverage               ]   | \n[Build and test/Validate coverage               ]   | tests/test_app.py ...........................................            [ 21%]\n[Build and test/Validate coverage               ]   | tests/test_authorisation.py ...                                          [ 22%]\n[Build and test/Validate coverage               ]   | tests/test_debugapp.py ......................                            [ 33%]\n[Build and test/Validate coverage               ]   | tests/test_ext.py .                                                      [ 34%]\n[Build and test/Validate coverage               ]   | tests/test_forms.py .................................................... [ 59%]\n[Build and test/Validate coverage               ]   |                                                                          [ 59%]\n[Build and test/Build the documentation         ]   | docs: install_package> python -I -m pip install --force-reinstall --no-deps /tmp/de65f406-fe28-11ed-a890-af2cc187fc11/Pylons-webtest/.tox/.tmp/package/2/WebTest-3.0.1.dev0.tar.gz\n[Build and test/Validate coverage               ]   | tests/test_http.py ....                                                  [ 61%]\n[Build and test/Validate coverage               ]   | tests/test_lint.py ............................                          [ 75%]\n[Build and test/Validate coverage               ]   | tests/test_response.py .............................                     [ 90%]\n[Build and test/Validate coverage               ]   | tests/test_sel.py .                                                      [ 90%]\n[Build and test/Validate coverage               ]   | tests/test_utils.py ..................                                   [ 99%]\n[Build and test/Build the documentation         ]   | docs: freeze> python -m pip freeze --all\n[Build and test/Validate coverage               ]   | webtest/forms.py .                                                       [100%]\n[Build and test/Validate coverage               ]   | \n[Build and test/Validate coverage               ]   | ----------- coverage: platform linux, python 3.9.6-final-0 -----------\n[Build and test/Validate coverage               ]   | Name                  Stmts   Miss  Cover\n[Build and test/Validate coverage               ]   | -----------------------------------------\n[Build and test/Validate coverage               ]   | webtest/__init__.py      15      0   100%\n[Build and test/Validate coverage               ]   | webtest/app.py          340      2    99%\n[Build and test/Validate coverage               ]   | webtest/compat.py        17      0   100%\n[Build and test/Validate coverage               ]   | webtest/debugapp.py      60      0   100%\n[Build and test/Validate coverage               ]   | webtest/ext.py            3      0   100%\n[Build and test/Validate coverage               ]   | webtest/forms.py        349     11    97%\n[Build and test/Validate coverage               ]   | webtest/http.py          85      0   100%\n[Build and test/Validate coverage               ]   | webtest/lint.py         225     27    88%\n[Build and test/Validate coverage               ]   | webtest/response.py     240      6    98%\n[Build and test/Validate coverage               ]   | webtest/sel.py            6      0   100%\n[Build and test/Validate coverage               ]   | webtest/utils.py        100      7    93%\n[Build and test/Validate coverage               ]   | -----------------------------------------\n[Build and test/Validate coverage               ]   | TOTAL                  1440     53    96%\n[Build and test/Validate coverage               ]   | \n[Build and test/Validate coverage               ]   | \n[Build and test/Validate coverage               ]   | ============================= 202 passed in 6.91s ==============================\n[Build and test/Validate coverage               ]   | .pkg: _exit> python /opt/hostedtoolcache/Python/3.9.6/x64/lib/python3.9/site-packages/pyproject_api/_backend.py True setuptools.build_meta __legacy__\n[Build and test/Build the documentation         ]   | docs: alabaster==0.7.13,Babel==2.12.1,beautifulsoup4==4.12.2,certifi==2023.5.7,charset-normalizer==3.1.0,docutils==0.20.1,idna==3.4,imagesize==1.4.1,importlib-metadata==6.6.0,Jinja2==3.1.2,MarkupSafe==2.1.2,packaging==23.1,pip==23.1.2,Pygments==2.15.1,pylons-sphinx-themes==1.0.13,requests==2.31.0,setuptools==67.7.2,snowballstemmer==2.2.0,soupsieve==2.4.1,Sphinx==7.0.1,sphinxcontrib-applehelp==1.0.4,sphinxcontrib-devhelp==1.0.2,sphinxcontrib-htmlhelp==2.0.1,sphinxcontrib-jsmath==1.0.1,sphinxcontrib-qthelp==1.0.3,sphinxcontrib-serializinghtml==1.1.5,urllib3==2.0.2,waitress==2.1.2,WebOb==1.8.7,WebTest @ file:///tmp/de65f406-fe28-11ed-a890-af2cc187fc11/Pylons-webtest/.tox/.tmp/package/2/WebTest-3.0.1.dev0.tar.gz#sha256=0553d2676e67bfae3aaefa735b53bdee2a9f613d07738bbe3f89841e84fa4efa,wheel==0.40.0,zipp==3.15.0\n[Build and test/Build the documentation         ]   | docs: commands[0]> make -C docs html BUILDDIR=/tmp/de65f406-fe28-11ed-a890-af2cc187fc11/Pylons-webtest/.tox/docs 'SPHINXOPTS=-W -E'\n[Build and test/Validate coverage               ]   | py39: OK \u2714 in 25.53 seconds\n[Build and test/Validate coverage               ]   | coverage: install_deps> python -I -m pip install coverage\n[Build and test/Build the documentation         ]   | make: Entering directory '/tmp/de65f406-fe28-11ed-a890-af2cc187fc11/Pylons-webtest/docs'\n[Build and test/Build the documentation         ]   | sphinx-build -b html -d /tmp/de65f406-fe28-11ed-a890-af2cc187fc11/Pylons-webtest/.tox/docs/doctrees  -W -E . /tmp/de65f406-fe28-11ed-a890-af2cc187fc11/Pylons-webtest/.tox/docs/html\n[Build and test/Build the documentation         ]   | Traceback (most recent call last):\n[Build and test/Build the documentation         ]   |   File \"/tmp/de65f406-fe28-11ed-a890-af2cc187fc11/Pylons-webtest/.tox/docs/bin/sphinx-build\", line 5, in <module>\n[Build and test/Build the documentation         ]   |     from sphinx.cmd.build import main\n[Build and test/Build the documentation         ]   |   File \"/tmp/de65f406-fe28-11ed-a890-af2cc187fc11/Pylons-webtest/.tox/docs/lib/python3.9/site-packages/sphinx/cmd/build.py\", line 20, in <module>\n[Build and test/Build the documentation         ]   |     from sphinx.application import Sphinx\n[Build and test/Build the documentation         ]   |   File \"/tmp/de65f406-fe28-11ed-a890-af2cc187fc11/Pylons-webtest/.tox/docs/lib/python3.9/site-packages/sphinx/application.py\", line 25, in <module>\n[Build and test/Build the documentation         ]   |     from sphinx.config import Config\n[Build and test/Build the documentation         ]   |   File \"/tmp/de65f406-fe28-11ed-a890-af2cc187fc11/Pylons-webtest/.tox/docs/lib/python3.9/site-packages/sphinx/config.py\", line 14, in <module>\n[Build and test/Build the documentation         ]   |     from sphinx.util.i18n import format_date\n[Build and test/Build the documentation         ]   |   File \"/tmp/de65f406-fe28-11ed-a890-af2cc187fc11/Pylons-webtest/.tox/docs/lib/python3.9/site-packages/sphinx/util/i18n.py\", line 11, in <module>\n[Build and test/Build the documentation         ]   |     import babel.dates\n[Build and test/Build the documentation         ]   |   File \"/tmp/de65f406-fe28-11ed-a890-af2cc187fc11/Pylons-webtest/.tox/docs/lib/python3.9/site-packages/babel/dates.py\", line 34, in <module>\n[Build and test/Build the documentation         ]   |     from babel import localtime\n[Build and test/Build the documentation         ]   |   File \"/tmp/de65f406-fe28-11ed-a890-af2cc187fc11/Pylons-webtest/.tox/docs/lib/python3.9/site-packages/babel/localtime/__init__.py\", line 41, in <module>\n[Build and test/Build the documentation         ]   |     LOCALTZ = get_localzone()\n[Build and test/Build the documentation         ]   |   File \"/tmp/de65f406-fe28-11ed-a890-af2cc187fc11/Pylons-webtest/.tox/docs/lib/python3.9/site-packages/babel/localtime/__init__.py\", line 37, in get_localzone\n[Build and test/Build the documentation         ]   |     return _get_localzone()\n[Build and test/Build the documentation         ]   |   File \"/tmp/de65f406-fe28-11ed-a890-af2cc187fc11/Pylons-webtest/.tox/docs/lib/python3.9/site-packages/babel/localtime/_unix.py\", line 49, in _get_localzone\n[Build and test/Build the documentation         ]   |     tzinfo = _get_tzinfo(zone_name)\n[Build and test/Build the documentation         ]   |   File \"/tmp/de65f406-fe28-11ed-a890-af2cc187fc11/Pylons-webtest/.tox/docs/lib/python3.9/site-packages/babel/localtime/_helpers.py\", line 21, in _get_tzinfo\n[Build and test/Build the documentation         ]   |     return zoneinfo.ZoneInfo(tzenv)\n[Build and test/Build the documentation         ]   |   File \"/opt/hostedtoolcache/Python/3.9.6/x64/lib/python3.9/zoneinfo/_tzpath.py\", line 67, in find_tzfile\n[Build and test/Build the documentation         ]   |     _validate_tzfile_path(key)\n[Build and test/Build the documentation         ]   |   File \"/opt/hostedtoolcache/Python/3.9.6/x64/lib/python3.9/zoneinfo/_tzpath.py\", line 81, in _validate_tzfile_path\n[Build and test/Build the documentation         ]   |     raise ValueError(\n[Build and test/Build the documentation         ]   | ValueError: ZoneInfo keys may not be absolute paths, got: /UTC\n[Build and test/Build the documentation         ]   | make: *** [Makefile:45: html] Error 1\n[Build and test/Build the documentation         ]   | make: Leaving directory '/tmp/de65f406-fe28-11ed-a890-af2cc187fc11/Pylons-webtest/docs'\n[Build and test/Build the documentation         ]   | docs: exit 2 (0.32 seconds) /tmp/de65f406-fe28-11ed-a890-af2cc187fc11/Pylons-webtest> make -C docs html BUILDDIR=/tmp/de65f406-fe28-11ed-a890-af2cc187fc11/Pylons-webtest/.tox/docs 'SPHINXOPTS=-W -E' pid=116\n[Build and test/Build the documentation         ]   | .pkg: _exit> python /opt/hostedtoolcache/Python/3.9.6/x64/lib/python3.9/site-packages/pyproject_api/_backend.py True setuptools.build_meta __legacy__\n[Build and test/Build the documentation         ]   |   docs: FAIL code 2 (26.02=setup[25.70]+cmd[0.32] seconds)\n[Build and test/Build the documentation         ]   |   evaluation failed :( (26.19 seconds)\n[Build and test/Build the documentation         ]   \u274c  Failure - Main tox -e docs\n[Build and test/Build the documentation         ] exitcode '2': failure\n[Build and test/Build the documentation         ] \ud83c\udfc1  Job failed\n[Build and test/Validate coverage               ]   | coverage: freeze> python -m pip freeze --all\n[Build and test/Validate coverage               ]   | coverage: coverage==7.2.6,pip==23.1.2,setuptools==67.7.2,wheel==0.40.0\n[Build and test/Validate coverage               ]   | coverage: commands[0]> coverage combine\n[Build and test/Validate coverage               ]   | Combined data file .coverage.py39\n[Build and test/Validate coverage               ]   | coverage: commands[1]> coverage xml\n[Build and test/Validate coverage               ]   | Wrote XML report to coverage.xml\n[Build and test/Validate coverage               ]   | coverage: commands[2]> coverage report --show-missing --fail-under=96\n[Build and test/Validate coverage               ]   | Name                  Stmts   Miss  Cover   Missing\n[Build and test/Validate coverage               ]   | ---------------------------------------------------\n[Build and test/Validate coverage               ]   | webtest/__init__.py      15      0   100%\n[Build and test/Validate coverage               ]   | webtest/app.py          340      2    99%   271, 450\n[Build and test/Validate coverage               ]   | webtest/compat.py        17      0   100%\n[Build and test/Validate coverage               ]   | webtest/debugapp.py      60      0   100%\n[Build and test/Validate coverage               ]   | webtest/ext.py            3      0   100%\n[Build and test/Validate coverage               ]   | webtest/forms.py        349     11    97%   89, 116, 251, 272, 277, 286, 466, 566-570\n[Build and test/Validate coverage               ]   | webtest/http.py          85      0   100%\n[Build and test/Validate coverage               ]   | webtest/lint.py         225     27    88%   315, 325, 329, 346, 352, 357, 371, 376, 382, 388, 394, 403, 412, 420, 425, 431, 438, 443, 463, 469, 484, 491, 496, 499, 509, 549, 562\n[Build and test/Validate coverage               ]   | webtest/response.py     240      6    98%   458, 472, 499-505\n[Build and test/Validate coverage               ]   | webtest/sel.py            6      0   100%\n[Build and test/Validate coverage               ]   | webtest/utils.py        100      7    93%   40-41, 97, 117, 129, 132, 165\n[Build and test/Validate coverage               ]   | ---------------------------------------------------\n[Build and test/Validate coverage               ]   | TOTAL                  1440     53    96%\n[Build and test/Validate coverage               ]   |   py39: OK (25.53=setup[17.23]+cmd[0.01,0.61,7.68] seconds)\n[Build and test/Validate coverage               ]   |   coverage: OK (5.00=setup[4.31]+cmd[0.15,0.29,0.25] seconds)\n[Build and test/Validate coverage               ]   |   congratulations :) (30.70 seconds)\n[Build and test/Validate coverage               ]   \u2705  Success - Main tox -e py39,coverage\n[Build and test/Validate coverage               ] \u2b50 Run Post Setup python\n[Build and test/Validate coverage               ]   \ud83d\udc33  docker exec cmd=[node /var/run/act/actions/actions-setup-python@v2/dist/cache-save/index.js] user= workdir=\n[Build and test/Validate coverage               ]   \u2705  Success - Post Setup python\n[Build and test/Validate coverage               ] \ud83c\udfc1  Job succeeded\n",
    "actions_stderr": "Error: EOF\n"
}