{
    "repository": "ReactiveX/RxPY",
    "clone_url": "https://github.com/ReactiveX/RxPY.git",
    "timestamp": "2023-05-29T14:44:39.265026Z",
    "clone_success": true,
    "number of actions": 2,
    "number_of_test_actions": 1,
    "actions_successful": false,
    "actions_stdout": "[Python package/coverage    ] \ud83d\ude80  Start image=crawlergpt:latest\n[Python package/code-quality] \ud83d\ude80  Start image=crawlergpt:latest\n[Python package/build       ] \ud83d\ude80  Start image=crawlergpt:latest\n[Python package/code-quality]   \ud83d\udc33  docker pull image=crawlergpt:latest platform= username= forcePull=false\n[Python package/build       ]   \ud83d\udc33  docker pull image=crawlergpt:latest platform= username= forcePull=false\n[Python package/coverage    ]   \ud83d\udc33  docker pull image=crawlergpt:latest platform= username= forcePull=false\n[Python package/code-quality]   \ud83d\udc33  docker create image=crawlergpt:latest platform= entrypoint=[\"tail\" \"-f\" \"/dev/null\"] cmd=[]\n[Python package/build       ]   \ud83d\udc33  docker create image=crawlergpt:latest platform= entrypoint=[\"tail\" \"-f\" \"/dev/null\"] cmd=[]\n[Python package/coverage    ]   \ud83d\udc33  docker create image=crawlergpt:latest platform= entrypoint=[\"tail\" \"-f\" \"/dev/null\"] cmd=[]\n[Python package/coverage    ]   \ud83d\udc33  docker run image=crawlergpt:latest platform= entrypoint=[\"tail\" \"-f\" \"/dev/null\"] cmd=[]\n[Python package/code-quality]   \ud83d\udc33  docker run image=crawlergpt:latest platform= entrypoint=[\"tail\" \"-f\" \"/dev/null\"] cmd=[]\n[Python package/coverage    ]   \ud83d\udc33  docker exec cmd=[chown -R 1012:1000 /tmp/de65f406-fe28-11ed-a890-af2cc187fc11/ReactiveX-RxPY] user=0 workdir=\n[Python package/code-quality]   \ud83d\udc33  docker exec cmd=[chown -R 1012:1000 /tmp/de65f406-fe28-11ed-a890-af2cc187fc11/ReactiveX-RxPY] user=0 workdir=\n[Python package/coverage    ]   \u2601  git clone 'https://github.com/actions/setup-python' # ref=v2\n[Python package/code-quality]   \u2601  git clone 'https://github.com/actions/setup-python' # ref=v2\n[Python package/coverage    ]   \u2601  git clone 'https://github.com/actions/cache' # ref=v2\n[Python package/code-quality]   \u2601  git clone 'https://github.com/actions/cache' # ref=v2\n[Python package/coverage    ] \u2b50 Run Main actions/checkout@v2\n[Python package/code-quality] \u2b50 Run Main actions/checkout@v2\n[Python package/coverage    ]   \u2705  Success - Main actions/checkout@v2\n[Python package/code-quality]   \u2705  Success - Main actions/checkout@v2\n[Python package/coverage    ] \u2b50 Run Main Set up Python 3.9\n[Python package/coverage    ]   \ud83d\udc33  docker cp src=/home/andre-silva/.cache/act/actions-setup-python@v2/ dst=/var/run/act/actions/actions-setup-python@v2/\n[Python package/code-quality] \u2b50 Run Main Set up Python 3.9\n[Python package/code-quality]   \ud83d\udc33  docker cp src=/home/andre-silva/.cache/act/actions-setup-python@v2/ dst=/var/run/act/actions/actions-setup-python@v2/\n[Python package/coverage    ]   \ud83d\udc33  docker exec cmd=[chown -R 1012:1000 /var/run/act/actions/actions-setup-python@v2/] user=0 workdir=\n[Python package/code-quality]   \ud83d\udc33  docker exec cmd=[chown -R 1012:1000 /var/run/act/actions/actions-setup-python@v2/] user=0 workdir=\n[Python package/coverage    ]   \ud83d\udc33  docker exec cmd=[node /var/run/act/actions/actions-setup-python@v2/dist/setup/index.js] user= workdir=\n[Python package/code-quality]   \ud83d\udc33  docker exec cmd=[node /var/run/act/actions/actions-setup-python@v2/dist/setup/index.js] user= workdir=\n[Python package/code-quality]   \ud83d\udcac  ::debug::Semantic version spec of 3.9 is 3.9\n[Python package/code-quality]   \ud83d\udcac  ::debug::isExplicit: \n[Python package/code-quality]   \ud83d\udcac  ::debug::explicit? false\n[Python package/code-quality]   \ud83d\udcac  ::debug::isExplicit: 2.7.18\n[Python package/code-quality]   \ud83d\udcac  ::debug::explicit? true\n[Python package/code-quality]   \ud83d\udcac  ::debug::isExplicit: 3.5.10\n[Python package/code-quality]   \ud83d\udcac  ::debug::explicit? true\n[Python package/code-quality]   \ud83d\udcac  ::debug::isExplicit: 3.6.14\n[Python package/code-quality]   \ud83d\udcac  ::debug::explicit? true\n[Python package/code-quality]   \ud83d\udcac  ::debug::isExplicit: 3.7.11\n[Python package/code-quality]   \ud83d\udcac  ::debug::explicit? true\n[Python package/code-quality]   \ud83d\udcac  ::debug::isExplicit: 3.8.11\n[Python package/code-quality]   \ud83d\udcac  ::debug::explicit? true\n[Python package/code-quality]   \ud83d\udcac  ::debug::isExplicit: 3.9.6\n[Python package/code-quality]   \ud83d\udcac  ::debug::explicit? true\n[Python package/code-quality]   \ud83d\udcac  ::debug::evaluating 6 versions\n[Python package/code-quality]   \ud83d\udcac  ::debug::matched: 3.9.6\n[Python package/code-quality]   \ud83d\udcac  ::debug::checking cache: /opt/hostedtoolcache/Python/3.9.6/x64\n[Python package/code-quality]   \ud83d\udcac  ::debug::Found tool in cache Python 3.9.6 x64\n[Python package/code-quality]   | Successfully setup CPython (3.9.6)\n[Python package/code-quality]   \u2753 add-matcher /run/act/actions/actions-setup-python@v2/.github/python.json\n[Python package/code-quality]   \u2705  Success - Main Set up Python 3.9\n[Python package/coverage    ]   \ud83d\udcac  ::debug::Semantic version spec of 3.9 is 3.9\n[Python package/coverage    ]   \ud83d\udcac  ::debug::isExplicit: \n[Python package/coverage    ]   \ud83d\udcac  ::debug::explicit? false\n[Python package/coverage    ]   \ud83d\udcac  ::debug::isExplicit: 2.7.18\n[Python package/coverage    ]   \ud83d\udcac  ::debug::explicit? true\n[Python package/coverage    ]   \ud83d\udcac  ::debug::isExplicit: 3.5.10\n[Python package/coverage    ]   \ud83d\udcac  ::debug::explicit? true\n[Python package/coverage    ]   \ud83d\udcac  ::debug::isExplicit: 3.6.14\n[Python package/coverage    ]   \ud83d\udcac  ::debug::explicit? true\n[Python package/coverage    ]   \ud83d\udcac  ::debug::isExplicit: 3.7.11\n[Python package/coverage    ]   \ud83d\udcac  ::debug::explicit? true\n[Python package/coverage    ]   \ud83d\udcac  ::debug::isExplicit: 3.8.11\n[Python package/coverage    ]   \ud83d\udcac  ::debug::explicit? true\n[Python package/coverage    ]   \ud83d\udcac  ::debug::isExplicit: 3.9.6\n[Python package/coverage    ]   \ud83d\udcac  ::debug::explicit? true\n[Python package/coverage    ]   \ud83d\udcac  ::debug::evaluating 6 versions\n[Python package/coverage    ]   \ud83d\udcac  ::debug::matched: 3.9.6\n[Python package/coverage    ]   \ud83d\udcac  ::debug::checking cache: /opt/hostedtoolcache/Python/3.9.6/x64\n[Python package/coverage    ]   \ud83d\udcac  ::debug::Found tool in cache Python 3.9.6 x64\n[Python package/coverage    ]   | Successfully setup CPython (3.9.6)\n[Python package/coverage    ]   \u2753 add-matcher /run/act/actions/actions-setup-python@v2/.github/python.json\n[Python package/coverage    ]   \u2705  Success - Main Set up Python 3.9\n[Python package/code-quality]   \u2699  ::set-env:: pythonLocation=/opt/hostedtoolcache/Python/3.9.6/x64\n[Python package/code-quality]   \u2699  ::set-env:: LD_LIBRARY_PATH=/opt/hostedtoolcache/Python/3.9.6/x64/lib\n[Python package/coverage    ]   \u2699  ::set-env:: pythonLocation=/opt/hostedtoolcache/Python/3.9.6/x64\n[Python package/coverage    ]   \u2699  ::set-env:: LD_LIBRARY_PATH=/opt/hostedtoolcache/Python/3.9.6/x64/lib\n[Python package/coverage    ]   \u2699  ::set-output:: python-version=3.9.6\n[Python package/code-quality]   \u2699  ::set-output:: python-version=3.9.6\n[Python package/coverage    ]   \u2699  ::add-path:: /opt/hostedtoolcache/Python/3.9.6/x64\n[Python package/coverage    ]   \u2699  ::add-path:: /opt/hostedtoolcache/Python/3.9.6/x64/bin\n[Python package/code-quality]   \u2699  ::add-path:: /opt/hostedtoolcache/Python/3.9.6/x64\n[Python package/code-quality]   \u2699  ::add-path:: /opt/hostedtoolcache/Python/3.9.6/x64/bin\n[Python package/coverage    ] \u2b50 Run Main Cache Poetry\n[Python package/code-quality] \u2b50 Run Main Cache Poetry\n[Python package/code-quality]   \ud83d\udc33  docker cp src=/home/andre-silva/.cache/act/actions-cache@v2/ dst=/var/run/act/actions/actions-cache@v2/\n[Python package/coverage    ]   \ud83d\udc33  docker cp src=/home/andre-silva/.cache/act/actions-cache@v2/ dst=/var/run/act/actions/actions-cache@v2/\n[Python package/code-quality]   \ud83d\udc33  docker exec cmd=[chown -R 1012:1000 /var/run/act/actions/actions-cache@v2/] user=0 workdir=\n[Python package/coverage    ]   \ud83d\udc33  docker exec cmd=[chown -R 1012:1000 /var/run/act/actions/actions-cache@v2/] user=0 workdir=\n[Python package/coverage    ]   \ud83d\udc33  docker exec cmd=[node /var/run/act/actions/actions-cache@v2/dist/restore/index.js] user= workdir=\n[Python package/code-quality]   \ud83d\udc33  docker exec cmd=[node /var/run/act/actions/actions-cache@v2/dist/restore/index.js] user= workdir=\n[Python package/coverage    ]   \ud83d\udcac  ::debug::Resolved Keys:\n[Python package/coverage    ]   \ud83d\udcac  ::debug::[\"poetry-cache-Linux-bfa77ed53a4cbb42d370877eae79ae2e64660d2cf656b798fbaa4d08a93ea043\"]\n[Python package/coverage    ]   \ud83d\udcac  ::debug::Checking zstd --version\n[Python package/code-quality]   \ud83d\udcac  ::debug::Resolved Keys:\n[Python package/code-quality]   \ud83d\udcac  ::debug::[\"poetry-cache-Linux-bfa77ed53a4cbb42d370877eae79ae2e64660d2cf656b798fbaa4d08a93ea043\"]\n[Python package/code-quality]   \ud83d\udcac  ::debug::Checking zstd --version\n[Python package/coverage    ]   \ud83d\udcac  ::debug::*** zstd command line interface 64-bits v1.5.0, by Yann Collet ***\n[Python package/coverage    ]   \ud83d\udcac  ::debug::getCacheEntry - Attempt 1 of 2 failed with error: Cache Service Url not found, unable to restore cache.\n[Python package/code-quality]   \ud83d\udcac  ::debug::*** zstd command line interface 64-bits v1.5.0, by Yann Collet ***\n[Python package/code-quality]   \ud83d\udcac  ::debug::getCacheEntry - Attempt 1 of 2 failed with error: Cache Service Url not found, unable to restore cache.\n[Python package/coverage    ]   \ud83d\udcac  ::debug::getCacheEntry - Attempt 2 of 2 failed with error: Cache Service Url not found, unable to restore cache.\n[Python package/code-quality]   \ud83d\udcac  ::debug::getCacheEntry - Attempt 2 of 2 failed with error: Cache Service Url not found, unable to restore cache.\n[Python package/coverage    ]   | [warning]getCacheEntry failed: Cache Service Url not found, unable to restore cache.\n[Python package/coverage    ]   \u2705  Success - Main Cache Poetry\n[Python package/code-quality]   | [warning]getCacheEntry failed: Cache Service Url not found, unable to restore cache.\n[Python package/code-quality]   \u2705  Success - Main Cache Poetry\n[Python package/coverage    ]   \u2699  ::set-output:: cache-hit=false\n[Python package/code-quality]   \u2699  ::set-output:: cache-hit=false\n[Python package/coverage    ] \u2b50 Run Main Install dependencies\n[Python package/code-quality] \u2b50 Run Main Install dependencies\n[Python package/coverage    ]   \ud83d\udc33  docker exec cmd=[bash --noprofile --norc -e -o pipefail /var/run/act/workflow/3] user= workdir=\n[Python package/code-quality]   \ud83d\udc33  docker exec cmd=[bash --noprofile --norc -e -o pipefail /var/run/act/workflow/3] user= workdir=\n[Python package/coverage    ]   | Collecting poetry\n[Python package/code-quality]   | Collecting poetry\n[Python package/coverage    ]   |   Downloading poetry-1.5.0-py3-none-any.whl (224 kB)\n[Python package/code-quality]   |   Downloading poetry-1.5.0-py3-none-any.whl (224 kB)\n[Python package/coverage    ]   | Collecting tomli<3.0.0,>=2.0.1\n[Python package/coverage    ]   |   Downloading tomli-2.0.1-py3-none-any.whl (12 kB)\n[Python package/code-quality]   | Collecting installer<0.8.0,>=0.7.0\n[Python package/code-quality]   |   Downloading installer-0.7.0-py3-none-any.whl (453 kB)\n[Python package/coverage    ]   | Collecting html5lib<2.0,>=1.0\n[Python package/coverage    ]   |   Downloading html5lib-1.1-py2.py3-none-any.whl (112 kB)\n[Python package/code-quality]   | Collecting poetry-core==1.6.0\n[Python package/code-quality]   |   Downloading poetry_core-1.6.0-py3-none-any.whl (449 kB)\n[Python package/coverage    ]   | Collecting shellingham<2.0,>=1.5\n[Python package/coverage    ]   |   Downloading shellingham-1.5.0.post1-py2.py3-none-any.whl (9.4 kB)\n[Python package/code-quality]   | Collecting cachecontrol[filecache]<0.13.0,>=0.12.9\n[Python package/code-quality]   |   Downloading CacheControl-0.12.11-py2.py3-none-any.whl (21 kB)\n[Python package/coverage    ]   | Collecting cachecontrol[filecache]<0.13.0,>=0.12.9\n[Python package/coverage    ]   |   Downloading CacheControl-0.12.11-py2.py3-none-any.whl (21 kB)\n[Python package/code-quality]   | Collecting jsonschema<5.0.0,>=4.10.0\n[Python package/code-quality]   |   Downloading jsonschema-4.17.3-py3-none-any.whl (90 kB)\n[Python package/coverage    ]   | Collecting tomlkit<1.0.0,>=0.11.4\n[Python package/coverage    ]   |   Downloading tomlkit-0.11.8-py3-none-any.whl (35 kB)\n[Python package/code-quality]   | Collecting html5lib<2.0,>=1.0\n[Python package/code-quality]   |   Downloading html5lib-1.1-py2.py3-none-any.whl (112 kB)\n[Python package/coverage    ]   | Collecting packaging>=20.4\n[Python package/coverage    ]   |   Downloading packaging-23.1-py3-none-any.whl (48 kB)\n[Python package/code-quality]   | Collecting keyring<24.0.0,>=23.9.0\n[Python package/code-quality]   |   Downloading keyring-23.13.1-py3-none-any.whl (37 kB)\n[Python package/coverage    ]   | Collecting pexpect<5.0.0,>=4.7.0\n[Python package/coverage    ]   |   Downloading pexpect-4.8.0-py2.py3-none-any.whl (59 kB)\n[Python package/code-quality]   | Collecting tomli<3.0.0,>=2.0.1\n[Python package/code-quality]   |   Downloading tomli-2.0.1-py3-none-any.whl (12 kB)\n[Python package/coverage    ]   | Collecting poetry-core==1.6.0\n[Python package/coverage    ]   |   Downloading poetry_core-1.6.0-py3-none-any.whl (449 kB)\n[Python package/coverage    ]   | Collecting trove-classifiers>=2022.5.19\n[Python package/coverage    ]   |   Downloading trove_classifiers-2023.5.24-py3-none-any.whl (13 kB)\n[Python package/code-quality]   | Collecting virtualenv<21.0.0,>=20.22.0\n[Python package/code-quality]   |   Downloading virtualenv-20.23.0-py3-none-any.whl (3.3 MB)\n[Python package/coverage    ]   | Collecting urllib3<2.0.0,>=1.26.0\n[Python package/code-quality]   | Collecting crashtest<0.5.0,>=0.4.1\n[Python package/code-quality]   |   Downloading crashtest-0.4.1-py3-none-any.whl (7.6 kB)\n[Python package/coverage    ]   |   Downloading urllib3-1.26.16-py2.py3-none-any.whl (143 kB)\n[Python package/code-quality]   | Collecting urllib3<2.0.0,>=1.26.0\n[Python package/code-quality]   |   Downloading urllib3-1.26.16-py2.py3-none-any.whl (143 kB)\n[Python package/coverage    ]   | Collecting virtualenv<21.0.0,>=20.22.0\n[Python package/coverage    ]   |   Downloading virtualenv-20.23.0-py3-none-any.whl (3.3 MB)\n[Python package/code-quality]   | Collecting platformdirs<4.0.0,>=3.0.0\n[Python package/code-quality]   |   Downloading platformdirs-3.5.1-py3-none-any.whl (15 kB)\n[Python package/coverage    ]   | Collecting installer<0.8.0,>=0.7.0\n[Python package/coverage    ]   |   Downloading installer-0.7.0-py3-none-any.whl (453 kB)\n[Python package/code-quality]   | Collecting build<0.11.0,>=0.10.0\n[Python package/code-quality]   |   Downloading build-0.10.0-py3-none-any.whl (17 kB)\n[Python package/code-quality]   | Collecting shellingham<2.0,>=1.5\n[Python package/code-quality]   |   Downloading shellingham-1.5.0.post1-py2.py3-none-any.whl (9.4 kB)\n[Python package/code-quality]   | Collecting trove-classifiers>=2022.5.19\n[Python package/code-quality]   |   Downloading trove_classifiers-2023.5.24-py3-none-any.whl (13 kB)\n[Python package/code-quality]   | Collecting pkginfo<2.0.0,>=1.9.4\n[Python package/code-quality]   |   Downloading pkginfo-1.9.6-py3-none-any.whl (30 kB)\n[Python package/code-quality]   | Collecting poetry-plugin-export<2.0.0,>=1.3.1\n[Python package/code-quality]   |   Downloading poetry_plugin_export-1.4.0-py3-none-any.whl (10 kB)\n[Python package/code-quality]   | Collecting pexpect<5.0.0,>=4.7.0\n[Python package/code-quality]   |   Downloading pexpect-4.8.0-py2.py3-none-any.whl (59 kB)\n[Python package/coverage    ]   | Collecting dulwich<0.22.0,>=0.21.2\n[Python package/coverage    ]   |   Downloading dulwich-0.21.5-cp39-cp39-manylinux_2_17_x86_64.manylinux2014_x86_64.whl (509 kB)\n[Python package/code-quality]   | Collecting lockfile<0.13.0,>=0.12.2\n[Python package/code-quality]   |   Downloading lockfile-0.12.2-py2.py3-none-any.whl (13 kB)\n[Python package/coverage    ]   | Collecting filelock<4.0.0,>=3.8.0\n[Python package/coverage    ]   |   Downloading filelock-3.12.0-py3-none-any.whl (10 kB)\n[Python package/code-quality]   | Collecting requests-toolbelt<2,>=0.9.1\n[Python package/code-quality]   |   Downloading requests_toolbelt-1.0.0-py2.py3-none-any.whl (54 kB)\n[Python package/coverage    ]   | Collecting requests<3.0,>=2.18\n[Python package/coverage    ]   |   Downloading requests-2.31.0-py3-none-any.whl (62 kB)\n[Python package/code-quality]   | Collecting tomlkit<1.0.0,>=0.11.4\n[Python package/code-quality]   |   Downloading tomlkit-0.11.8-py3-none-any.whl (35 kB)\n[Python package/coverage    ]   | Collecting lockfile<0.13.0,>=0.12.2\n[Python package/coverage    ]   |   Downloading lockfile-0.12.2-py2.py3-none-any.whl (13 kB)\n[Python package/code-quality]   | Collecting packaging>=20.4\n[Python package/coverage    ]   | Collecting pkginfo<2.0.0,>=1.9.4\n[Python package/coverage    ]   |   Downloading pkginfo-1.9.6-py3-none-any.whl (30 kB)\n[Python package/code-quality]   |   Downloading packaging-23.1-py3-none-any.whl (48 kB)\n[Python package/coverage    ]   | Collecting importlib-metadata>=4.4\n[Python package/coverage    ]   |   Downloading importlib_metadata-6.6.0-py3-none-any.whl (22 kB)\n[Python package/code-quality]   | Collecting importlib-metadata>=4.4\n[Python package/code-quality]   |   Downloading importlib_metadata-6.6.0-py3-none-any.whl (22 kB)\n[Python package/coverage    ]   | Collecting build<0.11.0,>=0.10.0\n[Python package/coverage    ]   |   Downloading build-0.10.0-py3-none-any.whl (17 kB)\n[Python package/code-quality]   | Collecting cleo<3.0.0,>=2.0.0\n[Python package/coverage    ]   | Collecting requests-toolbelt<2,>=0.9.1\n[Python package/code-quality]   |   Downloading cleo-2.0.1-py3-none-any.whl (77 kB)\n[Python package/coverage    ]   |   Downloading requests_toolbelt-1.0.0-py2.py3-none-any.whl (54 kB)\n[Python package/coverage    ]   | Collecting poetry-plugin-export<2.0.0,>=1.3.1\n[Python package/coverage    ]   |   Downloading poetry_plugin_export-1.4.0-py3-none-any.whl (10 kB)\n[Python package/code-quality]   | Collecting filelock<4.0.0,>=3.8.0\n[Python package/code-quality]   |   Downloading filelock-3.12.0-py3-none-any.whl (10 kB)\n[Python package/coverage    ]   | Collecting crashtest<0.5.0,>=0.4.1\n[Python package/coverage    ]   |   Downloading crashtest-0.4.1-py3-none-any.whl (7.6 kB)\n[Python package/coverage    ]   | Collecting keyring<24.0.0,>=23.9.0\n[Python package/coverage    ]   |   Downloading keyring-23.13.1-py3-none-any.whl (37 kB)\n[Python package/coverage    ]   | Collecting platformdirs<4.0.0,>=3.0.0\n[Python package/coverage    ]   |   Downloading platformdirs-3.5.1-py3-none-any.whl (15 kB)\n[Python package/coverage    ]   | Collecting jsonschema<5.0.0,>=4.10.0\n[Python package/coverage    ]   |   Downloading jsonschema-4.17.3-py3-none-any.whl (90 kB)\n[Python package/coverage    ]   | Collecting pyproject-hooks<2.0.0,>=1.0.0\n[Python package/coverage    ]   |   Downloading pyproject_hooks-1.0.0-py3-none-any.whl (9.3 kB)\n[Python package/code-quality]   | Collecting dulwich<0.22.0,>=0.21.2\n[Python package/code-quality]   |   Downloading dulwich-0.21.5-cp39-cp39-manylinux_2_17_x86_64.manylinux2014_x86_64.whl (509 kB)\n[Python package/coverage    ]   | Collecting cleo<3.0.0,>=2.0.0\n[Python package/coverage    ]   |   Downloading cleo-2.0.1-py3-none-any.whl (77 kB)\n[Python package/code-quality]   | Collecting requests<3.0,>=2.18\n[Python package/code-quality]   |   Downloading requests-2.31.0-py3-none-any.whl (62 kB)\n[Python package/code-quality]   | Collecting pyproject-hooks<2.0.0,>=1.0.0\n[Python package/code-quality]   |   Downloading pyproject_hooks-1.0.0-py3-none-any.whl (9.3 kB)\n[Python package/coverage    ]   | Collecting msgpack>=0.5.2\n[Python package/coverage    ]   |   Downloading msgpack-1.0.5-cp39-cp39-manylinux_2_17_x86_64.manylinux2014_x86_64.whl (322 kB)\n[Python package/code-quality]   | Collecting msgpack>=0.5.2\n[Python package/code-quality]   |   Downloading msgpack-1.0.5-cp39-cp39-manylinux_2_17_x86_64.manylinux2014_x86_64.whl (322 kB)\n[Python package/coverage    ]   | Collecting rapidfuzz<3.0.0,>=2.2.0\n[Python package/coverage    ]   |   Downloading rapidfuzz-2.15.1-cp39-cp39-manylinux_2_17_x86_64.manylinux2014_x86_64.whl (3.0 MB)\n[Python package/coverage    ]   | Collecting six>=1.9\n[Python package/coverage    ]   |   Downloading six-1.16.0-py2.py3-none-any.whl (11 kB)\n[Python package/coverage    ]   | Collecting webencodings\n[Python package/coverage    ]   |   Downloading webencodings-0.5.1-py2.py3-none-any.whl (11 kB)\n[Python package/code-quality]   | Collecting rapidfuzz<3.0.0,>=2.2.0\n[Python package/code-quality]   |   Downloading rapidfuzz-2.15.1-cp39-cp39-manylinux_2_17_x86_64.manylinux2014_x86_64.whl (3.0 MB)\n[Python package/coverage    ]   | Collecting zipp>=0.5\n[Python package/coverage    ]   |   Downloading zipp-3.15.0-py3-none-any.whl (6.8 kB)\n[Python package/code-quality]   | Collecting webencodings\n[Python package/code-quality]   |   Downloading webencodings-0.5.1-py2.py3-none-any.whl (11 kB)\n[Python package/code-quality]   | Collecting six>=1.9\n[Python package/code-quality]   |   Downloading six-1.16.0-py2.py3-none-any.whl (11 kB)\n[Python package/coverage    ]   | Collecting pyrsistent!=0.17.0,!=0.17.1,!=0.17.2,>=0.14.0\n[Python package/coverage    ]   |   Downloading pyrsistent-0.19.3-py3-none-any.whl (57 kB)\n[Python package/coverage    ]   | Collecting attrs>=17.4.0\n[Python package/coverage    ]   |   Downloading attrs-23.1.0-py3-none-any.whl (61 kB)\n[Python package/code-quality]   | Collecting zipp>=0.5\n[Python package/code-quality]   |   Downloading zipp-3.15.0-py3-none-any.whl (6.8 kB)\n[Python package/coverage    ]   | Collecting jeepney>=0.4.2\n[Python package/coverage    ]   |   Downloading jeepney-0.8.0-py3-none-any.whl (48 kB)\n[Python package/coverage    ]   | Collecting SecretStorage>=3.2\n[Python package/coverage    ]   |   Downloading SecretStorage-3.3.3-py3-none-any.whl (15 kB)\n[Python package/code-quality]   | Collecting attrs>=17.4.0\n[Python package/code-quality]   |   Downloading attrs-23.1.0-py3-none-any.whl (61 kB)\n[Python package/coverage    ]   | Collecting jaraco.classes\n[Python package/coverage    ]   |   Downloading jaraco.classes-3.2.3-py3-none-any.whl (6.0 kB)\n[Python package/code-quality]   | Collecting pyrsistent!=0.17.0,!=0.17.1,!=0.17.2,>=0.14.0\n[Python package/coverage    ]   | Collecting ptyprocess>=0.5\n[Python package/code-quality]   |   Downloading pyrsistent-0.19.3-py3-none-any.whl (57 kB)\n[Python package/coverage    ]   |   Downloading ptyprocess-0.7.0-py2.py3-none-any.whl (13 kB)\n[Python package/code-quality]   | Collecting jeepney>=0.4.2\n[Python package/coverage    ]   | Collecting idna<4,>=2.5\n[Python package/code-quality]   |   Downloading jeepney-0.8.0-py3-none-any.whl (48 kB)\n[Python package/coverage    ]   |   Downloading idna-3.4-py3-none-any.whl (61 kB)\n[Python package/coverage    ]   | Collecting certifi>=2017.4.17\n[Python package/code-quality]   | Collecting jaraco.classes\n[Python package/coverage    ]   |   Downloading certifi-2023.5.7-py3-none-any.whl (156 kB)\n[Python package/code-quality]   |   Downloading jaraco.classes-3.2.3-py3-none-any.whl (6.0 kB)\n[Python package/code-quality]   | Collecting SecretStorage>=3.2\n[Python package/code-quality]   |   Downloading SecretStorage-3.3.3-py3-none-any.whl (15 kB)\n[Python package/code-quality]   | Collecting ptyprocess>=0.5\n[Python package/code-quality]   |   Downloading ptyprocess-0.7.0-py2.py3-none-any.whl (13 kB)\n[Python package/code-quality]   | Collecting certifi>=2017.4.17\n[Python package/code-quality]   |   Downloading certifi-2023.5.7-py3-none-any.whl (156 kB)\n[Python package/coverage    ]   | Collecting charset-normalizer<4,>=2\n[Python package/coverage    ]   |   Downloading charset_normalizer-3.1.0-cp39-cp39-manylinux_2_17_x86_64.manylinux2014_x86_64.whl (199 kB)\n[Python package/code-quality]   | Collecting charset-normalizer<4,>=2\n[Python package/code-quality]   |   Downloading charset_normalizer-3.1.0-cp39-cp39-manylinux_2_17_x86_64.manylinux2014_x86_64.whl (199 kB)\n[Python package/code-quality]   | Collecting idna<4,>=2.5\n[Python package/code-quality]   |   Downloading idna-3.4-py3-none-any.whl (61 kB)\n[Python package/coverage    ]   | Collecting cryptography>=2.0\n[Python package/coverage    ]   |   Downloading cryptography-40.0.2-cp36-abi3-manylinux_2_28_x86_64.whl (3.7 MB)\n[Python package/code-quality]   | Collecting cryptography>=2.0\n[Python package/code-quality]   |   Downloading cryptography-40.0.2-cp36-abi3-manylinux_2_28_x86_64.whl (3.7 MB)\n[Python package/coverage    ]   | Collecting cffi>=1.12\n[Python package/coverage    ]   |   Downloading cffi-1.15.1-cp39-cp39-manylinux_2_17_x86_64.manylinux2014_x86_64.whl (441 kB)\n[Python package/coverage    ]   | Collecting pycparser\n[Python package/coverage    ]   |   Downloading pycparser-2.21-py2.py3-none-any.whl (118 kB)\n[Python package/coverage    ]   | Collecting distlib<1,>=0.3.6\n[Python package/coverage    ]   |   Downloading distlib-0.3.6-py2.py3-none-any.whl (468 kB)\n[Python package/coverage    ]   | Collecting more-itertools\n[Python package/coverage    ]   |   Downloading more_itertools-9.1.0-py3-none-any.whl (54 kB)\n[Python package/code-quality]   | Collecting cffi>=1.12\n[Python package/code-quality]   |   Downloading cffi-1.15.1-cp39-cp39-manylinux_2_17_x86_64.manylinux2014_x86_64.whl (441 kB)\n[Python package/code-quality]   | Collecting pycparser\n[Python package/code-quality]   |   Downloading pycparser-2.21-py2.py3-none-any.whl (118 kB)\n[Python package/coverage    ]   | Installing collected packages: pycparser, urllib3, idna, charset-normalizer, cffi, certifi, zipp, tomli, requests, msgpack, more-itertools, jeepney, cryptography, webencodings, six, SecretStorage, rapidfuzz, pyrsistent, pyproject-hooks, ptyprocess, poetry-core, platformdirs, packaging, lockfile, jaraco.classes, importlib-metadata, filelock, distlib, crashtest, cachecontrol, attrs, virtualenv, trove-classifiers, tomlkit, shellingham, requests-toolbelt, poetry-plugin-export, pkginfo, pexpect, keyring, jsonschema, installer, html5lib, dulwich, cleo, build, poetry\n[Python package/code-quality]   | Collecting distlib<1,>=0.3.6\n[Python package/code-quality]   |   Downloading distlib-0.3.6-py2.py3-none-any.whl (468 kB)\n[Python package/code-quality]   | Collecting more-itertools\n[Python package/code-quality]   |   Downloading more_itertools-9.1.0-py3-none-any.whl (54 kB)\n[Python package/code-quality]   | Installing collected packages: pycparser, urllib3, idna, charset-normalizer, cffi, certifi, zipp, tomli, requests, msgpack, more-itertools, jeepney, cryptography, webencodings, six, SecretStorage, rapidfuzz, pyrsistent, pyproject-hooks, ptyprocess, poetry-core, platformdirs, packaging, lockfile, jaraco.classes, importlib-metadata, filelock, distlib, crashtest, cachecontrol, attrs, virtualenv, trove-classifiers, tomlkit, shellingham, requests-toolbelt, poetry-plugin-export, pkginfo, pexpect, keyring, jsonschema, installer, html5lib, dulwich, cleo, build, poetry\n[Python package/coverage    ]   | Successfully installed SecretStorage-3.3.3 attrs-23.1.0 build-0.10.0 cachecontrol-0.12.11 certifi-2023.5.7 cffi-1.15.1 charset-normalizer-3.1.0 cleo-2.0.1 crashtest-0.4.1 cryptography-40.0.2 distlib-0.3.6 dulwich-0.21.5 filelock-3.12.0 html5lib-1.1 idna-3.4 importlib-metadata-6.6.0 installer-0.7.0 jaraco.classes-3.2.3 jeepney-0.8.0 jsonschema-4.17.3 keyring-23.13.1 lockfile-0.12.2 more-itertools-9.1.0 msgpack-1.0.5 packaging-23.1 pexpect-4.8.0 pkginfo-1.9.6 platformdirs-3.5.1 poetry-1.5.0 poetry-core-1.6.0 poetry-plugin-export-1.4.0 ptyprocess-0.7.0 pycparser-2.21 pyproject-hooks-1.0.0 pyrsistent-0.19.3 rapidfuzz-2.15.1 requests-2.31.0 requests-toolbelt-1.0.0 shellingham-1.5.0.post1 six-1.16.0 tomli-2.0.1 tomlkit-0.11.8 trove-classifiers-2023.5.24 urllib3-1.26.16 virtualenv-20.23.0 webencodings-0.5.1 zipp-3.15.0\n[Python package/coverage    ]   | WARNING: You are using pip version 21.2.4; however, version 23.1.2 is available.\n[Python package/coverage    ]   | You should consider upgrading via the '/opt/hostedtoolcache/Python/3.9.6/x64/bin/python -m pip install --upgrade pip' command.\n[Python package/code-quality]   | Successfully installed SecretStorage-3.3.3 attrs-23.1.0 build-0.10.0 cachecontrol-0.12.11 certifi-2023.5.7 cffi-1.15.1 charset-normalizer-3.1.0 cleo-2.0.1 crashtest-0.4.1 cryptography-40.0.2 distlib-0.3.6 dulwich-0.21.5 filelock-3.12.0 html5lib-1.1 idna-3.4 importlib-metadata-6.6.0 installer-0.7.0 jaraco.classes-3.2.3 jeepney-0.8.0 jsonschema-4.17.3 keyring-23.13.1 lockfile-0.12.2 more-itertools-9.1.0 msgpack-1.0.5 packaging-23.1 pexpect-4.8.0 pkginfo-1.9.6 platformdirs-3.5.1 poetry-1.5.0 poetry-core-1.6.0 poetry-plugin-export-1.4.0 ptyprocess-0.7.0 pycparser-2.21 pyproject-hooks-1.0.0 pyrsistent-0.19.3 rapidfuzz-2.15.1 requests-2.31.0 requests-toolbelt-1.0.0 shellingham-1.5.0.post1 six-1.16.0 tomli-2.0.1 tomlkit-0.11.8 trove-classifiers-2023.5.24 urllib3-1.26.16 virtualenv-20.23.0 webencodings-0.5.1 zipp-3.15.0\n[Python package/coverage    ]   | Creating virtualenv reactivex-wLDn7Y6b-py3.9 in /home/runneradmin/.cache/pypoetry/virtualenvs\n[Python package/code-quality]   | WARNING: You are using pip version 21.2.4; however, version 23.1.2 is available.\n[Python package/code-quality]   | You should consider upgrading via the '/opt/hostedtoolcache/Python/3.9.6/x64/bin/python -m pip install --upgrade pip' command.\n[Python package/coverage    ]   | Installing dependencies from lock file\n[Python package/code-quality]   | Creating virtualenv reactivex-wLDn7Y6b-py3.9 in /home/runneradmin/.cache/pypoetry/virtualenvs\n[Python package/coverage    ]   | \n[Python package/coverage    ]   | Package operations: 43 installs, 1 update, 0 removals\n[Python package/coverage    ]   | \n[Python package/coverage    ]   |   \u2022 Installing attrs (22.2.0)\n[Python package/coverage    ]   |   \u2022 Installing exceptiongroup (1.1.0)\n[Python package/coverage    ]   |   \u2022 Installing iniconfig (1.1.1)\n[Python package/coverage    ]   |   \u2022 Installing packaging (22.0)\n[Python package/coverage    ]   |   \u2022 Installing pluggy (1.0.0)\n[Python package/coverage    ]   |   \u2022 Installing tomli (2.0.1)\n[Python package/coverage    ]   |   \u2022 Installing certifi (2022.12.7)\n[Python package/coverage    ]   |   \u2022 Installing charset-normalizer (2.1.1)\n[Python package/coverage    ]   |   \u2022 Installing filelock (3.9.0)\n[Python package/coverage    ]   |   \u2022 Installing idna (3.4)\n[Python package/coverage    ]   |   \u2022 Installing py (1.11.0)\n[Python package/coverage    ]   |   \u2022 Installing pytest (7.2.0)\n[Python package/coverage    ]   |   \u2022 Installing platformdirs (2.6.2)\n[Python package/coverage    ]   |   \u2022 Updating setuptools (67.7.2 -> 65.6.3)\n[Python package/coverage    ]   |   \u2022 Installing distlib (0.3.6)\n[Python package/coverage    ]   |   \u2022 Installing urllib3 (1.26.13)\n[Python package/code-quality]   | Installing dependencies from lock file\n[Python package/code-quality]   | \n[Python package/code-quality]   | Package operations: 43 installs, 1 update, 0 removals\n[Python package/code-quality]   | \n[Python package/code-quality]   |   \u2022 Installing attrs (22.2.0)\n[Python package/code-quality]   |   \u2022 Installing exceptiongroup (1.1.0)\n[Python package/code-quality]   |   \u2022 Installing iniconfig (1.1.1)\n[Python package/code-quality]   |   \u2022 Installing packaging (22.0)\n[Python package/code-quality]   |   \u2022 Installing pluggy (1.0.0)\n[Python package/code-quality]   |   \u2022 Installing tomli (2.0.1)\n[Python package/code-quality]   |   \u2022 Installing certifi (2022.12.7)\n[Python package/code-quality]   |   \u2022 Installing charset-normalizer (2.1.1)\n[Python package/code-quality]   |   \u2022 Installing distlib (0.3.6)\n[Python package/code-quality]   |   \u2022 Installing idna (3.4)\n[Python package/code-quality]   |   \u2022 Installing filelock (3.9.0)\n[Python package/code-quality]   |   \u2022 Installing py (1.11.0)\n[Python package/code-quality]   |   \u2022 Installing platformdirs (2.6.2)\n[Python package/code-quality]   |   \u2022 Installing urllib3 (1.26.13)\n[Python package/code-quality]   |   \u2022 Updating setuptools (67.7.2 -> 65.6.3)\n[Python package/code-quality]   |   \u2022 Installing pytest (7.2.0)\n[Python package/coverage    ]   |   \u2022 Installing cfgv (3.3.1)\n[Python package/coverage    ]   |   \u2022 Installing click (8.1.3)\n[Python package/coverage    ]   |   \u2022 Installing mccabe (0.6.1)\n[Python package/coverage    ]   |   \u2022 Installing identify (2.5.11)\n[Python package/coverage    ]   |   \u2022 Installing coverage (6.5.0)\n[Python package/coverage    ]   |   \u2022 Installing execnet (1.9.0)\n[Python package/coverage    ]   |   \u2022 Installing mypy-extensions (0.4.3)\n[Python package/coverage    ]   |   \u2022 Installing nodeenv (1.7.0)\n[Python package/coverage    ]   |   \u2022 Installing pathspec (0.10.3)\n[Python package/coverage    ]   |   \u2022 Installing pyflakes (2.4.0)\n[Python package/coverage    ]   |   \u2022 Installing pyyaml (6.0)\n[Python package/coverage    ]   |   \u2022 Installing docopt (0.6.2)\n[Python package/coverage    ]   |   \u2022 Installing typing-extensions (4.4.0)\n[Python package/coverage    ]   |   \u2022 Installing virtualenv (20.16.2)\n[Python package/coverage    ]   |   \u2022 Installing pytest-forked (1.4.0)\n[Python package/coverage    ]   |   \u2022 Installing requests (2.28.1)\n[Python package/coverage    ]   |   \u2022 Installing pycodestyle (2.8.0)\n[Python package/coverage    ]   | Connection pool is full, discarding connection: pypi.org. Connection pool size: 10\n[Python package/coverage    ]   | Connection pool is full, discarding connection: pypi.org. Connection pool size: 10\n[Python package/coverage    ]   | Connection pool is full, discarding connection: pypi.org. Connection pool size: 10\n[Python package/coverage    ]   | Connection pool is full, discarding connection: pypi.org. Connection pool size: 10\n[Python package/coverage    ]   | Connection pool is full, discarding connection: pypi.org. Connection pool size: 10\n[Python package/coverage    ]   | Connection pool is full, discarding connection: pypi.org. Connection pool size: 10\n[Python package/coverage    ]   | Connection pool is full, discarding connection: pypi.org. Connection pool size: 10\n[Python package/code-quality]   |   \u2022 Installing cfgv (3.3.1)\n[Python package/code-quality]   |   \u2022 Installing click (8.1.3)\n[Python package/code-quality]   |   \u2022 Installing docopt (0.6.2)\n[Python package/code-quality]   |   \u2022 Installing execnet (1.9.0)\n[Python package/code-quality]   |   \u2022 Installing mccabe (0.6.1)\n[Python package/code-quality]   |   \u2022 Installing mypy-extensions (0.4.3)\n[Python package/code-quality]   |   \u2022 Installing pathspec (0.10.3)\n[Python package/code-quality]   |   \u2022 Installing pycodestyle (2.8.0)\n[Python package/code-quality]   |   \u2022 Installing coverage (6.5.0)\n[Python package/code-quality]   |   \u2022 Installing nodeenv (1.7.0)\n[Python package/code-quality]   |   \u2022 Installing requests (2.28.1)\n[Python package/code-quality]   |   \u2022 Installing typing-extensions (4.4.0)\n[Python package/code-quality]   |   \u2022 Installing pyflakes (2.4.0)\n[Python package/code-quality]   |   \u2022 Installing pytest-forked (1.4.0)\n[Python package/code-quality]   |   \u2022 Installing identify (2.5.11)\n[Python package/code-quality]   |   \u2022 Installing pyyaml (6.0)\n[Python package/code-quality]   |   \u2022 Installing virtualenv (20.16.2)\n[Python package/code-quality]   | Connection pool is full, discarding connection: pypi.org. Connection pool size: 10\n[Python package/code-quality]   | Connection pool is full, discarding connection: pypi.org. Connection pool size: 10\n[Python package/code-quality]   | Connection pool is full, discarding connection: pypi.org. Connection pool size: 10\n[Python package/code-quality]   | Connection pool is full, discarding connection: pypi.org. Connection pool size: 10\n[Python package/code-quality]   | Connection pool is full, discarding connection: pypi.org. Connection pool size: 10\n[Python package/code-quality]   | Connection pool is full, discarding connection: pypi.org. Connection pool size: 10\n[Python package/coverage    ]   |   \u2022 Installing autoflake (1.7.8)\n[Python package/coverage    ]   |   \u2022 Installing black (22.12.0)\n[Python package/coverage    ]   |   \u2022 Installing coveralls (3.3.1)\n[Python package/coverage    ]   |   \u2022 Installing dunamai (1.15.0)\n[Python package/coverage    ]   |   \u2022 Installing isort (5.11.4)\n[Python package/coverage    ]   |   \u2022 Installing mypy (0.931)\n[Python package/coverage    ]   |   \u2022 Installing flake8 (4.0.1)\n[Python package/coverage    ]   |   \u2022 Installing pytest-asyncio (0.18.3)\n[Python package/coverage    ]   |   \u2022 Installing pytest-xdist (2.5.0)\n[Python package/coverage    ]   |   \u2022 Installing pre-commit (2.21.0)\n[Python package/coverage    ]   |   \u2022 Installing pyright (0.0.13.post0)\n[Python package/coverage    ]   | Connection pool is full, discarding connection: pypi.org. Connection pool size: 10\n[Python package/code-quality]   |   \u2022 Installing autoflake (1.7.8)\n[Python package/code-quality]   |   \u2022 Installing black (22.12.0)\n[Python package/code-quality]   |   \u2022 Installing coveralls (3.3.1)\n[Python package/code-quality]   |   \u2022 Installing dunamai (1.15.0)\n[Python package/code-quality]   |   \u2022 Installing flake8 (4.0.1)\n[Python package/code-quality]   |   \u2022 Installing mypy (0.931)\n[Python package/code-quality]   |   \u2022 Installing pre-commit (2.21.0)\n[Python package/code-quality]   |   \u2022 Installing isort (5.11.4)\n[Python package/code-quality]   |   \u2022 Installing pytest-asyncio (0.18.3)\n[Python package/code-quality]   |   \u2022 Installing pyright (0.0.13.post0)\n[Python package/code-quality]   |   \u2022 Installing pytest-xdist (2.5.0)\n[Python package/code-quality]   | Connection pool is full, discarding connection: pypi.org. Connection pool size: 10\n[Python package/code-quality]   | \n[Python package/code-quality]   | Installing the current project: reactivex (0.0.0)\n[Python package/coverage    ]   | \n[Python package/coverage    ]   | Installing the current project: reactivex (0.0.0)\n[Python package/code-quality]   \u2705  Success - Main Install dependencies\n[Python package/coverage    ]   \u2705  Success - Main Install dependencies\n[Python package/code-quality] \u2b50 Run Main Code checks\n[Python package/coverage    ] \u2b50 Run Main Run coverage tests\n[Python package/coverage    ]   \ud83d\udc33  docker exec cmd=[bash --noprofile --norc -e -o pipefail /var/run/act/workflow/4] user= workdir=\n[Python package/code-quality]   \ud83d\udc33  docker exec cmd=[bash --noprofile --norc -e -o pipefail /var/run/act/workflow/4] user= workdir=\n[Python package/code-quality]   | [INFO] Initializing environment for https://github.com/humitos/mirrors-autoflake.\n[Python package/code-quality]   | [INFO] Initializing environment for https://github.com/timothycrosley/isort.\n[Python package/code-quality]   | [INFO] Initializing environment for https://github.com/psf/black.\n[Python package/code-quality]   | [INFO] Initializing environment for https://github.com/PyCQA/flake8.\n[Python package/code-quality]   | [INFO] Initializing environment for local:pyright@1.1.286.\n[Python package/code-quality]   | [INFO] Initializing environment for https://github.com/pre-commit/mirrors-mypy.\n[Python package/code-quality]   | [INFO] Installing environment for https://github.com/humitos/mirrors-autoflake.\n[Python package/code-quality]   | [INFO] Once installed this environment will be reused.\n[Python package/code-quality]   | [INFO] This may take a few minutes...\n[Python package/coverage    ]   | ============================= test session starts ==============================\n[Python package/coverage    ]   | platform linux -- Python 3.9.6, pytest-7.2.0, pluggy-1.0.0\n[Python package/coverage    ]   | rootdir: /tmp/de65f406-fe28-11ed-a890-af2cc187fc11/ReactiveX-RxPY, configfile: pyproject.toml, testpaths: tests\n[Python package/coverage    ]   | plugins: asyncio-0.18.3, forked-1.4.0, xdist-2.5.0\n[Python package/coverage    ]   | asyncio: mode=strict\n[Python package/coverage    ]   | collected 1347 items / 9 skipped\n[Python package/coverage    ]   | \n[Python package/coverage    ]   | tests/test_version.py .                                                  [  0%]\n[Python package/coverage    ]   | tests/test_core/test_notification.py ........................            [  1%]\n[Python package/coverage    ]   | tests/test_core/test_observer.py ..............                          [  2%]\n[Python package/coverage    ]   | tests/test_core/test_priorityqueue.py .......                            [  3%]\n[Python package/coverage    ]   | tests/test_disposables/test_disposable.py ...................            [  4%]\n[Python package/coverage    ]   | tests/test_integration/test_concat_repeat.py .                           [  4%]\n[Python package/coverage    ]   | tests/test_integration/test_group_reduce.py ..                           [  5%]\n[Python package/coverage    ]   | tests/test_observable/test_all.py ........                               [  5%]\n[Python package/coverage    ]   | tests/test_observable/test_amb.py ........                               [  6%]\n[Python package/coverage    ]   | tests/test_observable/test_asobservable.py ......                        [  6%]\n[Python package/coverage    ]   | tests/test_observable/test_average.py ......                             [  7%]\n[Python package/coverage    ]   | tests/test_observable/test_buffer.py .............                       [  8%]\n[Python package/coverage    ]   | tests/test_observable/test_bufferwithcount.py ........                   [  8%]\n[Python package/coverage    ]   | tests/test_observable/test_bufferwithtime.py ....                        [  8%]\n[Python package/coverage    ]   | tests/test_observable/test_bufferwithtimeorcount.py ...                  [  9%]\n[Python package/coverage    ]   | tests/test_observable/test_case.py ........                              [  9%]\n[Python package/coverage    ]   | tests/test_observable/test_catch.py .............                        [ 10%]\n[Python package/coverage    ]   | tests/test_observable/test_combinelatest.py ...........................  [ 12%]\n[Python package/coverage    ]   | tests/test_observable/test_concat.py .................                   [ 14%]\n[Python package/coverage    ]   | tests/test_observable/test_concatmap.py .....                            [ 14%]\n[Python package/coverage    ]   | tests/test_observable/test_connectableobservable.py .......              [ 14%]\n[Python package/coverage    ]   | tests/test_observable/test_contains.py ..........                        [ 15%]\n[Python package/coverage    ]   | tests/test_observable/test_count.py ................                     [ 16%]\n[Python package/coverage    ]   | tests/test_observable/test_create.py ......                              [ 17%]\n[Python package/coverage    ]   | tests/test_observable/test_debounce.py ................                  [ 18%]\n[Python package/coverage    ]   | tests/test_observable/test_defaultifempty.py ....                        [ 18%]\n[Python package/coverage    ]   | tests/test_observable/test_defer.py ....                                 [ 19%]\n[Python package/coverage    ]   | tests/test_observable/test_delay.py .............                        [ 20%]\n[Python package/coverage    ]   | tests/test_observable/test_delaywithmapper.py ......                     [ 20%]\n[Python package/coverage    ]   | tests/test_observable/test_distinct.py .....                             [ 20%]\n[Python package/coverage    ]   | tests/test_observable/test_distinctuntilchanged.py ............          [ 21%]\n[Python package/coverage    ]   | tests/test_observable/test_doaction.py .....                             [ 22%]\n[Python package/coverage    ]   | tests/test_observable/test_dowhile.py ......                             [ 22%]\n[Python package/coverage    ]   | tests/test_observable/test_elementat.py ........                         [ 23%]\n[Python package/coverage    ]   | tests/test_observable/test_empty.py ...                                  [ 23%]\n[Python package/coverage    ]   | tests/test_observable/test_expand.py .....                               [ 23%]\n[Python package/coverage    ]   | tests/test_observable/test_filter.py ...............                     [ 24%]\n[Python package/coverage    ]   | tests/test_observable/test_finally.py ....                               [ 25%]\n[Python package/coverage    ]   | tests/test_observable/test_find.py ......                                [ 25%]\n[Python package/coverage    ]   | tests/test_observable/test_first.py ........                             [ 26%]\n[Python package/coverage    ]   | tests/test_observable/test_firstordefault.py ........                    [ 26%]\n[Python package/coverage    ]   | tests/test_observable/test_flatmap.py ................                   [ 27%]\n[Python package/coverage    ]   | tests/test_observable/test_flatmap_async.py .                            [ 28%]\n[Python package/coverage    ]   | tests/test_observable/test_forin.py ..                                   [ 28%]\n[Python package/coverage    ]   | tests/test_observable/test_forkjoin.py ...............                   [ 29%]\n[Python package/coverage    ]   | tests/test_observable/test_fromcallback.py ...                           [ 29%]\n[Python package/coverage    ]   | tests/test_observable/test_fromfuture.py ....                            [ 29%]\n[Python package/coverage    ]   | tests/test_observable/test_fromiterable.py ....                          [ 30%]\n[Python package/coverage    ]   | tests/test_observable/test_generate.py .....                             [ 30%]\n[Python package/coverage    ]   | tests/test_observable/test_generatewithrelativetime.py ..........        [ 31%]\n[Python package/coverage    ]   | tests/test_observable/test_groupby.py ...........                        [ 32%]\n[Python package/coverage    ]   | tests/test_observable/test_groupjoin.py ...............                  [ 33%]\n[Python package/coverage    ]   | tests/test_observable/test_ifthen.py ........                            [ 33%]\n[Python package/coverage    ]   | tests/test_observable/test_ignoreelements.py ...                         [ 34%]\n[Python package/coverage    ]   | tests/test_observable/test_interval.py ...                               [ 34%]\n[Python package/coverage    ]   | tests/test_observable/test_isempty.py ....                               [ 34%]\n[Python package/coverage    ]   | tests/test_observable/test_join.py ...............                       [ 35%]\n[Python package/coverage    ]   | tests/test_observable/test_last.py ........                              [ 36%]\n[Python package/coverage    ]   | tests/test_observable/test_lastordefault.py ........                     [ 36%]\n[Python package/coverage    ]   | tests/test_observable/test_map.py ...............                        [ 37%]\n[Python package/coverage    ]   | tests/test_observable/test_marbles.py .................................. [ 40%]\n[Python package/coverage    ]   | ...........                                                              [ 41%]\n[Python package/coverage    ]   | tests/test_observable/test_materialize.py ........                       [ 41%]\n[Python package/coverage    ]   | tests/test_observable/test_max.py ...........                            [ 42%]\n[Python package/coverage    ]   | tests/test_observable/test_maxby.py .......                              [ 43%]\n[Python package/coverage    ]   | tests/test_observable/test_merge.py ...............................      [ 45%]\n[Python package/coverage    ]   | tests/test_observable/test_min.py ..........                             [ 46%]\n[Python package/coverage    ]   | tests/test_observable/test_minby.py .............                        [ 47%]\n[Python package/coverage    ]   | tests/test_observable/test_multicast.py ...........                      [ 48%]\n[Python package/coverage    ]   | tests/test_observable/test_never.py .                                    [ 48%]\n[Python package/coverage    ]   | tests/test_observable/test_observeon.py .....                            [ 48%]\n[Python package/coverage    ]   | tests/test_observable/test_of.py ..                                      [ 48%]\n[Python package/coverage    ]   | tests/test_observable/test_onerrorresumenext.py .........                [ 49%]\n[Python package/coverage    ]   | tests/test_observable/test_pairwise.py ......                            [ 49%]\n[Python package/coverage    ]   | tests/test_observable/test_partition.py .......                          [ 50%]\n[Python package/coverage    ]   | tests/test_observable/test_pluck.py ..                                   [ 50%]\n[Python package/coverage    ]   | tests/test_observable/test_publish.py ...........                        [ 51%]\n[Python package/coverage    ]   | tests/test_observable/test_publishvalue.py ........                      [ 51%]\n[Python package/coverage    ]   | tests/test_observable/test_range.py .......                              [ 52%]\n[Python package/coverage    ]   | tests/test_observable/test_reduce.py ...........                         [ 53%]\n[Python package/coverage    ]   | tests/test_observable/test_repeat.py ..............                      [ 54%]\n[Python package/coverage    ]   | tests/test_observable/test_replay.py ..........                          [ 54%]\n[Python package/code-quality]   | [INFO] Installing environment for https://github.com/timothycrosley/isort.\n[Python package/code-quality]   | [INFO] Once installed this environment will be reused.\n[Python package/code-quality]   | [INFO] This may take a few minutes...\n[Python package/coverage    ]   | tests/test_observable/test_retry.py .........                            [ 55%]\n[Python package/coverage    ]   | tests/test_observable/test_returnvalue.py ....                           [ 55%]\n[Python package/coverage    ]   | tests/test_observable/test_sample.py .....                               [ 56%]\n[Python package/coverage    ]   | tests/test_observable/test_scan.py ..........                            [ 57%]\n[Python package/coverage    ]   | tests/test_observable/test_sequenceequal.py ......................       [ 58%]\n[Python package/coverage    ]   | tests/test_observable/test_single.py .........                           [ 59%]\n[Python package/coverage    ]   | tests/test_observable/test_singleordefault.py ..........                 [ 60%]\n[Python package/coverage    ]   | tests/test_observable/test_skip.py .........                             [ 60%]\n[Python package/coverage    ]   | tests/test_observable/test_skiplast.py .........                         [ 61%]\n[Python package/coverage    ]   | tests/test_observable/test_skiplastwithtime.py .......                   [ 61%]\n[Python package/coverage    ]   | tests/test_observable/test_skipuntil.py .........                        [ 62%]\n[Python package/coverage    ]   | tests/test_observable/test_skipuntilwithtime.py ......                   [ 63%]\n[Python package/coverage    ]   | tests/test_observable/test_skipwhile.py .........                        [ 63%]\n[Python package/coverage    ]   | tests/test_observable/test_skipwithtime.py .......                       [ 64%]\n[Python package/coverage    ]   | tests/test_observable/test_slice.py .........                            [ 64%]\n[Python package/coverage    ]   | tests/test_observable/test_some.py ...........                           [ 65%]\n[Python package/coverage    ]   | tests/test_observable/test_starmap.py ............                       [ 66%]\n[Python package/coverage    ]   | tests/test_observable/test_start.py .....                                [ 66%]\n[Python package/coverage    ]   | tests/test_observable/test_startwith.py ....                             [ 67%]\n[Python package/coverage    ]   | tests/test_observable/test_subscribeon.py ....                           [ 67%]\n[Python package/coverage    ]   | tests/test_observable/test_sum.py ......                                 [ 68%]\n[Python package/coverage    ]   | tests/test_observable/test_switchlatest.py .....                         [ 68%]\n[Python package/coverage    ]   | tests/test_observable/test_switchmap.py ......                           [ 68%]\n[Python package/coverage    ]   | tests/test_observable/test_switchmapindexed.py ......                    [ 69%]\n[Python package/coverage    ]   | tests/test_observable/test_take.py ........                              [ 69%]\n[Python package/coverage    ]   | tests/test_observable/test_takelast.py .........                         [ 70%]\n[Python package/coverage    ]   | tests/test_observable/test_takelastbuffer.py .......                     [ 71%]\n[Python package/coverage    ]   | tests/test_observable/test_takelastwithtime.py .........                 [ 71%]\n[Python package/coverage    ]   | tests/test_observable/test_takeuntil.py ...........                      [ 72%]\n[Python package/coverage    ]   | tests/test_observable/test_takeuntilwithtime.py ......                   [ 72%]\n[Python package/coverage    ]   | tests/test_observable/test_takewhile.py ............                     [ 73%]\n[Python package/coverage    ]   | tests/test_observable/test_takewithtime.py .......                       [ 74%]\n[Python package/coverage    ]   | tests/test_observable/test_throttlefirst.py .....                        [ 74%]\n[Python package/coverage    ]   | tests/test_observable/test_throw.py ...                                  [ 74%]\n[Python package/coverage    ]   | tests/test_observable/test_timeinterval.py .....                         [ 75%]\n[Python package/coverage    ]   | tests/test_observable/test_timeout.py ...............                    [ 76%]\n[Python package/coverage    ]   | tests/test_observable/test_timeoutwithmapper.py ........                 [ 77%]\n[Python package/coverage    ]   | tests/test_observable/test_timer.py ...........                          [ 77%]\n[Python package/coverage    ]   | tests/test_observable/test_timestamp.py ....                             [ 78%]\n[Python package/coverage    ]   | tests/test_observable/test_toasync.py ...........                        [ 78%]\n[Python package/coverage    ]   | tests/test_observable/test_todict.py .....                               [ 79%]\n[Python package/coverage    ]   | tests/test_observable/test_tofuture.py .......                           [ 79%]\n[Python package/coverage    ]   | tests/test_observable/test_toiterable.py ...                             [ 80%]\n[Python package/coverage    ]   | tests/test_observable/test_toset.py ...                                  [ 80%]\n[Python package/coverage    ]   | tests/test_observable/test_using.py ......                               [ 80%]\n[Python package/coverage    ]   | tests/test_observable/test_while_do.py .......                           [ 81%]\n[Python package/coverage    ]   | tests/test_observable/test_window.py ..............                      [ 82%]\n[Python package/coverage    ]   | tests/test_observable/test_windowwithcount.py ...                        [ 82%]\n[Python package/coverage    ]   | tests/test_observable/test_windowwithtime.py ......                      [ 82%]\n[Python package/coverage    ]   | tests/test_observable/test_windowwithtimeorcount.py ...                  [ 83%]\n[Python package/coverage    ]   | tests/test_observable/test_withlatestfrom.py ........................... [ 85%]\n[Python package/coverage    ]   | .                                                                        [ 85%]\n[Python package/coverage    ]   | tests/test_observable/test_zip.py .............................          [ 87%]\n[Python package/coverage    ]   | tests/test_observable/test_blocking/test_blocking.py ........            [ 88%]\n[Python package/coverage    ]   | tests/test_scheduler/test_catchscheduler.py .............                [ 89%]\n[Python package/coverage    ]   | tests/test_scheduler/test_currentthreadscheduler.py ..............       [ 90%]\n[Python package/code-quality]   | An unexpected error has occurred: CalledProcessError: command: ('/home/runneradmin/.cache/pre-commit/repod_xmadlg/py_env-python3/bin/python', '-mpip', 'install', '.')\n[Python package/code-quality]   | return code: 1\n[Python package/code-quality]   | stdout:\n[Python package/code-quality]   |     Processing /home/runneradmin/.cache/pre-commit/repod_xmadlg\n[Python package/code-quality]   |       Installing build dependencies: started\n[Python package/code-quality]   |       Installing build dependencies: finished with status 'done'\n[Python package/code-quality]   |       Getting requirements to build wheel: started\n[Python package/code-quality]   |       Getting requirements to build wheel: finished with status 'done'\n[Python package/code-quality]   |       Preparing metadata (pyproject.toml): started\n[Python package/code-quality]   |       Preparing metadata (pyproject.toml): finished with status 'error'\n[Python package/code-quality]   |     \n[Python package/code-quality]   | stderr:\n[Python package/code-quality]   |       error: subprocess-exited-with-error\n[Python package/code-quality]   |       \n[Python package/code-quality]   |       \u00d7 Preparing metadata (pyproject.toml) did not run successfully.\n[Python package/code-quality]   |       \u2502 exit code: 1\n[Python package/code-quality]   |       \u2570\u2500> [14 lines of output]\n[Python package/code-quality]   |           Traceback (most recent call last):\n[Python package/code-quality]   |             File \"/home/runneradmin/.cache/pre-commit/repod_xmadlg/py_env-python3/lib/python3.9/site-packages/pip/_vendor/pep517/in_process/_in_process.py\", line 363, in <module>\n[Python package/code-quality]   |               main()\n[Python package/code-quality]   |             File \"/home/runneradmin/.cache/pre-commit/repod_xmadlg/py_env-python3/lib/python3.9/site-packages/pip/_vendor/pep517/in_process/_in_process.py\", line 345, in main\n[Python package/code-quality]   |               json_out['return_val'] = hook(**hook_input['kwargs'])\n[Python package/code-quality]   |             File \"/home/runneradmin/.cache/pre-commit/repod_xmadlg/py_env-python3/lib/python3.9/site-packages/pip/_vendor/pep517/in_process/_in_process.py\", line 164, in prepare_metadata_for_build_wheel\n[Python package/code-quality]   |               return hook(metadata_directory, config_settings)\n[Python package/code-quality]   |             File \"/tmp/pip-build-env-ypj1nyhh/overlay/lib/python3.9/site-packages/poetry/core/masonry/api.py\", line 41, in prepare_metadata_for_build_wheel\n[Python package/code-quality]   |               poetry = Factory().create_poetry(Path(\".\").resolve(), with_groups=False)\n[Python package/code-quality]   |             File \"/tmp/pip-build-env-ypj1nyhh/overlay/lib/python3.9/site-packages/poetry/core/factory.py\", line 58, in create_poetry\n[Python package/code-quality]   |               raise RuntimeError(\"The Poetry configuration is invalid:\\n\" + message)\n[Python package/code-quality]   |           RuntimeError: The Poetry configuration is invalid:\n[Python package/code-quality]   |             - [extras.pipfile_deprecated_finder.2] 'pip-shims<=0.3.4' does not match '^[a-zA-Z-_.0-9]+$'\n[Python package/code-quality]   |           \n[Python package/code-quality]   |           [end of output]\n[Python package/code-quality]   |       \n[Python package/code-quality]   |       note: This error originates from a subprocess, and is likely not a problem with pip.\n[Python package/code-quality]   |     error: metadata-generation-failed\n[Python package/code-quality]   |     \n[Python package/code-quality]   |     \u00d7 Encountered error while generating package metadata.\n[Python package/code-quality]   |     \u2570\u2500> See above for output.\n[Python package/code-quality]   |     \n[Python package/code-quality]   |     note: This is an issue with the package mentioned above, not pip.\n[Python package/code-quality]   |     hint: See above for details.\n[Python package/code-quality]   |     \n[Python package/code-quality]   | Check the log at /home/runneradmin/.cache/pre-commit/pre-commit.log\n[Python package/code-quality]   \u274c  Failure - Main Code checks\n[Python package/coverage    ]   | tests/test_scheduler/test_eventloopscheduler.py ..s..........            [ 91%]\n[Python package/coverage    ]   | tests/test_scheduler/test_historicalscheduler.py ...........             [ 91%]\n[Python package/coverage    ]   | tests/test_scheduler/test_immediatescheduler.py .ss..........            [ 92%]\n[Python package/code-quality] exitcode '3': failure\n[Python package/coverage    ]   | tests/test_scheduler/test_newthreadscheduler.py .s.....                  [ 93%]\n[Python package/coverage    ]   | tests/test_scheduler/test_scheduleditem.py ...                           [ 93%]\n[Python package/coverage    ]   | tests/test_scheduler/test_scheduler.py ...                               [ 93%]\n[Python package/code-quality] \ud83c\udfc1  Job failed\n[Python package/coverage    ]   | tests/test_scheduler/test_threadpoolscheduler.py .....s.                 [ 94%]\n[Python package/coverage    ]   | tests/test_scheduler/test_timeoutscheduler.py .ss....                    [ 94%]\n[Python package/coverage    ]   | tests/test_scheduler/test_trampolinescheduler.py ....ss.....             [ 95%]\n[Python package/coverage    ]   | tests/test_scheduler/test_virtualtimescheduler.py ........               [ 96%]\n[Python package/coverage    ]   | tests/test_scheduler/test_eventloop/test_asyncioscheduler.py ...ss       [ 96%]\n[Python package/coverage    ]   | tests/test_scheduler/test_eventloop/test_asynciothreadsafescheduler.py . [ 96%]\n[Python package/coverage    ]   | .....ss                                                                  [ 97%]\n[Python package/coverage    ]   | tests/test_scheduler/test_mainloop/test_tkinterscheduler.py ssssss       [ 97%]\n[Python package/coverage    ]   | tests/test_subject/test_asyncsubject.py .....                            [ 97%]\n[Python package/coverage    ]   | tests/test_subject/test_behaviorsubject.py .....                         [ 98%]\n[Python package/coverage    ]   | tests/test_subject/test_replaysubject.py .......                         [ 98%]\n[Python package/coverage    ]   | tests/test_subject/test_subject.py ....                                  [ 99%]\n[Python package/coverage    ]   | tests/test_testing/test_marbles.py ...........                           [100%]\n[Python package/coverage    ]   | \n[Python package/coverage    ]   | ====================== 1328 passed, 28 skipped in 28.57s =======================\n[Python package/coverage    ]   \u2705  Success - Main Run coverage tests\n[Python package/coverage    ] \u2b50 Run Main Coveralls\n[Python package/coverage    ]   \ud83d\udc33  docker exec cmd=[bash --noprofile --norc -e -o pipefail /var/run/act/workflow/5] user= workdir=\n[Python package/coverage    ]   | Running on Github Actions but GITHUB_TOKEN is not set. Add \"env: GITHUB_TOKEN: ${{ secrets.GITHUB_TOKEN }}\" to your step config.\n[Python package/coverage    ]   | Traceback (most recent call last):\n[Python package/coverage    ]   |   File \"/home/runneradmin/.cache/pypoetry/virtualenvs/reactivex-wLDn7Y6b-py3.9/lib/python3.9/site-packages/coveralls/cli.py\", line 64, in main\n[Python package/coverage    ]   |     coverallz = Coveralls(token_required,\n[Python package/coverage    ]   |   File \"/home/runneradmin/.cache/pypoetry/virtualenvs/reactivex-wLDn7Y6b-py3.9/lib/python3.9/site-packages/coveralls/api.py\", line 49, in __init__\n[Python package/coverage    ]   |     self.ensure_token()\n[Python package/coverage    ]   |   File \"/home/runneradmin/.cache/pypoetry/virtualenvs/reactivex-wLDn7Y6b-py3.9/lib/python3.9/site-packages/coveralls/api.py\", line 56, in ensure_token\n[Python package/coverage    ]   |     raise CoverallsException(\n[Python package/coverage    ]   | coveralls.exception.CoverallsException: Running on Github Actions but GITHUB_TOKEN is not set. Add \"env: GITHUB_TOKEN: ${{ secrets.GITHUB_TOKEN }}\" to your step config.\n[Python package/coverage    ]   \u274c  Failure - Main Coveralls\n[Python package/coverage    ] exitcode '1': failure\n[Python package/coverage    ] \ud83c\udfc1  Job failed\n",
    "actions_stderr": "Error: failed to create container: 'Error response from daemon: Conflict. The container name \"/act-Python-package-build-8f9a08f8f46a1e7a9dbd8c238cbc4611e2d70f9b17622a900f16e35d2442f78f\" is already in use by container \"7c5a44677fb0e2827d2c91c2e9c29deb8dc393f3184851f7ea7257e3f4a712d1\". You have to remove (or rename) that container to be able to reuse that name.'\n"
}