{
    "repository": "ros-infrastructure/rosdep",
    "clone_url": "https://github.com/ros-infrastructure/rosdep.git",
    "timestamp": "2023-05-29T14:27:38.784369Z",
    "clone_success": true,
    "number of actions": 1,
    "number_of_test_actions": 1,
    "actions_successful": false,
    "actions_stdout": "[rosdep-ci/rosdep tests-1] \ud83d\ude80  Start image=crawlergpt:latest\n[rosdep-ci/rosdep tests-2] \ud83d\ude80  Start image=crawlergpt:latest\n[rosdep-ci/rosdep tests-2]   \ud83d\udc33  docker pull image=crawlergpt:latest platform= username= forcePull=false\n[rosdep-ci/rosdep tests-1]   \ud83d\udc33  docker pull image=crawlergpt:latest platform= username= forcePull=false\n[rosdep-ci/rosdep tests-1]   \ud83d\udc33  docker create image=crawlergpt:latest platform= entrypoint=[\"tail\" \"-f\" \"/dev/null\"] cmd=[]\n[rosdep-ci/rosdep tests-2]   \ud83d\udc33  docker create image=crawlergpt:latest platform= entrypoint=[\"tail\" \"-f\" \"/dev/null\"] cmd=[]\n[rosdep-ci/rosdep tests-2]   \ud83d\udc33  docker run image=crawlergpt:latest platform= entrypoint=[\"tail\" \"-f\" \"/dev/null\"] cmd=[]\n[rosdep-ci/rosdep tests-1]   \ud83d\udc33  docker run image=crawlergpt:latest platform= entrypoint=[\"tail\" \"-f\" \"/dev/null\"] cmd=[]\n[rosdep-ci/rosdep tests-2]   \ud83d\udc33  docker exec cmd=[chown -R 1012:1000 /tmp/de65f406-fe28-11ed-a890-af2cc187fc11/ros-infrastructure-rosdep] user=0 workdir=\n[rosdep-ci/rosdep tests-2]   \u2601  git clone 'https://github.com/actions/setup-python' # ref=v1\n[rosdep-ci/rosdep tests-2] \ud83e\uddea  Matrix: map[os:ubuntu-latest python:2.7]\n[rosdep-ci/rosdep tests-2] \u2b50 Run Main actions/checkout@v2\n[rosdep-ci/rosdep tests-2]   \u2705  Success - Main actions/checkout@v2\n[rosdep-ci/rosdep tests-2] \u2b50 Run Main Set up Python 2.7\n[rosdep-ci/rosdep tests-2]   \ud83d\udc33  docker cp src=/home/andre-silva/.cache/act/actions-setup-python@v1/ dst=/var/run/act/actions/actions-setup-python@v1/\n[rosdep-ci/rosdep tests-2]   \ud83d\udc33  docker exec cmd=[chown -R 1012:1000 /var/run/act/actions/actions-setup-python@v1/] user=0 workdir=\n[rosdep-ci/rosdep tests-2]   \ud83d\udc33  docker exec cmd=[node /var/run/act/actions/actions-setup-python@v1/dist/index.js] user= workdir=\n[rosdep-ci/rosdep tests-2]   \ud83d\udcac  ::debug::Semantic version spec of 2.7 is 2.7\n[rosdep-ci/rosdep tests-2]   \ud83d\udcac  ::debug::isExplicit: \n[rosdep-ci/rosdep tests-2]   \ud83d\udcac  ::debug::explicit? false\n[rosdep-ci/rosdep tests-2]   \ud83d\udcac  ::debug::isExplicit: 2.7.18\n[rosdep-ci/rosdep tests-2]   \ud83d\udcac  ::debug::explicit? true\n[rosdep-ci/rosdep tests-2]   \ud83d\udcac  ::debug::isExplicit: 3.5.10\n[rosdep-ci/rosdep tests-2]   \ud83d\udcac  ::debug::explicit? true\n[rosdep-ci/rosdep tests-2]   \ud83d\udcac  ::debug::isExplicit: 3.6.14\n[rosdep-ci/rosdep tests-2]   \ud83d\udcac  ::debug::explicit? true\n[rosdep-ci/rosdep tests-2]   \ud83d\udcac  ::debug::isExplicit: 3.7.11\n[rosdep-ci/rosdep tests-2]   \ud83d\udcac  ::debug::explicit? true\n[rosdep-ci/rosdep tests-2]   \ud83d\udcac  ::debug::isExplicit: 3.8.11\n[rosdep-ci/rosdep tests-2]   \ud83d\udcac  ::debug::explicit? true\n[rosdep-ci/rosdep tests-2]   \ud83d\udcac  ::debug::isExplicit: 3.9.6\n[rosdep-ci/rosdep tests-2]   \ud83d\udcac  ::debug::explicit? true\n[rosdep-ci/rosdep tests-2]   \ud83d\udcac  ::debug::evaluating 6 versions\n[rosdep-ci/rosdep tests-2]   \ud83d\udcac  ::debug::matched: 2.7.18\n[rosdep-ci/rosdep tests-2]   \ud83d\udcac  ::debug::checking cache: /opt/hostedtoolcache/Python/2.7.18/x64\n[rosdep-ci/rosdep tests-2]   \ud83d\udcac  ::debug::Found tool in cache Python 2.7.18 x64\n[rosdep-ci/rosdep tests-2]   | Successfully setup CPython (2.7.18)\n[rosdep-ci/rosdep tests-2]   \u2753 add-matcher /run/act/actions/actions-setup-python@v1/.github/python.json\n[rosdep-ci/rosdep tests-2]   \u2705  Success - Main Set up Python 2.7\n[rosdep-ci/rosdep tests-2]   \u2699  ::set-env:: pythonLocation=/opt/hostedtoolcache/Python/2.7.18/x64\n[rosdep-ci/rosdep tests-2]   \u2699  ::set-output:: python-version=2.7.18\n[rosdep-ci/rosdep tests-2]   \u2699  ::add-path:: /opt/hostedtoolcache/Python/2.7.18/x64\n[rosdep-ci/rosdep tests-2]   \u2699  ::add-path:: /opt/hostedtoolcache/Python/2.7.18/x64/bin\n[rosdep-ci/rosdep tests-2] \u2b50 Run Main Install dependencies\n[rosdep-ci/rosdep tests-2]   \ud83d\udc33  docker exec cmd=[bash --noprofile --norc -e -o pipefail /var/run/act/workflow/2] user= workdir=\n[rosdep-ci/rosdep tests-2]   | DEPRECATION: Python 2.7 reached the end of its life on January 1st, 2020. Please upgrade your Python as Python 2.7 is no longer maintained. pip 21.0 will drop support for Python 2.7 in January 2021. More details about Python 2 support in pip can be found at https://pip.pypa.io/en/latest/development/release-process/#python-2-support pip 21.0 will remove support for this functionality.\n[rosdep-ci/rosdep tests-2]   | Obtaining file:///tmp/de65f406-fe28-11ed-a890-af2cc187fc11/ros-infrastructure-rosdep\n[rosdep-ci/rosdep tests-2]   | Collecting codecov\n[rosdep-ci/rosdep tests-2]   |   Downloading codecov-2.1.13-py2.py3-none-any.whl (16 kB)\n[rosdep-ci/rosdep tests-2]   | Collecting pytest-cov\n[rosdep-ci/rosdep tests-2]   |   Downloading pytest_cov-2.12.1-py2.py3-none-any.whl (20 kB)\n[rosdep-ci/rosdep tests-2]   | Collecting PyYAML>=3.1\n[rosdep-ci/rosdep tests-2]   |   Downloading PyYAML-5.4.1-cp27-cp27mu-manylinux1_x86_64.whl (574 kB)\n[rosdep-ci/rosdep tests-2]   | Requirement already satisfied, skipping upgrade: setuptools in /opt/hostedtoolcache/Python/2.7.18/x64/lib/python2.7/site-packages (from rosdep==0.22.2) (41.2.0)\n[rosdep-ci/rosdep tests-2]   | Collecting catkin_pkg>=0.4.0\n[rosdep-ci/rosdep tests-2]   |   Downloading catkin_pkg-0.5.2.tar.gz (62 kB)\n[rosdep-ci/rosdep tests-2]   | Collecting rospkg>=1.4.0\n[rosdep-ci/rosdep tests-2]   |   Downloading rospkg-1.5.0.tar.gz (42 kB)\n[rosdep-ci/rosdep tests-2]   | Collecting rosdistro>=0.7.5\n[rosdep-ci/rosdep tests-2]   |   Downloading rosdistro-0.9.0.tar.gz (46 kB)\n[rosdep-ci/rosdep tests-2]   | Collecting flake8<6\n[rosdep-ci/rosdep tests-2]   |   Downloading flake8-3.9.2-py2.py3-none-any.whl (73 kB)\n[rosdep-ci/rosdep tests-2]   | Collecting flake8-comprehensions\n[rosdep-ci/rosdep tests-2]   |   Downloading flake8_comprehensions-1.4.1-py2.py3-none-any.whl (7.9 kB)\n[rosdep-ci/rosdep tests-2]   | Collecting pytest\n[rosdep-ci/rosdep tests-2]   |   Downloading pytest-4.6.11-py2.py3-none-any.whl (231 kB)\n[rosdep-ci/rosdep tests-2]   | Collecting mock\n[rosdep-ci/rosdep tests-2]   |   Downloading mock-3.0.5-py2.py3-none-any.whl (25 kB)\n[rosdep-ci/rosdep tests-2]   | Collecting coverage\n[rosdep-ci/rosdep tests-2]   |   Downloading coverage-5.5-cp27-cp27mu-manylinux2010_x86_64.whl (236 kB)\n[rosdep-ci/rosdep tests-2]   | Collecting requests>=2.7.9\n[rosdep-ci/rosdep tests-2]   |   Downloading requests-2.27.1-py2.py3-none-any.whl (63 kB)\n[rosdep-ci/rosdep tests-2]   | Collecting toml\n[rosdep-ci/rosdep tests-2]   |   Downloading toml-0.10.2-py2.py3-none-any.whl (16 kB)\n[rosdep-ci/rosdep tests-2]   | Collecting docutils\n[rosdep-ci/rosdep tests-2]   |   Downloading docutils-0.18.1-py2.py3-none-any.whl (570 kB)\n[rosdep-ci/rosdep tests-2]   | Collecting python-dateutil\n[rosdep-ci/rosdep tests-2]   |   Downloading python_dateutil-2.8.2-py2.py3-none-any.whl (247 kB)\n[rosdep-ci/rosdep tests-2]   | Collecting pyparsing\n[rosdep-ci/rosdep tests-2]   |   Downloading pyparsing-2.4.7-py2.py3-none-any.whl (67 kB)\n[rosdep-ci/rosdep tests-2]   | Collecting typing; python_version < \"3.5\"\n[rosdep-ci/rosdep tests-2]   |   Downloading typing-3.10.0.0-py2-none-any.whl (26 kB)\n[rosdep-ci/rosdep tests-2]   | Collecting configparser; python_version < \"3.2\"\n[rosdep-ci/rosdep tests-2]   |   Downloading configparser-4.0.2-py2.py3-none-any.whl (22 kB)\n[rosdep-ci/rosdep tests-2]   | Collecting functools32; python_version < \"3.2\"\n[rosdep-ci/rosdep tests-2]   |   Downloading functools32-3.2.3-2.tar.gz (31 kB)\n[rosdep-ci/rosdep tests-2]   | Collecting importlib-metadata; python_version < \"3.8\"\n[rosdep-ci/rosdep tests-2]   |   Downloading importlib_metadata-2.1.3-py2.py3-none-any.whl (10 kB)\n[rosdep-ci/rosdep tests-2]   | Collecting enum34; python_version < \"3.4\"\n[rosdep-ci/rosdep tests-2]   |   Downloading enum34-1.1.10-py2-none-any.whl (11 kB)\n[rosdep-ci/rosdep tests-2]   | Collecting pyflakes<2.4.0,>=2.3.0\n[rosdep-ci/rosdep tests-2]   |   Downloading pyflakes-2.3.1-py2.py3-none-any.whl (68 kB)\n[rosdep-ci/rosdep tests-2]   | Collecting mccabe<0.7.0,>=0.6.0\n[rosdep-ci/rosdep tests-2]   |   Downloading mccabe-0.6.1-py2.py3-none-any.whl (8.6 kB)\n[rosdep-ci/rosdep tests-2]   | Collecting pycodestyle<2.8.0,>=2.7.0\n[rosdep-ci/rosdep tests-2]   |   Downloading pycodestyle-2.7.0-py2.py3-none-any.whl (41 kB)\n[rosdep-ci/rosdep tests-2]   | Collecting pathlib2>=2.2.0; python_version < \"3.6\"\n[rosdep-ci/rosdep tests-2]   |   Downloading pathlib2-2.3.7.post1-py2.py3-none-any.whl (18 kB)\n[rosdep-ci/rosdep tests-2]   | Collecting pluggy<1.0,>=0.12\n[rosdep-ci/rosdep tests-2]   |   Downloading pluggy-0.13.1-py2.py3-none-any.whl (18 kB)\n[rosdep-ci/rosdep tests-2]   | Collecting packaging\n[rosdep-ci/rosdep tests-2]   |   Downloading packaging-20.9-py2.py3-none-any.whl (40 kB)\n[rosdep-ci/rosdep tests-2]   | Collecting wcwidth\n[rosdep-ci/rosdep tests-2]   |   Downloading wcwidth-0.2.6-py2.py3-none-any.whl (29 kB)\n[rosdep-ci/rosdep tests-2]   | Collecting six>=1.10.0\n[rosdep-ci/rosdep tests-2]   |   Downloading six-1.16.0-py2.py3-none-any.whl (11 kB)\n[rosdep-ci/rosdep tests-2]   | Collecting funcsigs>=1.0; python_version < \"3.0\"\n[rosdep-ci/rosdep tests-2]   |   Downloading funcsigs-1.0.2-py2.py3-none-any.whl (17 kB)\n[rosdep-ci/rosdep tests-2]   | Collecting atomicwrites>=1.0\n[rosdep-ci/rosdep tests-2]   |   Downloading atomicwrites-1.4.1.tar.gz (14 kB)\n[rosdep-ci/rosdep tests-2]   | Collecting attrs>=17.4.0\n[rosdep-ci/rosdep tests-2]   |   Downloading attrs-21.4.0-py2.py3-none-any.whl (60 kB)\n[rosdep-ci/rosdep tests-2]   | Collecting py>=1.5.0\n[rosdep-ci/rosdep tests-2]   |   Downloading py-1.11.0-py2.py3-none-any.whl (98 kB)\n[rosdep-ci/rosdep tests-2]   | Collecting more-itertools<6.0.0,>=4.0.0; python_version <= \"2.7\"\n[rosdep-ci/rosdep tests-2]   |   Downloading more_itertools-5.0.0-py2-none-any.whl (52 kB)\n[rosdep-ci/rosdep tests-2]   | Collecting certifi>=2017.4.17\n[rosdep-ci/rosdep tests-2]   |   Downloading certifi-2021.10.8-py2.py3-none-any.whl (149 kB)\n[rosdep-ci/rosdep tests-2]   | Collecting urllib3<1.27,>=1.21.1\n[rosdep-ci/rosdep tests-2]   |   Downloading urllib3-1.26.16-py2.py3-none-any.whl (143 kB)\n[rosdep-ci/rosdep tests-2]   | Collecting chardet<5,>=3.0.2; python_version < \"3\"\n[rosdep-ci/rosdep tests-2]   |   Downloading chardet-4.0.0-py2.py3-none-any.whl (178 kB)\n[rosdep-ci/rosdep tests-2]   | Collecting idna<3,>=2.5; python_version < \"3\"\n[rosdep-ci/rosdep tests-2]   |   Downloading idna-2.10-py2.py3-none-any.whl (58 kB)\n[rosdep-ci/rosdep tests-2]   | Collecting contextlib2; python_version < \"3\"\n[rosdep-ci/rosdep tests-2]   |   Downloading contextlib2-0.6.0.post1-py2.py3-none-any.whl (9.8 kB)\n[rosdep-ci/rosdep tests-2]   | Collecting zipp>=0.5\n[rosdep-ci/rosdep tests-2]   |   Downloading zipp-1.2.0-py2.py3-none-any.whl (4.8 kB)\n[rosdep-ci/rosdep tests-2]   | Collecting scandir; python_version < \"3.5\"\n[rosdep-ci/rosdep tests-2]   |   Downloading scandir-1.10.0.tar.gz (33 kB)\n[rosdep-ci/rosdep tests-2]   | Collecting backports.functools-lru-cache>=1.2.1; python_version < \"3.2\"\n[rosdep-ci/rosdep tests-2]   |   Downloading backports.functools_lru_cache-1.6.4-py2.py3-none-any.whl (5.9 kB)\n[rosdep-ci/rosdep tests-2]   | Using legacy 'setup.py install' for catkin-pkg, since package 'wheel' is not installed.\n[rosdep-ci/rosdep tests-2]   | Using legacy 'setup.py install' for rospkg, since package 'wheel' is not installed.\n[rosdep-ci/rosdep tests-2]   | Using legacy 'setup.py install' for rosdistro, since package 'wheel' is not installed.\n[rosdep-ci/rosdep tests-2]   | Using legacy 'setup.py install' for functools32, since package 'wheel' is not installed.\n[rosdep-ci/rosdep tests-2]   | Using legacy 'setup.py install' for atomicwrites, since package 'wheel' is not installed.\n[rosdep-ci/rosdep tests-2]   | Using legacy 'setup.py install' for scandir, since package 'wheel' is not installed.\n[rosdep-ci/rosdep tests-2]   | Installing collected packages: coverage, certifi, urllib3, chardet, idna, requests, codecov, toml, contextlib2, zipp, configparser, typing, scandir, six, pathlib2, importlib-metadata, pluggy, pyparsing, packaging, backports.functools-lru-cache, wcwidth, funcsigs, atomicwrites, attrs, py, more-itertools, pytest, pytest-cov, PyYAML, docutils, python-dateutil, catkin-pkg, rospkg, rosdistro, functools32, enum34, pyflakes, mccabe, pycodestyle, flake8, flake8-comprehensions, mock, rosdep\n[rosdep-ci/rosdep tests-2]   |     Running setup.py install for scandir: started\n[rosdep-ci/rosdep tests-2]   |     Running setup.py install for scandir: finished with status 'done'\n[rosdep-ci/rosdep tests-2]   |     Running setup.py install for atomicwrites: started\n[rosdep-ci/rosdep tests-2]   |     Running setup.py install for atomicwrites: finished with status 'done'\n[rosdep-ci/rosdep tests-2]   |     Running setup.py install for catkin-pkg: started\n[rosdep-ci/rosdep tests-2]   |     Running setup.py install for catkin-pkg: finished with status 'done'\n[rosdep-ci/rosdep tests-2]   |     Running setup.py install for rospkg: started\n[rosdep-ci/rosdep tests-2]   |     Running setup.py install for rospkg: finished with status 'done'\n[rosdep-ci/rosdep tests-2]   |     Running setup.py install for rosdistro: started\n[rosdep-ci/rosdep tests-2]   |     Running setup.py install for rosdistro: finished with status 'done'\n[rosdep-ci/rosdep tests-2]   |     Running setup.py install for functools32: started\n[rosdep-ci/rosdep tests-2]   |     Running setup.py install for functools32: finished with status 'done'\n[rosdep-ci/rosdep tests-2]   |   Running setup.py develop for rosdep\n[rosdep-ci/rosdep tests-2]   | Successfully installed PyYAML-5.4.1 atomicwrites-1.4.1 attrs-21.4.0 backports.functools-lru-cache-1.6.4 catkin-pkg-0.5.2 certifi-2021.10.8 chardet-4.0.0 codecov-2.1.13 configparser-4.0.2 contextlib2-0.6.0.post1 coverage-5.5 docutils-0.18.1 enum34-1.1.10 flake8-3.9.2 flake8-comprehensions-1.4.1 funcsigs-1.0.2 functools32-3.2.3.post2 idna-2.10 importlib-metadata-2.1.3 mccabe-0.6.1 mock-3.0.5 more-itertools-5.0.0 packaging-20.9 pathlib2-2.3.7.post1 pluggy-0.13.1 py-1.11.0 pycodestyle-2.7.0 pyflakes-2.3.1 pyparsing-2.4.7 pytest-4.6.11 pytest-cov-2.12.1 python-dateutil-2.8.2 requests-2.27.1 rosdep rosdistro-0.9.0 rospkg-1.5.0 scandir-1.10.0 six-1.16.0 toml-0.10.2 typing-3.10.0.0 urllib3-1.26.16 wcwidth-0.2.6 zipp-1.2.0\n[rosdep-ci/rosdep tests-2]   \u2705  Success - Main Install dependencies\n[rosdep-ci/rosdep tests-2] \u2b50 Run Main Run tests\n[rosdep-ci/rosdep tests-2]   \ud83d\udc33  docker exec cmd=[bash --noprofile --norc -e -o pipefail /var/run/act/workflow/3] user= workdir=\n[rosdep-ci/rosdep tests-2]   | ============================= test session starts ==============================\n[rosdep-ci/rosdep tests-2]   | platform linux2 -- Python 2.7.18, pytest-4.6.11, py-1.11.0, pluggy-0.13.1\n[rosdep-ci/rosdep tests-2]   | rootdir: /tmp/de65f406-fe28-11ed-a890-af2cc187fc11/ros-infrastructure-rosdep, inifile: setup.cfg\n[rosdep-ci/rosdep tests-2]   | plugins: cov-2.12.1\n[rosdep-ci/rosdep tests-2]   | collected 139 items\n[rosdep-ci/rosdep tests-2]   | \n[rosdep-ci/rosdep tests-2]   | test/test_flake8.py .                                                    [  0%]\n[rosdep-ci/rosdep tests-2]   | test/test_metadata.py ......                                             [  5%]\n[rosdep-ci/rosdep tests-2]   | test/test_rosdep.py .                                                    [  5%]\n[rosdep-ci/rosdep tests-2]   | test/test_rosdep_alpine.py ..                                            [  7%]\n[rosdep-ci/rosdep tests-2]   | test/test_rosdep_arch.py .                                               [  7%]\n[rosdep-ci/rosdep tests-2]   | test/test_rosdep_catkin_packages.py .                                    [  8%]\n[rosdep-ci/rosdep tests-2]   | test/test_rosdep_catkin_support.py .                                     [  9%]\n[rosdep-ci/rosdep tests-2]   | test/test_rosdep_core.py ...                                             [ 11%]\n[rosdep-ci/rosdep tests-2]   | test/test_rosdep_cygwin.py .                                             [ 12%]\n[rosdep-ci/rosdep tests-2]   | test/test_rosdep_debian.py ...                                           [ 14%]\n[rosdep-ci/rosdep tests-2]   | test/test_rosdep_dependency_graph.py .......                             [ 19%]\n[rosdep-ci/rosdep tests-2]   | test/test_rosdep_freebsd.py ..                                           [ 20%]\n[rosdep-ci/rosdep tests-2]   | test/test_rosdep_gbpdistro_support.py ......                             [ 25%]\n[rosdep-ci/rosdep tests-2]   | test/test_rosdep_gem.py ...                                              [ 27%]\n[rosdep-ci/rosdep tests-2]   | test/test_rosdep_gentoo.py ...                                           [ 29%]\n[rosdep-ci/rosdep tests-2]   | test/test_rosdep_installers.py ................                          [ 41%]\n[rosdep-ci/rosdep tests-2]   | test/test_rosdep_issue30.py .                                            [ 41%]\n[rosdep-ci/rosdep tests-2]   | test/test_rosdep_loader.py .                                             [ 42%]\n[rosdep-ci/rosdep tests-2]   | test/test_rosdep_lookup.py ..............                                [ 52%]\n[rosdep-ci/rosdep tests-2]   | test/test_rosdep_main.py ........                                        [ 58%]\n[rosdep-ci/rosdep tests-2]   | test/test_rosdep_model.py ...                                            [ 60%]\n[rosdep-ci/rosdep tests-2]   | test/test_rosdep_npm.py ...                                              [ 62%]\n[rosdep-ci/rosdep tests-2]   | test/test_rosdep_opensuse.py .                                           [ 63%]\n[rosdep-ci/rosdep tests-2]   | test/test_rosdep_osx.py ..                                               [ 64%]\n[rosdep-ci/rosdep tests-2]   | test/test_rosdep_pip.py ....                                             [ 67%]\n[rosdep-ci/rosdep tests-2]   | test/test_rosdep_redhat.py ......                                        [ 71%]\n[rosdep-ci/rosdep tests-2]   | test/test_rosdep_rep3.py ..                                              [ 73%]\n[rosdep-ci/rosdep tests-2]   | test/test_rosdep_rospkg_loader.py ...                                    [ 75%]\n[rosdep-ci/rosdep tests-2]   | test/test_rosdep_shell_utils.py ..                                       [ 76%]\n[rosdep-ci/rosdep tests-2]   | test/test_rosdep_slackware.py ....                                       [ 79%]\n[rosdep-ci/rosdep tests-2]   | test/test_rosdep_source.py ...........                                   [ 87%]\n[rosdep-ci/rosdep tests-1]   \ud83d\udc33  docker exec cmd=[chown -R 1012:1000 /tmp/de65f406-fe28-11ed-a890-af2cc187fc11/ros-infrastructure-rosdep] user=0 workdir=\n[rosdep-ci/rosdep tests-1]   \u2601  git clone 'https://github.com/actions/setup-python' # ref=v1\n[rosdep-ci/rosdep tests-1] \ud83e\uddea  Matrix: map[os:ubuntu-latest python:3.7]\n[rosdep-ci/rosdep tests-1] \u2b50 Run Main actions/checkout@v2\n[rosdep-ci/rosdep tests-1]   \u2705  Success - Main actions/checkout@v2\n[rosdep-ci/rosdep tests-1] \u2b50 Run Main Set up Python 3.7\n[rosdep-ci/rosdep tests-1]   \ud83d\udc33  docker cp src=/home/andre-silva/.cache/act/actions-setup-python@v1/ dst=/var/run/act/actions/actions-setup-python@v1/\n[rosdep-ci/rosdep tests-1]   \ud83d\udc33  docker exec cmd=[chown -R 1012:1000 /var/run/act/actions/actions-setup-python@v1/] user=0 workdir=\n[rosdep-ci/rosdep tests-1]   \ud83d\udc33  docker exec cmd=[node /var/run/act/actions/actions-setup-python@v1/dist/index.js] user= workdir=\n[rosdep-ci/rosdep tests-1]   \ud83d\udcac  ::debug::Semantic version spec of 3.7 is 3.7\n[rosdep-ci/rosdep tests-1]   \ud83d\udcac  ::debug::isExplicit: \n[rosdep-ci/rosdep tests-1]   \ud83d\udcac  ::debug::explicit? false\n[rosdep-ci/rosdep tests-1]   \ud83d\udcac  ::debug::isExplicit: 2.7.18\n[rosdep-ci/rosdep tests-1]   \ud83d\udcac  ::debug::explicit? true\n[rosdep-ci/rosdep tests-1]   \ud83d\udcac  ::debug::isExplicit: 3.5.10\n[rosdep-ci/rosdep tests-1]   \ud83d\udcac  ::debug::explicit? true\n[rosdep-ci/rosdep tests-1]   \ud83d\udcac  ::debug::isExplicit: 3.6.14\n[rosdep-ci/rosdep tests-1]   \ud83d\udcac  ::debug::explicit? true\n[rosdep-ci/rosdep tests-1]   \ud83d\udcac  ::debug::isExplicit: 3.7.11\n[rosdep-ci/rosdep tests-1]   \ud83d\udcac  ::debug::explicit? true\n[rosdep-ci/rosdep tests-1]   \ud83d\udcac  ::debug::isExplicit: 3.8.11\n[rosdep-ci/rosdep tests-1]   \ud83d\udcac  ::debug::explicit? true\n[rosdep-ci/rosdep tests-1]   \ud83d\udcac  ::debug::isExplicit: 3.9.6\n[rosdep-ci/rosdep tests-1]   \ud83d\udcac  ::debug::explicit? true\n[rosdep-ci/rosdep tests-1]   \ud83d\udcac  ::debug::evaluating 6 versions\n[rosdep-ci/rosdep tests-1]   \ud83d\udcac  ::debug::matched: 3.7.11\n[rosdep-ci/rosdep tests-1]   \ud83d\udcac  ::debug::checking cache: /opt/hostedtoolcache/Python/3.7.11/x64\n[rosdep-ci/rosdep tests-1]   \ud83d\udcac  ::debug::Found tool in cache Python 3.7.11 x64\n[rosdep-ci/rosdep tests-1]   | Successfully setup CPython (3.7.11)\n[rosdep-ci/rosdep tests-1]   \u2753 add-matcher /run/act/actions/actions-setup-python@v1/.github/python.json\n[rosdep-ci/rosdep tests-1]   \u2705  Success - Main Set up Python 3.7\n[rosdep-ci/rosdep tests-1]   \u2699  ::set-env:: pythonLocation=/opt/hostedtoolcache/Python/3.7.11/x64\n[rosdep-ci/rosdep tests-1]   \u2699  ::set-output:: python-version=3.7.11\n[rosdep-ci/rosdep tests-1]   \u2699  ::add-path:: /opt/hostedtoolcache/Python/3.7.11/x64\n[rosdep-ci/rosdep tests-1]   \u2699  ::add-path:: /opt/hostedtoolcache/Python/3.7.11/x64/bin\n[rosdep-ci/rosdep tests-1] \u2b50 Run Main Install dependencies\n[rosdep-ci/rosdep tests-1]   \ud83d\udc33  docker exec cmd=[bash --noprofile --norc -e -o pipefail /var/run/act/workflow/2] user= workdir=\n[rosdep-ci/rosdep tests-2]   | test/test_rosdep_sources_list.py .................                       [100%]\n[rosdep-ci/rosdep tests-2]   | \n[rosdep-ci/rosdep tests-2]   | ---------- coverage: platform linux2, python 2.7.18-final-0 ----------\n[rosdep-ci/rosdep tests-2]   | Name                                         Stmts   Miss  Cover\n[rosdep-ci/rosdep tests-2]   | ----------------------------------------------------------------\n[rosdep-ci/rosdep tests-2]   | src/rosdep2/__init__.py                         57     12    79%\n[rosdep-ci/rosdep tests-2]   | src/rosdep2/__main__.py                          3      3     0%\n[rosdep-ci/rosdep tests-2]   | src/rosdep2/_version.py                          1      0   100%\n[rosdep-ci/rosdep tests-2]   | src/rosdep2/ament_packages/__init__.py           6      0   100%\n[rosdep-ci/rosdep tests-2]   | src/rosdep2/ament_packages/constants.py          2      0   100%\n[rosdep-ci/rosdep tests-2]   | src/rosdep2/ament_packages/packages.py           4      0   100%\n[rosdep-ci/rosdep tests-2]   | src/rosdep2/ament_packages/resources.py         15      0   100%\n[rosdep-ci/rosdep tests-2]   | src/rosdep2/ament_packages/search_paths.py       8      1    88%\n[rosdep-ci/rosdep tests-2]   | src/rosdep2/cache_tools.py                      49     15    69%\n[rosdep-ci/rosdep tests-2]   | src/rosdep2/catkin_packages.py                  37     12    68%\n[rosdep-ci/rosdep tests-2]   | src/rosdep2/catkin_support.py                   58     31    47%\n[rosdep-ci/rosdep tests-2]   | src/rosdep2/core.py                             38      6    84%\n[rosdep-ci/rosdep tests-2]   | src/rosdep2/dependency_graph.py                 48      0   100%\n[rosdep-ci/rosdep tests-2]   | src/rosdep2/gbpdistro_support.py               106      9    92%\n[rosdep-ci/rosdep tests-2]   | src/rosdep2/install.py                          23     23     0%\n[rosdep-ci/rosdep tests-2]   | src/rosdep2/installers.py                      244     53    78%\n[rosdep-ci/rosdep tests-2]   | src/rosdep2/loader.py                           20      4    80%\n[rosdep-ci/rosdep tests-2]   | src/rosdep2/lookup.py                          279     33    88%\n[rosdep-ci/rosdep tests-2]   | src/rosdep2/main.py                            577    302    48%\n[rosdep-ci/rosdep tests-2]   | src/rosdep2/meta.py                             51      2    96%\n[rosdep-ci/rosdep tests-2]   | src/rosdep2/model.py                            30      1    97%\n[rosdep-ci/rosdep tests-2]   | src/rosdep2/platforms/__init__.py                0      0   100%\n[rosdep-ci/rosdep tests-2]   | src/rosdep2/platforms/alpine.py                 47      0   100%\n[rosdep-ci/rosdep tests-2]   | src/rosdep2/platforms/arch.py                   40      5    88%\n[rosdep-ci/rosdep tests-2]   | src/rosdep2/platforms/cygwin.py                 29      4    86%\n[rosdep-ci/rosdep tests-2]   | src/rosdep2/platforms/debian.py                174     37    79%\n[rosdep-ci/rosdep tests-2]   | src/rosdep2/platforms/freebsd.py                29      2    93%\n[rosdep-ci/rosdep tests-2]   | src/rosdep2/platforms/gem.py                    39      6    85%\n[rosdep-ci/rosdep tests-2]   | src/rosdep2/platforms/gentoo.py                 37     18    51%\n[rosdep-ci/rosdep tests-2]   | src/rosdep2/platforms/nix.py                    18      3    83%\n[rosdep-ci/rosdep tests-2]   | src/rosdep2/platforms/npm.py                    44      9    80%\n[rosdep-ci/rosdep tests-2]   | src/rosdep2/platforms/openembedded.py           23      5    78%\n[rosdep-ci/rosdep tests-2]   | src/rosdep2/platforms/opensuse.py               29      5    83%\n[rosdep-ci/rosdep tests-2]   | src/rosdep2/platforms/osx.py                   181     95    48%\n[rosdep-ci/rosdep tests-2]   | src/rosdep2/platforms/pip.py                    75     27    64%\n[rosdep-ci/rosdep tests-2]   | src/rosdep2/platforms/redhat.py                142     33    77%\n[rosdep-ci/rosdep tests-2]   | src/rosdep2/platforms/slackware.py              57     24    58%\n[rosdep-ci/rosdep tests-2]   | src/rosdep2/platforms/source.py                177     18    90%\n[rosdep-ci/rosdep tests-2]   | src/rosdep2/rep3.py                             25      0   100%\n[rosdep-ci/rosdep tests-2]   | src/rosdep2/rosdistrohelper.py                  36      1    97%\n[rosdep-ci/rosdep tests-2]   | src/rosdep2/rospack.py                          34     13    62%\n[rosdep-ci/rosdep tests-2]   | src/rosdep2/rospkg_loader.py                    72      4    94%\n[rosdep-ci/rosdep tests-2]   | src/rosdep2/shell_utils.py                      45      3    93%\n[rosdep-ci/rosdep tests-2]   | src/rosdep2/sources_list.py                    325     62    81%\n[rosdep-ci/rosdep tests-2]   | src/rosdep2/url_utils.py                        20      3    85%\n[rosdep-ci/rosdep tests-2]   | ----------------------------------------------------------------\n[rosdep-ci/rosdep tests-2]   | TOTAL                                         3354    884    74%\n[rosdep-ci/rosdep tests-2]   | \n[rosdep-ci/rosdep tests-2]   | \n[rosdep-ci/rosdep tests-2]   | ========================= 139 passed in 95.10 seconds ==========================\n[rosdep-ci/rosdep tests-2]   \u2705  Success - Main Run tests\n[rosdep-ci/rosdep tests-2] \u2b50 Run Main Check coverage\n[rosdep-ci/rosdep tests-2]   \ud83d\udc33  docker exec cmd=[bash --noprofile --norc -e -o pipefail /var/run/act/workflow/4] user= workdir=\n[rosdep-ci/rosdep tests-1]   | Obtaining file:///tmp/de65f406-fe28-11ed-a890-af2cc187fc11/ros-infrastructure-rosdep\n[rosdep-ci/rosdep tests-1]   | Collecting codecov\n[rosdep-ci/rosdep tests-1]   |   Downloading codecov-2.1.13-py2.py3-none-any.whl (16 kB)\n[rosdep-ci/rosdep tests-1]   | Collecting pytest-cov\n[rosdep-ci/rosdep tests-1]   |   Downloading pytest_cov-4.1.0-py3-none-any.whl (21 kB)\n[rosdep-ci/rosdep tests-1]   | Collecting requests>=2.7.9\n[rosdep-ci/rosdep tests-1]   |   Downloading requests-2.31.0-py3-none-any.whl (62 kB)\n[rosdep-ci/rosdep tests-1]   | Collecting coverage\n[rosdep-ci/rosdep tests-1]   |   Downloading coverage-7.2.6-cp37-cp37m-manylinux_2_5_x86_64.manylinux1_x86_64.manylinux_2_17_x86_64.manylinux2014_x86_64.whl (225 kB)\n[rosdep-ci/rosdep tests-1]   | Collecting pytest>=4.6\n[rosdep-ci/rosdep tests-1]   |   Downloading pytest-7.3.1-py3-none-any.whl (320 kB)\n[rosdep-ci/rosdep tests-1]   | Collecting PyYAML>=3.1\n[rosdep-ci/rosdep tests-1]   |   Downloading PyYAML-6.0-cp37-cp37m-manylinux_2_5_x86_64.manylinux1_x86_64.manylinux_2_12_x86_64.manylinux2010_x86_64.whl (596 kB)\n[rosdep-ci/rosdep tests-1]   | Requirement already satisfied: setuptools in /opt/hostedtoolcache/Python/3.7.11/x64/lib/python3.7/site-packages (from rosdep==0.22.2) (47.1.0)\n[rosdep-ci/rosdep tests-1]   | Collecting catkin_pkg>=0.4.0\n[rosdep-ci/rosdep tests-1]   |   Downloading catkin_pkg-0.5.2-py3-none-any.whl (76 kB)\n[rosdep-ci/rosdep tests-1]   | Collecting rospkg>=1.4.0\n[rosdep-ci/rosdep tests-1]   |   Downloading rospkg-1.5.0-py3-none-any.whl (36 kB)\n[rosdep-ci/rosdep tests-1]   | Collecting rosdistro>=0.7.5\n[rosdep-ci/rosdep tests-1]   |   Downloading rosdistro-0.9.0-py3-none-any.whl (92 kB)\n[rosdep-ci/rosdep tests-1]   | Collecting flake8<6\n[rosdep-ci/rosdep tests-1]   |   Downloading flake8-5.0.4-py2.py3-none-any.whl (61 kB)\n[rosdep-ci/rosdep tests-1]   | Collecting flake8-comprehensions\n[rosdep-ci/rosdep tests-1]   |   Downloading flake8_comprehensions-3.12.0-py3-none-any.whl (8.1 kB)\n[rosdep-ci/rosdep tests-1]   | Collecting docutils\n[rosdep-ci/rosdep tests-1]   |   Downloading docutils-0.20.1-py3-none-any.whl (572 kB)\n[rosdep-ci/rosdep tests-1]   | Collecting python-dateutil\n[rosdep-ci/rosdep tests-1]   |   Downloading python_dateutil-2.8.2-py2.py3-none-any.whl (247 kB)\n[rosdep-ci/rosdep tests-1]   | Collecting pyparsing\n[rosdep-ci/rosdep tests-1]   |   Downloading pyparsing-3.0.9-py3-none-any.whl (98 kB)\n[rosdep-ci/rosdep tests-1]   | Collecting tomli\n[rosdep-ci/rosdep tests-1]   |   Downloading tomli-2.0.1-py3-none-any.whl (12 kB)\n[rosdep-ci/rosdep tests-1]   | Collecting importlib-metadata<4.3,>=1.1.0\n[rosdep-ci/rosdep tests-1]   |   Downloading importlib_metadata-4.2.0-py3-none-any.whl (16 kB)\n[rosdep-ci/rosdep tests-1]   | Collecting pyflakes<2.6.0,>=2.5.0\n[rosdep-ci/rosdep tests-1]   |   Downloading pyflakes-2.5.0-py2.py3-none-any.whl (66 kB)\n[rosdep-ci/rosdep tests-1]   | Collecting pycodestyle<2.10.0,>=2.9.0\n[rosdep-ci/rosdep tests-1]   |   Downloading pycodestyle-2.9.1-py2.py3-none-any.whl (41 kB)\n[rosdep-ci/rosdep tests-1]   | Collecting mccabe<0.8.0,>=0.7.0\n[rosdep-ci/rosdep tests-1]   |   Downloading mccabe-0.7.0-py2.py3-none-any.whl (7.3 kB)\n[rosdep-ci/rosdep tests-1]   | Collecting typing-extensions>=3.6.4\n[rosdep-ci/rosdep tests-1]   |   Downloading typing_extensions-4.6.2-py3-none-any.whl (31 kB)\n[rosdep-ci/rosdep tests-1]   | Collecting zipp>=0.5\n[rosdep-ci/rosdep tests-1]   |   Downloading zipp-3.15.0-py3-none-any.whl (6.8 kB)\n[rosdep-ci/rosdep tests-1]   | Collecting exceptiongroup>=1.0.0rc8\n[rosdep-ci/rosdep tests-1]   |   Downloading exceptiongroup-1.1.1-py3-none-any.whl (14 kB)\n[rosdep-ci/rosdep tests-1]   | Collecting iniconfig\n[rosdep-ci/rosdep tests-1]   |   Downloading iniconfig-2.0.0-py3-none-any.whl (5.9 kB)\n[rosdep-ci/rosdep tests-1]   | Collecting packaging\n[rosdep-ci/rosdep tests-1]   |   Downloading packaging-23.1-py3-none-any.whl (48 kB)\n[rosdep-ci/rosdep tests-1]   | Collecting pluggy<2.0,>=0.12\n[rosdep-ci/rosdep tests-1]   |   Downloading pluggy-1.0.0-py2.py3-none-any.whl (13 kB)\n[rosdep-ci/rosdep tests-1]   | Collecting charset-normalizer<4,>=2\n[rosdep-ci/rosdep tests-1]   |   Downloading charset_normalizer-3.1.0-cp37-cp37m-manylinux_2_17_x86_64.manylinux2014_x86_64.whl (171 kB)\n[rosdep-ci/rosdep tests-1]   | Collecting idna<4,>=2.5\n[rosdep-ci/rosdep tests-1]   |   Downloading idna-3.4-py3-none-any.whl (61 kB)\n[rosdep-ci/rosdep tests-1]   | Collecting urllib3<3,>=1.21.1\n[rosdep-ci/rosdep tests-1]   |   Downloading urllib3-2.0.2-py3-none-any.whl (123 kB)\n[rosdep-ci/rosdep tests-1]   | Collecting certifi>=2017.4.17\n[rosdep-ci/rosdep tests-1]   |   Downloading certifi-2023.5.7-py3-none-any.whl (156 kB)\n[rosdep-ci/rosdep tests-1]   | Collecting six>=1.5\n[rosdep-ci/rosdep tests-1]   |   Downloading six-1.16.0-py2.py3-none-any.whl (11 kB)\n[rosdep-ci/rosdep tests-1]   | Installing collected packages: six, python-dateutil, pyparsing, docutils, zipp, typing-extensions, PyYAML, catkin-pkg, rospkg, pyflakes, pycodestyle, mccabe, importlib-metadata, urllib3, tomli, rosdistro, pluggy, packaging, iniconfig, idna, flake8, exceptiongroup, coverage, charset-normalizer, certifi, rosdep, requests, pytest, flake8-comprehensions, pytest-cov, codecov\n[rosdep-ci/rosdep tests-1]   |   Running setup.py develop for rosdep\n[rosdep-ci/rosdep tests-1]   | Successfully installed PyYAML-6.0 catkin-pkg-0.5.2 certifi-2023.5.7 charset-normalizer-3.1.0 codecov-2.1.13 coverage-7.2.6 docutils-0.20.1 exceptiongroup-1.1.1 flake8-5.0.4 flake8-comprehensions-3.12.0 idna-3.4 importlib-metadata-4.2.0 iniconfig-2.0.0 mccabe-0.7.0 packaging-23.1 pluggy-1.0.0 pycodestyle-2.9.1 pyflakes-2.5.0 pyparsing-3.0.9 pytest-7.3.1 pytest-cov-4.1.0 python-dateutil-2.8.2 requests-2.31.0 rosdep-0.22.2 rosdistro-0.9.0 rospkg-1.5.0 six-1.16.0 tomli-2.0.1 typing-extensions-4.6.2 urllib3-2.0.2 zipp-3.15.0\n[rosdep-ci/rosdep tests-1]   | WARNING: You are using pip version 21.2.4; however, version 23.1.2 is available.\n[rosdep-ci/rosdep tests-1]   | You should consider upgrading via the '/opt/hostedtoolcache/Python/3.7.11/x64/bin/python -m pip install --upgrade pip' command.\n[rosdep-ci/rosdep tests-1]   \u2705  Success - Main Install dependencies\n[rosdep-ci/rosdep tests-1] \u2b50 Run Main Run tests\n[rosdep-ci/rosdep tests-1]   \ud83d\udc33  docker exec cmd=[bash --noprofile --norc -e -o pipefail /var/run/act/workflow/3] user= workdir=\n[rosdep-ci/rosdep tests-1]   | ============================= test session starts ==============================\n[rosdep-ci/rosdep tests-1]   | platform linux -- Python 3.7.11, pytest-7.3.1, pluggy-1.0.0\n[rosdep-ci/rosdep tests-1]   | rootdir: /tmp/de65f406-fe28-11ed-a890-af2cc187fc11/ros-infrastructure-rosdep\n[rosdep-ci/rosdep tests-1]   | configfile: setup.cfg\n[rosdep-ci/rosdep tests-1]   | plugins: cov-4.1.0\n[rosdep-ci/rosdep tests-1]   | collected 139 items\n[rosdep-ci/rosdep tests-1]   | \n[rosdep-ci/rosdep tests-1]   | test/test_flake8.py F                                                    [  0%]\n[rosdep-ci/rosdep tests-1]   | test/test_metadata.py ......                                             [  5%]\n[rosdep-ci/rosdep tests-1]   | test/test_rosdep.py .                                                    [  5%]\n[rosdep-ci/rosdep tests-1]   | test/test_rosdep_alpine.py ..                                            [  7%]\n[rosdep-ci/rosdep tests-1]   | test/test_rosdep_arch.py .                                               [  7%]\n[rosdep-ci/rosdep tests-1]   | test/test_rosdep_catkin_packages.py .                                    [  8%]\n[rosdep-ci/rosdep tests-1]   | test/test_rosdep_catkin_support.py .                                     [  9%]\n[rosdep-ci/rosdep tests-1]   | test/test_rosdep_core.py ...                                             [ 11%]\n[rosdep-ci/rosdep tests-1]   | test/test_rosdep_cygwin.py .                                             [ 12%]\n[rosdep-ci/rosdep tests-1]   | test/test_rosdep_debian.py ...                                           [ 14%]\n[rosdep-ci/rosdep tests-1]   | test/test_rosdep_dependency_graph.py .......                             [ 19%]\n[rosdep-ci/rosdep tests-1]   | test/test_rosdep_freebsd.py ..                                           [ 20%]\n[rosdep-ci/rosdep tests-1]   | test/test_rosdep_gbpdistro_support.py ......                             [ 25%]\n[rosdep-ci/rosdep tests-1]   | test/test_rosdep_gem.py ...                                              [ 27%]\n[rosdep-ci/rosdep tests-1]   | test/test_rosdep_gentoo.py ...                                           [ 29%]\n[rosdep-ci/rosdep tests-1]   | test/test_rosdep_installers.py ................                          [ 41%]\n[rosdep-ci/rosdep tests-1]   | test/test_rosdep_issue30.py .                                            [ 41%]\n[rosdep-ci/rosdep tests-1]   | test/test_rosdep_loader.py .                                             [ 42%]\n[rosdep-ci/rosdep tests-2]   | \n[rosdep-ci/rosdep tests-2]   |       _____          _\n[rosdep-ci/rosdep tests-2]   |      / ____|        | |\n[rosdep-ci/rosdep tests-2]   |     | |     ___   __| | ___  ___ _____   __\n[rosdep-ci/rosdep tests-2]   |     | |    / _ \\ / _  |/ _ \\/ __/ _ \\ \\ / /\n[rosdep-ci/rosdep tests-2]   |     | |___| (_) | (_| |  __/ (_| (_) \\ V /\n[rosdep-ci/rosdep tests-2]   |      \\_____\\___/ \\____|\\___|\\___\\___/ \\_/\n[rosdep-ci/rosdep tests-2]   |                                     v2.1.13\n[rosdep-ci/rosdep tests-2]   | \n[rosdep-ci/rosdep tests-2]   | \u001b[90m==>\u001b[0m Detecting CI provider\n[rosdep-ci/rosdep tests-2]   |     GitHub Actions CI Detected\n[rosdep-ci/rosdep tests-2]   | \u001b[90m==>\u001b[0m Preparing upload\n[rosdep-ci/rosdep tests-2]   | \u001b[90m==>\u001b[0m Processing gcov (disable by -X gcov)\n[rosdep-ci/rosdep tests-2]   | \u001b[90m==>\u001b[0m Collecting reports\n[rosdep-ci/rosdep tests-2]   |     Generating coverage xml reports for Python\n[rosdep-ci/rosdep tests-2]   |     \u001b[32m+\u001b[0m /tmp/de65f406-fe28-11ed-a890-af2cc187fc11/ros-infrastructure-rosdep/coverage.xml bytes=128239\n[rosdep-ci/rosdep tests-2]   | \u001b[90m==>\u001b[0m Uploading\n[rosdep-ci/rosdep tests-2]   |     .url https://codecov.io\n[rosdep-ci/rosdep tests-2]   |     .query service=github-actions&package=py2.1.13&build_url=http%3A%2F%2Fgithub.com%2Fros-infrastructure%2Frosdep%2Factions%2Fruns%2F1&build=1&branch=0.22.2&commit=05b49e4d588a4f36f222a02c7e492b46002dca86&slug=ros-infrastructure%2Frosdep\n[rosdep-ci/rosdep tests-2]   |     Gzipping contents..\n[rosdep-ci/rosdep tests-2]   |     Compressed contents to 9651 bytes\n[rosdep-ci/rosdep tests-2]   |     Pinging Codecov...\n[rosdep-ci/rosdep tests-2]   |     Retrying 1/5 in 2s..\n[rosdep-ci/rosdep tests-2]   |     Retrying 2/5 in 2s..\n[rosdep-ci/rosdep tests-2]   |     Retrying 3/5 in 2s..\n[rosdep-ci/rosdep tests-2]   |     Retrying 4/5 in 2s..\n[rosdep-ci/rosdep tests-2]   |     Retrying 5/5 in 2s..\n[rosdep-ci/rosdep tests-2]   |     Direct to s3 failed. Using backup v2 endpoint.\n[rosdep-ci/rosdep tests-2]   |     Uploading to Codecov...\n[rosdep-ci/rosdep tests-2]   |     Retrying 1/5 in 2s..\n[rosdep-ci/rosdep tests-2]   |     Retrying 2/5 in 2s..\n[rosdep-ci/rosdep tests-2]   |     Retrying 3/5 in 2s..\n[rosdep-ci/rosdep tests-2]   |     Retrying 4/5 in 2s..\n[rosdep-ci/rosdep tests-2]   |     Retrying 5/5 in 2s..\n[rosdep-ci/rosdep tests-2]   |     {'detail': ErrorDetail(string='Unable to locate build via Github Actions API. Please upload with the Codecov repository upload token to resolve issue.', code='not_found')}\n[rosdep-ci/rosdep tests-2]   | \u001b[41mError:\u001b[0m\u001b[91m 404 Client Error: Not Found for url: https://codecov.io/upload/v2?service=github-actions&package=py2.1.13&build_url=http%3A%2F%2Fgithub.com%2Fros-infrastructure%2Frosdep%2Factions%2Fruns%2F1&build=1&branch=0.22.2&commit=05b49e4d588a4f36f222a02c7e492b46002dca86&slug=ros-infrastructure%2Frosdep\u001b[0m\n[rosdep-ci/rosdep tests-2]   | \u001b[42mTip:\u001b[0m\u001b[32m See all example repositories: https://github.com/codecov?query=example\u001b[0m\n[rosdep-ci/rosdep tests-2]   \u2705  Success - Main Check coverage\n[rosdep-ci/rosdep tests-1]   | test/test_rosdep_lookup.py ..............                                [ 52%]\n[rosdep-ci/rosdep tests-2] \ud83c\udfc1  Job succeeded\n[rosdep-ci/rosdep tests-1]   | test/test_rosdep_main.py ........                                        [ 58%]\n[rosdep-ci/rosdep tests-1]   | test/test_rosdep_model.py ...                                            [ 60%]\n[rosdep-ci/rosdep tests-1]   | test/test_rosdep_npm.py ...                                              [ 62%]\n[rosdep-ci/rosdep tests-1]   | test/test_rosdep_opensuse.py .                                           [ 63%]\n[rosdep-ci/rosdep tests-1]   | test/test_rosdep_osx.py ..                                               [ 64%]\n[rosdep-ci/rosdep tests-1]   | test/test_rosdep_pip.py ....                                             [ 67%]\n[rosdep-ci/rosdep tests-1]   | test/test_rosdep_redhat.py ......                                        [ 71%]\n[rosdep-ci/rosdep tests-1]   | test/test_rosdep_rep3.py ..                                              [ 73%]\n[rosdep-ci/rosdep tests-1]   | test/test_rosdep_rospkg_loader.py ...                                    [ 75%]\n[rosdep-ci/rosdep tests-1]   | test/test_rosdep_shell_utils.py ..                                       [ 76%]\n[rosdep-ci/rosdep tests-1]   | test/test_rosdep_slackware.py ....                                       [ 79%]\n[rosdep-ci/rosdep tests-1]   | test/test_rosdep_source.py ...........                                   [ 87%]\n[rosdep-ci/rosdep tests-1]   | test/test_rosdep_sources_list.py .................                       [100%]\n[rosdep-ci/rosdep tests-1]   | \n[rosdep-ci/rosdep tests-1]   | =================================== FAILURES ===================================\n[rosdep-ci/rosdep tests-1]   | _________________________________ test_flake8 __________________________________\n[rosdep-ci/rosdep tests-1]   | \n[rosdep-ci/rosdep tests-1]   |     @pytest.mark.flake8\n[rosdep-ci/rosdep tests-1]   |     @pytest.mark.linter\n[rosdep-ci/rosdep tests-1]   |     def test_flake8():\n[rosdep-ci/rosdep tests-1]   |         style_guide = get_style_guide(\n[rosdep-ci/rosdep tests-1]   |             exclude=['conf.py'],\n[rosdep-ci/rosdep tests-1]   |             ignore=[\n[rosdep-ci/rosdep tests-1]   |                 'C402',  # ignore presence of unnecessary generators\n[rosdep-ci/rosdep tests-1]   |                 'C405',  # ignore presence of unnecessary literals\n[rosdep-ci/rosdep tests-1]   |                 'C407',  # ignore presence of unnecessary comprehensions\n[rosdep-ci/rosdep tests-1]   |                 'C408',  # ignore presence of unnecessary tuple/list/dict\n[rosdep-ci/rosdep tests-1]   |                 'D',  # ignore documentation related warnings\n[rosdep-ci/rosdep tests-1]   |                 'F401',  # ignore presence of unused imports\n[rosdep-ci/rosdep tests-1]   |                 'F841',  # ignore presence of unused variables\n[rosdep-ci/rosdep tests-1]   |                 'I',  # ignore import order related warnings\n[rosdep-ci/rosdep tests-1]   |                 'N802',  # ignore presence of upper case in function names\n[rosdep-ci/rosdep tests-1]   |                 'W504',  # ignore line breaks after binary operator (new rule added in 2018)\n[rosdep-ci/rosdep tests-1]   |             ],\n[rosdep-ci/rosdep tests-1]   |             max_line_length=200,\n[rosdep-ci/rosdep tests-1]   |             max_complexity=10,\n[rosdep-ci/rosdep tests-1]   |             show_source=True,\n[rosdep-ci/rosdep tests-1]   |         )\n[rosdep-ci/rosdep tests-1]   |     \n[rosdep-ci/rosdep tests-1]   |         stdout = sys.stdout\n[rosdep-ci/rosdep tests-1]   |         sys.stdout = sys.stderr\n[rosdep-ci/rosdep tests-1]   |         # implicitly calls report_errors()\n[rosdep-ci/rosdep tests-1]   |         report = style_guide.check_files([\n[rosdep-ci/rosdep tests-1]   |             os.path.dirname(os.path.dirname(__file__)),\n[rosdep-ci/rosdep tests-1]   |         ])\n[rosdep-ci/rosdep tests-1]   |         sys.stdout = stdout\n[rosdep-ci/rosdep tests-1]   |     \n[rosdep-ci/rosdep tests-1]   |         if report.total_errors:\n[rosdep-ci/rosdep tests-1]   |             # output summary with per-category counts\n[rosdep-ci/rosdep tests-1]   |             print()\n[rosdep-ci/rosdep tests-1]   |             report._application.formatter.show_statistics(report._stats)\n[rosdep-ci/rosdep tests-1]   |             print(\n[rosdep-ci/rosdep tests-1]   |                 'flake8 reported {report.total_errors} errors'\n[rosdep-ci/rosdep tests-1]   |                 .format(**locals()), file=sys.stderr)\n[rosdep-ci/rosdep tests-1]   |     \n[rosdep-ci/rosdep tests-1]   | >       assert not report.total_errors, \\\n[rosdep-ci/rosdep tests-1]   |             'flake8 reported {report.total_errors} errors'.format(**locals())\n[rosdep-ci/rosdep tests-1]   | E       AssertionError: flake8 reported 4 errors\n[rosdep-ci/rosdep tests-1]   | E       assert not 4\n[rosdep-ci/rosdep tests-1]   | E        +  where 4 = <flake8.api.legacy.Report object at 0x7f57f1e9a990>.total_errors\n[rosdep-ci/rosdep tests-1]   | \n[rosdep-ci/rosdep tests-1]   | test/test_flake8.py:62: AssertionError\n[rosdep-ci/rosdep tests-1]   | ----------------------------- Captured stdout call -----------------------------\n[rosdep-ci/rosdep tests-1]   | \n[rosdep-ci/rosdep tests-1]   | 4     C419 Unnecessary list comprehension passed to all() prevents short-circuiting - rewrite as a generator.\n[rosdep-ci/rosdep tests-1]   | ----------------------------- Captured stderr call -----------------------------\n[rosdep-ci/rosdep tests-1]   | /tmp/de65f406-fe28-11ed-a890-af2cc187fc11/ros-infrastructure-rosdep/test/test_rosdep_sources_list.py:437:16: C419 Unnecessary list comprehension passed to any() prevents short-circuiting - rewrite as a generator.\n[rosdep-ci/rosdep tests-1]   |     assert not any([s for s in loader.sources if not matcher.matches(s)])\n[rosdep-ci/rosdep tests-1]   |                ^\n[rosdep-ci/rosdep tests-1]   | /tmp/de65f406-fe28-11ed-a890-af2cc187fc11/ros-infrastructure-rosdep/test/test_rosdep_sources_list.py:448:16: C419 Unnecessary list comprehension passed to any() prevents short-circuiting - rewrite as a generator.\n[rosdep-ci/rosdep tests-1]   |     assert not any([s for s in loader2.sources if not matcher2.matches(s)])\n[rosdep-ci/rosdep tests-1]   |                ^\n[rosdep-ci/rosdep tests-1]   | /tmp/de65f406-fe28-11ed-a890-af2cc187fc11/ros-infrastructure-rosdep/src/rosdep2/sources_list.py:640:16: C419 Unnecessary list comprehension passed to any() prevents short-circuiting - rewrite as a generator.\n[rosdep-ci/rosdep tests-1]   |             if any([x for x in self.sources if view_name == x.url]):\n[rosdep-ci/rosdep tests-1]   |                ^\n[rosdep-ci/rosdep tests-1]   | /tmp/de65f406-fe28-11ed-a890-af2cc187fc11/ros-infrastructure-rosdep/src/rosdep2/platforms/osx.py:306:25: C419 Unnecessary list comprehension passed to all() prevents short-circuiting - rewrite as a generator.\n[rosdep-ci/rosdep tests-1]   |                 valid = all([isinstance(x, _basestring) for option in options for x in option])\n[rosdep-ci/rosdep tests-1]   |                         ^\n[rosdep-ci/rosdep tests-1]   | flake8 reported 4 errors\n[rosdep-ci/rosdep tests-1]   | =============================== warnings summary ===============================\n[rosdep-ci/rosdep tests-1]   | ../../../opt/hostedtoolcache/Python/3.7.11/x64/lib/python3.7/site-packages/rospkg/os_detect.py:144: 10 warnings\n[rosdep-ci/rosdep tests-1]   |   /opt/hostedtoolcache/Python/3.7.11/x64/lib/python3.7/site-packages/rospkg/os_detect.py:144: DeprecationWarning: dist() and linux_distribution() functions are deprecated in Python 3.5\n[rosdep-ci/rosdep tests-1]   |     self.lsb_info = distro.linux_distribution(full_distribution_name=0)\n[rosdep-ci/rosdep tests-1]   | \n[rosdep-ci/rosdep tests-1]   | -- Docs: https://docs.pytest.org/en/stable/how-to/capture-warnings.html\n[rosdep-ci/rosdep tests-1]   | \n[rosdep-ci/rosdep tests-1]   | ---------- coverage: platform linux, python 3.7.11-final-0 -----------\n[rosdep-ci/rosdep tests-1]   | Name                                         Stmts   Miss  Cover\n[rosdep-ci/rosdep tests-1]   | ----------------------------------------------------------------\n[rosdep-ci/rosdep tests-1]   | src/rosdep2/__init__.py                         57     12    79%\n[rosdep-ci/rosdep tests-1]   | src/rosdep2/__main__.py                          3      3     0%\n[rosdep-ci/rosdep tests-1]   | src/rosdep2/_version.py                          1      0   100%\n[rosdep-ci/rosdep tests-1]   | src/rosdep2/ament_packages/__init__.py           6      0   100%\n[rosdep-ci/rosdep tests-1]   | src/rosdep2/ament_packages/constants.py          2      0   100%\n[rosdep-ci/rosdep tests-1]   | src/rosdep2/ament_packages/packages.py           4      0   100%\n[rosdep-ci/rosdep tests-1]   | src/rosdep2/ament_packages/resources.py         15      0   100%\n[rosdep-ci/rosdep tests-1]   | src/rosdep2/ament_packages/search_paths.py       8      1    88%\n[rosdep-ci/rosdep tests-1]   | src/rosdep2/cache_tools.py                      49     13    73%\n[rosdep-ci/rosdep tests-1]   | src/rosdep2/catkin_packages.py                  37     12    68%\n[rosdep-ci/rosdep tests-1]   | src/rosdep2/catkin_support.py                   58     31    47%\n[rosdep-ci/rosdep tests-1]   | src/rosdep2/core.py                             38      6    84%\n[rosdep-ci/rosdep tests-1]   | src/rosdep2/dependency_graph.py                 48      0   100%\n[rosdep-ci/rosdep tests-1]   | src/rosdep2/gbpdistro_support.py               106      5    95%\n[rosdep-ci/rosdep tests-1]   | src/rosdep2/install.py                          23     23     0%\n[rosdep-ci/rosdep tests-1]   | src/rosdep2/installers.py                      244     53    78%\n[rosdep-ci/rosdep tests-1]   | src/rosdep2/loader.py                           20      4    80%\n[rosdep-ci/rosdep tests-1]   | src/rosdep2/lookup.py                          279     33    88%\n[rosdep-ci/rosdep tests-1]   | src/rosdep2/main.py                            577    304    47%\n[rosdep-ci/rosdep tests-1]   | src/rosdep2/meta.py                             51      2    96%\n[rosdep-ci/rosdep tests-1]   | src/rosdep2/model.py                            30      1    97%\n[rosdep-ci/rosdep tests-1]   | src/rosdep2/platforms/__init__.py                0      0   100%\n[rosdep-ci/rosdep tests-1]   | src/rosdep2/platforms/alpine.py                 47      0   100%\n[rosdep-ci/rosdep tests-1]   | src/rosdep2/platforms/arch.py                   40      5    88%\n[rosdep-ci/rosdep tests-1]   | src/rosdep2/platforms/cygwin.py                 29      4    86%\n[rosdep-ci/rosdep tests-1]   | src/rosdep2/platforms/debian.py                174     37    79%\n[rosdep-ci/rosdep tests-1]   | src/rosdep2/platforms/freebsd.py                29      2    93%\n[rosdep-ci/rosdep tests-1]   | src/rosdep2/platforms/gem.py                    39      6    85%\n[rosdep-ci/rosdep tests-1]   | src/rosdep2/platforms/gentoo.py                 37     18    51%\n[rosdep-ci/rosdep tests-1]   | src/rosdep2/platforms/nix.py                    18      3    83%\n[rosdep-ci/rosdep tests-1]   | src/rosdep2/platforms/npm.py                    44      9    80%\n[rosdep-ci/rosdep tests-1]   | src/rosdep2/platforms/openembedded.py           23      5    78%\n[rosdep-ci/rosdep tests-1]   | src/rosdep2/platforms/opensuse.py               29      5    83%\n[rosdep-ci/rosdep tests-1]   | src/rosdep2/platforms/osx.py                   181     93    49%\n[rosdep-ci/rosdep tests-1]   | src/rosdep2/platforms/pip.py                    75     27    64%\n[rosdep-ci/rosdep tests-1]   | src/rosdep2/platforms/redhat.py                142     33    77%\n[rosdep-ci/rosdep tests-1]   | src/rosdep2/platforms/slackware.py              57     24    58%\n[rosdep-ci/rosdep tests-1]   | src/rosdep2/platforms/source.py                177     19    89%\n[rosdep-ci/rosdep tests-1]   | src/rosdep2/rep3.py                             25      0   100%\n[rosdep-ci/rosdep tests-1]   | src/rosdep2/rosdistrohelper.py                  36      1    97%\n[rosdep-ci/rosdep tests-1]   | src/rosdep2/rospack.py                          34     13    62%\n[rosdep-ci/rosdep tests-1]   | src/rosdep2/rospkg_loader.py                    72      4    94%\n[rosdep-ci/rosdep tests-1]   | src/rosdep2/shell_utils.py                      45      3    93%\n[rosdep-ci/rosdep tests-1]   | src/rosdep2/sources_list.py                    325     52    84%\n[rosdep-ci/rosdep tests-1]   | src/rosdep2/url_utils.py                        20      5    75%\n[rosdep-ci/rosdep tests-1]   | ----------------------------------------------------------------\n[rosdep-ci/rosdep tests-1]   | TOTAL                                         3354    871    74%\n[rosdep-ci/rosdep tests-1]   | \n[rosdep-ci/rosdep tests-1]   | =========================== short test summary info ============================\n[rosdep-ci/rosdep tests-1]   | FAILED test/test_flake8.py::test_flake8 - AssertionError: flake8 reported 4 errors\n[rosdep-ci/rosdep tests-1]   | assert not 4\n[rosdep-ci/rosdep tests-1]   |  +  where 4 = <flake8.api.legacy.Report object at 0x7f57f1e9a990>.total_errors\n[rosdep-ci/rosdep tests-1]   | ============ 1 failed, 138 passed, 10 warnings in 87.12s (0:01:27) =============\n[rosdep-ci/rosdep tests-1]   \u274c  Failure - Main Run tests\n[rosdep-ci/rosdep tests-1] exitcode '1': failure\n[rosdep-ci/rosdep tests-1] \ud83c\udfc1  Job failed\n",
    "actions_stderr": "Error: Job 'rosdep tests' failed\n"
}