{
    "repository": "ryancox/motionless",
    "clone_url": "https://github.com/ryancox/motionless.git",
    "timestamp": "2023-05-29T14:03:42.795852Z",
    "clone_success": true,
    "number of actions": 1,
    "number_of_test_actions": 1,
    "actions_successful": false,
    "actions_stdout": "[Test/Tests on 2.7] \ud83d\ude80  Start image=crawlergpt:latest\n[Test/Tests on 2.7]   \ud83d\udc33  docker pull image=crawlergpt:latest platform= username= forcePull=false\n[Test/Tests on 2.7]   \ud83d\udc33  docker create image=crawlergpt:latest platform= entrypoint=[\"tail\" \"-f\" \"/dev/null\"] cmd=[]\n[Test/Tests on 2.7]   \ud83d\udc33  docker run image=crawlergpt:latest platform= entrypoint=[\"tail\" \"-f\" \"/dev/null\"] cmd=[]\n[Test/Tests on 2.7]   \ud83d\udc33  docker exec cmd=[chown -R 1012:1000 /tmp/de65f406-fe28-11ed-a890-af2cc187fc11/ryancox-motionless] user=0 workdir=\n[Test/Tests on 2.7]   \u2601  git clone 'https://github.com/actions/setup-python' # ref=v2\n[Test/Tests on 2.7] \ud83e\uddea  Matrix: map[pyver:2.7]\n[Test/Tests on 2.7] \u2b50 Run Main Checkout\n[Test/Tests on 2.7]   \u2705  Success - Main Checkout\n[Test/Tests on 2.7] \u2b50 Run Main Install Python\n[Test/Tests on 2.7]   \ud83d\udc33  docker cp src=/home/andre-silva/.cache/act/actions-setup-python@v2/ dst=/var/run/act/actions/actions-setup-python@v2/\n[Test/Tests on 2.7]   \ud83d\udc33  docker exec cmd=[chown -R 1012:1000 /var/run/act/actions/actions-setup-python@v2/] user=0 workdir=\n[Test/Tests on 2.7]   \ud83d\udc33  docker exec cmd=[node /var/run/act/actions/actions-setup-python@v2/dist/setup/index.js] user= workdir=\n[Test/Tests on 2.7]   \ud83d\udcac  ::debug::Semantic version spec of 2.7 is 2.7\n[Test/Tests on 2.7]   \ud83d\udcac  ::debug::isExplicit: \n[Test/Tests on 2.7]   \ud83d\udcac  ::debug::explicit? false\n[Test/Tests on 2.7]   \ud83d\udcac  ::debug::isExplicit: 2.7.18\n[Test/Tests on 2.7]   \ud83d\udcac  ::debug::explicit? true\n[Test/Tests on 2.7]   \ud83d\udcac  ::debug::isExplicit: 3.5.10\n[Test/Tests on 2.7]   \ud83d\udcac  ::debug::explicit? true\n[Test/Tests on 2.7]   \ud83d\udcac  ::debug::isExplicit: 3.6.14\n[Test/Tests on 2.7]   \ud83d\udcac  ::debug::explicit? true\n[Test/Tests on 2.7]   \ud83d\udcac  ::debug::isExplicit: 3.7.11\n[Test/Tests on 2.7]   \ud83d\udcac  ::debug::explicit? true\n[Test/Tests on 2.7]   \ud83d\udcac  ::debug::isExplicit: 3.8.11\n[Test/Tests on 2.7]   \ud83d\udcac  ::debug::explicit? true\n[Test/Tests on 2.7]   \ud83d\udcac  ::debug::isExplicit: 3.9.6\n[Test/Tests on 2.7]   \ud83d\udcac  ::debug::explicit? true\n[Test/Tests on 2.7]   \ud83d\udcac  ::debug::evaluating 6 versions\n[Test/Tests on 2.7]   \ud83d\udcac  ::debug::matched: 2.7.18\n[Test/Tests on 2.7]   \ud83d\udcac  ::debug::checking cache: /opt/hostedtoolcache/Python/2.7.18/x64\n[Test/Tests on 2.7]   \ud83d\udcac  ::debug::Found tool in cache Python 2.7.18 x64\n[Test/Tests on 2.7]   | Successfully setup CPython (2.7.18)\n[Test/Tests on 2.7]   \u2753 add-matcher /run/act/actions/actions-setup-python@v2/.github/python.json\n[Test/Tests on 2.7]   \u2705  Success - Main Install Python\n[Test/Tests on 2.7]   \u2699  ::set-env:: pythonLocation=/opt/hostedtoolcache/Python/2.7.18/x64\n[Test/Tests on 2.7]   \u2699  ::set-env:: LD_LIBRARY_PATH=/opt/hostedtoolcache/Python/2.7.18/x64/lib\n[Test/Tests on 2.7]   \u2699  ::set-output:: python-version=2.7.18\n[Test/Tests on 2.7]   \u2699  ::add-path:: /opt/hostedtoolcache/Python/2.7.18/x64\n[Test/Tests on 2.7]   \u2699  ::add-path:: /opt/hostedtoolcache/Python/2.7.18/x64/bin\n[Test/Tests on 2.7] \u2b50 Run Main Install Dependencies\n[Test/Tests on 2.7]   \ud83d\udc33  docker exec cmd=[bash --noprofile --norc -e -o pipefail /var/run/act/workflow/2] user= workdir=\n[Test/Tests on 2.7]   | DEPRECATION: Python 2.7 reached the end of its life on January 1st, 2020. Please upgrade your Python as Python 2.7 is no longer maintained. pip 21.0 will drop support for Python 2.7 in January 2021. More details about Python 2 support in pip can be found at https://pip.pypa.io/en/latest/development/release-process/#python-2-support pip 21.0 will remove support for this functionality.\n[Test/Tests on 2.7]   | Collecting geojson\n[Test/Tests on 2.7]   |   Downloading geojson-2.5.0-py2.py3-none-any.whl (14 kB)\n[Test/Tests on 2.7]   | Collecting coveralls\n[Test/Tests on 2.7]   |   Downloading coveralls-1.11.1-py2.py3-none-any.whl (12 kB)\n[Test/Tests on 2.7]   | Collecting pytest\n[Test/Tests on 2.7]   |   Downloading pytest-4.6.11-py2.py3-none-any.whl (231 kB)\n[Test/Tests on 2.7]   | Collecting pytest-cov\n[Test/Tests on 2.7]   |   Downloading pytest_cov-2.12.1-py2.py3-none-any.whl (20 kB)\n[Test/Tests on 2.7]   | Collecting requests>=1.0.0\n[Test/Tests on 2.7]   |   Downloading requests-2.27.1-py2.py3-none-any.whl (63 kB)\n[Test/Tests on 2.7]   | Collecting docopt>=0.6.1\n[Test/Tests on 2.7]   |   Downloading docopt-0.6.2.tar.gz (25 kB)\n[Test/Tests on 2.7]   | Collecting urllib3[secure]; python_version < \"3\"\n[Test/Tests on 2.7]   |   Downloading urllib3-1.26.16-py2.py3-none-any.whl (143 kB)\n[Test/Tests on 2.7]   | Collecting coverage<6.0,>=3.6\n[Test/Tests on 2.7]   |   Downloading coverage-5.5-cp27-cp27mu-manylinux2010_x86_64.whl (236 kB)\n[Test/Tests on 2.7]   | Collecting importlib-metadata>=0.12; python_version < \"3.8\"\n[Test/Tests on 2.7]   |   Downloading importlib_metadata-2.1.3-py2.py3-none-any.whl (10 kB)\n[Test/Tests on 2.7]   | Collecting pathlib2>=2.2.0; python_version < \"3.6\"\n[Test/Tests on 2.7]   |   Downloading pathlib2-2.3.7.post1-py2.py3-none-any.whl (18 kB)\n[Test/Tests on 2.7]   | Collecting pluggy<1.0,>=0.12\n[Test/Tests on 2.7]   |   Downloading pluggy-0.13.1-py2.py3-none-any.whl (18 kB)\n[Test/Tests on 2.7]   | Collecting packaging\n[Test/Tests on 2.7]   |   Downloading packaging-20.9-py2.py3-none-any.whl (40 kB)\n[Test/Tests on 2.7]   | Collecting wcwidth\n[Test/Tests on 2.7]   |   Downloading wcwidth-0.2.6-py2.py3-none-any.whl (29 kB)\n[Test/Tests on 2.7]   | Collecting six>=1.10.0\n[Test/Tests on 2.7]   |   Downloading six-1.16.0-py2.py3-none-any.whl (11 kB)\n[Test/Tests on 2.7]   | Collecting funcsigs>=1.0; python_version < \"3.0\"\n[Test/Tests on 2.7]   |   Downloading funcsigs-1.0.2-py2.py3-none-any.whl (17 kB)\n[Test/Tests on 2.7]   | Collecting atomicwrites>=1.0\n[Test/Tests on 2.7]   |   Downloading atomicwrites-1.4.1.tar.gz (14 kB)\n[Test/Tests on 2.7]   | Collecting attrs>=17.4.0\n[Test/Tests on 2.7]   |   Downloading attrs-21.4.0-py2.py3-none-any.whl (60 kB)\n[Test/Tests on 2.7]   | Collecting py>=1.5.0\n[Test/Tests on 2.7]   |   Downloading py-1.11.0-py2.py3-none-any.whl (98 kB)\n[Test/Tests on 2.7]   | Collecting more-itertools<6.0.0,>=4.0.0; python_version <= \"2.7\"\n[Test/Tests on 2.7]   |   Downloading more_itertools-5.0.0-py2-none-any.whl (52 kB)\n[Test/Tests on 2.7]   | Collecting toml\n[Test/Tests on 2.7]   |   Downloading toml-0.10.2-py2.py3-none-any.whl (16 kB)\n[Test/Tests on 2.7]   | Collecting certifi>=2017.4.17\n[Test/Tests on 2.7]   |   Downloading certifi-2021.10.8-py2.py3-none-any.whl (149 kB)\n[Test/Tests on 2.7]   | Collecting chardet<5,>=3.0.2; python_version < \"3\"\n[Test/Tests on 2.7]   |   Downloading chardet-4.0.0-py2.py3-none-any.whl (178 kB)\n[Test/Tests on 2.7]   | Collecting idna<3,>=2.5; python_version < \"3\"\n[Test/Tests on 2.7]   |   Downloading idna-2.10-py2.py3-none-any.whl (58 kB)\n[Test/Tests on 2.7]   | Collecting cryptography>=1.3.4; extra == \"secure\"\n[Test/Tests on 2.7]   |   Downloading cryptography-3.3.2-cp27-cp27mu-manylinux2010_x86_64.whl (2.6 MB)\n[Test/Tests on 2.7]   | Collecting pyOpenSSL>=0.14; extra == \"secure\"\n[Test/Tests on 2.7]   |   Downloading pyOpenSSL-21.0.0-py2.py3-none-any.whl (55 kB)\n[Test/Tests on 2.7]   | Collecting urllib3-secure-extra; extra == \"secure\"\n[Test/Tests on 2.7]   |   Downloading urllib3_secure_extra-0.1.0-py2.py3-none-any.whl (1.4 kB)\n[Test/Tests on 2.7]   | Collecting ipaddress; python_version == \"2.7\" and extra == \"secure\"\n[Test/Tests on 2.7]   |   Downloading ipaddress-1.0.23-py2.py3-none-any.whl (18 kB)\n[Test/Tests on 2.7]   | Collecting contextlib2; python_version < \"3\"\n[Test/Tests on 2.7]   |   Downloading contextlib2-0.6.0.post1-py2.py3-none-any.whl (9.8 kB)\n[Test/Tests on 2.7]   | Collecting zipp>=0.5\n[Test/Tests on 2.7]   |   Downloading zipp-1.2.0-py2.py3-none-any.whl (4.8 kB)\n[Test/Tests on 2.7]   | Collecting configparser>=3.5; python_version < \"3\"\n[Test/Tests on 2.7]   |   Downloading configparser-4.0.2-py2.py3-none-any.whl (22 kB)\n[Test/Tests on 2.7]   | Collecting typing; python_version < \"3.5\"\n[Test/Tests on 2.7]   |   Downloading typing-3.10.0.0-py2-none-any.whl (26 kB)\n[Test/Tests on 2.7]   | Collecting scandir; python_version < \"3.5\"\n[Test/Tests on 2.7]   |   Downloading scandir-1.10.0.tar.gz (33 kB)\n[Test/Tests on 2.7]   | Collecting pyparsing>=2.0.2\n[Test/Tests on 2.7]   |   Downloading pyparsing-2.4.7-py2.py3-none-any.whl (67 kB)\n[Test/Tests on 2.7]   | Collecting backports.functools-lru-cache>=1.2.1; python_version < \"3.2\"\n[Test/Tests on 2.7]   |   Downloading backports.functools_lru_cache-1.6.4-py2.py3-none-any.whl (5.9 kB)\n[Test/Tests on 2.7]   | Collecting cffi>=1.12\n[Test/Tests on 2.7]   |   Downloading cffi-1.15.1-cp27-cp27mu-manylinux1_x86_64.whl (390 kB)\n[Test/Tests on 2.7]   | Collecting enum34; python_version < \"3\"\n[Test/Tests on 2.7]   |   Downloading enum34-1.1.10-py2-none-any.whl (11 kB)\n[Test/Tests on 2.7]   | Collecting pycparser\n[Test/Tests on 2.7]   |   Downloading pycparser-2.21-py2.py3-none-any.whl (118 kB)\n[Test/Tests on 2.7]   | Using legacy 'setup.py install' for docopt, since package 'wheel' is not installed.\n[Test/Tests on 2.7]   | Using legacy 'setup.py install' for atomicwrites, since package 'wheel' is not installed.\n[Test/Tests on 2.7]   | Using legacy 'setup.py install' for scandir, since package 'wheel' is not installed.\n[Test/Tests on 2.7]   | Installing collected packages: geojson, certifi, ipaddress, six, pycparser, cffi, enum34, cryptography, idna, pyOpenSSL, urllib3-secure-extra, urllib3, chardet, requests, docopt, coverage, coveralls, contextlib2, zipp, configparser, typing, scandir, pathlib2, importlib-metadata, pluggy, pyparsing, packaging, backports.functools-lru-cache, wcwidth, funcsigs, atomicwrites, attrs, py, more-itertools, pytest, toml, pytest-cov\n[Test/Tests on 2.7]   |     Running setup.py install for docopt: started\n[Test/Tests on 2.7]   |     Running setup.py install for docopt: finished with status 'done'\n[Test/Tests on 2.7]   |     Running setup.py install for scandir: started\n[Test/Tests on 2.7]   |     Running setup.py install for scandir: finished with status 'done'\n[Test/Tests on 2.7]   |     Running setup.py install for atomicwrites: started\n[Test/Tests on 2.7]   |     Running setup.py install for atomicwrites: finished with status 'done'\n[Test/Tests on 2.7]   | Successfully installed atomicwrites-1.4.1 attrs-21.4.0 backports.functools-lru-cache-1.6.4 certifi-2021.10.8 cffi-1.15.1 chardet-4.0.0 configparser-4.0.2 contextlib2-0.6.0.post1 coverage-5.5 coveralls-1.11.1 cryptography-3.3.2 docopt-0.6.2 enum34-1.1.10 funcsigs-1.0.2 geojson-2.5.0 idna-2.10 importlib-metadata-2.1.3 ipaddress-1.0.23 more-itertools-5.0.0 packaging-20.9 pathlib2-2.3.7.post1 pluggy-0.13.1 py-1.11.0 pyOpenSSL-21.0.0 pycparser-2.21 pyparsing-2.4.7 pytest-4.6.11 pytest-cov-2.12.1 requests-2.27.1 scandir-1.10.0 six-1.16.0 toml-0.10.2 typing-3.10.0.0 urllib3-1.26.16 urllib3-secure-extra-0.1.0 wcwidth-0.2.6 zipp-1.2.0\n[Test/Tests on 2.7]   \u2705  Success - Main Install Dependencies\n[Test/Tests on 2.7] \u2b50 Run Main Install\n[Test/Tests on 2.7]   \ud83d\udc33  docker exec cmd=[bash --noprofile --norc -e -o pipefail /var/run/act/workflow/3] user= workdir=\n[Test/Tests on 2.7]   | DEPRECATION: Python 2.7 reached the end of its life on January 1st, 2020. Please upgrade your Python as Python 2.7 is no longer maintained. pip 21.0 will drop support for Python 2.7 in January 2021. More details about Python 2 support in pip can be found at https://pip.pypa.io/en/latest/development/release-process/#python-2-support pip 21.0 will remove support for this functionality.\n[Test/Tests on 2.7]   | Obtaining file:///tmp/de65f406-fe28-11ed-a890-af2cc187fc11/ryancox-motionless\n[Test/Tests on 2.7]   | Requirement already satisfied: setuptools in /opt/hostedtoolcache/Python/2.7.18/x64/lib/python2.7/site-packages (from motionless==1.4.dev0) (41.2.0)\n[Test/Tests on 2.7]   | Installing collected packages: motionless\n[Test/Tests on 2.7]   |   Running setup.py develop for motionless\n[Test/Tests on 2.7]   | Successfully installed motionless\n[Test/Tests on 2.7]   \u2705  Success - Main Install\n[Test/Tests on 2.7] \u2b50 Run Main Test\n[Test/Tests on 2.7]   \ud83d\udc33  docker exec cmd=[bash --noprofile --norc -e -o pipefail /var/run/act/workflow/4] user= workdir=\n[Test/Tests on 2.7]   | ============================= test session starts ==============================\n[Test/Tests on 2.7]   | platform linux2 -- Python 2.7.18, pytest-4.6.11, py-1.11.0, pluggy-0.13.1\n[Test/Tests on 2.7]   | rootdir: /tmp/de65f406-fe28-11ed-a890-af2cc187fc11/ryancox-motionless\n[Test/Tests on 2.7]   | plugins: cov-2.12.1\n[Test/Tests on 2.7]   | collected 12 items\n[Test/Tests on 2.7]   | \n[Test/Tests on 2.7]   | tests/test_motionless.py ............                                    [100%]\n[Test/Tests on 2.7]   | \n[Test/Tests on 2.7]   | ---------- coverage: platform linux2, python 2.7.18-final-0 ----------\n[Test/Tests on 2.7]   | Name                        Stmts   Miss  Cover   Missing\n[Test/Tests on 2.7]   | ---------------------------------------------------------\n[Test/Tests on 2.7]   | motionless/__init__.py        222     27    88%   8-9, 59, 63, 66, 70, 79-80, 125, 129, 152, 168, 201, 242, 246, 252, 256, 260, 263, 268, 303, 319, 323-324, 342, 345, 360\n[Test/Tests on 2.7]   | motionless/gpolyencode.py      94      5    95%   46-47, 108, 130, 165\n[Test/Tests on 2.7]   | ---------------------------------------------------------\n[Test/Tests on 2.7]   | TOTAL                         316     32    90%\n[Test/Tests on 2.7]   | \n[Test/Tests on 2.7]   | \n[Test/Tests on 2.7]   | ========================== 12 passed in 0.37 seconds ===========================\n[Test/Tests on 2.7]   \u2705  Success - Main Test\n[Test/Tests on 2.7] \u2b50 Run Main Upload Coverage\n[Test/Tests on 2.7]   \ud83d\udc33  docker exec cmd=[bash --noprofile --norc -e -o pipefail /var/run/act/workflow/5] user= workdir=\n[Test/Tests on 2.7]   | Not on TravisCI. You have to provide either repo_token in .coveralls.yml or set the COVERALLS_REPO_TOKEN env var.\n[Test/Tests on 2.7]   | Traceback (most recent call last):\n[Test/Tests on 2.7]   |   File \"/opt/hostedtoolcache/Python/2.7.18/x64/lib/python2.7/site-packages/coveralls/cli.py\", line 61, in main\n[Test/Tests on 2.7]   |     service_name=options['--service'])\n[Test/Tests on 2.7]   |   File \"/opt/hostedtoolcache/Python/2.7.18/x64/lib/python2.7/site-packages/coveralls/api.py\", line 64, in __init__\n[Test/Tests on 2.7]   |     self.ensure_token()\n[Test/Tests on 2.7]   |   File \"/opt/hostedtoolcache/Python/2.7.18/x64/lib/python2.7/site-packages/coveralls/api.py\", line 73, in ensure_token\n[Test/Tests on 2.7]   |     self.config_filename))\n[Test/Tests on 2.7]   | CoverallsException: Not on TravisCI. You have to provide either repo_token in .coveralls.yml or set the COVERALLS_REPO_TOKEN env var.\n[Test/Tests on 2.7] Failed but continue next step\n[Test/Tests on 2.7]   \u274c  Failure - Main Upload Coverage\n[Test/Tests on 2.7] \u2b50 Run Post Install Python\n[Test/Tests on 2.7]   \ud83d\udc33  docker exec cmd=[node /var/run/act/actions/actions-setup-python@v2/dist/cache-save/index.js] user= workdir=\n[Test/Tests on 2.7]   \u2705  Success - Post Install Python\n[Test/Tests on 2.7] \ud83c\udfc1  Job succeeded\n[Test/Coveralls Finished] \ud83d\ude80  Start image=crawlergpt:latest\n[Test/Coveralls Finished]   \ud83d\udc33  docker pull image=crawlergpt:latest platform= username= forcePull=false\n[Test/Coveralls Finished]   \ud83d\udc33  docker create image=crawlergpt:latest platform= entrypoint=[\"tail\" \"-f\" \"/dev/null\"] cmd=[]\n[Test/Coveralls Finished]   \ud83d\udc33  docker run image=crawlergpt:latest platform= entrypoint=[\"tail\" \"-f\" \"/dev/null\"] cmd=[]\n[Test/Coveralls Finished]   \ud83d\udc33  docker exec cmd=[chown -R 1012:1000 /tmp/de65f406-fe28-11ed-a890-af2cc187fc11/ryancox-motionless] user=0 workdir=\n[Test/Coveralls Finished]   \u2601  git clone 'https://github.com/actions/setup-python' # ref=v2\n[Test/Coveralls Finished] \u2b50 Run Main Install Python\n[Test/Coveralls Finished]   \ud83d\udc33  docker cp src=/home/andre-silva/.cache/act/actions-setup-python@v2/ dst=/var/run/act/actions/actions-setup-python@v2/\n[Test/Coveralls Finished]   \ud83d\udc33  docker exec cmd=[chown -R 1012:1000 /var/run/act/actions/actions-setup-python@v2/] user=0 workdir=\n[Test/Coveralls Finished]   \ud83d\udc33  docker exec cmd=[node /var/run/act/actions/actions-setup-python@v2/dist/setup/index.js] user= workdir=\n[Test/Coveralls Finished]   \ud83d\udcac  ::debug::Semantic version spec of 3.x is 3.x\n[Test/Coveralls Finished]   \ud83d\udcac  ::debug::isExplicit: \n[Test/Coveralls Finished]   \ud83d\udcac  ::debug::explicit? false\n[Test/Coveralls Finished]   \ud83d\udcac  ::debug::isExplicit: 2.7.18\n[Test/Coveralls Finished]   \ud83d\udcac  ::debug::explicit? true\n[Test/Coveralls Finished]   \ud83d\udcac  ::debug::isExplicit: 3.5.10\n[Test/Coveralls Finished]   \ud83d\udcac  ::debug::explicit? true\n[Test/Coveralls Finished]   \ud83d\udcac  ::debug::isExplicit: 3.6.14\n[Test/Coveralls Finished]   \ud83d\udcac  ::debug::explicit? true\n[Test/Coveralls Finished]   \ud83d\udcac  ::debug::isExplicit: 3.7.11\n[Test/Coveralls Finished]   \ud83d\udcac  ::debug::explicit? true\n[Test/Coveralls Finished]   \ud83d\udcac  ::debug::isExplicit: 3.8.11\n[Test/Coveralls Finished]   \ud83d\udcac  ::debug::explicit? true\n[Test/Coveralls Finished]   \ud83d\udcac  ::debug::isExplicit: 3.9.6\n[Test/Coveralls Finished]   \ud83d\udcac  ::debug::explicit? true\n[Test/Coveralls Finished]   \ud83d\udcac  ::debug::evaluating 6 versions\n[Test/Coveralls Finished]   \ud83d\udcac  ::debug::matched: 3.9.6\n[Test/Coveralls Finished]   \ud83d\udcac  ::debug::checking cache: /opt/hostedtoolcache/Python/3.9.6/x64\n[Test/Coveralls Finished]   \ud83d\udcac  ::debug::Found tool in cache Python 3.9.6 x64\n[Test/Coveralls Finished]   | Successfully setup CPython (3.9.6)\n[Test/Coveralls Finished]   \u2753 add-matcher /run/act/actions/actions-setup-python@v2/.github/python.json\n[Test/Coveralls Finished]   \u2705  Success - Main Install Python\n[Test/Coveralls Finished]   \u2699  ::set-env:: pythonLocation=/opt/hostedtoolcache/Python/3.9.6/x64\n[Test/Coveralls Finished]   \u2699  ::set-env:: LD_LIBRARY_PATH=/opt/hostedtoolcache/Python/3.9.6/x64/lib\n[Test/Coveralls Finished]   \u2699  ::set-output:: python-version=3.9.6\n[Test/Coveralls Finished]   \u2699  ::add-path:: /opt/hostedtoolcache/Python/3.9.6/x64\n[Test/Coveralls Finished]   \u2699  ::add-path:: /opt/hostedtoolcache/Python/3.9.6/x64/bin\n[Test/Coveralls Finished] \u2b50 Run Main Install coveralls\n[Test/Coveralls Finished]   \ud83d\udc33  docker exec cmd=[bash --noprofile --norc -e -o pipefail /var/run/act/workflow/1] user= workdir=\n[Test/Coveralls Finished]   | Collecting coveralls\n[Test/Coveralls Finished]   |   Downloading coveralls-3.3.1-py2.py3-none-any.whl (14 kB)\n[Test/Coveralls Finished]   | Collecting docopt>=0.6.1\n[Test/Coveralls Finished]   |   Downloading docopt-0.6.2.tar.gz (25 kB)\n[Test/Coveralls Finished]   | Collecting coverage!=6.0.*,!=6.1,!=6.1.1,<7.0,>=4.1\n[Test/Coveralls Finished]   |   Downloading coverage-6.5.0-cp39-cp39-manylinux_2_5_x86_64.manylinux1_x86_64.manylinux_2_17_x86_64.manylinux2014_x86_64.whl (212 kB)\n[Test/Coveralls Finished]   | Collecting requests>=1.0.0\n[Test/Coveralls Finished]   |   Downloading requests-2.31.0-py3-none-any.whl (62 kB)\n[Test/Coveralls Finished]   | Collecting charset-normalizer<4,>=2\n[Test/Coveralls Finished]   |   Downloading charset_normalizer-3.1.0-cp39-cp39-manylinux_2_17_x86_64.manylinux2014_x86_64.whl (199 kB)\n[Test/Coveralls Finished]   | Collecting certifi>=2017.4.17\n[Test/Coveralls Finished]   |   Downloading certifi-2023.5.7-py3-none-any.whl (156 kB)\n[Test/Coveralls Finished]   | Collecting urllib3<3,>=1.21.1\n[Test/Coveralls Finished]   |   Downloading urllib3-2.0.2-py3-none-any.whl (123 kB)\n[Test/Coveralls Finished]   | Collecting idna<4,>=2.5\n[Test/Coveralls Finished]   |   Downloading idna-3.4-py3-none-any.whl (61 kB)\n[Test/Coveralls Finished]   | Using legacy 'setup.py install' for docopt, since package 'wheel' is not installed.\n[Test/Coveralls Finished]   | Installing collected packages: urllib3, idna, charset-normalizer, certifi, requests, docopt, coverage, coveralls\n[Test/Coveralls Finished]   |     Running setup.py install for docopt: started\n[Test/Coveralls Finished]   |     Running setup.py install for docopt: finished with status 'done'\n[Test/Coveralls Finished]   | Successfully installed certifi-2023.5.7 charset-normalizer-3.1.0 coverage-6.5.0 coveralls-3.3.1 docopt-0.6.2 idna-3.4 requests-2.31.0 urllib3-2.0.2\n[Test/Coveralls Finished]   | WARNING: You are using pip version 21.2.4; however, version 23.1.2 is available.\n[Test/Coveralls Finished]   | You should consider upgrading via the '/opt/hostedtoolcache/Python/3.9.6/x64/bin/python -m pip install --upgrade pip' command.\n[Test/Coveralls Finished]   \u2705  Success - Main Install coveralls\n[Test/Coveralls Finished] \u2b50 Run Main Coveralls Finished\n[Test/Coveralls Finished]   \ud83d\udc33  docker exec cmd=[bash --noprofile --norc -e -o pipefail /var/run/act/workflow/2] user= workdir=\n[Test/Coveralls Finished]   | Running on Github Actions but GITHUB_TOKEN is not set. Add \"env: GITHUB_TOKEN: ${{ secrets.GITHUB_TOKEN }}\" to your step config.\n[Test/Coveralls Finished]   | Traceback (most recent call last):\n[Test/Coveralls Finished]   |   File \"/opt/hostedtoolcache/Python/3.9.6/x64/lib/python3.9/site-packages/coveralls/cli.py\", line 64, in main\n[Test/Coveralls Finished]   |     coverallz = Coveralls(token_required,\n[Test/Coveralls Finished]   |   File \"/opt/hostedtoolcache/Python/3.9.6/x64/lib/python3.9/site-packages/coveralls/api.py\", line 49, in __init__\n[Test/Coveralls Finished]   |     self.ensure_token()\n[Test/Coveralls Finished]   |   File \"/opt/hostedtoolcache/Python/3.9.6/x64/lib/python3.9/site-packages/coveralls/api.py\", line 56, in ensure_token\n[Test/Coveralls Finished]   |     raise CoverallsException(\n[Test/Coveralls Finished]   | coveralls.exception.CoverallsException: Running on Github Actions but GITHUB_TOKEN is not set. Add \"env: GITHUB_TOKEN: ${{ secrets.GITHUB_TOKEN }}\" to your step config.\n[Test/Coveralls Finished]   \u274c  Failure - Main Coveralls Finished\n[Test/Coveralls Finished] exitcode '1': failure\n[Test/Coveralls Finished] \ud83c\udfc1  Job failed\n",
    "actions_stderr": "Error: Job 'Coveralls Finished' failed\n"
}