{
    "repository": "TurboGears/tg2",
    "clone_url": "https://github.com/TurboGears/tg2.git",
    "timestamp": "2023-05-29T14:09:02.827485Z",
    "clone_success": true,
    "number of actions": 1,
    "number_of_test_actions": 1,
    "actions_successful": false,
    "actions_stdout": "[run-tests/Run tests] \ud83d\ude80  Start image=crawlergpt:latest\n[run-tests/Run tests]   \ud83d\udc33  docker pull image=crawlergpt:latest platform= username= forcePull=false\n[run-tests/Run tests]   \ud83d\udc33  docker create image=crawlergpt:latest platform= entrypoint=[\"tail\" \"-f\" \"/dev/null\"] cmd=[]\n[run-tests/Run tests]   \ud83d\udc33  docker run image=crawlergpt:latest platform= entrypoint=[\"tail\" \"-f\" \"/dev/null\"] cmd=[]\n[run-tests/Run tests]   \ud83d\udc33  docker exec cmd=[chown -R 1012:1000 /tmp/de65f406-fe28-11ed-a890-af2cc187fc11/TurboGears-tg2] user=0 workdir=\n[run-tests/Run tests]   \u2601  git clone 'https://github.com/actions/setup-python' # ref=v2\n[run-tests/Run tests] \ud83e\uddea  Matrix: map[os:ubuntu-latest python-version:3.7]\n[run-tests/Run tests] \u2b50 Run Main actions/checkout@v2\n[run-tests/Run tests]   \u2705  Success - Main actions/checkout@v2\n[run-tests/Run tests] \u2b50 Run Main Set up Python 3.7\n[run-tests/Run tests]   \ud83d\udc33  docker cp src=/home/andre-silva/.cache/act/actions-setup-python@v2/ dst=/var/run/act/actions/actions-setup-python@v2/\n[run-tests/Run tests]   \ud83d\udc33  docker exec cmd=[chown -R 1012:1000 /var/run/act/actions/actions-setup-python@v2/] user=0 workdir=\n[run-tests/Run tests]   \ud83d\udc33  docker exec cmd=[node /var/run/act/actions/actions-setup-python@v2/dist/setup/index.js] user= workdir=\n[run-tests/Run tests]   \ud83d\udcac  ::debug::Semantic version spec of 3.7 is 3.7\n[run-tests/Run tests]   \ud83d\udcac  ::debug::isExplicit: \n[run-tests/Run tests]   \ud83d\udcac  ::debug::explicit? false\n[run-tests/Run tests]   \ud83d\udcac  ::debug::isExplicit: 2.7.18\n[run-tests/Run tests]   \ud83d\udcac  ::debug::explicit? true\n[run-tests/Run tests]   \ud83d\udcac  ::debug::isExplicit: 3.5.10\n[run-tests/Run tests]   \ud83d\udcac  ::debug::explicit? true\n[run-tests/Run tests]   \ud83d\udcac  ::debug::isExplicit: 3.6.14\n[run-tests/Run tests]   \ud83d\udcac  ::debug::explicit? true\n[run-tests/Run tests]   \ud83d\udcac  ::debug::isExplicit: 3.7.11\n[run-tests/Run tests]   \ud83d\udcac  ::debug::explicit? true\n[run-tests/Run tests]   \ud83d\udcac  ::debug::isExplicit: 3.8.11\n[run-tests/Run tests]   \ud83d\udcac  ::debug::explicit? true\n[run-tests/Run tests]   \ud83d\udcac  ::debug::isExplicit: 3.9.6\n[run-tests/Run tests]   \ud83d\udcac  ::debug::explicit? true\n[run-tests/Run tests]   \ud83d\udcac  ::debug::evaluating 6 versions\n[run-tests/Run tests]   \ud83d\udcac  ::debug::matched: 3.7.11\n[run-tests/Run tests]   \ud83d\udcac  ::debug::checking cache: /opt/hostedtoolcache/Python/3.7.11/x64\n[run-tests/Run tests]   \ud83d\udcac  ::debug::Found tool in cache Python 3.7.11 x64\n[run-tests/Run tests]   | Successfully setup CPython (3.7.11)\n[run-tests/Run tests]   \u2753 add-matcher /run/act/actions/actions-setup-python@v2/.github/python.json\n[run-tests/Run tests]   \u2705  Success - Main Set up Python 3.7\n[run-tests/Run tests]   \u2699  ::set-env:: pythonLocation=/opt/hostedtoolcache/Python/3.7.11/x64\n[run-tests/Run tests]   \u2699  ::set-env:: LD_LIBRARY_PATH=/opt/hostedtoolcache/Python/3.7.11/x64/lib\n[run-tests/Run tests]   \u2699  ::set-output:: python-version=3.7.11\n[run-tests/Run tests]   \u2699  ::add-path:: /opt/hostedtoolcache/Python/3.7.11/x64\n[run-tests/Run tests]   \u2699  ::add-path:: /opt/hostedtoolcache/Python/3.7.11/x64/bin\n[run-tests/Run tests] \u2b50 Run Main Install dependencies\n[run-tests/Run tests]   \ud83d\udc33  docker exec cmd=[bash --noprofile --norc -e -o pipefail /var/run/act/workflow/2] user= workdir=\n[run-tests/Run tests]   | Requirement already satisfied: pip in /opt/hostedtoolcache/Python/3.7.11/x64/lib/python3.7/site-packages (21.2.4)\n[run-tests/Run tests]   | Collecting pip\n[run-tests/Run tests]   |   Downloading pip-23.1.2-py3-none-any.whl (2.1 MB)\n[run-tests/Run tests]   | Installing collected packages: pip\n[run-tests/Run tests]   |   Attempting uninstall: pip\n[run-tests/Run tests]   |     Found existing installation: pip 21.2.4\n[run-tests/Run tests]   |     Uninstalling pip-21.2.4:\n[run-tests/Run tests]   |       Successfully uninstalled pip-21.2.4\n[run-tests/Run tests]   | Successfully installed pip-23.1.2\n[run-tests/Run tests]   | Collecting git+https://github.com/TurboGears/crank.git\n[run-tests/Run tests]   |   Cloning https://github.com/TurboGears/crank.git to /tmp/pip-req-build-hevhg061\n[run-tests/Run tests]   |   Running command git clone --filter=blob:none --quiet https://github.com/TurboGears/crank.git /tmp/pip-req-build-hevhg061\n[run-tests/Run tests]   |   Resolved https://github.com/TurboGears/crank.git to commit f61847f3d8ef64151bcb8ee6e6b3384f32cfdc43\n[run-tests/Run tests]   |   Installing build dependencies: started\n[run-tests/Run tests]   |   Installing build dependencies: finished with status 'done'\n[run-tests/Run tests]   |   Getting requirements to build wheel: started\n[run-tests/Run tests]   |   Getting requirements to build wheel: finished with status 'done'\n[run-tests/Run tests]   |   Preparing metadata (pyproject.toml): started\n[run-tests/Run tests]   |   Preparing metadata (pyproject.toml): finished with status 'done'\n[run-tests/Run tests]   | Building wheels for collected packages: crank\n[run-tests/Run tests]   |   Building wheel for crank (pyproject.toml): started\n[run-tests/Run tests]   |   Building wheel for crank (pyproject.toml): finished with status 'done'\n[run-tests/Run tests]   |   Created wheel for crank: filename=crank-0.8.1-py3-none-any.whl size=13078 sha256=a6c49c0d70b61b2c0c7fd4decaf77e71b537367d0cb75660c850df1908fb42d5\n[run-tests/Run tests]   |   Stored in directory: /tmp/pip-ephem-wheel-cache-s452tgoh/wheels/1e/57/c8/d5076e8b3b56a3a71abc9af3eb09fe2e9e3e1d30e712ee5893\n[run-tests/Run tests]   | Successfully built crank\n[run-tests/Run tests]   | Installing collected packages: crank\n[run-tests/Run tests]   | Successfully installed crank-0.8.1\n[run-tests/Run tests]   | \n[run-tests/Run tests]   | [notice] A new release of pip is available: 20.1.1 -> 23.1.2\n[run-tests/Run tests]   | [notice] To update, run: pip install --upgrade pip\n[run-tests/Run tests]   | Collecting git+https://github.com/TurboGears/backlash.git\n[run-tests/Run tests]   |   Cloning https://github.com/TurboGears/backlash.git to /tmp/pip-req-build-fo4joccn\n[run-tests/Run tests]   |   Running command git clone --filter=blob:none --quiet https://github.com/TurboGears/backlash.git /tmp/pip-req-build-fo4joccn\n[run-tests/Run tests]   |   Resolved https://github.com/TurboGears/backlash.git to commit 12bcd924339d36541b4ee54956a2a851591db9c9\n[run-tests/Run tests]   |   Installing build dependencies: started\n[run-tests/Run tests]   |   Installing build dependencies: finished with status 'done'\n[run-tests/Run tests]   |   Getting requirements to build wheel: started\n[run-tests/Run tests]   |   Getting requirements to build wheel: finished with status 'done'\n[run-tests/Run tests]   |   Preparing metadata (pyproject.toml): started\n[run-tests/Run tests]   |   Preparing metadata (pyproject.toml): finished with status 'done'\n[run-tests/Run tests]   | Collecting WebOb (from backlash==0.3.1)\n[run-tests/Run tests]   |   Downloading WebOb-1.8.7-py2.py3-none-any.whl (114 kB)\n[run-tests/Run tests]   |      \u2501\u2501\u2501\u2501\u2501\u2501\u2501\u2501\u2501\u2501\u2501\u2501\u2501\u2501\u2501\u2501\u2501\u2501\u2501\u2501\u2501\u2501\u2501\u2501\u2501\u2501\u2501\u2501\u2501\u2501\u2501\u2501\u2501\u2501\u2501\u2501\u2501\u2501 115.0/115.0 kB 16.1 MB/s eta 0:00:00\n[run-tests/Run tests]   | Building wheels for collected packages: backlash\n[run-tests/Run tests]   |   Building wheel for backlash (pyproject.toml): started\n[run-tests/Run tests]   |   Building wheel for backlash (pyproject.toml): finished with status 'done'\n[run-tests/Run tests]   |   Created wheel for backlash: filename=backlash-0.3.1-py3-none-any.whl size=179999 sha256=64f427bc3390755377228f20b4e498fcb5de5919fd9eca4203a89f1b5055d9c4\n[run-tests/Run tests]   |   Stored in directory: /tmp/pip-ephem-wheel-cache-f31u1j3m/wheels/a6/fd/96/4044602c40c6208cbd2bb8f666039a6258c6468c2eab0fe710\n[run-tests/Run tests]   | Successfully built backlash\n[run-tests/Run tests]   | Installing collected packages: WebOb, backlash\n[run-tests/Run tests]   | Successfully installed WebOb-1.8.7 backlash-0.3.1\n[run-tests/Run tests]   | \n[run-tests/Run tests]   | [notice] A new release of pip is available: 20.1.1 -> 23.1.2\n[run-tests/Run tests]   | [notice] To update, run: pip install --upgrade pip\n[run-tests/Run tests]   | Collecting git+https://github.com/TurboGears/Ming.git\n[run-tests/Run tests]   |   Cloning https://github.com/TurboGears/Ming.git to /tmp/pip-req-build-9lwowhjx\n[run-tests/Run tests]   |   Running command git clone --filter=blob:none --quiet https://github.com/TurboGears/Ming.git /tmp/pip-req-build-9lwowhjx\n[run-tests/Run tests]   |   Resolved https://github.com/TurboGears/Ming.git to commit a0db824bfc7edc38261dc12625ac13e2cd60c122\n[run-tests/Run tests]   |   Installing build dependencies: started\n[run-tests/Run tests]   |   Installing build dependencies: finished with status 'done'\n[run-tests/Run tests]   |   Getting requirements to build wheel: started\n[run-tests/Run tests]   |   Getting requirements to build wheel: finished with status 'done'\n[run-tests/Run tests]   |   Preparing metadata (pyproject.toml): started\n[run-tests/Run tests]   |   Preparing metadata (pyproject.toml): finished with status 'done'\n[run-tests/Run tests]   | Collecting pymongo<4,>=3.0 (from Ming==0.13.0)\n[run-tests/Run tests]   |   Downloading pymongo-3.13.0-cp37-cp37m-manylinux_2_17_x86_64.manylinux2014_x86_64.whl (506 kB)\n[run-tests/Run tests]   |      \u2501\u2501\u2501\u2501\u2501\u2501\u2501\u2501\u2501\u2501\u2501\u2501\u2501\u2501\u2501\u2501\u2501\u2501\u2501\u2501\u2501\u2501\u2501\u2501\u2501\u2501\u2501\u2501\u2501\u2501\u2501\u2501\u2501\u2501\u2501\u2501\u2501\u2501 506.0/506.0 kB 11.5 MB/s eta 0:00:00\n[run-tests/Run tests]   | Collecting pytz (from Ming==0.13.0)\n[run-tests/Run tests]   |   Downloading pytz-2023.3-py2.py3-none-any.whl (502 kB)\n[run-tests/Run tests]   |      \u2501\u2501\u2501\u2501\u2501\u2501\u2501\u2501\u2501\u2501\u2501\u2501\u2501\u2501\u2501\u2501\u2501\u2501\u2501\u2501\u2501\u2501\u2501\u2501\u2501\u2501\u2501\u2501\u2501\u2501\u2501\u2501\u2501\u2501\u2501\u2501\u2501\u2501 502.3/502.3 kB 12.5 MB/s eta 0:00:00\n[run-tests/Run tests]   | Building wheels for collected packages: Ming\n[run-tests/Run tests]   |   Building wheel for Ming (pyproject.toml): started\n[run-tests/Run tests]   |   Building wheel for Ming (pyproject.toml): finished with status 'done'\n[run-tests/Run tests]   |   Created wheel for Ming: filename=Ming-0.13.0-py3-none-any.whl size=92832 sha256=dcb1405e613b960806d3f7192b918bf592feb766d717dbeb304ff9b15636bc03\n[run-tests/Run tests]   |   Stored in directory: /tmp/pip-ephem-wheel-cache-kpeltyw6/wheels/df/d1/52/24705f114699b77251248eb57c55018a3d0990816dce57442c\n[run-tests/Run tests]   | Successfully built Ming\n[run-tests/Run tests]   | Installing collected packages: pytz, pymongo, Ming\n[run-tests/Run tests]   | Successfully installed Ming-0.13.0 pymongo-3.13.0 pytz-2023.3\n[run-tests/Run tests]   | \n[run-tests/Run tests]   | [notice] A new release of pip is available: 20.1.1 -> 23.1.2\n[run-tests/Run tests]   | [notice] To update, run: pip install --upgrade pip\n[run-tests/Run tests]   | Collecting repoze.who\n[run-tests/Run tests]   |   Downloading repoze.who-3.0.0-py3-none-any.whl (66 kB)\n[run-tests/Run tests]   |      \u2501\u2501\u2501\u2501\u2501\u2501\u2501\u2501\u2501\u2501\u2501\u2501\u2501\u2501\u2501\u2501\u2501\u2501\u2501\u2501\u2501\u2501\u2501\u2501\u2501\u2501\u2501\u2501\u2501\u2501\u2501\u2501\u2501\u2501\u2501\u2501\u2501\u2501\u2501\u2501 66.0/66.0 kB 12.6 MB/s eta 0:00:00\n[run-tests/Run tests]   | Requirement already satisfied: WebOb in /opt/hostedtoolcache/Python/3.7.11/x64/lib/python3.7/site-packages (from repoze.who) (1.8.7)\n[run-tests/Run tests]   | Requirement already satisfied: setuptools in /opt/hostedtoolcache/Python/3.7.11/x64/lib/python3.7/site-packages (from repoze.who) (47.1.0)\n[run-tests/Run tests]   | Collecting zope.interface (from repoze.who)\n[run-tests/Run tests]   |   Downloading zope.interface-6.0-cp37-cp37m-manylinux_2_5_x86_64.manylinux1_x86_64.manylinux_2_17_x86_64.manylinux2014_x86_64.whl (241 kB)\n[run-tests/Run tests]   |      \u2501\u2501\u2501\u2501\u2501\u2501\u2501\u2501\u2501\u2501\u2501\u2501\u2501\u2501\u2501\u2501\u2501\u2501\u2501\u2501\u2501\u2501\u2501\u2501\u2501\u2501\u2501\u2501\u2501\u2501\u2501\u2501\u2501\u2501\u2501\u2501\u2501\u2501\u2501 241.5/241.5 kB 7.4 MB/s eta 0:00:00\n[run-tests/Run tests]   | Installing collected packages: zope.interface, repoze.who\n[run-tests/Run tests]   | Successfully installed repoze.who-3.0.0 zope.interface-6.0\n[run-tests/Run tests]   | \n[run-tests/Run tests]   | [notice] A new release of pip is available: 20.1.1 -> 23.1.2\n[run-tests/Run tests]   | [notice] To update, run: pip install --upgrade pip\n[run-tests/Run tests]   | Obtaining file:///tmp/de65f406-fe28-11ed-a890-af2cc187fc11/TurboGears-tg2\n[run-tests/Run tests]   |   Installing build dependencies: started\n[run-tests/Run tests]   |   Installing build dependencies: finished with status 'done'\n[run-tests/Run tests]   |   Checking if build backend supports build_editable: started\n[run-tests/Run tests]   |   Checking if build backend supports build_editable: finished with status 'done'\n[run-tests/Run tests]   |   Getting requirements to build editable: started\n[run-tests/Run tests]   |   Getting requirements to build editable: finished with status 'done'\n[run-tests/Run tests]   |   Preparing editable metadata (pyproject.toml): started\n[run-tests/Run tests]   |   Preparing editable metadata (pyproject.toml): finished with status 'done'\n[run-tests/Run tests]   | Requirement already satisfied: WebOb<1.10.0,>=1.8.0 in /opt/hostedtoolcache/Python/3.7.11/x64/lib/python3.7/site-packages (from TurboGears2==2.5.0a0) (1.8.7)\n[run-tests/Run tests]   | Requirement already satisfied: crank<0.9.0,>=0.8.0 in /opt/hostedtoolcache/Python/3.7.11/x64/lib/python3.7/site-packages (from TurboGears2==2.5.0a0) (0.8.1)\n[run-tests/Run tests]   | Collecting repoze.lru (from TurboGears2==2.5.0a0)\n[run-tests/Run tests]   |   Downloading repoze.lru-0.7-py3-none-any.whl (10 kB)\n[run-tests/Run tests]   | Collecting MarkupSafe (from TurboGears2==2.5.0a0)\n[run-tests/Run tests]   |   Downloading MarkupSafe-2.1.2-cp37-cp37m-manylinux_2_17_x86_64.manylinux2014_x86_64.whl (25 kB)\n[run-tests/Run tests]   | Collecting pytest (from TurboGears2==2.5.0a0)\n[run-tests/Run tests]   |   Downloading pytest-7.3.1-py3-none-any.whl (320 kB)\n[run-tests/Run tests]   |      \u2501\u2501\u2501\u2501\u2501\u2501\u2501\u2501\u2501\u2501\u2501\u2501\u2501\u2501\u2501\u2501\u2501\u2501\u2501\u2501\u2501\u2501\u2501\u2501\u2501\u2501\u2501\u2501\u2501\u2501\u2501\u2501\u2501\u2501\u2501\u2501\u2501\u2501\u2501 320.5/320.5 kB 5.2 MB/s eta 0:00:00\n[run-tests/Run tests]   | Collecting zope.sqlalchemy>=0.4 (from TurboGears2==2.5.0a0)\n[run-tests/Run tests]   |   Downloading zope.sqlalchemy-2.0-py3-none-any.whl (22 kB)\n[run-tests/Run tests]   | Requirement already satisfied: repoze.who in /opt/hostedtoolcache/Python/3.7.11/x64/lib/python3.7/site-packages (from TurboGears2==2.5.0a0) (3.0.0)\n[run-tests/Run tests]   | Collecting repoze.who.plugins.sa>=1.0.1 (from TurboGears2==2.5.0a0)\n[run-tests/Run tests]   |   Downloading repoze.who.plugins.sa-1.0.1.tar.gz (5.0 kB)\n[run-tests/Run tests]   |   Installing build dependencies: started\n[run-tests/Run tests]   |   Installing build dependencies: finished with status 'done'\n[run-tests/Run tests]   |   Getting requirements to build wheel: started\n[run-tests/Run tests]   |   Getting requirements to build wheel: finished with status 'done'\n[run-tests/Run tests]   |   Preparing metadata (pyproject.toml): started\n[run-tests/Run tests]   |   Preparing metadata (pyproject.toml): finished with status 'done'\n[run-tests/Run tests]   | Collecting Genshi>=0.5.1 (from TurboGears2==2.5.0a0)\n[run-tests/Run tests]   |   Downloading Genshi-0.7.7-py3-none-any.whl (177 kB)\n[run-tests/Run tests]   |      \u2501\u2501\u2501\u2501\u2501\u2501\u2501\u2501\u2501\u2501\u2501\u2501\u2501\u2501\u2501\u2501\u2501\u2501\u2501\u2501\u2501\u2501\u2501\u2501\u2501\u2501\u2501\u2501\u2501\u2501\u2501\u2501\u2501\u2501\u2501\u2501\u2501\u2501\u2501 177.4/177.4 kB 7.4 MB/s eta 0:00:00\n[run-tests/Run tests]   | Collecting Mako (from TurboGears2==2.5.0a0)\n[run-tests/Run tests]   |   Downloading Mako-1.2.4-py3-none-any.whl (78 kB)\n[run-tests/Run tests]   |      \u2501\u2501\u2501\u2501\u2501\u2501\u2501\u2501\u2501\u2501\u2501\u2501\u2501\u2501\u2501\u2501\u2501\u2501\u2501\u2501\u2501\u2501\u2501\u2501\u2501\u2501\u2501\u2501\u2501\u2501\u2501\u2501\u2501\u2501\u2501\u2501\u2501\u2501\u2501\u2501 78.7/78.7 kB 4.8 MB/s eta 0:00:00\n[run-tests/Run tests]   | Collecting WebTest (from TurboGears2==2.5.0a0)\n[run-tests/Run tests]   |   Downloading WebTest-3.0.0-py3-none-any.whl (31 kB)\n[run-tests/Run tests]   | Requirement already satisfied: backlash>=0.3.0 in /opt/hostedtoolcache/Python/3.7.11/x64/lib/python3.7/site-packages (from TurboGears2==2.5.0a0) (0.3.1)\n[run-tests/Run tests]   | Collecting raven (from TurboGears2==2.5.0a0)\n[run-tests/Run tests]   |   Downloading raven-6.10.0-py2.py3-none-any.whl (284 kB)\n[run-tests/Run tests]   |      \u2501\u2501\u2501\u2501\u2501\u2501\u2501\u2501\u2501\u2501\u2501\u2501\u2501\u2501\u2501\u2501\u2501\u2501\u2501\u2501\u2501\u2501\u2501\u2501\u2501\u2501\u2501\u2501\u2501\u2501\u2501\u2501\u2501\u2501\u2501\u2501\u2501\u2501 284.3/284.3 kB 27.4 MB/s eta 0:00:00\n[run-tests/Run tests]   | Collecting tw2.forms (from TurboGears2==2.5.0a0)\n[run-tests/Run tests]   |   Downloading tw2.forms-2.2.6.tar.gz (83 kB)\n[run-tests/Run tests]   |      \u2501\u2501\u2501\u2501\u2501\u2501\u2501\u2501\u2501\u2501\u2501\u2501\u2501\u2501\u2501\u2501\u2501\u2501\u2501\u2501\u2501\u2501\u2501\u2501\u2501\u2501\u2501\u2501\u2501\u2501\u2501\u2501\u2501\u2501\u2501\u2501\u2501\u2501\u2501\u2501 83.2/83.2 kB 19.7 MB/s eta 0:00:00\n[run-tests/Run tests]   |   Installing build dependencies: started\n[run-tests/Run tests]   |   Installing build dependencies: finished with status 'done'\n[run-tests/Run tests]   |   Getting requirements to build wheel: started\n[run-tests/Run tests]   |   Getting requirements to build wheel: finished with status 'done'\n[run-tests/Run tests]   |   Preparing metadata (pyproject.toml): started\n[run-tests/Run tests]   |   Preparing metadata (pyproject.toml): finished with status 'done'\n[run-tests/Run tests]   | Collecting Beaker (from TurboGears2==2.5.0a0)\n[run-tests/Run tests]   |   Downloading Beaker-1.12.1.tar.gz (67 kB)\n[run-tests/Run tests]   |      \u2501\u2501\u2501\u2501\u2501\u2501\u2501\u2501\u2501\u2501\u2501\u2501\u2501\u2501\u2501\u2501\u2501\u2501\u2501\u2501\u2501\u2501\u2501\u2501\u2501\u2501\u2501\u2501\u2501\u2501\u2501\u2501\u2501\u2501\u2501\u2501\u2501\u2501\u2501\u2501 67.3/67.3 kB 2.3 MB/s eta 0:00:00\n[run-tests/Run tests]   |   Installing build dependencies: started\n[run-tests/Run tests]   |   Installing build dependencies: finished with status 'done'\n[run-tests/Run tests]   |   Getting requirements to build wheel: started\n[run-tests/Run tests]   |   Getting requirements to build wheel: finished with status 'done'\n[run-tests/Run tests]   |   Preparing metadata (pyproject.toml): started\n[run-tests/Run tests]   |   Preparing metadata (pyproject.toml): finished with status 'done'\n[run-tests/Run tests]   | Collecting sqlalchemy (from TurboGears2==2.5.0a0)\n[run-tests/Run tests]   |   Downloading SQLAlchemy-2.0.15-cp37-cp37m-manylinux_2_17_x86_64.manylinux2014_x86_64.whl (2.7 MB)\n[run-tests/Run tests]   |      \u2501\u2501\u2501\u2501\u2501\u2501\u2501\u2501\u2501\u2501\u2501\u2501\u2501\u2501\u2501\u2501\u2501\u2501\u2501\u2501\u2501\u2501\u2501\u2501\u2501\u2501\u2501\u2501\u2501\u2501\u2501\u2501\u2501\u2501\u2501\u2501\u2501\u2501\u2501\u2501 2.7/2.7 MB 25.9 MB/s eta 0:00:00\n[run-tests/Run tests]   | Collecting jinja2 (from TurboGears2==2.5.0a0)\n[run-tests/Run tests]   |   Downloading Jinja2-3.1.2-py3-none-any.whl (133 kB)\n[run-tests/Run tests]   |      \u2501\u2501\u2501\u2501\u2501\u2501\u2501\u2501\u2501\u2501\u2501\u2501\u2501\u2501\u2501\u2501\u2501\u2501\u2501\u2501\u2501\u2501\u2501\u2501\u2501\u2501\u2501\u2501\u2501\u2501\u2501\u2501\u2501\u2501\u2501\u2501\u2501\u2501\u2501 133.1/133.1 kB 1.8 MB/s eta 0:00:00\n[run-tests/Run tests]   | Requirement already satisfied: ming>=0.8.0 in /opt/hostedtoolcache/Python/3.7.11/x64/lib/python3.7/site-packages (from TurboGears2==2.5.0a0) (0.13.0)\n[run-tests/Run tests]   | Collecting Kajiki>=0.4.4 (from TurboGears2==2.5.0a0)\n[run-tests/Run tests]   |   Downloading kajiki-0.9.2-py3-none-any.whl (39 kB)\n[run-tests/Run tests]   | Collecting formencode>=1.3.0a1 (from TurboGears2==2.5.0a0)\n[run-tests/Run tests]   |   Downloading FormEncode-2.0.1-py2.py3-none-any.whl (363 kB)\n[run-tests/Run tests]   |      \u2501\u2501\u2501\u2501\u2501\u2501\u2501\u2501\u2501\u2501\u2501\u2501\u2501\u2501\u2501\u2501\u2501\u2501\u2501\u2501\u2501\u2501\u2501\u2501\u2501\u2501\u2501\u2501\u2501\u2501\u2501\u2501\u2501\u2501\u2501\u2501\u2501\u2501 363.5/363.5 kB 25.0 MB/s eta 0:00:00\n[run-tests/Run tests]   | Collecting six (from formencode>=1.3.0a1->TurboGears2==2.5.0a0)\n[run-tests/Run tests]   |   Downloading six-1.16.0-py2.py3-none-any.whl (11 kB)\n[run-tests/Run tests]   | Collecting linetable (from Kajiki>=0.4.4->TurboGears2==2.5.0a0)\n[run-tests/Run tests]   |   Downloading linetable-0.0.3.tar.gz (3.8 kB)\n[run-tests/Run tests]   |   Installing build dependencies: started\n[run-tests/Run tests]   |   Installing build dependencies: finished with status 'done'\n[run-tests/Run tests]   |   Getting requirements to build wheel: started\n[run-tests/Run tests]   |   Getting requirements to build wheel: finished with status 'done'\n[run-tests/Run tests]   |   Preparing metadata (pyproject.toml): started\n[run-tests/Run tests]   |   Preparing metadata (pyproject.toml): finished with status 'done'\n[run-tests/Run tests]   | Requirement already satisfied: pymongo<4,>=3.0 in /opt/hostedtoolcache/Python/3.7.11/x64/lib/python3.7/site-packages (from ming>=0.8.0->TurboGears2==2.5.0a0) (3.13.0)\n[run-tests/Run tests]   | Requirement already satisfied: pytz in /opt/hostedtoolcache/Python/3.7.11/x64/lib/python3.7/site-packages (from ming>=0.8.0->TurboGears2==2.5.0a0) (2023.3)\n[run-tests/Run tests]   | Requirement already satisfied: setuptools in /opt/hostedtoolcache/Python/3.7.11/x64/lib/python3.7/site-packages (from repoze.who->TurboGears2==2.5.0a0) (47.1.0)\n[run-tests/Run tests]   | Collecting setuptools (from repoze.who->TurboGears2==2.5.0a0)\n[run-tests/Run tests]   |   Using cached setuptools-67.8.0-py3-none-any.whl (1.1 MB)\n[run-tests/Run tests]   | Requirement already satisfied: zope.interface in /opt/hostedtoolcache/Python/3.7.11/x64/lib/python3.7/site-packages (from repoze.who->TurboGears2==2.5.0a0) (6.0)\n[run-tests/Run tests]   | Collecting zope.interface (from repoze.who->TurboGears2==2.5.0a0)\n[run-tests/Run tests]   |   Downloading zope.interface-6.1a2-cp37-cp37m-manylinux_2_5_x86_64.manylinux1_x86_64.manylinux_2_17_x86_64.manylinux2014_x86_64.whl (241 kB)\n[run-tests/Run tests]   |      \u2501\u2501\u2501\u2501\u2501\u2501\u2501\u2501\u2501\u2501\u2501\u2501\u2501\u2501\u2501\u2501\u2501\u2501\u2501\u2501\u2501\u2501\u2501\u2501\u2501\u2501\u2501\u2501\u2501\u2501\u2501\u2501\u2501\u2501\u2501\u2501\u2501\u2501\u2501 241.6/241.6 kB 6.4 MB/s eta 0:00:00\n[run-tests/Run tests]   | Collecting typing-extensions>=4.2.0 (from sqlalchemy->TurboGears2==2.5.0a0)\n[run-tests/Run tests]   |   Downloading typing_extensions-4.6.2-py3-none-any.whl (31 kB)\n[run-tests/Run tests]   | Collecting greenlet!=0.4.17 (from sqlalchemy->TurboGears2==2.5.0a0)\n[run-tests/Run tests]   |   Downloading greenlet-2.0.2-cp37-cp37m-manylinux_2_17_x86_64.manylinux2014_x86_64.whl (566 kB)\n[run-tests/Run tests]   |      \u2501\u2501\u2501\u2501\u2501\u2501\u2501\u2501\u2501\u2501\u2501\u2501\u2501\u2501\u2501\u2501\u2501\u2501\u2501\u2501\u2501\u2501\u2501\u2501\u2501\u2501\u2501\u2501\u2501\u2501\u2501\u2501\u2501\u2501\u2501\u2501\u2501\u2501 566.1/566.1 kB 16.9 MB/s eta 0:00:00\n[run-tests/Run tests]   | Collecting importlib-metadata (from sqlalchemy->TurboGears2==2.5.0a0)\n[run-tests/Run tests]   |   Downloading importlib_metadata-6.6.0-py3-none-any.whl (22 kB)\n[run-tests/Run tests]   | Collecting sqlalchemy (from TurboGears2==2.5.0a0)\n[run-tests/Run tests]   |   Downloading SQLAlchemy-1.4.48-cp37-cp37m-manylinux_2_5_x86_64.manylinux1_x86_64.manylinux_2_17_x86_64.manylinux2014_x86_64.whl (1.6 MB)\n[run-tests/Run tests]   |      \u2501\u2501\u2501\u2501\u2501\u2501\u2501\u2501\u2501\u2501\u2501\u2501\u2501\u2501\u2501\u2501\u2501\u2501\u2501\u2501\u2501\u2501\u2501\u2501\u2501\u2501\u2501\u2501\u2501\u2501\u2501\u2501\u2501\u2501\u2501\u2501\u2501\u2501\u2501\u2501 1.6/1.6 MB 52.0 MB/s eta 0:00:00\n[run-tests/Run tests]   | Collecting transaction>=1.6.0 (from zope.sqlalchemy>=0.4->TurboGears2==2.5.0a0)\n[run-tests/Run tests]   |   Downloading transaction-3.1.0-py2.py3-none-any.whl (47 kB)\n[run-tests/Run tests]   |      \u2501\u2501\u2501\u2501\u2501\u2501\u2501\u2501\u2501\u2501\u2501\u2501\u2501\u2501\u2501\u2501\u2501\u2501\u2501\u2501\u2501\u2501\u2501\u2501\u2501\u2501\u2501\u2501\u2501\u2501\u2501\u2501\u2501\u2501\u2501\u2501\u2501\u2501\u2501\u2501 47.3/47.3 kB 2.3 MB/s eta 0:00:00\n[run-tests/Run tests]   | Collecting iniconfig (from pytest->TurboGears2==2.5.0a0)\n[run-tests/Run tests]   |   Downloading iniconfig-2.0.0-py3-none-any.whl (5.9 kB)\n[run-tests/Run tests]   | Collecting packaging (from pytest->TurboGears2==2.5.0a0)\n[run-tests/Run tests]   |   Downloading packaging-23.1-py3-none-any.whl (48 kB)\n[run-tests/Run tests]   |      \u2501\u2501\u2501\u2501\u2501\u2501\u2501\u2501\u2501\u2501\u2501\u2501\u2501\u2501\u2501\u2501\u2501\u2501\u2501\u2501\u2501\u2501\u2501\u2501\u2501\u2501\u2501\u2501\u2501\u2501\u2501\u2501\u2501\u2501\u2501\u2501\u2501\u2501\u2501\u2501 48.9/48.9 kB 2.0 MB/s eta 0:00:00\n[run-tests/Run tests]   | Collecting pluggy<2.0,>=0.12 (from pytest->TurboGears2==2.5.0a0)\n[run-tests/Run tests]   |   Downloading pluggy-1.0.0-py2.py3-none-any.whl (13 kB)\n[run-tests/Run tests]   | Collecting exceptiongroup>=1.0.0rc8 (from pytest->TurboGears2==2.5.0a0)\n[run-tests/Run tests]   |   Downloading exceptiongroup-1.1.1-py3-none-any.whl (14 kB)\n[run-tests/Run tests]   | Collecting tomli>=1.0.0 (from pytest->TurboGears2==2.5.0a0)\n[run-tests/Run tests]   |   Downloading tomli-2.0.1-py3-none-any.whl (12 kB)\n[run-tests/Run tests]   | Collecting tw2.core>=2.1.4 (from tw2.forms->TurboGears2==2.5.0a0)\n[run-tests/Run tests]   |   Downloading tw2.core-2.3.0.tar.gz (235 kB)\n[run-tests/Run tests]   |      \u2501\u2501\u2501\u2501\u2501\u2501\u2501\u2501\u2501\u2501\u2501\u2501\u2501\u2501\u2501\u2501\u2501\u2501\u2501\u2501\u2501\u2501\u2501\u2501\u2501\u2501\u2501\u2501\u2501\u2501\u2501\u2501\u2501\u2501\u2501\u2501\u2501\u2501\u2501 235.9/235.9 kB 5.4 MB/s eta 0:00:00\n[run-tests/Run tests]   |   Installing build dependencies: started\n[run-tests/Run tests]   |   Installing build dependencies: finished with status 'done'\n[run-tests/Run tests]   |   Getting requirements to build wheel: started\n[run-tests/Run tests]   |   Getting requirements to build wheel: finished with status 'done'\n[run-tests/Run tests]   |   Preparing metadata (pyproject.toml): started\n[run-tests/Run tests]   |   Preparing metadata (pyproject.toml): finished with status 'done'\n[run-tests/Run tests]   | Collecting waitress>=0.8.5 (from WebTest->TurboGears2==2.5.0a0)\n[run-tests/Run tests]   |   Downloading waitress-2.1.2-py3-none-any.whl (57 kB)\n[run-tests/Run tests]   |      \u2501\u2501\u2501\u2501\u2501\u2501\u2501\u2501\u2501\u2501\u2501\u2501\u2501\u2501\u2501\u2501\u2501\u2501\u2501\u2501\u2501\u2501\u2501\u2501\u2501\u2501\u2501\u2501\u2501\u2501\u2501\u2501\u2501\u2501\u2501\u2501\u2501\u2501\u2501\u2501 57.7/57.7 kB 4.7 MB/s eta 0:00:00\n[run-tests/Run tests]   | Collecting beautifulsoup4 (from WebTest->TurboGears2==2.5.0a0)\n[run-tests/Run tests]   |   Downloading beautifulsoup4-4.12.2-py3-none-any.whl (142 kB)\n[run-tests/Run tests]   |      \u2501\u2501\u2501\u2501\u2501\u2501\u2501\u2501\u2501\u2501\u2501\u2501\u2501\u2501\u2501\u2501\u2501\u2501\u2501\u2501\u2501\u2501\u2501\u2501\u2501\u2501\u2501\u2501\u2501\u2501\u2501\u2501\u2501\u2501\u2501\u2501\u2501\u2501 143.0/143.0 kB 15.2 MB/s eta 0:00:00\n[run-tests/Run tests]   | Collecting zipp>=0.5 (from importlib-metadata->sqlalchemy->TurboGears2==2.5.0a0)\n[run-tests/Run tests]   |   Downloading zipp-3.15.0-py3-none-any.whl (6.8 kB)\n[run-tests/Run tests]   | Collecting PasteDeploy (from tw2.core>=2.1.4->tw2.forms->TurboGears2==2.5.0a0)\n[run-tests/Run tests]   |   Downloading PasteDeploy-3.0.1-py3-none-any.whl (16 kB)\n[run-tests/Run tests]   | Collecting speaklater (from tw2.core>=2.1.4->tw2.forms->TurboGears2==2.5.0a0)\n[run-tests/Run tests]   |   Downloading speaklater-1.3.tar.gz (3.6 kB)\n[run-tests/Run tests]   |   Installing build dependencies: started\n[run-tests/Run tests]   |   Installing build dependencies: finished with status 'done'\n[run-tests/Run tests]   |   Getting requirements to build wheel: started\n[run-tests/Run tests]   |   Getting requirements to build wheel: finished with status 'done'\n[run-tests/Run tests]   |   Preparing metadata (pyproject.toml): started\n[run-tests/Run tests]   |   Preparing metadata (pyproject.toml): finished with status 'done'\n[run-tests/Run tests]   | Collecting decorator (from tw2.core>=2.1.4->tw2.forms->TurboGears2==2.5.0a0)\n[run-tests/Run tests]   |   Downloading decorator-5.1.1-py3-none-any.whl (9.1 kB)\n[run-tests/Run tests]   | Collecting soupsieve>1.2 (from beautifulsoup4->WebTest->TurboGears2==2.5.0a0)\n[run-tests/Run tests]   |   Downloading soupsieve-2.4.1-py3-none-any.whl (36 kB)\n[run-tests/Run tests]   | Building wheels for collected packages: repoze.who.plugins.sa, Beaker, TurboGears2, tw2.forms, tw2.core, linetable, speaklater\n[run-tests/Run tests]   |   Building wheel for repoze.who.plugins.sa (pyproject.toml): started\n[run-tests/Run tests]   |   Building wheel for repoze.who.plugins.sa (pyproject.toml): finished with status 'done'\n[run-tests/Run tests]   |   Created wheel for repoze.who.plugins.sa: filename=repoze.who.plugins.sa-1.0.1-py3-none-any.whl size=5389 sha256=06bbf50a44056fc7e59f391015116c12ee45c6fb3153f3199166357f305eca9a\n[run-tests/Run tests]   |   Stored in directory: /home/runneradmin/.cache/pip/wheels/a4/70/f5/49963f90dec1c04fd61df9553c3afce78765f89248757cce42\n[run-tests/Run tests]   |   Building wheel for Beaker (pyproject.toml): started\n[run-tests/Run tests]   |   Building wheel for Beaker (pyproject.toml): finished with status 'done'\n[run-tests/Run tests]   |   Created wheel for Beaker: filename=Beaker-1.12.1-py3-none-any.whl size=51629 sha256=09f31c4eba013bce65358cd0ab5f3de55375016aeedc10d64c14604dfa6b60f8\n[run-tests/Run tests]   |   Stored in directory: /home/runneradmin/.cache/pip/wheels/ce/2d/e3/1982b697c681e0b44be6ca0aec25bc9e2b59aec845d7e03d2c\n[run-tests/Run tests]   |   Building editable for TurboGears2 (pyproject.toml): started\n[run-tests/Run tests]   |   Building editable for TurboGears2 (pyproject.toml): finished with status 'done'\n[run-tests/Run tests]   |   Created wheel for TurboGears2: filename=TurboGears2-2.5.0a0-0.editable-py3-none-any.whl size=4298 sha256=394ad9f1240d38c8a71eecee66d470dc986894e8e724bbc27b838ceb15f53508\n[run-tests/Run tests]   |   Stored in directory: /tmp/pip-ephem-wheel-cache-mupim3j8/wheels/c8/5f/2b/4a2d1e807979209034b29be3edab9dbcc245f5849eef15af2d\n[run-tests/Run tests]   |   Building wheel for tw2.forms (pyproject.toml): started\n[run-tests/Run tests]   |   Building wheel for tw2.forms (pyproject.toml): finished with status 'done'\n[run-tests/Run tests]   |   Created wheel for tw2.forms: filename=tw2.forms-2.2.6-py3-none-any.whl size=156209 sha256=03f823546836d5ae7707e222a35a29ba82c381d74b2bb3cfe977a4b1969c21b5\n[run-tests/Run tests]   |   Stored in directory: /home/runneradmin/.cache/pip/wheels/c6/fb/a2/6fc6714a81444f18e9da86c7f23065a1ac01de74ced7359cde\n[run-tests/Run tests]   |   Building wheel for tw2.core (pyproject.toml): started\n[run-tests/Run tests]   |   Building wheel for tw2.core (pyproject.toml): finished with status 'done'\n[run-tests/Run tests]   |   Created wheel for tw2.core: filename=tw2.core-2.3.0-py3-none-any.whl size=80494 sha256=1a880b5797144477be97a404cbd2c5020d54e08f43820343c24eeb817d57aa66\n[run-tests/Run tests]   |   Stored in directory: /home/runneradmin/.cache/pip/wheels/10/6f/ce/9637e30355b9c23b39d2047ddbdd1d583fd59fd873f25133fc\n[run-tests/Run tests]   |   Building wheel for linetable (pyproject.toml): started\n[run-tests/Run tests]   |   Building wheel for linetable (pyproject.toml): finished with status 'done'\n[run-tests/Run tests]   |   Created wheel for linetable: filename=linetable-0.0.3-py3-none-any.whl size=3765 sha256=9821e7a0d35f94a450b00dfba9591e9156678e0b6fffa8de905b78bc7751b7dd\n[run-tests/Run tests]   |   Stored in directory: /home/runneradmin/.cache/pip/wheels/50/4b/6b/f0c0fda05e240eb1b544c9dda5251646219817bafff1227002\n[run-tests/Run tests]   |   Building wheel for speaklater (pyproject.toml): started\n[run-tests/Run tests]   |   Building wheel for speaklater (pyproject.toml): finished with status 'done'\n[run-tests/Run tests]   |   Created wheel for speaklater: filename=speaklater-1.3-py3-none-any.whl size=4697 sha256=561ea2284fac5c3d202a467fa41997e1d98af14993c255e2a85b939de4f5845f\n[run-tests/Run tests]   |   Stored in directory: /home/runneradmin/.cache/pip/wheels/75/e9/93/a3352ff3d4ef1d8cdeaf6466214d74cf94717239b7835a9a21\n[run-tests/Run tests]   | Successfully built repoze.who.plugins.sa Beaker TurboGears2 tw2.forms tw2.core linetable speaklater\n[run-tests/Run tests]   | Installing collected packages: speaklater, repoze.lru, raven, linetable, Beaker, zipp, waitress, typing-extensions, tomli, soupsieve, six, setuptools, packaging, MarkupSafe, Kajiki, iniconfig, greenlet, exceptiongroup, decorator, zope.interface, TurboGears2, jinja2, importlib-metadata, Genshi, formencode, beautifulsoup4, WebTest, transaction, sqlalchemy, pluggy, PasteDeploy, Mako, zope.sqlalchemy, tw2.core, repoze.who.plugins.sa, pytest, tw2.forms\n[run-tests/Run tests]   |   Attempting uninstall: setuptools\n[run-tests/Run tests]   |     Found existing installation: setuptools 47.1.0\n[run-tests/Run tests]   |     Uninstalling setuptools-47.1.0:\n[run-tests/Run tests]   |       Successfully uninstalled setuptools-47.1.0\n[run-tests/Run tests]   |   Attempting uninstall: zope.interface\n[run-tests/Run tests]   |     Found existing installation: zope.interface 6.0\n[run-tests/Run tests]   |     Uninstalling zope.interface-6.0:\n[run-tests/Run tests]   |       Successfully uninstalled zope.interface-6.0\n[run-tests/Run tests]   | Successfully installed Beaker-1.12.1 Genshi-0.7.7 Kajiki-0.9.2 Mako-1.2.4 MarkupSafe-2.1.2 PasteDeploy-3.0.1 TurboGears2-2.5.0a0 WebTest-3.0.0 beautifulsoup4-4.12.2 decorator-5.1.1 exceptiongroup-1.1.1 formencode-2.0.1 greenlet-2.0.2 importlib-metadata-6.6.0 iniconfig-2.0.0 jinja2-3.1.2 linetable-0.0.3 packaging-23.1 pluggy-1.0.0 pytest-7.3.1 raven-6.10.0 repoze.lru-0.7 repoze.who.plugins.sa-1.0.1 setuptools-67.8.0 six-1.16.0 soupsieve-2.4.1 speaklater-1.3 sqlalchemy-1.4.48 tomli-2.0.1 transaction-3.1.0 tw2.core-2.3.0 tw2.forms-2.2.6 typing-extensions-4.6.2 waitress-2.1.2 zipp-3.15.0 zope.interface-6.1a2 zope.sqlalchemy-2.0\n[run-tests/Run tests]   | \n[run-tests/Run tests]   | [notice] A new release of pip is available: 20.1.1 -> 23.1.2\n[run-tests/Run tests]   | [notice] To update, run: pip install --upgrade pip\n[run-tests/Run tests]   | Collecting pytest-cov\n[run-tests/Run tests]   |   Downloading pytest_cov-4.1.0-py3-none-any.whl (21 kB)\n[run-tests/Run tests]   | Requirement already satisfied: pytest>=4.6 in /opt/hostedtoolcache/Python/3.7.11/x64/lib/python3.7/site-packages (from pytest-cov) (7.3.1)\n[run-tests/Run tests]   | Collecting coverage[toml]>=5.2.1 (from pytest-cov)\n[run-tests/Run tests]   |   Downloading coverage-7.2.6-cp37-cp37m-manylinux_2_5_x86_64.manylinux1_x86_64.manylinux_2_17_x86_64.manylinux2014_x86_64.whl (225 kB)\n[run-tests/Run tests]   |      \u2501\u2501\u2501\u2501\u2501\u2501\u2501\u2501\u2501\u2501\u2501\u2501\u2501\u2501\u2501\u2501\u2501\u2501\u2501\u2501\u2501\u2501\u2501\u2501\u2501\u2501\u2501\u2501\u2501\u2501\u2501\u2501\u2501\u2501\u2501\u2501\u2501\u2501\u2501 225.5/225.5 kB 3.8 MB/s eta 0:00:00\n[run-tests/Run tests]   | Requirement already satisfied: tomli in /opt/hostedtoolcache/Python/3.7.11/x64/lib/python3.7/site-packages (from coverage[toml]>=5.2.1->pytest-cov) (2.0.1)\n[run-tests/Run tests]   | Requirement already satisfied: iniconfig in /opt/hostedtoolcache/Python/3.7.11/x64/lib/python3.7/site-packages (from pytest>=4.6->pytest-cov) (2.0.0)\n[run-tests/Run tests]   | Requirement already satisfied: packaging in /opt/hostedtoolcache/Python/3.7.11/x64/lib/python3.7/site-packages (from pytest>=4.6->pytest-cov) (23.1)\n[run-tests/Run tests]   | Requirement already satisfied: pluggy<2.0,>=0.12 in /opt/hostedtoolcache/Python/3.7.11/x64/lib/python3.7/site-packages (from pytest>=4.6->pytest-cov) (1.0.0)\n[run-tests/Run tests]   | Requirement already satisfied: exceptiongroup>=1.0.0rc8 in /opt/hostedtoolcache/Python/3.7.11/x64/lib/python3.7/site-packages (from pytest>=4.6->pytest-cov) (1.1.1)\n[run-tests/Run tests]   | Requirement already satisfied: importlib-metadata>=0.12 in /opt/hostedtoolcache/Python/3.7.11/x64/lib/python3.7/site-packages (from pytest>=4.6->pytest-cov) (6.6.0)\n[run-tests/Run tests]   | Requirement already satisfied: zipp>=0.5 in /opt/hostedtoolcache/Python/3.7.11/x64/lib/python3.7/site-packages (from importlib-metadata>=0.12->pytest>=4.6->pytest-cov) (3.15.0)\n[run-tests/Run tests]   | Requirement already satisfied: typing-extensions>=3.6.4 in /opt/hostedtoolcache/Python/3.7.11/x64/lib/python3.7/site-packages (from importlib-metadata>=0.12->pytest>=4.6->pytest-cov) (4.6.2)\n[run-tests/Run tests]   | Installing collected packages: coverage, pytest-cov\n[run-tests/Run tests]   | Successfully installed coverage-7.2.6 pytest-cov-4.1.0\n[run-tests/Run tests]   | \n[run-tests/Run tests]   | [notice] A new release of pip is available: 20.1.1 -> 23.1.2\n[run-tests/Run tests]   | [notice] To update, run: pip install --upgrade pip\n[run-tests/Run tests]   \u2705  Success - Main Install dependencies\n[run-tests/Run tests] \u2b50 Run Main Run Tests\n[run-tests/Run tests]   \ud83d\udc33  docker exec cmd=[bash --noprofile --norc -e -o pipefail /var/run/act/workflow/3] user= workdir=\n[run-tests/Run tests]   | ============================= test session starts ==============================\n[run-tests/Run tests]   | platform linux -- Python 3.7.11, pytest-7.3.1, pluggy-1.0.0\n[run-tests/Run tests]   | rootdir: /tmp/de65f406-fe28-11ed-a890-af2cc187fc11/TurboGears-tg2\n[run-tests/Run tests]   | plugins: cov-4.1.0\n[run-tests/Run tests]   | collected 895 items\n[run-tests/Run tests]   | \n[run-tests/Run tests]   | tests/test_balanced_session.py ........                                  [  0%]\n[run-tests/Run tests]   | tests/test_caching.py ......................                             [  3%]\n[run-tests/Run tests]   | tests/test_config_milestones.py ........                                 [  4%]\n[run-tests/Run tests]   | tests/test_configuration.py ............................................ [  9%]\n[run-tests/Run tests]   | .......................................................................  [ 17%]\n[run-tests/Run tests]   | tests/test_configuration_util.py ........................                [ 19%]\n[run-tests/Run tests]   | tests/test_controllers.py ................                               [ 21%]\n[run-tests/Run tests]   | tests/test_converters.py .................                               [ 23%]\n[run-tests/Run tests]   | tests/test_errorware.py ...............                                  [ 25%]\n[run-tests/Run tests]   | tests/test_fastform.py ...........                                       [ 26%]\n[run-tests/Run tests]   | tests/test_generic_json.py ...                                           [ 26%]\n[run-tests/Run tests]   | tests/test_hooks.py ...............                                      [ 28%]\n[run-tests/Run tests]   | tests/test_i18n.py ............................                          [ 31%]\n[run-tests/Run tests]   | tests/test_jsonify.py ....................                               [ 33%]\n[run-tests/Run tests]   | tests/test_jsonify_sqlalchemy.py .......                                 [ 34%]\n[run-tests/Run tests]   | tests/test_middlewares.py ......                                         [ 35%]\n[run-tests/Run tests]   | tests/test_predicates.py ............................................... [ 40%]\n[run-tests/Run tests]   | ...                                                                      [ 40%]\n[run-tests/Run tests]   | tests/test_render.py ..............                                      [ 42%]\n[run-tests/Run tests]   | tests/test_rest_controller_dispatch.py ................................. [ 46%]\n[run-tests/Run tests]   | ...................................................                      [ 51%]\n[run-tests/Run tests]   | tests/test_statics.py ............                                       [ 53%]\n[run-tests/Run tests]   | tests/test_tg_controller_dispatch.py ................................... [ 56%]\n[run-tests/Run tests]   | ......................................                                   [ 61%]\n[run-tests/Run tests]   | tests/test_util.py ............................................          [ 66%]\n[run-tests/Run tests]   | tests/test_validation.py .........s.sss...s...........................   [ 71%]\n[run-tests/Run tests]   | tests/test_stack/test_authz.py ......................................... [ 75%]\n[run-tests/Run tests]   | ..                                                                       [ 75%]\n[run-tests/Run tests]   | tests/test_stack/test_registry.py .......................                [ 78%]\n[run-tests/Run tests]   | tests/test_stack/test_request_local.py ........                          [ 79%]\n[run-tests/Run tests]   | tests/test_stack/config/test_config.py ...                               [ 79%]\n[run-tests/Run tests]   | tests/test_stack/dispatch/test_config.py ...                             [ 80%]\n[run-tests/Run tests]   | tests/test_stack/dispatch/test_decorated_controller.py ...............   [ 81%]\n[run-tests/Run tests]   | tests/test_stack/dispatch/test_url_dispatch.py ......................... [ 84%]\n[run-tests/Run tests]   | ............                                                             [ 85%]\n[run-tests/Run tests]   | tests/test_stack/rendering/test_decorators.py ...............            [ 87%]\n[run-tests/Run tests]   | tests/test_stack/rendering/test_dotted_rendering.py s................    [ 89%]\n[run-tests/Run tests]   | tests/test_stack/rendering/test_pagination.py .......................    [ 92%]\n[run-tests/Run tests]   | tests/test_stack/rendering/test_rendering.py ........................ss. [ 95%]\n[run-tests/Run tests]   | ...........................................                              [ 99%]\n[run-tests/Run tests]   | tests/test_stack/rendering/test_toscawidgets.py .                        [100%]\n[run-tests/Run tests]   | \n[run-tests/Run tests]   | =============================== warnings summary ===============================\n[run-tests/Run tests]   | ../../../opt/hostedtoolcache/Python/3.7.11/x64/lib/python3.7/site-packages/pkg_resources/__init__.py:121\n[run-tests/Run tests]   |   /opt/hostedtoolcache/Python/3.7.11/x64/lib/python3.7/site-packages/pkg_resources/__init__.py:121: DeprecationWarning: pkg_resources is deprecated as an API\n[run-tests/Run tests]   |     warnings.warn(\"pkg_resources is deprecated as an API\", DeprecationWarning)\n[run-tests/Run tests]   | \n[run-tests/Run tests]   | ../../../opt/hostedtoolcache/Python/3.7.11/x64/lib/python3.7/site-packages/pkg_resources/__init__.py:2870\n[run-tests/Run tests]   |   /opt/hostedtoolcache/Python/3.7.11/x64/lib/python3.7/site-packages/pkg_resources/__init__.py:2870: DeprecationWarning: Deprecated call to `pkg_resources.declare_namespace('paste')`.\n[run-tests/Run tests]   |   Implementing implicit namespace packages (as specified in PEP 420) is preferred to `pkg_resources.declare_namespace`. See https://setuptools.pypa.io/en/latest/references/keywords.html#keyword-namespace-packages\n[run-tests/Run tests]   |     declare_namespace(pkg)\n[run-tests/Run tests]   | \n[run-tests/Run tests]   | ../../../opt/hostedtoolcache/Python/3.7.11/x64/lib/python3.7/site-packages/pkg_resources/__init__.py:2870\n[run-tests/Run tests]   | ../../../opt/hostedtoolcache/Python/3.7.11/x64/lib/python3.7/site-packages/pkg_resources/__init__.py:2870\n[run-tests/Run tests]   | ../../../opt/hostedtoolcache/Python/3.7.11/x64/lib/python3.7/site-packages/pkg_resources/__init__.py:2870\n[run-tests/Run tests]   |   /opt/hostedtoolcache/Python/3.7.11/x64/lib/python3.7/site-packages/pkg_resources/__init__.py:2870: DeprecationWarning: Deprecated call to `pkg_resources.declare_namespace('repoze')`.\n[run-tests/Run tests]   |   Implementing implicit namespace packages (as specified in PEP 420) is preferred to `pkg_resources.declare_namespace`. See https://setuptools.pypa.io/en/latest/references/keywords.html#keyword-namespace-packages\n[run-tests/Run tests]   |     declare_namespace(pkg)\n[run-tests/Run tests]   | \n[run-tests/Run tests]   | ../../../opt/hostedtoolcache/Python/3.7.11/x64/lib/python3.7/site-packages/pkg_resources/__init__.py:2870\n[run-tests/Run tests]   | ../../../opt/hostedtoolcache/Python/3.7.11/x64/lib/python3.7/site-packages/pkg_resources/__init__.py:2870\n[run-tests/Run tests]   |   /opt/hostedtoolcache/Python/3.7.11/x64/lib/python3.7/site-packages/pkg_resources/__init__.py:2870: DeprecationWarning: Deprecated call to `pkg_resources.declare_namespace('repoze.who')`.\n[run-tests/Run tests]   |   Implementing implicit namespace packages (as specified in PEP 420) is preferred to `pkg_resources.declare_namespace`. See https://setuptools.pypa.io/en/latest/references/keywords.html#keyword-namespace-packages\n[run-tests/Run tests]   |     declare_namespace(pkg)\n[run-tests/Run tests]   | \n[run-tests/Run tests]   | ../../../opt/hostedtoolcache/Python/3.7.11/x64/lib/python3.7/site-packages/pkg_resources/__init__.py:2349\n[run-tests/Run tests]   |   /opt/hostedtoolcache/Python/3.7.11/x64/lib/python3.7/site-packages/pkg_resources/__init__.py:2349: DeprecationWarning: Deprecated call to `pkg_resources.declare_namespace('repoze')`.\n[run-tests/Run tests]   |   Implementing implicit namespace packages (as specified in PEP 420) is preferred to `pkg_resources.declare_namespace`. See https://setuptools.pypa.io/en/latest/references/keywords.html#keyword-namespace-packages\n[run-tests/Run tests]   |     declare_namespace(parent)\n[run-tests/Run tests]   | \n[run-tests/Run tests]   | ../../../opt/hostedtoolcache/Python/3.7.11/x64/lib/python3.7/site-packages/pkg_resources/__init__.py:2870\n[run-tests/Run tests]   | ../../../opt/hostedtoolcache/Python/3.7.11/x64/lib/python3.7/site-packages/pkg_resources/__init__.py:2870\n[run-tests/Run tests]   |   /opt/hostedtoolcache/Python/3.7.11/x64/lib/python3.7/site-packages/pkg_resources/__init__.py:2870: DeprecationWarning: Deprecated call to `pkg_resources.declare_namespace('repoze.who.plugins')`.\n[run-tests/Run tests]   |   Implementing implicit namespace packages (as specified in PEP 420) is preferred to `pkg_resources.declare_namespace`. See https://setuptools.pypa.io/en/latest/references/keywords.html#keyword-namespace-packages\n[run-tests/Run tests]   |     declare_namespace(pkg)\n[run-tests/Run tests]   | \n[run-tests/Run tests]   | ../../../opt/hostedtoolcache/Python/3.7.11/x64/lib/python3.7/site-packages/pkg_resources/__init__.py:2349\n[run-tests/Run tests]   |   /opt/hostedtoolcache/Python/3.7.11/x64/lib/python3.7/site-packages/pkg_resources/__init__.py:2349: DeprecationWarning: Deprecated call to `pkg_resources.declare_namespace('repoze.who')`.\n[run-tests/Run tests]   |   Implementing implicit namespace packages (as specified in PEP 420) is preferred to `pkg_resources.declare_namespace`. See https://setuptools.pypa.io/en/latest/references/keywords.html#keyword-namespace-packages\n[run-tests/Run tests]   |     declare_namespace(parent)\n[run-tests/Run tests]   | \n[run-tests/Run tests]   | ../../../opt/hostedtoolcache/Python/3.7.11/x64/lib/python3.7/site-packages/pkg_resources/__init__.py:2870\n[run-tests/Run tests]   | ../../../opt/hostedtoolcache/Python/3.7.11/x64/lib/python3.7/site-packages/pkg_resources/__init__.py:2870\n[run-tests/Run tests]   |   /opt/hostedtoolcache/Python/3.7.11/x64/lib/python3.7/site-packages/pkg_resources/__init__.py:2870: DeprecationWarning: Deprecated call to `pkg_resources.declare_namespace('tw2')`.\n[run-tests/Run tests]   |   Implementing implicit namespace packages (as specified in PEP 420) is preferred to `pkg_resources.declare_namespace`. See https://setuptools.pypa.io/en/latest/references/keywords.html#keyword-namespace-packages\n[run-tests/Run tests]   |     declare_namespace(pkg)\n[run-tests/Run tests]   | \n[run-tests/Run tests]   | ../../../opt/hostedtoolcache/Python/3.7.11/x64/lib/python3.7/site-packages/pkg_resources/__init__.py:2870\n[run-tests/Run tests]   | ../../../opt/hostedtoolcache/Python/3.7.11/x64/lib/python3.7/site-packages/pkg_resources/__init__.py:2870\n[run-tests/Run tests]   |   /opt/hostedtoolcache/Python/3.7.11/x64/lib/python3.7/site-packages/pkg_resources/__init__.py:2870: DeprecationWarning: Deprecated call to `pkg_resources.declare_namespace('zope')`.\n[run-tests/Run tests]   |   Implementing implicit namespace packages (as specified in PEP 420) is preferred to `pkg_resources.declare_namespace`. See https://setuptools.pypa.io/en/latest/references/keywords.html#keyword-namespace-packages\n[run-tests/Run tests]   |     declare_namespace(pkg)\n[run-tests/Run tests]   | \n[run-tests/Run tests]   | tests/test_jsonify_sqlalchemy.py:68\n[run-tests/Run tests]   |   /tmp/de65f406-fe28-11ed-a890-af2cc187fc11/TurboGears-tg2/tests/test_jsonify_sqlalchemy.py:68: RemovedIn20Warning: Deprecated API features detected! These feature(s) are not compatible with SQLAlchemy 2.0. To prevent incompatible upgrades prior to updating applications, ensure requirements files are pinned to \"sqlalchemy<2.0\". Set environment variable SQLALCHEMY_WARN_20=1 to show all deprecation warnings.  Set environment variable SQLALCHEMY_SILENCE_UBER_WARNING=1 to silence this message. (Background on SQLAlchemy 2.0 at: https://sqlalche.me/e/b8d9)\n[run-tests/Run tests]   |     connection.execute(test1.insert(), {'id': 1, 'val': 'bob'})\n[run-tests/Run tests]   | \n[run-tests/Run tests]   | tests/test_caching.py: 20 warnings\n[run-tests/Run tests]   | tests/test_configuration.py: 83 warnings\n[run-tests/Run tests]   | tests/test_hooks.py: 8 warnings\n[run-tests/Run tests]   | tests/test_i18n.py: 16 warnings\n[run-tests/Run tests]   | tests/test_predicates.py: 2 warnings\n[run-tests/Run tests]   | tests/test_render.py: 14 warnings\n[run-tests/Run tests]   | tests/test_rest_controller_dispatch.py: 84 warnings\n[run-tests/Run tests]   | tests/test_tg_controller_dispatch.py: 73 warnings\n[run-tests/Run tests]   | tests/test_util.py: 1 warning\n[run-tests/Run tests]   | tests/test_validation.py: 45 warnings\n[run-tests/Run tests]   | tests/test_stack/test_authz.py: 43 warnings\n[run-tests/Run tests]   | tests/test_stack/config/test_config.py: 3 warnings\n[run-tests/Run tests]   | tests/test_stack/dispatch/test_decorated_controller.py: 15 warnings\n[run-tests/Run tests]   | tests/test_stack/dispatch/test_url_dispatch.py: 33 warnings\n[run-tests/Run tests]   | tests/test_stack/rendering/test_decorators.py: 11 warnings\n[run-tests/Run tests]   | tests/test_stack/rendering/test_dotted_rendering.py: 16 warnings\n[run-tests/Run tests]   | tests/test_stack/rendering/test_pagination.py: 10 warnings\n[run-tests/Run tests]   | tests/test_stack/rendering/test_rendering.py: 65 warnings\n[run-tests/Run tests]   | tests/test_stack/rendering/test_toscawidgets.py: 1 warning\n[run-tests/Run tests]   |   /tmp/de65f406-fe28-11ed-a890-af2cc187fc11/TurboGears-tg2/tg/configuration/app_config.py:192: DeprecationWarning: Using AppConfig to create apps is deprecated in favor of tg.FullStackApplicationConfigurator and will be removed.\n[run-tests/Run tests]   |     DeprecationWarning)\n[run-tests/Run tests]   | \n[run-tests/Run tests]   | tests/test_configuration.py::TestAppConfig::test_create_minimal_app_with_factory\n[run-tests/Run tests]   | tests/test_stack/dispatch/test_config.py::test_basic_stack\n[run-tests/Run tests]   | tests/test_stack/dispatch/test_config.py::test_config_reading\n[run-tests/Run tests]   | tests/test_stack/dispatch/test_config.py::test_config_writing\n[run-tests/Run tests]   |   /tmp/de65f406-fe28-11ed-a890-af2cc187fc11/TurboGears-tg2/tg/configuration/app_config.py:168: DeprecationWarning: Using AppConfig to create apps is deprecated in favor of tg.FullStackApplicationConfigurator and will be removed.\n[run-tests/Run tests]   |     DeprecationWarning)\n[run-tests/Run tests]   | \n[run-tests/Run tests]   | tests/test_stack/test_request_local.py::TestRequest::test_match_accept\n[run-tests/Run tests]   |   /opt/hostedtoolcache/Python/3.7.11/x64/lib/python3.7/site-packages/webob/acceptparse.py:1051: DeprecationWarning: The behavior of AcceptValidHeader.best_match is currently being maintained for backward compatibility, but it will be deprecated in the future, as it does not conform to the RFC.\n[run-tests/Run tests]   |     DeprecationWarning,\n[run-tests/Run tests]   | \n[run-tests/Run tests]   | tests/test_stack/rendering/test_pagination.py::TestPageMing::test_query\n[run-tests/Run tests]   | tests/test_stack/rendering/test_pagination.py::TestPageMing::test_query\n[run-tests/Run tests]   | tests/test_stack/rendering/test_pagination.py::TestPageMing::test_query\n[run-tests/Run tests]   | tests/test_stack/rendering/test_pagination.py::TestPageMing::test_query\n[run-tests/Run tests]   | tests/test_stack/rendering/test_pagination.py::TestPageMing::test_query\n[run-tests/Run tests]   |   /opt/hostedtoolcache/Python/3.7.11/x64/lib/python3.7/site-packages/ming/session.py:169: DeprecationWarning: insert is now deprecated, please use insert_one or insert_many\n[run-tests/Run tests]   |     bson = self._impl(doc).insert(data, **fix_write_concern(kwargs))\n[run-tests/Run tests]   | \n[run-tests/Run tests]   | -- Docs: https://docs.pytest.org/en/stable/how-to/capture-warnings.html\n[run-tests/Run tests]   | \n[run-tests/Run tests]   | ---------- coverage: platform linux, python 3.7.11-final-0 -----------\n[run-tests/Run tests]   | Name                                             Stmts   Miss  Cover   Missing\n[run-tests/Run tests]   | ------------------------------------------------------------------------------\n[run-tests/Run tests]   | tg/__init__.py                                      17      0   100%\n[run-tests/Run tests]   | tg/_compat.py                                        9      0   100%\n[run-tests/Run tests]   | tg/appwrappers/__init__.py                           1      0   100%\n[run-tests/Run tests]   | tg/appwrappers/base.py                              10      0   100%\n[run-tests/Run tests]   | tg/appwrappers/caching.py                           21      0   100%\n[run-tests/Run tests]   | tg/appwrappers/errorpage.py                         46      0   100%\n[run-tests/Run tests]   | tg/appwrappers/i18n.py                              31      0   100%\n[run-tests/Run tests]   | tg/appwrappers/identity.py                          42      0   100%\n[run-tests/Run tests]   | tg/appwrappers/mingflush.py                         29      0   100%\n[run-tests/Run tests]   | tg/appwrappers/session.py                           37      0   100%\n[run-tests/Run tests]   | tg/appwrappers/transaction_manager.py               64      0   100%\n[run-tests/Run tests]   | tg/caching.py                                       65      0   100%\n[run-tests/Run tests]   | tg/configuration/__init__.py                         2      0   100%\n[run-tests/Run tests]   | tg/configuration/app_config.py                      78      0   100%\n[run-tests/Run tests]   | tg/configuration/auth/__init__.py                    2      0   100%\n[run-tests/Run tests]   | tg/configuration/auth/fastform.py                   82      0   100%\n[run-tests/Run tests]   | tg/configuration/auth/metadata.py                   21      0   100%\n[run-tests/Run tests]   | tg/configuration/auth/setup.py                      92      0   100%\n[run-tests/Run tests]   | tg/configuration/hooks.py                           90      0   100%\n[run-tests/Run tests]   | tg/configuration/milestones.py                      45      0   100%\n[run-tests/Run tests]   | tg/configuration/mongo/__init__.py                   0      0   100%\n[run-tests/Run tests]   | tg/configuration/sqla/__init__.py                    0      0   100%\n[run-tests/Run tests]   | tg/configuration/sqla/balanced_session.py           46      0   100%\n[run-tests/Run tests]   | tg/configuration/tgconfig.py                        46      0   100%\n[run-tests/Run tests]   | tg/configuration/utils.py                          147      0   100%\n[run-tests/Run tests]   | tg/configurator/__init__.py                          5      0   100%\n[run-tests/Run tests]   | tg/configurator/application.py                      55      0   100%\n[run-tests/Run tests]   | tg/configurator/base.py                            103      0   100%\n[run-tests/Run tests]   | tg/configurator/components/__init__.py               0      0   100%\n[run-tests/Run tests]   | tg/configurator/components/app_globals.py           30      0   100%\n[run-tests/Run tests]   | tg/configurator/components/auth.py                  54      0   100%\n[run-tests/Run tests]   | tg/configurator/components/caching.py               21      0   100%\n[run-tests/Run tests]   | tg/configurator/components/debugger.py              21      0   100%\n[run-tests/Run tests]   | tg/configurator/components/dispatch.py              32      0   100%\n[run-tests/Run tests]   | tg/configurator/components/error_pages.py           13      0   100%\n[run-tests/Run tests]   | tg/configurator/components/error_reporting.py       39      0   100%\n[run-tests/Run tests]   | tg/configurator/components/helpers.py               27      0   100%\n[run-tests/Run tests]   | tg/configurator/components/i18n.py                  24      0   100%\n[run-tests/Run tests]   | tg/configurator/components/mimetypes.py             13      0   100%\n[run-tests/Run tests]   | tg/configurator/components/ming.py                  66      0   100%\n[run-tests/Run tests]   | tg/configurator/components/paths.py                 34      0   100%\n[run-tests/Run tests]   | tg/configurator/components/registry.py              16      0   100%\n[run-tests/Run tests]   | tg/configurator/components/rendering.py             62      0   100%\n[run-tests/Run tests]   | tg/configurator/components/seekable_request.py      15      0   100%\n[run-tests/Run tests]   | tg/configurator/components/session.py               20      0   100%\n[run-tests/Run tests]   | tg/configurator/components/slow_requests.py         37      0   100%\n[run-tests/Run tests]   | tg/configurator/components/sqlalchemy.py            65      0   100%\n[run-tests/Run tests]   | tg/configurator/components/statics.py               20      0   100%\n[run-tests/Run tests]   | tg/configurator/components/toscawidgets2.py         37      0   100%\n[run-tests/Run tests]   | tg/configurator/components/transactions.py          16      0   100%\n[run-tests/Run tests]   | tg/configurator/fullstack.py                        35      0   100%\n[run-tests/Run tests]   | tg/configurator/minimal.py                          20      0   100%\n[run-tests/Run tests]   | tg/controllers/__init__.py                           8      0   100%\n[run-tests/Run tests]   | tg/controllers/decoratedcontroller.py              149      0   100%\n[run-tests/Run tests]   | tg/controllers/decoration.py                       112      0   100%\n[run-tests/Run tests]   | tg/controllers/dispatcher.py                       108      0   100%\n[run-tests/Run tests]   | tg/controllers/restcontroller.py                     8      0   100%\n[run-tests/Run tests]   | tg/controllers/tgcontroller.py                       5      0   100%\n[run-tests/Run tests]   | tg/controllers/util.py                             135      0   100%\n[run-tests/Run tests]   | tg/controllers/wsgiappcontroller.py                 24      0   100%\n[run-tests/Run tests]   | tg/decorators.py                                   305      0   100%\n[run-tests/Run tests]   | tg/exceptions.py                                    12      0   100%\n[run-tests/Run tests]   | tg/flash.py                                         69      0   100%\n[run-tests/Run tests]   | tg/i18n.py                                         161      0   100%\n[run-tests/Run tests]   | tg/jsonify.py                                       83      0   100%\n[run-tests/Run tests]   | tg/predicates.py                                   126      0   100%\n[run-tests/Run tests]   | tg/release.py                                        8      0   100%\n[run-tests/Run tests]   | tg/render.py                                        72      0   100%\n[run-tests/Run tests]   | tg/renderers/__init__.py                             0      0   100%\n[run-tests/Run tests]   | tg/renderers/base.py                                 4      0   100%\n[run-tests/Run tests]   | tg/renderers/genshi.py                             106      0   100%\n[run-tests/Run tests]   | tg/renderers/jinja.py                               70      0   100%\n[run-tests/Run tests]   | tg/renderers/json.py                                34      0   100%\n[run-tests/Run tests]   | tg/renderers/kajiki.py                              49      0   100%\n[run-tests/Run tests]   | tg/renderers/mako.py                               110      0   100%\n[run-tests/Run tests]   | tg/request_local.py                                 94      0   100%\n[run-tests/Run tests]   | tg/support/__init__.py                               7      0   100%\n[run-tests/Run tests]   | tg/support/converters.py                            40      0   100%\n[run-tests/Run tests]   | tg/support/middlewares.py                           54      0   100%\n[run-tests/Run tests]   | tg/support/objectproxy.py                           39      0   100%\n[run-tests/Run tests]   | tg/support/paginate.py                             145      0   100%\n[run-tests/Run tests]   | tg/support/registry.py                             142      0   100%\n[run-tests/Run tests]   | tg/support/statics.py                              101      0   100%\n[run-tests/Run tests]   | tg/templates/__init__.py                             0      0   100%\n[run-tests/Run tests]   | tg/util/__init__.py                                  4      0   100%\n[run-tests/Run tests]   | tg/util/bunch.py                                    15      0   100%\n[run-tests/Run tests]   | tg/util/dates.py                                    55      0   100%\n[run-tests/Run tests]   | tg/util/decorators.py                                8      0   100%\n[run-tests/Run tests]   | tg/util/files.py                                    58      0   100%\n[run-tests/Run tests]   | tg/util/html.py                                      6      0   100%\n[run-tests/Run tests]   | tg/util/lazystring.py                               23      0   100%\n[run-tests/Run tests]   | tg/util/ming.py                                     16      0   100%\n[run-tests/Run tests]   | tg/util/misc.py                                      8      0   100%\n[run-tests/Run tests]   | tg/util/sqlalchemy.py                               22      0   100%\n[run-tests/Run tests]   | tg/util/webtest.py                                  56      0   100%\n[run-tests/Run tests]   | tg/validation.py                                    87      0   100%\n[run-tests/Run tests]   | tg/wsgiapp.py                                      137      0   100%\n[run-tests/Run tests]   | ------------------------------------------------------------------------------\n[run-tests/Run tests]   | TOTAL                                             4778      0   100%\n[run-tests/Run tests]   | \n[run-tests/Run tests]   | ================ 887 passed, 8 skipped, 569 warnings in 13.21s =================\n[run-tests/Run tests]   \u2705  Success - Main Run Tests\n[run-tests/Run tests] \u2b50 Run Main Publish to coveralls.io\n[run-tests/Run tests]   \ud83d\udc33  docker exec cmd=[bash --noprofile --norc -e -o pipefail /var/run/act/workflow/4] user= workdir=\n[run-tests/Run tests]   | Collecting coveralls\n[run-tests/Run tests]   |   Downloading coveralls-3.3.1-py2.py3-none-any.whl (14 kB)\n[run-tests/Run tests]   | Collecting coverage!=6.0.*,!=6.1,!=6.1.1,<7.0,>=4.1 (from coveralls)\n[run-tests/Run tests]   |   Downloading coverage-6.5.0-cp37-cp37m-manylinux_2_5_x86_64.manylinux1_x86_64.manylinux_2_17_x86_64.manylinux2014_x86_64.whl (210 kB)\n[run-tests/Run tests]   |      \u2501\u2501\u2501\u2501\u2501\u2501\u2501\u2501\u2501\u2501\u2501\u2501\u2501\u2501\u2501\u2501\u2501\u2501\u2501\u2501\u2501\u2501\u2501\u2501\u2501\u2501\u2501\u2501\u2501\u2501\u2501\u2501\u2501\u2501\u2501\u2501\u2501\u2501\u2501 210.1/210.1 kB 3.8 MB/s eta 0:00:00\n[run-tests/Run tests]   | Collecting docopt>=0.6.1 (from coveralls)\n[run-tests/Run tests]   |   Downloading docopt-0.6.2.tar.gz (25 kB)\n[run-tests/Run tests]   |   Installing build dependencies: started\n[run-tests/Run tests]   |   Installing build dependencies: finished with status 'done'\n[run-tests/Run tests]   |   Getting requirements to build wheel: started\n[run-tests/Run tests]   |   Getting requirements to build wheel: finished with status 'done'\n[run-tests/Run tests]   |   Preparing metadata (pyproject.toml): started\n[run-tests/Run tests]   |   Preparing metadata (pyproject.toml): finished with status 'done'\n[run-tests/Run tests]   | Collecting requests>=1.0.0 (from coveralls)\n[run-tests/Run tests]   |   Downloading requests-2.31.0-py3-none-any.whl (62 kB)\n[run-tests/Run tests]   |      \u2501\u2501\u2501\u2501\u2501\u2501\u2501\u2501\u2501\u2501\u2501\u2501\u2501\u2501\u2501\u2501\u2501\u2501\u2501\u2501\u2501\u2501\u2501\u2501\u2501\u2501\u2501\u2501\u2501\u2501\u2501\u2501\u2501\u2501\u2501\u2501\u2501\u2501\u2501\u2501 62.6/62.6 kB 12.0 MB/s eta 0:00:00\n[run-tests/Run tests]   | Collecting charset-normalizer<4,>=2 (from requests>=1.0.0->coveralls)\n[run-tests/Run tests]   |   Downloading charset_normalizer-3.1.0-cp37-cp37m-manylinux_2_17_x86_64.manylinux2014_x86_64.whl (171 kB)\n[run-tests/Run tests]   |      \u2501\u2501\u2501\u2501\u2501\u2501\u2501\u2501\u2501\u2501\u2501\u2501\u2501\u2501\u2501\u2501\u2501\u2501\u2501\u2501\u2501\u2501\u2501\u2501\u2501\u2501\u2501\u2501\u2501\u2501\u2501\u2501\u2501\u2501\u2501\u2501\u2501\u2501 171.0/171.0 kB 22.2 MB/s eta 0:00:00\n[run-tests/Run tests]   | Collecting idna<4,>=2.5 (from requests>=1.0.0->coveralls)\n[run-tests/Run tests]   |   Downloading idna-3.4-py3-none-any.whl (61 kB)\n[run-tests/Run tests]   |      \u2501\u2501\u2501\u2501\u2501\u2501\u2501\u2501\u2501\u2501\u2501\u2501\u2501\u2501\u2501\u2501\u2501\u2501\u2501\u2501\u2501\u2501\u2501\u2501\u2501\u2501\u2501\u2501\u2501\u2501\u2501\u2501\u2501\u2501\u2501\u2501\u2501\u2501\u2501 61.5/61.5 kB 808.3 kB/s eta 0:00:00\n[run-tests/Run tests]   | Collecting urllib3<3,>=1.21.1 (from requests>=1.0.0->coveralls)\n[run-tests/Run tests]   |   Downloading urllib3-2.0.2-py3-none-any.whl (123 kB)\n[run-tests/Run tests]   |      \u2501\u2501\u2501\u2501\u2501\u2501\u2501\u2501\u2501\u2501\u2501\u2501\u2501\u2501\u2501\u2501\u2501\u2501\u2501\u2501\u2501\u2501\u2501\u2501\u2501\u2501\u2501\u2501\u2501\u2501\u2501\u2501\u2501\u2501\u2501\u2501\u2501\u2501 123.2/123.2 kB 17.4 MB/s eta 0:00:00\n[run-tests/Run tests]   | Collecting certifi>=2017.4.17 (from requests>=1.0.0->coveralls)\n[run-tests/Run tests]   |   Downloading certifi-2023.5.7-py3-none-any.whl (156 kB)\n[run-tests/Run tests]   |      \u2501\u2501\u2501\u2501\u2501\u2501\u2501\u2501\u2501\u2501\u2501\u2501\u2501\u2501\u2501\u2501\u2501\u2501\u2501\u2501\u2501\u2501\u2501\u2501\u2501\u2501\u2501\u2501\u2501\u2501\u2501\u2501\u2501\u2501\u2501\u2501\u2501\u2501 157.0/157.0 kB 12.4 MB/s eta 0:00:00\n[run-tests/Run tests]   | Building wheels for collected packages: docopt\n[run-tests/Run tests]   |   Building wheel for docopt (pyproject.toml): started\n[run-tests/Run tests]   |   Building wheel for docopt (pyproject.toml): finished with status 'done'\n[run-tests/Run tests]   |   Created wheel for docopt: filename=docopt-0.6.2-py2.py3-none-any.whl size=13707 sha256=013c592160f6252d9fd014b2bbd24ff4e55ca66ecf55ff9bbde7d4ad6984e8d2\n[run-tests/Run tests]   |   Stored in directory: /home/runneradmin/.cache/pip/wheels/72/b0/3f/1d95f96ff986c7dfffe46ce2be4062f38ebd04b506c77c81b9\n[run-tests/Run tests]   | Successfully built docopt\n[run-tests/Run tests]   | Installing collected packages: docopt, urllib3, idna, coverage, charset-normalizer, certifi, requests, coveralls\n[run-tests/Run tests]   |   Attempting uninstall: coverage\n[run-tests/Run tests]   |     Found existing installation: coverage 7.2.6\n[run-tests/Run tests]   |     Uninstalling coverage-7.2.6:\n[run-tests/Run tests]   |       Successfully uninstalled coverage-7.2.6\n[run-tests/Run tests]   | Successfully installed certifi-2023.5.7 charset-normalizer-3.1.0 coverage-6.5.0 coveralls-3.3.1 docopt-0.6.2 idna-3.4 requests-2.31.0 urllib3-2.0.2\n[run-tests/Run tests]   | \n[run-tests/Run tests]   | [notice] A new release of pip is available: 20.1.1 -> 23.1.2\n[run-tests/Run tests]   | [notice] To update, run: pip install --upgrade pip\n[run-tests/Run tests]   | Running on Github Actions but GITHUB_TOKEN is not set. Add \"env: GITHUB_TOKEN: ${{ secrets.GITHUB_TOKEN }}\" to your step config.\n[run-tests/Run tests]   | Traceback (most recent call last):\n[run-tests/Run tests]   |   File \"/opt/hostedtoolcache/Python/3.7.11/x64/lib/python3.7/site-packages/coveralls/cli.py\", line 68, in main\n[run-tests/Run tests]   |     src_dir=options.get('--srcdir') or '')\n[run-tests/Run tests]   |   File \"/opt/hostedtoolcache/Python/3.7.11/x64/lib/python3.7/site-packages/coveralls/api.py\", line 49, in __init__\n[run-tests/Run tests]   |     self.ensure_token()\n[run-tests/Run tests]   |   File \"/opt/hostedtoolcache/Python/3.7.11/x64/lib/python3.7/site-packages/coveralls/api.py\", line 57, in ensure_token\n[run-tests/Run tests]   |     'Running on Github Actions but GITHUB_TOKEN is not set. '\n[run-tests/Run tests]   | coveralls.exception.CoverallsException: Running on Github Actions but GITHUB_TOKEN is not set. Add \"env: GITHUB_TOKEN: ${{ secrets.GITHUB_TOKEN }}\" to your step config.\n[run-tests/Run tests]   \u274c  Failure - Main Publish to coveralls.io\n[run-tests/Run tests] exitcode '1': failure\n[run-tests/Run tests] \ud83c\udfc1  Job failed\n",
    "actions_stderr": "Error: Job 'Run tests' failed\n"
}