{
    "repository": "twilio/twilio-python",
    "clone_url": "https://github.com/twilio/twilio-python.git",
    "timestamp": "2023-05-29T14:00:22.774821Z",
    "clone_success": true,
    "number of actions": 2,
    "number_of_test_actions": 1,
    "actions_successful": false,
    "actions_stdout": "[Test and Deploy/Test] \ud83d\ude80  Start image=crawlergpt:latest\n[Test and Deploy/Test]   \ud83d\udc33  docker pull image=crawlergpt:latest platform= username= forcePull=false\n[Test and Deploy/Test]   \ud83d\udc33  docker create image=crawlergpt:latest platform= entrypoint=[\"tail\" \"-f\" \"/dev/null\"] cmd=[]\n[Test and Deploy/Test]   \ud83d\udc33  docker run image=crawlergpt:latest platform= entrypoint=[\"tail\" \"-f\" \"/dev/null\"] cmd=[]\n[Test and Deploy/Test]   \ud83d\udc33  docker exec cmd=[chown -R 1012:1000 /tmp/de65f406-fe28-11ed-a890-af2cc187fc11/twilio-twilio-python] user=0 workdir=\n[Test and Deploy/Test]   \u2601  git clone 'https://github.com/actions/setup-python' # ref=v4\n[Test and Deploy/Test]   \u2601  git clone 'https://github.com/SonarSource/sonarcloud-github-action' # ref=master\n[Test and Deploy/Test] \ud83e\uddea  Matrix: map[python-version:3.7]\n[Test and Deploy/Test] \u2b50 Run Main Checkout twilio-python\n[Test and Deploy/Test]   \u2705  Success - Main Checkout twilio-python\n[Test and Deploy/Test] \u2b50 Run Main Set up Python\n[Test and Deploy/Test]   \ud83d\udc33  docker cp src=/home/andre-silva/.cache/act/actions-setup-python@v4/ dst=/var/run/act/actions/actions-setup-python@v4/\n[Test and Deploy/Test]   \ud83d\udc33  docker exec cmd=[chown -R 1012:1000 /var/run/act/actions/actions-setup-python@v4/] user=0 workdir=\n[Test and Deploy/Test]   \ud83d\udc33  docker exec cmd=[node /var/run/act/actions/actions-setup-python@v4/dist/setup/index.js] user= workdir=\n[Test and Deploy/Test]   \ud83d\udcac  ::debug::Python is expected to be installed into /opt/hostedtoolcache\n[Test and Deploy/Test]   \u2753  ::group::Installed versions\n[Test and Deploy/Test]   \ud83d\udcac  ::debug::Semantic version spec of 3.7 is 3.7\n[Test and Deploy/Test]   \ud83d\udcac  ::debug::isExplicit: \n[Test and Deploy/Test]   \ud83d\udcac  ::debug::explicit? false\n[Test and Deploy/Test]   \ud83d\udcac  ::debug::isExplicit: 2.7.18\n[Test and Deploy/Test]   \ud83d\udcac  ::debug::explicit? true\n[Test and Deploy/Test]   \ud83d\udcac  ::debug::isExplicit: 3.5.10\n[Test and Deploy/Test]   \ud83d\udcac  ::debug::explicit? true\n[Test and Deploy/Test]   \ud83d\udcac  ::debug::isExplicit: 3.6.14\n[Test and Deploy/Test]   \ud83d\udcac  ::debug::explicit? true\n[Test and Deploy/Test]   \ud83d\udcac  ::debug::isExplicit: 3.7.11\n[Test and Deploy/Test]   \ud83d\udcac  ::debug::explicit? true\n[Test and Deploy/Test]   \ud83d\udcac  ::debug::isExplicit: 3.8.11\n[Test and Deploy/Test]   \ud83d\udcac  ::debug::explicit? true\n[Test and Deploy/Test]   \ud83d\udcac  ::debug::isExplicit: 3.9.6\n[Test and Deploy/Test]   \ud83d\udcac  ::debug::explicit? true\n[Test and Deploy/Test]   \ud83d\udcac  ::debug::evaluating 6 versions\n[Test and Deploy/Test]   \ud83d\udcac  ::debug::matched: 3.7.11\n[Test and Deploy/Test]   \ud83d\udcac  ::debug::checking cache: /opt/hostedtoolcache/Python/3.7.11/x64\n[Test and Deploy/Test]   \ud83d\udcac  ::debug::Found tool in cache Python 3.7.11 x64\n[Test and Deploy/Test]   | Successfully set up CPython (3.7.11)\n[Test and Deploy/Test]   \u2753  ::endgroup::\n[Test and Deploy/Test]   \u2753 add-matcher /run/act/actions/actions-setup-python@v4/.github/python.json\n[Test and Deploy/Test]   \u2705  Success - Main Set up Python\n[Test and Deploy/Test]   \u2699  ::set-env:: LD_LIBRARY_PATH=/opt/hostedtoolcache/Python/3.7.11/x64/lib\n[Test and Deploy/Test]   \u2699  ::set-env:: pythonLocation=/opt/hostedtoolcache/Python/3.7.11/x64\n[Test and Deploy/Test]   \u2699  ::set-env:: PKG_CONFIG_PATH=/opt/hostedtoolcache/Python/3.7.11/x64/lib/pkgconfig\n[Test and Deploy/Test]   \u2699  ::set-env:: Python_ROOT_DIR=/opt/hostedtoolcache/Python/3.7.11/x64\n[Test and Deploy/Test]   \u2699  ::set-env:: Python2_ROOT_DIR=/opt/hostedtoolcache/Python/3.7.11/x64\n[Test and Deploy/Test]   \u2699  ::set-env:: Python3_ROOT_DIR=/opt/hostedtoolcache/Python/3.7.11/x64\n[Test and Deploy/Test]   \u2699  ::set-output:: python-version=3.7.11\n[Test and Deploy/Test]   \u2699  ::set-output:: python-path=/opt/hostedtoolcache/Python/3.7.11/x64/bin/python\n[Test and Deploy/Test]   \u2699  ::add-path:: /opt/hostedtoolcache/Python/3.7.11/x64\n[Test and Deploy/Test]   \u2699  ::add-path:: /opt/hostedtoolcache/Python/3.7.11/x64/bin\n[Test and Deploy/Test] \u2b50 Run Main Install Dependencies\n[Test and Deploy/Test]   \ud83d\udc33  docker exec cmd=[bash --noprofile --norc -e -o pipefail /var/run/act/workflow/2] user= workdir=\n[Test and Deploy/Test]   | Collecting virtualenv\n[Test and Deploy/Test]   |   Downloading virtualenv-20.23.0-py3-none-any.whl (3.3 MB)\n[Test and Deploy/Test]   | Collecting importlib-metadata>=6.4.1\n[Test and Deploy/Test]   |   Downloading importlib_metadata-6.6.0-py3-none-any.whl (22 kB)\n[Test and Deploy/Test]   | Collecting distlib<1,>=0.3.6\n[Test and Deploy/Test]   |   Downloading distlib-0.3.6-py2.py3-none-any.whl (468 kB)\n[Test and Deploy/Test]   | Collecting platformdirs<4,>=3.2\n[Test and Deploy/Test]   |   Downloading platformdirs-3.5.1-py3-none-any.whl (15 kB)\n[Test and Deploy/Test]   | Collecting filelock<4,>=3.11\n[Test and Deploy/Test]   |   Downloading filelock-3.12.0-py3-none-any.whl (10 kB)\n[Test and Deploy/Test]   | Collecting typing-extensions>=3.6.4\n[Test and Deploy/Test]   |   Downloading typing_extensions-4.6.2-py3-none-any.whl (31 kB)\n[Test and Deploy/Test]   | Collecting zipp>=0.5\n[Test and Deploy/Test]   |   Downloading zipp-3.15.0-py3-none-any.whl (6.8 kB)\n[Test and Deploy/Test]   | Installing collected packages: zipp, typing-extensions, platformdirs, importlib-metadata, filelock, distlib, virtualenv\n[Test and Deploy/Test]   | Successfully installed distlib-0.3.6 filelock-3.12.0 importlib-metadata-6.6.0 platformdirs-3.5.1 typing-extensions-4.6.2 virtualenv-20.23.0 zipp-3.15.0\n[Test and Deploy/Test]   | WARNING: You are using pip version 21.2.4; however, version 23.1.2 is available.\n[Test and Deploy/Test]   | You should consider upgrading via the '/opt/hostedtoolcache/Python/3.7.11/x64/bin/python -m pip install --upgrade pip' command.\n[Test and Deploy/Test]   | Python 3.7.11\n[Test and Deploy/Test]   | virtualenv --python=python venv\n[Test and Deploy/Test]   | created virtual environment CPython3.7.11.final.0-64 in 1189ms\n[Test and Deploy/Test]   |   creator CPython3Posix(dest=/tmp/de65f406-fe28-11ed-a890-af2cc187fc11/twilio-twilio-python/venv, clear=False, no_vcs_ignore=False, global=False)\n[Test and Deploy/Test]   |   seeder FromAppData(download=False, pip=bundle, setuptools=bundle, wheel=bundle, via=copy, app_data_dir=/home/runneradmin/.local/share/virtualenv)\n[Test and Deploy/Test]   |     added seed packages: pip==23.1.2, setuptools==67.7.2, wheel==0.40.0\n[Test and Deploy/Test]   |   activators BashActivator,CShellActivator,FishActivator,NushellActivator,PowerShellActivator,PythonActivator\n[Test and Deploy/Test]   | . venv/bin/activate; pip install .\n[Test and Deploy/Test]   | Processing /tmp/de65f406-fe28-11ed-a890-af2cc187fc11/twilio-twilio-python\n[Test and Deploy/Test]   |   Preparing metadata (setup.py): started\n[Test and Deploy/Test]   |   Preparing metadata (setup.py): finished with status 'done'\n[Test and Deploy/Test]   | Collecting pytz (from twilio==8.2.1)\n[Test and Deploy/Test]   |   Downloading pytz-2023.3-py2.py3-none-any.whl (502 kB)\n[Test and Deploy/Test]   |      \u2501\u2501\u2501\u2501\u2501\u2501\u2501\u2501\u2501\u2501\u2501\u2501\u2501\u2501\u2501\u2501\u2501\u2501\u2501\u2501\u2501\u2501\u2501\u2501\u2501\u2501\u2501\u2501\u2501\u2501\u2501\u2501\u2501\u2501\u2501\u2501\u2501\u2501 502.3/502.3 kB 32.7 MB/s eta 0:00:00\n[Test and Deploy/Test]   | Collecting requests>=2.0.0 (from twilio==8.2.1)\n[Test and Deploy/Test]   |   Downloading requests-2.31.0-py3-none-any.whl (62 kB)\n[Test and Deploy/Test]   |      \u2501\u2501\u2501\u2501\u2501\u2501\u2501\u2501\u2501\u2501\u2501\u2501\u2501\u2501\u2501\u2501\u2501\u2501\u2501\u2501\u2501\u2501\u2501\u2501\u2501\u2501\u2501\u2501\u2501\u2501\u2501\u2501\u2501\u2501\u2501\u2501\u2501\u2501\u2501\u2501 62.6/62.6 kB 1.8 MB/s eta 0:00:00\n[Test and Deploy/Test]   | Collecting PyJWT<3.0.0,>=2.0.0 (from twilio==8.2.1)\n[Test and Deploy/Test]   |   Downloading PyJWT-2.7.0-py3-none-any.whl (22 kB)\n[Test and Deploy/Test]   | Collecting aiohttp>=3.8.4 (from twilio==8.2.1)\n[Test and Deploy/Test]   |   Downloading aiohttp-3.8.4-cp37-cp37m-manylinux_2_17_x86_64.manylinux2014_x86_64.whl (948 kB)\n[Test and Deploy/Test]   |      \u2501\u2501\u2501\u2501\u2501\u2501\u2501\u2501\u2501\u2501\u2501\u2501\u2501\u2501\u2501\u2501\u2501\u2501\u2501\u2501\u2501\u2501\u2501\u2501\u2501\u2501\u2501\u2501\u2501\u2501\u2501\u2501\u2501\u2501\u2501\u2501\u2501\u2501 948.1/948.1 kB 30.4 MB/s eta 0:00:00\n[Test and Deploy/Test]   | Collecting aiohttp-retry>=2.8.3 (from twilio==8.2.1)\n[Test and Deploy/Test]   |   Downloading aiohttp_retry-2.8.3-py3-none-any.whl (9.8 kB)\n[Test and Deploy/Test]   | Collecting attrs>=17.3.0 (from aiohttp>=3.8.4->twilio==8.2.1)\n[Test and Deploy/Test]   |   Downloading attrs-23.1.0-py3-none-any.whl (61 kB)\n[Test and Deploy/Test]   |      \u2501\u2501\u2501\u2501\u2501\u2501\u2501\u2501\u2501\u2501\u2501\u2501\u2501\u2501\u2501\u2501\u2501\u2501\u2501\u2501\u2501\u2501\u2501\u2501\u2501\u2501\u2501\u2501\u2501\u2501\u2501\u2501\u2501\u2501\u2501\u2501\u2501\u2501\u2501\u2501 61.2/61.2 kB 5.7 MB/s eta 0:00:00\n[Test and Deploy/Test]   | Collecting charset-normalizer<4.0,>=2.0 (from aiohttp>=3.8.4->twilio==8.2.1)\n[Test and Deploy/Test]   |   Downloading charset_normalizer-3.1.0-cp37-cp37m-manylinux_2_17_x86_64.manylinux2014_x86_64.whl (171 kB)\n[Test and Deploy/Test]   |      \u2501\u2501\u2501\u2501\u2501\u2501\u2501\u2501\u2501\u2501\u2501\u2501\u2501\u2501\u2501\u2501\u2501\u2501\u2501\u2501\u2501\u2501\u2501\u2501\u2501\u2501\u2501\u2501\u2501\u2501\u2501\u2501\u2501\u2501\u2501\u2501\u2501\u2501 171.0/171.0 kB 18.9 MB/s eta 0:00:00\n[Test and Deploy/Test]   | Collecting multidict<7.0,>=4.5 (from aiohttp>=3.8.4->twilio==8.2.1)\n[Test and Deploy/Test]   |   Downloading multidict-6.0.4-cp37-cp37m-manylinux_2_17_x86_64.manylinux2014_x86_64.whl (94 kB)\n[Test and Deploy/Test]   |      \u2501\u2501\u2501\u2501\u2501\u2501\u2501\u2501\u2501\u2501\u2501\u2501\u2501\u2501\u2501\u2501\u2501\u2501\u2501\u2501\u2501\u2501\u2501\u2501\u2501\u2501\u2501\u2501\u2501\u2501\u2501\u2501\u2501\u2501\u2501\u2501\u2501\u2501\u2501\u2501 94.8/94.8 kB 3.7 MB/s eta 0:00:00\n[Test and Deploy/Test]   | Collecting async-timeout<5.0,>=4.0.0a3 (from aiohttp>=3.8.4->twilio==8.2.1)\n[Test and Deploy/Test]   |   Downloading async_timeout-4.0.2-py3-none-any.whl (5.8 kB)\n[Test and Deploy/Test]   | Collecting yarl<2.0,>=1.0 (from aiohttp>=3.8.4->twilio==8.2.1)\n[Test and Deploy/Test]   |   Downloading yarl-1.9.2-cp37-cp37m-manylinux_2_17_x86_64.manylinux2014_x86_64.whl (236 kB)\n[Test and Deploy/Test]   |      \u2501\u2501\u2501\u2501\u2501\u2501\u2501\u2501\u2501\u2501\u2501\u2501\u2501\u2501\u2501\u2501\u2501\u2501\u2501\u2501\u2501\u2501\u2501\u2501\u2501\u2501\u2501\u2501\u2501\u2501\u2501\u2501\u2501\u2501\u2501\u2501\u2501\u2501 236.2/236.2 kB 18.2 MB/s eta 0:00:00\n[Test and Deploy/Test]   | Collecting frozenlist>=1.1.1 (from aiohttp>=3.8.4->twilio==8.2.1)\n[Test and Deploy/Test]   |   Downloading frozenlist-1.3.3-cp37-cp37m-manylinux_2_5_x86_64.manylinux1_x86_64.manylinux_2_17_x86_64.manylinux2014_x86_64.whl (148 kB)\n[Test and Deploy/Test]   |      \u2501\u2501\u2501\u2501\u2501\u2501\u2501\u2501\u2501\u2501\u2501\u2501\u2501\u2501\u2501\u2501\u2501\u2501\u2501\u2501\u2501\u2501\u2501\u2501\u2501\u2501\u2501\u2501\u2501\u2501\u2501\u2501\u2501\u2501\u2501\u2501\u2501\u2501 148.0/148.0 kB 16.6 MB/s eta 0:00:00\n[Test and Deploy/Test]   | Collecting aiosignal>=1.1.2 (from aiohttp>=3.8.4->twilio==8.2.1)\n[Test and Deploy/Test]   |   Downloading aiosignal-1.3.1-py3-none-any.whl (7.6 kB)\n[Test and Deploy/Test]   | Collecting asynctest==0.13.0 (from aiohttp>=3.8.4->twilio==8.2.1)\n[Test and Deploy/Test]   |   Downloading asynctest-0.13.0-py3-none-any.whl (26 kB)\n[Test and Deploy/Test]   | Collecting typing-extensions>=3.7.4 (from aiohttp>=3.8.4->twilio==8.2.1)\n[Test and Deploy/Test]   |   Using cached typing_extensions-4.6.2-py3-none-any.whl (31 kB)\n[Test and Deploy/Test]   | Collecting idna<4,>=2.5 (from requests>=2.0.0->twilio==8.2.1)\n[Test and Deploy/Test]   |   Downloading idna-3.4-py3-none-any.whl (61 kB)\n[Test and Deploy/Test]   |      \u2501\u2501\u2501\u2501\u2501\u2501\u2501\u2501\u2501\u2501\u2501\u2501\u2501\u2501\u2501\u2501\u2501\u2501\u2501\u2501\u2501\u2501\u2501\u2501\u2501\u2501\u2501\u2501\u2501\u2501\u2501\u2501\u2501\u2501\u2501\u2501\u2501\u2501\u2501\u2501 61.5/61.5 kB 2.8 MB/s eta 0:00:00\n[Test and Deploy/Test]   | Collecting urllib3<3,>=1.21.1 (from requests>=2.0.0->twilio==8.2.1)\n[Test and Deploy/Test]   |   Downloading urllib3-2.0.2-py3-none-any.whl (123 kB)\n[Test and Deploy/Test]   |      \u2501\u2501\u2501\u2501\u2501\u2501\u2501\u2501\u2501\u2501\u2501\u2501\u2501\u2501\u2501\u2501\u2501\u2501\u2501\u2501\u2501\u2501\u2501\u2501\u2501\u2501\u2501\u2501\u2501\u2501\u2501\u2501\u2501\u2501\u2501\u2501\u2501\u2501\u2501 123.2/123.2 kB 3.0 MB/s eta 0:00:00\n[Test and Deploy/Test]   | Collecting certifi>=2017.4.17 (from requests>=2.0.0->twilio==8.2.1)\n[Test and Deploy/Test]   |   Downloading certifi-2023.5.7-py3-none-any.whl (156 kB)\n[Test and Deploy/Test]   |      \u2501\u2501\u2501\u2501\u2501\u2501\u2501\u2501\u2501\u2501\u2501\u2501\u2501\u2501\u2501\u2501\u2501\u2501\u2501\u2501\u2501\u2501\u2501\u2501\u2501\u2501\u2501\u2501\u2501\u2501\u2501\u2501\u2501\u2501\u2501\u2501\u2501\u2501\u2501 157.0/157.0 kB 3.1 MB/s eta 0:00:00\n[Test and Deploy/Test]   | Collecting importlib-metadata (from attrs>=17.3.0->aiohttp>=3.8.4->twilio==8.2.1)\n[Test and Deploy/Test]   |   Using cached importlib_metadata-6.6.0-py3-none-any.whl (22 kB)\n[Test and Deploy/Test]   | Collecting zipp>=0.5 (from importlib-metadata->attrs>=17.3.0->aiohttp>=3.8.4->twilio==8.2.1)\n[Test and Deploy/Test]   |   Using cached zipp-3.15.0-py3-none-any.whl (6.8 kB)\n[Test and Deploy/Test]   | Building wheels for collected packages: twilio\n[Test and Deploy/Test]   |   Building wheel for twilio (setup.py): started\n[Test and Deploy/Test]   |   Building wheel for twilio (setup.py): finished with status 'done'\n[Test and Deploy/Test]   |   Created wheel for twilio: filename=twilio-8.2.1-py2.py3-none-any.whl size=1714323 sha256=0829751b0f7eca48a18f0640d06f52a6542c8205bfef837db4acf3550280024b\n[Test and Deploy/Test]   |   Stored in directory: /home/runneradmin/.cache/pip/wheels/de/0b/bc/db3962fdd84468a6983619d4accbbdc25d6d6a33b61786867a\n[Test and Deploy/Test]   | Successfully built twilio\n[Test and Deploy/Test]   | Installing collected packages: pytz, zipp, urllib3, typing-extensions, multidict, idna, frozenlist, charset-normalizer, certifi, asynctest, yarl, requests, PyJWT, importlib-metadata, async-timeout, aiosignal, attrs, aiohttp, aiohttp-retry, twilio\n[Test and Deploy/Test]   | Successfully installed PyJWT-2.7.0 aiohttp-3.8.4 aiohttp-retry-2.8.3 aiosignal-1.3.1 async-timeout-4.0.2 asynctest-0.13.0 attrs-23.1.0 certifi-2023.5.7 charset-normalizer-3.1.0 frozenlist-1.3.3 idna-3.4 importlib-metadata-6.6.0 multidict-6.0.4 pytz-2023.3 requests-2.31.0 twilio-8.2.1 typing-extensions-4.6.2 urllib3-2.0.2 yarl-1.9.2 zipp-3.15.0\n[Test and Deploy/Test]   | . venv/bin/activate; pip install -r tests/requirements.txt\n[Test and Deploy/Test]   | Collecting Sphinx>=1.8.0 (from -r tests/requirements.txt (line 1))\n[Test and Deploy/Test]   |   Downloading sphinx-5.3.0-py3-none-any.whl (3.2 MB)\n[Test and Deploy/Test]   |      \u2501\u2501\u2501\u2501\u2501\u2501\u2501\u2501\u2501\u2501\u2501\u2501\u2501\u2501\u2501\u2501\u2501\u2501\u2501\u2501\u2501\u2501\u2501\u2501\u2501\u2501\u2501\u2501\u2501\u2501\u2501\u2501\u2501\u2501\u2501\u2501\u2501\u2501\u2501\u2501 3.2/3.2 MB 32.3 MB/s eta 0:00:00\n[Test and Deploy/Test]   | Collecting mock (from -r tests/requirements.txt (line 2))\n[Test and Deploy/Test]   |   Downloading mock-5.0.2-py3-none-any.whl (30 kB)\n[Test and Deploy/Test]   | Collecting pytest (from -r tests/requirements.txt (line 3))\n[Test and Deploy/Test]   |   Downloading pytest-7.3.1-py3-none-any.whl (320 kB)\n[Test and Deploy/Test]   |      \u2501\u2501\u2501\u2501\u2501\u2501\u2501\u2501\u2501\u2501\u2501\u2501\u2501\u2501\u2501\u2501\u2501\u2501\u2501\u2501\u2501\u2501\u2501\u2501\u2501\u2501\u2501\u2501\u2501\u2501\u2501\u2501\u2501\u2501\u2501\u2501\u2501\u2501 320.5/320.5 kB 30.2 MB/s eta 0:00:00\n[Test and Deploy/Test]   | Collecting pytest-cov (from -r tests/requirements.txt (line 4))\n[Test and Deploy/Test]   |   Downloading pytest_cov-4.1.0-py3-none-any.whl (21 kB)\n[Test and Deploy/Test]   | Collecting aiounittest (from -r tests/requirements.txt (line 5))\n[Test and Deploy/Test]   |   Downloading aiounittest-1.4.2-py3-none-any.whl (7.0 kB)\n[Test and Deploy/Test]   | Collecting flake8 (from -r tests/requirements.txt (line 6))\n[Test and Deploy/Test]   |   Downloading flake8-5.0.4-py2.py3-none-any.whl (61 kB)\n[Test and Deploy/Test]   |      \u2501\u2501\u2501\u2501\u2501\u2501\u2501\u2501\u2501\u2501\u2501\u2501\u2501\u2501\u2501\u2501\u2501\u2501\u2501\u2501\u2501\u2501\u2501\u2501\u2501\u2501\u2501\u2501\u2501\u2501\u2501\u2501\u2501\u2501\u2501\u2501\u2501\u2501\u2501\u2501 61.9/61.9 kB 6.1 MB/s eta 0:00:00\n[Test and Deploy/Test]   | Requirement already satisfied: wheel>=0.22.0 in ./venv/lib/python3.7/site-packages (from -r tests/requirements.txt (line 7)) (0.40.0)\n[Test and Deploy/Test]   | Collecting cryptography (from -r tests/requirements.txt (line 8))\n[Test and Deploy/Test]   |   Downloading cryptography-40.0.2-cp36-abi3-manylinux_2_28_x86_64.whl (3.7 MB)\n[Test and Deploy/Test]   |      \u2501\u2501\u2501\u2501\u2501\u2501\u2501\u2501\u2501\u2501\u2501\u2501\u2501\u2501\u2501\u2501\u2501\u2501\u2501\u2501\u2501\u2501\u2501\u2501\u2501\u2501\u2501\u2501\u2501\u2501\u2501\u2501\u2501\u2501\u2501\u2501\u2501\u2501\u2501\u2501 3.7/3.7 MB 43.9 MB/s eta 0:00:00\n[Test and Deploy/Test]   | Collecting recommonmark (from -r tests/requirements.txt (line 9))\n[Test and Deploy/Test]   |   Downloading recommonmark-0.7.1-py2.py3-none-any.whl (10 kB)\n[Test and Deploy/Test]   | Collecting django (from -r tests/requirements.txt (line 10))\n[Test and Deploy/Test]   |   Downloading Django-3.2.19-py3-none-any.whl (7.9 MB)\n[Test and Deploy/Test]   |      \u2501\u2501\u2501\u2501\u2501\u2501\u2501\u2501\u2501\u2501\u2501\u2501\u2501\u2501\u2501\u2501\u2501\u2501\u2501\u2501\u2501\u2501\u2501\u2501\u2501\u2501\u2501\u2501\u2501\u2501\u2501\u2501\u2501\u2501\u2501\u2501\u2501\u2501\u2501\u2501 7.9/7.9 MB 53.9 MB/s eta 0:00:00\n[Test and Deploy/Test]   | Requirement already satisfied: multidict in ./venv/lib/python3.7/site-packages (from -r tests/requirements.txt (line 11)) (6.0.4)\n[Test and Deploy/Test]   | Collecting pyngrok (from -r tests/requirements.txt (line 12))\n[Test and Deploy/Test]   |   Downloading pyngrok-6.0.0.tar.gz (681 kB)\n[Test and Deploy/Test]   |      \u2501\u2501\u2501\u2501\u2501\u2501\u2501\u2501\u2501\u2501\u2501\u2501\u2501\u2501\u2501\u2501\u2501\u2501\u2501\u2501\u2501\u2501\u2501\u2501\u2501\u2501\u2501\u2501\u2501\u2501\u2501\u2501\u2501\u2501\u2501\u2501\u2501\u2501 681.2/681.2 kB 12.7 MB/s eta 0:00:00\n[Test and Deploy/Test]   |   Preparing metadata (setup.py): started\n[Test and Deploy/Test]   |   Preparing metadata (setup.py): finished with status 'done'\n[Test and Deploy/Test]   | Collecting black (from -r tests/requirements.txt (line 13))\n[Test and Deploy/Test]   |   Downloading black-23.3.0-cp37-cp37m-manylinux_2_17_x86_64.manylinux2014_x86_64.whl (1.6 MB)\n[Test and Deploy/Test]   |      \u2501\u2501\u2501\u2501\u2501\u2501\u2501\u2501\u2501\u2501\u2501\u2501\u2501\u2501\u2501\u2501\u2501\u2501\u2501\u2501\u2501\u2501\u2501\u2501\u2501\u2501\u2501\u2501\u2501\u2501\u2501\u2501\u2501\u2501\u2501\u2501\u2501\u2501\u2501\u2501 1.6/1.6 MB 13.0 MB/s eta 0:00:00\n[Test and Deploy/Test]   | Collecting autoflake (from -r tests/requirements.txt (line 14))\n[Test and Deploy/Test]   |   Downloading autoflake-2.1.1-py3-none-any.whl (31 kB)\n[Test and Deploy/Test]   | Collecting sphinxcontrib-applehelp (from Sphinx>=1.8.0->-r tests/requirements.txt (line 1))\n[Test and Deploy/Test]   |   Downloading sphinxcontrib_applehelp-1.0.2-py2.py3-none-any.whl (121 kB)\n[Test and Deploy/Test]   |      \u2501\u2501\u2501\u2501\u2501\u2501\u2501\u2501\u2501\u2501\u2501\u2501\u2501\u2501\u2501\u2501\u2501\u2501\u2501\u2501\u2501\u2501\u2501\u2501\u2501\u2501\u2501\u2501\u2501\u2501\u2501\u2501\u2501\u2501\u2501\u2501\u2501\u2501 121.2/121.2 kB 22.6 MB/s eta 0:00:00\n[Test and Deploy/Test]   | Collecting sphinxcontrib-devhelp (from Sphinx>=1.8.0->-r tests/requirements.txt (line 1))\n[Test and Deploy/Test]   |   Downloading sphinxcontrib_devhelp-1.0.2-py2.py3-none-any.whl (84 kB)\n[Test and Deploy/Test]   |      \u2501\u2501\u2501\u2501\u2501\u2501\u2501\u2501\u2501\u2501\u2501\u2501\u2501\u2501\u2501\u2501\u2501\u2501\u2501\u2501\u2501\u2501\u2501\u2501\u2501\u2501\u2501\u2501\u2501\u2501\u2501\u2501\u2501\u2501\u2501\u2501\u2501\u2501\u2501\u2501 84.7/84.7 kB 2.6 MB/s eta 0:00:00\n[Test and Deploy/Test]   | Collecting sphinxcontrib-jsmath (from Sphinx>=1.8.0->-r tests/requirements.txt (line 1))\n[Test and Deploy/Test]   |   Downloading sphinxcontrib_jsmath-1.0.1-py2.py3-none-any.whl (5.1 kB)\n[Test and Deploy/Test]   | Collecting sphinxcontrib-htmlhelp>=2.0.0 (from Sphinx>=1.8.0->-r tests/requirements.txt (line 1))\n[Test and Deploy/Test]   |   Downloading sphinxcontrib_htmlhelp-2.0.0-py2.py3-none-any.whl (100 kB)\n[Test and Deploy/Test]   |      \u2501\u2501\u2501\u2501\u2501\u2501\u2501\u2501\u2501\u2501\u2501\u2501\u2501\u2501\u2501\u2501\u2501\u2501\u2501\u2501\u2501\u2501\u2501\u2501\u2501\u2501\u2501\u2501\u2501\u2501\u2501\u2501\u2501\u2501\u2501\u2501\u2501\u2501 100.5/100.5 kB 18.5 MB/s eta 0:00:00\n[Test and Deploy/Test]   | Collecting sphinxcontrib-serializinghtml>=1.1.5 (from Sphinx>=1.8.0->-r tests/requirements.txt (line 1))\n[Test and Deploy/Test]   |   Downloading sphinxcontrib_serializinghtml-1.1.5-py2.py3-none-any.whl (94 kB)\n[Test and Deploy/Test]   |      \u2501\u2501\u2501\u2501\u2501\u2501\u2501\u2501\u2501\u2501\u2501\u2501\u2501\u2501\u2501\u2501\u2501\u2501\u2501\u2501\u2501\u2501\u2501\u2501\u2501\u2501\u2501\u2501\u2501\u2501\u2501\u2501\u2501\u2501\u2501\u2501\u2501\u2501\u2501\u2501 94.0/94.0 kB 12.3 MB/s eta 0:00:00\n[Test and Deploy/Test]   | Collecting sphinxcontrib-qthelp (from Sphinx>=1.8.0->-r tests/requirements.txt (line 1))\n[Test and Deploy/Test]   |   Downloading sphinxcontrib_qthelp-1.0.3-py2.py3-none-any.whl (90 kB)\n[Test and Deploy/Test]   |      \u2501\u2501\u2501\u2501\u2501\u2501\u2501\u2501\u2501\u2501\u2501\u2501\u2501\u2501\u2501\u2501\u2501\u2501\u2501\u2501\u2501\u2501\u2501\u2501\u2501\u2501\u2501\u2501\u2501\u2501\u2501\u2501\u2501\u2501\u2501\u2501\u2501\u2501\u2501\u2501 90.6/90.6 kB 10.7 MB/s eta 0:00:00\n[Test and Deploy/Test]   | Collecting Jinja2>=3.0 (from Sphinx>=1.8.0->-r tests/requirements.txt (line 1))\n[Test and Deploy/Test]   |   Downloading Jinja2-3.1.2-py3-none-any.whl (133 kB)\n[Test and Deploy/Test]   |      \u2501\u2501\u2501\u2501\u2501\u2501\u2501\u2501\u2501\u2501\u2501\u2501\u2501\u2501\u2501\u2501\u2501\u2501\u2501\u2501\u2501\u2501\u2501\u2501\u2501\u2501\u2501\u2501\u2501\u2501\u2501\u2501\u2501\u2501\u2501\u2501\u2501\u2501 133.1/133.1 kB 24.8 MB/s eta 0:00:00\n[Test and Deploy/Test]   | Collecting Pygments>=2.12 (from Sphinx>=1.8.0->-r tests/requirements.txt (line 1))\n[Test and Deploy/Test]   |   Downloading Pygments-2.15.1-py3-none-any.whl (1.1 MB)\n[Test and Deploy/Test]   |      \u2501\u2501\u2501\u2501\u2501\u2501\u2501\u2501\u2501\u2501\u2501\u2501\u2501\u2501\u2501\u2501\u2501\u2501\u2501\u2501\u2501\u2501\u2501\u2501\u2501\u2501\u2501\u2501\u2501\u2501\u2501\u2501\u2501\u2501\u2501\u2501\u2501\u2501\u2501\u2501 1.1/1.1 MB 29.2 MB/s eta 0:00:00\n[Test and Deploy/Test]   | Collecting docutils<0.20,>=0.14 (from Sphinx>=1.8.0->-r tests/requirements.txt (line 1))\n[Test and Deploy/Test]   |   Downloading docutils-0.19-py3-none-any.whl (570 kB)\n[Test and Deploy/Test]   |      \u2501\u2501\u2501\u2501\u2501\u2501\u2501\u2501\u2501\u2501\u2501\u2501\u2501\u2501\u2501\u2501\u2501\u2501\u2501\u2501\u2501\u2501\u2501\u2501\u2501\u2501\u2501\u2501\u2501\u2501\u2501\u2501\u2501\u2501\u2501\u2501\u2501\u2501 570.5/570.5 kB 33.9 MB/s eta 0:00:00\n[Test and Deploy/Test]   | Collecting snowballstemmer>=2.0 (from Sphinx>=1.8.0->-r tests/requirements.txt (line 1))\n[Test and Deploy/Test]   |   Downloading snowballstemmer-2.2.0-py2.py3-none-any.whl (93 kB)\n[Test and Deploy/Test]   |      \u2501\u2501\u2501\u2501\u2501\u2501\u2501\u2501\u2501\u2501\u2501\u2501\u2501\u2501\u2501\u2501\u2501\u2501\u2501\u2501\u2501\u2501\u2501\u2501\u2501\u2501\u2501\u2501\u2501\u2501\u2501\u2501\u2501\u2501\u2501\u2501\u2501\u2501\u2501\u2501 93.0/93.0 kB 18.2 MB/s eta 0:00:00\n[Test and Deploy/Test]   | Collecting babel>=2.9 (from Sphinx>=1.8.0->-r tests/requirements.txt (line 1))\n[Test and Deploy/Test]   |   Downloading Babel-2.12.1-py3-none-any.whl (10.1 MB)\n[Test and Deploy/Test]   |      \u2501\u2501\u2501\u2501\u2501\u2501\u2501\u2501\u2501\u2501\u2501\u2501\u2501\u2501\u2501\u2501\u2501\u2501\u2501\u2501\u2501\u2501\u2501\u2501\u2501\u2501\u2501\u2501\u2501\u2501\u2501\u2501\u2501\u2501\u2501\u2501\u2501\u2501\u2501\u2501 10.1/10.1 MB 57.8 MB/s eta 0:00:00\n[Test and Deploy/Test]   | Collecting alabaster<0.8,>=0.7 (from Sphinx>=1.8.0->-r tests/requirements.txt (line 1))\n[Test and Deploy/Test]   |   Downloading alabaster-0.7.13-py3-none-any.whl (13 kB)\n[Test and Deploy/Test]   | Collecting imagesize>=1.3 (from Sphinx>=1.8.0->-r tests/requirements.txt (line 1))\n[Test and Deploy/Test]   |   Downloading imagesize-1.4.1-py2.py3-none-any.whl (8.8 kB)\n[Test and Deploy/Test]   | Requirement already satisfied: requests>=2.5.0 in ./venv/lib/python3.7/site-packages (from Sphinx>=1.8.0->-r tests/requirements.txt (line 1)) (2.31.0)\n[Test and Deploy/Test]   | Collecting packaging>=21.0 (from Sphinx>=1.8.0->-r tests/requirements.txt (line 1))\n[Test and Deploy/Test]   |   Downloading packaging-23.1-py3-none-any.whl (48 kB)\n[Test and Deploy/Test]   |      \u2501\u2501\u2501\u2501\u2501\u2501\u2501\u2501\u2501\u2501\u2501\u2501\u2501\u2501\u2501\u2501\u2501\u2501\u2501\u2501\u2501\u2501\u2501\u2501\u2501\u2501\u2501\u2501\u2501\u2501\u2501\u2501\u2501\u2501\u2501\u2501\u2501\u2501\u2501\u2501 48.9/48.9 kB 2.3 MB/s eta 0:00:00\n[Test and Deploy/Test]   | Requirement already satisfied: importlib-metadata>=4.8 in ./venv/lib/python3.7/site-packages (from Sphinx>=1.8.0->-r tests/requirements.txt (line 1)) (6.6.0)\n[Test and Deploy/Test]   | Collecting iniconfig (from pytest->-r tests/requirements.txt (line 3))\n[Test and Deploy/Test]   |   Downloading iniconfig-2.0.0-py3-none-any.whl (5.9 kB)\n[Test and Deploy/Test]   | Collecting pluggy<2.0,>=0.12 (from pytest->-r tests/requirements.txt (line 3))\n[Test and Deploy/Test]   |   Downloading pluggy-1.0.0-py2.py3-none-any.whl (13 kB)\n[Test and Deploy/Test]   | Collecting exceptiongroup>=1.0.0rc8 (from pytest->-r tests/requirements.txt (line 3))\n[Test and Deploy/Test]   |   Downloading exceptiongroup-1.1.1-py3-none-any.whl (14 kB)\n[Test and Deploy/Test]   | Collecting tomli>=1.0.0 (from pytest->-r tests/requirements.txt (line 3))\n[Test and Deploy/Test]   |   Downloading tomli-2.0.1-py3-none-any.whl (12 kB)\n[Test and Deploy/Test]   | Collecting coverage[toml]>=5.2.1 (from pytest-cov->-r tests/requirements.txt (line 4))\n[Test and Deploy/Test]   |   Downloading coverage-7.2.6-cp37-cp37m-manylinux_2_5_x86_64.manylinux1_x86_64.manylinux_2_17_x86_64.manylinux2014_x86_64.whl (225 kB)\n[Test and Deploy/Test]   |      \u2501\u2501\u2501\u2501\u2501\u2501\u2501\u2501\u2501\u2501\u2501\u2501\u2501\u2501\u2501\u2501\u2501\u2501\u2501\u2501\u2501\u2501\u2501\u2501\u2501\u2501\u2501\u2501\u2501\u2501\u2501\u2501\u2501\u2501\u2501\u2501\u2501\u2501 225.5/225.5 kB 17.8 MB/s eta 0:00:00\n[Test and Deploy/Test]   | Collecting wrapt (from aiounittest->-r tests/requirements.txt (line 5))\n[Test and Deploy/Test]   |   Downloading wrapt-1.15.0-cp37-cp37m-manylinux_2_5_x86_64.manylinux1_x86_64.manylinux_2_17_x86_64.manylinux2014_x86_64.whl (75 kB)\n[Test and Deploy/Test]   |      \u2501\u2501\u2501\u2501\u2501\u2501\u2501\u2501\u2501\u2501\u2501\u2501\u2501\u2501\u2501\u2501\u2501\u2501\u2501\u2501\u2501\u2501\u2501\u2501\u2501\u2501\u2501\u2501\u2501\u2501\u2501\u2501\u2501\u2501\u2501\u2501\u2501\u2501\u2501\u2501 75.7/75.7 kB 1.4 MB/s eta 0:00:00\n[Test and Deploy/Test]   | Collecting mccabe<0.8.0,>=0.7.0 (from flake8->-r tests/requirements.txt (line 6))\n[Test and Deploy/Test]   |   Downloading mccabe-0.7.0-py2.py3-none-any.whl (7.3 kB)\n[Test and Deploy/Test]   | Collecting pycodestyle<2.10.0,>=2.9.0 (from flake8->-r tests/requirements.txt (line 6))\n[Test and Deploy/Test]   |   Downloading pycodestyle-2.9.1-py2.py3-none-any.whl (41 kB)\n[Test and Deploy/Test]   |      \u2501\u2501\u2501\u2501\u2501\u2501\u2501\u2501\u2501\u2501\u2501\u2501\u2501\u2501\u2501\u2501\u2501\u2501\u2501\u2501\u2501\u2501\u2501\u2501\u2501\u2501\u2501\u2501\u2501\u2501\u2501\u2501\u2501\u2501\u2501\u2501\u2501\u2501\u2501\u2501 41.5/41.5 kB 2.2 MB/s eta 0:00:00\n[Test and Deploy/Test]   | Collecting pyflakes<2.6.0,>=2.5.0 (from flake8->-r tests/requirements.txt (line 6))\n[Test and Deploy/Test]   |   Downloading pyflakes-2.5.0-py2.py3-none-any.whl (66 kB)\n[Test and Deploy/Test]   |      \u2501\u2501\u2501\u2501\u2501\u2501\u2501\u2501\u2501\u2501\u2501\u2501\u2501\u2501\u2501\u2501\u2501\u2501\u2501\u2501\u2501\u2501\u2501\u2501\u2501\u2501\u2501\u2501\u2501\u2501\u2501\u2501\u2501\u2501\u2501\u2501\u2501\u2501\u2501\u2501 66.1/66.1 kB 3.0 MB/s eta 0:00:00\n[Test and Deploy/Test]   | INFO: pip is looking at multiple versions of flake8 to determine which version is compatible with other requirements. This could take a while.\n[Test and Deploy/Test]   | Collecting flake8 (from -r tests/requirements.txt (line 6))\n[Test and Deploy/Test]   |   Downloading flake8-5.0.3-py2.py3-none-any.whl (61 kB)\n[Test and Deploy/Test]   |      \u2501\u2501\u2501\u2501\u2501\u2501\u2501\u2501\u2501\u2501\u2501\u2501\u2501\u2501\u2501\u2501\u2501\u2501\u2501\u2501\u2501\u2501\u2501\u2501\u2501\u2501\u2501\u2501\u2501\u2501\u2501\u2501\u2501\u2501\u2501\u2501\u2501\u2501\u2501\u2501 61.9/61.9 kB 9.4 MB/s eta 0:00:00\n[Test and Deploy/Test]   |   Downloading flake8-5.0.2-py2.py3-none-any.whl (61 kB)\n[Test and Deploy/Test]   |      \u2501\u2501\u2501\u2501\u2501\u2501\u2501\u2501\u2501\u2501\u2501\u2501\u2501\u2501\u2501\u2501\u2501\u2501\u2501\u2501\u2501\u2501\u2501\u2501\u2501\u2501\u2501\u2501\u2501\u2501\u2501\u2501\u2501\u2501\u2501\u2501\u2501\u2501\u2501\u2501 61.9/61.9 kB 8.8 MB/s eta 0:00:00\n[Test and Deploy/Test]   |   Downloading flake8-5.0.1-py2.py3-none-any.whl (61 kB)\n[Test and Deploy/Test]   |      \u2501\u2501\u2501\u2501\u2501\u2501\u2501\u2501\u2501\u2501\u2501\u2501\u2501\u2501\u2501\u2501\u2501\u2501\u2501\u2501\u2501\u2501\u2501\u2501\u2501\u2501\u2501\u2501\u2501\u2501\u2501\u2501\u2501\u2501\u2501\u2501\u2501\u2501\u2501\u2501 61.7/61.7 kB 11.0 MB/s eta 0:00:00\n[Test and Deploy/Test]   |   Downloading flake8-5.0.0-py2.py3-none-any.whl (61 kB)\n[Test and Deploy/Test]   |      \u2501\u2501\u2501\u2501\u2501\u2501\u2501\u2501\u2501\u2501\u2501\u2501\u2501\u2501\u2501\u2501\u2501\u2501\u2501\u2501\u2501\u2501\u2501\u2501\u2501\u2501\u2501\u2501\u2501\u2501\u2501\u2501\u2501\u2501\u2501\u2501\u2501\u2501\u2501\u2501 61.7/61.7 kB 3.2 MB/s eta 0:00:00\n[Test and Deploy/Test]   |   Downloading flake8-4.0.1-py2.py3-none-any.whl (64 kB)\n[Test and Deploy/Test]   |      \u2501\u2501\u2501\u2501\u2501\u2501\u2501\u2501\u2501\u2501\u2501\u2501\u2501\u2501\u2501\u2501\u2501\u2501\u2501\u2501\u2501\u2501\u2501\u2501\u2501\u2501\u2501\u2501\u2501\u2501\u2501\u2501\u2501\u2501\u2501\u2501\u2501\u2501\u2501\u2501 64.1/64.1 kB 2.4 MB/s eta 0:00:00\n[Test and Deploy/Test]   | Collecting mccabe<0.7.0,>=0.6.0 (from flake8->-r tests/requirements.txt (line 6))\n[Test and Deploy/Test]   |   Downloading mccabe-0.6.1-py2.py3-none-any.whl (8.6 kB)\n[Test and Deploy/Test]   | Collecting pycodestyle<2.9.0,>=2.8.0 (from flake8->-r tests/requirements.txt (line 6))\n[Test and Deploy/Test]   |   Downloading pycodestyle-2.8.0-py2.py3-none-any.whl (42 kB)\n[Test and Deploy/Test]   |      \u2501\u2501\u2501\u2501\u2501\u2501\u2501\u2501\u2501\u2501\u2501\u2501\u2501\u2501\u2501\u2501\u2501\u2501\u2501\u2501\u2501\u2501\u2501\u2501\u2501\u2501\u2501\u2501\u2501\u2501\u2501\u2501\u2501\u2501\u2501\u2501\u2501\u2501\u2501\u2501 42.1/42.1 kB 7.8 MB/s eta 0:00:00\n[Test and Deploy/Test]   | Collecting pyflakes<2.5.0,>=2.4.0 (from flake8->-r tests/requirements.txt (line 6))\n[Test and Deploy/Test]   |   Downloading pyflakes-2.4.0-py2.py3-none-any.whl (69 kB)\n[Test and Deploy/Test]   |      \u2501\u2501\u2501\u2501\u2501\u2501\u2501\u2501\u2501\u2501\u2501\u2501\u2501\u2501\u2501\u2501\u2501\u2501\u2501\u2501\u2501\u2501\u2501\u2501\u2501\u2501\u2501\u2501\u2501\u2501\u2501\u2501\u2501\u2501\u2501\u2501\u2501\u2501\u2501\u2501 69.7/69.7 kB 4.0 MB/s eta 0:00:00\n[Test and Deploy/Test]   | Collecting flake8 (from -r tests/requirements.txt (line 6))\n[Test and Deploy/Test]   |   Downloading flake8-4.0.0-py2.py3-none-any.whl (64 kB)\n[Test and Deploy/Test]   |      \u2501\u2501\u2501\u2501\u2501\u2501\u2501\u2501\u2501\u2501\u2501\u2501\u2501\u2501\u2501\u2501\u2501\u2501\u2501\u2501\u2501\u2501\u2501\u2501\u2501\u2501\u2501\u2501\u2501\u2501\u2501\u2501\u2501\u2501\u2501\u2501\u2501\u2501\u2501\u2501 64.1/64.1 kB 2.2 MB/s eta 0:00:00\n[Test and Deploy/Test]   |   Downloading flake8-3.9.2-py2.py3-none-any.whl (73 kB)\n[Test and Deploy/Test]   |      \u2501\u2501\u2501\u2501\u2501\u2501\u2501\u2501\u2501\u2501\u2501\u2501\u2501\u2501\u2501\u2501\u2501\u2501\u2501\u2501\u2501\u2501\u2501\u2501\u2501\u2501\u2501\u2501\u2501\u2501\u2501\u2501\u2501\u2501\u2501\u2501\u2501\u2501\u2501\u2501 73.1/73.1 kB 7.1 MB/s eta 0:00:00\n[Test and Deploy/Test]   | Collecting pyflakes<2.4.0,>=2.3.0 (from flake8->-r tests/requirements.txt (line 6))\n[Test and Deploy/Test]   |   Downloading pyflakes-2.3.1-py2.py3-none-any.whl (68 kB)\n[Test and Deploy/Test]   |      \u2501\u2501\u2501\u2501\u2501\u2501\u2501\u2501\u2501\u2501\u2501\u2501\u2501\u2501\u2501\u2501\u2501\u2501\u2501\u2501\u2501\u2501\u2501\u2501\u2501\u2501\u2501\u2501\u2501\u2501\u2501\u2501\u2501\u2501\u2501\u2501\u2501\u2501\u2501\u2501 68.8/68.8 kB 7.1 MB/s eta 0:00:00\n[Test and Deploy/Test]   | Collecting pycodestyle<2.8.0,>=2.7.0 (from flake8->-r tests/requirements.txt (line 6))\n[Test and Deploy/Test]   |   Downloading pycodestyle-2.7.0-py2.py3-none-any.whl (41 kB)\n[Test and Deploy/Test]   |      \u2501\u2501\u2501\u2501\u2501\u2501\u2501\u2501\u2501\u2501\u2501\u2501\u2501\u2501\u2501\u2501\u2501\u2501\u2501\u2501\u2501\u2501\u2501\u2501\u2501\u2501\u2501\u2501\u2501\u2501\u2501\u2501\u2501\u2501\u2501\u2501\u2501\u2501\u2501\u2501 41.7/41.7 kB 6.7 MB/s eta 0:00:00\n[Test and Deploy/Test]   | Collecting cffi>=1.12 (from cryptography->-r tests/requirements.txt (line 8))\n[Test and Deploy/Test]   |   Downloading cffi-1.15.1-cp37-cp37m-manylinux_2_17_x86_64.manylinux2014_x86_64.whl (427 kB)\n[Test and Deploy/Test]   |      \u2501\u2501\u2501\u2501\u2501\u2501\u2501\u2501\u2501\u2501\u2501\u2501\u2501\u2501\u2501\u2501\u2501\u2501\u2501\u2501\u2501\u2501\u2501\u2501\u2501\u2501\u2501\u2501\u2501\u2501\u2501\u2501\u2501\u2501\u2501\u2501\u2501\u2501 427.9/427.9 kB 26.1 MB/s eta 0:00:00\n[Test and Deploy/Test]   | Collecting commonmark>=0.8.1 (from recommonmark->-r tests/requirements.txt (line 9))\n[Test and Deploy/Test]   |   Downloading commonmark-0.9.1-py2.py3-none-any.whl (51 kB)\n[Test and Deploy/Test]   |      \u2501\u2501\u2501\u2501\u2501\u2501\u2501\u2501\u2501\u2501\u2501\u2501\u2501\u2501\u2501\u2501\u2501\u2501\u2501\u2501\u2501\u2501\u2501\u2501\u2501\u2501\u2501\u2501\u2501\u2501\u2501\u2501\u2501\u2501\u2501\u2501\u2501\u2501\u2501\u2501 51.1/51.1 kB 2.0 MB/s eta 0:00:00\n[Test and Deploy/Test]   | Collecting asgiref<4,>=3.3.2 (from django->-r tests/requirements.txt (line 10))\n[Test and Deploy/Test]   |   Downloading asgiref-3.7.2-py3-none-any.whl (24 kB)\n[Test and Deploy/Test]   | Requirement already satisfied: pytz in ./venv/lib/python3.7/site-packages (from django->-r tests/requirements.txt (line 10)) (2023.3)\n[Test and Deploy/Test]   | Collecting sqlparse>=0.2.2 (from django->-r tests/requirements.txt (line 10))\n[Test and Deploy/Test]   |   Downloading sqlparse-0.4.4-py3-none-any.whl (41 kB)\n[Test and Deploy/Test]   |      \u2501\u2501\u2501\u2501\u2501\u2501\u2501\u2501\u2501\u2501\u2501\u2501\u2501\u2501\u2501\u2501\u2501\u2501\u2501\u2501\u2501\u2501\u2501\u2501\u2501\u2501\u2501\u2501\u2501\u2501\u2501\u2501\u2501\u2501\u2501\u2501\u2501\u2501\u2501\u2501 41.2/41.2 kB 4.8 MB/s eta 0:00:00\n[Test and Deploy/Test]   | Collecting PyYAML (from pyngrok->-r tests/requirements.txt (line 12))\n[Test and Deploy/Test]   |   Downloading PyYAML-6.0-cp37-cp37m-manylinux_2_5_x86_64.manylinux1_x86_64.manylinux_2_12_x86_64.manylinux2010_x86_64.whl (596 kB)\n[Test and Deploy/Test]   |      \u2501\u2501\u2501\u2501\u2501\u2501\u2501\u2501\u2501\u2501\u2501\u2501\u2501\u2501\u2501\u2501\u2501\u2501\u2501\u2501\u2501\u2501\u2501\u2501\u2501\u2501\u2501\u2501\u2501\u2501\u2501\u2501\u2501\u2501\u2501\u2501\u2501\u2501 596.3/596.3 kB 12.0 MB/s eta 0:00:00\n[Test and Deploy/Test]   | Collecting click>=8.0.0 (from black->-r tests/requirements.txt (line 13))\n[Test and Deploy/Test]   |   Downloading click-8.1.3-py3-none-any.whl (96 kB)\n[Test and Deploy/Test]   |      \u2501\u2501\u2501\u2501\u2501\u2501\u2501\u2501\u2501\u2501\u2501\u2501\u2501\u2501\u2501\u2501\u2501\u2501\u2501\u2501\u2501\u2501\u2501\u2501\u2501\u2501\u2501\u2501\u2501\u2501\u2501\u2501\u2501\u2501\u2501\u2501\u2501\u2501\u2501\u2501 96.6/96.6 kB 7.6 MB/s eta 0:00:00\n[Test and Deploy/Test]   | Collecting mypy-extensions>=0.4.3 (from black->-r tests/requirements.txt (line 13))\n[Test and Deploy/Test]   |   Downloading mypy_extensions-1.0.0-py3-none-any.whl (4.7 kB)\n[Test and Deploy/Test]   | Collecting pathspec>=0.9.0 (from black->-r tests/requirements.txt (line 13))\n[Test and Deploy/Test]   |   Downloading pathspec-0.11.1-py3-none-any.whl (29 kB)\n[Test and Deploy/Test]   | Collecting platformdirs>=2 (from black->-r tests/requirements.txt (line 13))\n[Test and Deploy/Test]   |   Using cached platformdirs-3.5.1-py3-none-any.whl (15 kB)\n[Test and Deploy/Test]   | Collecting typed-ast>=1.4.2 (from black->-r tests/requirements.txt (line 13))\n[Test and Deploy/Test]   |   Downloading typed_ast-1.5.4-cp37-cp37m-manylinux_2_5_x86_64.manylinux1_x86_64.manylinux_2_12_x86_64.manylinux2010_x86_64.whl (843 kB)\n[Test and Deploy/Test]   |      \u2501\u2501\u2501\u2501\u2501\u2501\u2501\u2501\u2501\u2501\u2501\u2501\u2501\u2501\u2501\u2501\u2501\u2501\u2501\u2501\u2501\u2501\u2501\u2501\u2501\u2501\u2501\u2501\u2501\u2501\u2501\u2501\u2501\u2501\u2501\u2501\u2501\u2501 843.7/843.7 kB 48.3 MB/s eta 0:00:00\n[Test and Deploy/Test]   | Requirement already satisfied: typing-extensions>=3.10.0.0 in ./venv/lib/python3.7/site-packages (from black->-r tests/requirements.txt (line 13)) (4.6.2)\n[Test and Deploy/Test]   | INFO: pip is looking at multiple versions of autoflake to determine which version is compatible with other requirements. This could take a while.\n[Test and Deploy/Test]   | Collecting autoflake (from -r tests/requirements.txt (line 14))\n[Test and Deploy/Test]   |   Downloading autoflake-2.1.0-py3-none-any.whl (31 kB)\n[Test and Deploy/Test]   |   Downloading autoflake-2.0.2-py3-none-any.whl (31 kB)\n[Test and Deploy/Test]   |   Downloading autoflake-2.0.1-py3-none-any.whl (31 kB)\n[Test and Deploy/Test]   |   Downloading autoflake-2.0.0-py3-none-any.whl (31 kB)\n[Test and Deploy/Test]   |   Downloading autoflake-1.7.8-py3-none-any.whl (31 kB)\n[Test and Deploy/Test]   | Collecting pycparser (from cffi>=1.12->cryptography->-r tests/requirements.txt (line 8))\n[Test and Deploy/Test]   |   Downloading pycparser-2.21-py2.py3-none-any.whl (118 kB)\n[Test and Deploy/Test]   |      \u2501\u2501\u2501\u2501\u2501\u2501\u2501\u2501\u2501\u2501\u2501\u2501\u2501\u2501\u2501\u2501\u2501\u2501\u2501\u2501\u2501\u2501\u2501\u2501\u2501\u2501\u2501\u2501\u2501\u2501\u2501\u2501\u2501\u2501\u2501\u2501\u2501\u2501 118.7/118.7 kB 18.2 MB/s eta 0:00:00\n[Test and Deploy/Test]   | Requirement already satisfied: zipp>=0.5 in ./venv/lib/python3.7/site-packages (from importlib-metadata>=4.8->Sphinx>=1.8.0->-r tests/requirements.txt (line 1)) (3.15.0)\n[Test and Deploy/Test]   | Collecting MarkupSafe>=2.0 (from Jinja2>=3.0->Sphinx>=1.8.0->-r tests/requirements.txt (line 1))\n[Test and Deploy/Test]   |   Downloading MarkupSafe-2.1.2-cp37-cp37m-manylinux_2_17_x86_64.manylinux2014_x86_64.whl (25 kB)\n[Test and Deploy/Test]   | Requirement already satisfied: charset-normalizer<4,>=2 in ./venv/lib/python3.7/site-packages (from requests>=2.5.0->Sphinx>=1.8.0->-r tests/requirements.txt (line 1)) (3.1.0)\n[Test and Deploy/Test]   | Requirement already satisfied: idna<4,>=2.5 in ./venv/lib/python3.7/site-packages (from requests>=2.5.0->Sphinx>=1.8.0->-r tests/requirements.txt (line 1)) (3.4)\n[Test and Deploy/Test]   | Requirement already satisfied: urllib3<3,>=1.21.1 in ./venv/lib/python3.7/site-packages (from requests>=2.5.0->Sphinx>=1.8.0->-r tests/requirements.txt (line 1)) (2.0.2)\n[Test and Deploy/Test]   | Requirement already satisfied: certifi>=2017.4.17 in ./venv/lib/python3.7/site-packages (from requests>=2.5.0->Sphinx>=1.8.0->-r tests/requirements.txt (line 1)) (2023.5.7)\n[Test and Deploy/Test]   | Building wheels for collected packages: pyngrok\n[Test and Deploy/Test]   |   Building wheel for pyngrok (setup.py): started\n[Test and Deploy/Test]   |   Building wheel for pyngrok (setup.py): finished with status 'done'\n[Test and Deploy/Test]   |   Created wheel for pyngrok: filename=pyngrok-6.0.0-py3-none-any.whl size=19867 sha256=dcd9012113c9b75a0b120b20b3e1d89c245d5cebd9317223c5de65834c249168\n[Test and Deploy/Test]   |   Stored in directory: /home/runneradmin/.cache/pip/wheels/28/0e/4d/862233f54f21b4f60f75eacbc085ecf38a2daa4ec79eee5c17\n[Test and Deploy/Test]   | Successfully built pyngrok\n[Test and Deploy/Test]   | Installing collected packages: snowballstemmer, mccabe, commonmark, wrapt, typed-ast, tomli, sqlparse, sphinxcontrib-serializinghtml, sphinxcontrib-qthelp, sphinxcontrib-jsmath, sphinxcontrib-htmlhelp, sphinxcontrib-devhelp, sphinxcontrib-applehelp, PyYAML, Pygments, pyflakes, pycparser, pycodestyle, platformdirs, pathspec, packaging, mypy-extensions, mock, MarkupSafe, iniconfig, imagesize, exceptiongroup, docutils, coverage, babel, asgiref, alabaster, pyngrok, pluggy, Jinja2, flake8, django, click, cffi, autoflake, aiounittest, Sphinx, pytest, cryptography, black, recommonmark, pytest-cov\n[Test and Deploy/Test]   | Successfully installed Jinja2-3.1.2 MarkupSafe-2.1.2 PyYAML-6.0 Pygments-2.15.1 Sphinx-5.3.0 aiounittest-1.4.2 alabaster-0.7.13 asgiref-3.7.2 autoflake-1.7.8 babel-2.12.1 black-23.3.0 cffi-1.15.1 click-8.1.3 commonmark-0.9.1 coverage-7.2.6 cryptography-40.0.2 django-3.2.19 docutils-0.19 exceptiongroup-1.1.1 flake8-3.9.2 imagesize-1.4.1 iniconfig-2.0.0 mccabe-0.6.1 mock-5.0.2 mypy-extensions-1.0.0 packaging-23.1 pathspec-0.11.1 platformdirs-3.5.1 pluggy-1.0.0 pycodestyle-2.7.0 pycparser-2.21 pyflakes-2.3.1 pyngrok-6.0.0 pytest-7.3.1 pytest-cov-4.1.0 recommonmark-0.7.1 snowballstemmer-2.2.0 sphinxcontrib-applehelp-1.0.2 sphinxcontrib-devhelp-1.0.2 sphinxcontrib-htmlhelp-2.0.0 sphinxcontrib-jsmath-1.0.1 sphinxcontrib-qthelp-1.0.3 sphinxcontrib-serializinghtml-1.1.5 sqlparse-0.4.4 tomli-2.0.1 typed-ast-1.5.4 wrapt-1.15.0\n[Test and Deploy/Test]   \u2705  Success - Main Install Dependencies\n[Test and Deploy/Test] \u2b50 Run Main Run the tests\n[Test and Deploy/Test]   \ud83d\udc33  docker exec cmd=[bash --noprofile --norc -e -o pipefail /var/run/act/workflow/3] user= workdir=\n[Test and Deploy/Test]   | . venv/bin/activate; autoflake --check-diff --quiet --remove-all-unused-imports -r --exclude venv .\n[Test and Deploy/Test]   | . venv/bin/activate; black --check .\n[Test and Deploy/Test]   | All done! \u2728 \ud83c\udf70 \u2728\n[Test and Deploy/Test]   | 654 files would be left unchanged.\n[Test and Deploy/Test]   | . venv/bin/activate; \\\n[Test and Deploy/Test]   |   \tpytest --cov-config=setup.cfg --cov-report xml --cov=twilio tests --ignore=tests/cluster\n[Test and Deploy/Test]   | ============================= test session starts ==============================\n[Test and Deploy/Test]   | platform linux -- Python 3.7.11, pytest-7.3.1, pluggy-1.0.0\n[Test and Deploy/Test]   | rootdir: /tmp/de65f406-fe28-11ed-a890-af2cc187fc11/twilio-twilio-python\n[Test and Deploy/Test]   | plugins: cov-4.1.0\n[Test and Deploy/Test]   | collected 530 items\n[Test and Deploy/Test]   | \n[Test and Deploy/Test]   | tests/unit/test_request_validator.py ..........                          [  1%]\n[Test and Deploy/Test]   | tests/unit/base/test_deprecation.py ..                                   [  2%]\n[Test and Deploy/Test]   | tests/unit/base/test_deserialize.py ....................                 [  6%]\n[Test and Deploy/Test]   | tests/unit/base/test_serialize.py ....................                   [  9%]\n[Test and Deploy/Test]   | tests/unit/base/test_version.py ....                                     [ 10%]\n[Test and Deploy/Test]   | tests/unit/http/test_async_http_client.py .......                        [ 11%]\n[Test and Deploy/Test]   | tests/unit/http/test_http_client.py ..............                       [ 14%]\n[Test and Deploy/Test]   | tests/unit/http/test_validation_client.py ..........                     [ 16%]\n[Test and Deploy/Test]   | tests/unit/jwt/test_access_token.py ..................                   [ 19%]\n[Test and Deploy/Test]   | tests/unit/jwt/test_client.py ............                               [ 22%]\n[Test and Deploy/Test]   | tests/unit/jwt/test_client_validation.py ..........                      [ 23%]\n[Test and Deploy/Test]   | tests/unit/jwt/test_jwt.py ....................                          [ 27%]\n[Test and Deploy/Test]   | tests/unit/jwt/test_task_router.py .....................                 [ 31%]\n[Test and Deploy/Test]   | tests/unit/rest/test_client.py ..............                            [ 34%]\n[Test and Deploy/Test]   | tests/unit/twiml/test_messaging_response.py ............................ [ 39%]\n[Test and Deploy/Test]   | ................................................                         [ 48%]\n[Test and Deploy/Test]   | tests/unit/twiml/test_voice_response.py ................................ [ 54%]\n[Test and Deploy/Test]   | ........................................................................ [ 68%]\n[Test and Deploy/Test]   | ........................................................................ [ 81%]\n[Test and Deploy/Test]   | ........................................................................ [ 95%]\n[Test and Deploy/Test]   | ........................                                                 [100%]\n[Test and Deploy/Test]   | \n[Test and Deploy/Test]   | =============================== warnings summary ===============================\n[Test and Deploy/Test]   | tests/unit/base/test_version.py:7\n[Test and Deploy/Test]   |   /tmp/de65f406-fe28-11ed-a890-af2cc187fc11/twilio-twilio-python/tests/unit/base/test_version.py:7: PytestCollectionWarning: cannot collect test class 'TestPage' because it has a __init__ constructor (from: tests/unit/base/test_version.py)\n[Test and Deploy/Test]   |     class TestPage(Page):\n[Test and Deploy/Test]   | \n[Test and Deploy/Test]   | -- Docs: https://docs.pytest.org/en/stable/how-to/capture-warnings.html\n[Test and Deploy/Test]   | \n[Test and Deploy/Test]   | ---------- coverage: platform linux, python 3.7.11-final-0 -----------\n[Test and Deploy/Test]   | Coverage XML written to file coverage.xml\n[Test and Deploy/Test]   | \n[Test and Deploy/Test]   | ======================== 530 passed, 1 warning in 8.27s ========================\n[Test and Deploy/Test]   \u2705  Success - Main Run the tests\n[Test and Deploy/Test] \u2b50 Run Main Run Cluster Tests\n[Test and Deploy/Test]   \ud83d\udc33  docker exec cmd=[bash --noprofile --norc -e -o pipefail /var/run/act/workflow/4] user= workdir=\n[Test and Deploy/Test]   | . venv/bin/activate; pytest tests/cluster\n[Test and Deploy/Test]   | ============================= test session starts ==============================\n[Test and Deploy/Test]   | platform linux -- Python 3.7.11, pytest-7.3.1, pluggy-1.0.0\n[Test and Deploy/Test]   | rootdir: /tmp/de65f406-fe28-11ed-a890-af2cc187fc11/twilio-twilio-python\n[Test and Deploy/Test]   | plugins: cov-4.1.0\n[Test and Deploy/Test]   | collected 9 items\n[Test and Deploy/Test]   | \n[Test and Deploy/Test]   | tests/cluster/test_cluster.py FFFFFFF                                    [ 77%]\n[Test and Deploy/Test]   | tests/cluster/test_webhook.py FF                                         [100%]\n[Test and Deploy/Test]   | \n[Test and Deploy/Test]   | =================================== FAILURES ===================================\n[Test and Deploy/Test]   | ___ ClusterTest.test_allow_special_characters_for_friendly_and_identity_name ___\n[Test and Deploy/Test]   | \n[Test and Deploy/Test]   | self = <test_cluster.ClusterTest testMethod=test_allow_special_characters_for_friendly_and_identity_name>\n[Test and Deploy/Test]   | \n[Test and Deploy/Test]   |     def setUp(self):\n[Test and Deploy/Test]   |         self.from_number = os.environ[\"TWILIO_FROM_NUMBER\"]\n[Test and Deploy/Test]   |         self.to_number = os.environ[\"TWILIO_TO_NUMBER\"]\n[Test and Deploy/Test]   |         self.api_key = os.environ[\"TWILIO_API_KEY\"]\n[Test and Deploy/Test]   |         self.api_secret = os.environ[\"TWILIO_API_SECRET\"]\n[Test and Deploy/Test]   |         self.account_sid = os.environ[\"TWILIO_ACCOUNT_SID\"]\n[Test and Deploy/Test]   |         self.client = Client(\n[Test and Deploy/Test]   |             username=self.api_key,\n[Test and Deploy/Test]   |             password=self.api_secret,\n[Test and Deploy/Test]   | >           account_sid=self.account_sid,\n[Test and Deploy/Test]   |         )\n[Test and Deploy/Test]   | \n[Test and Deploy/Test]   | tests/cluster/test_cluster.py:18: \n[Test and Deploy/Test]   | _ _ _ _ _ _ _ _ _ _ _ _ _ _ _ _ _ _ _ _ _ _ _ _ _ _ _ _ _ _ _ _ _ _ _ _ _ _ _ _ \n[Test and Deploy/Test]   | venv/lib/python3.7/site-packages/twilio/rest/__init__.py:120: in __init__\n[Test and Deploy/Test]   |     user_agent_extensions,\n[Test and Deploy/Test]   | _ _ _ _ _ _ _ _ _ _ _ _ _ _ _ _ _ _ _ _ _ _ _ _ _ _ _ _ _ _ _ _ _ _ _ _ _ _ _ _ \n[Test and Deploy/Test]   | \n[Test and Deploy/Test]   | self = <[AttributeError(\"'Client' object has no attribute 'account_sid'\") raised in repr()] Client object at 0x7feb610f2510>\n[Test and Deploy/Test]   | username = '', password = '', account_sid = '', region = None\n[Test and Deploy/Test]   | http_client = None\n[Test and Deploy/Test]   | environment = environ({'GITHUB_TOKEN': '', 'GITHUB_STATE': '/var/run/act/workflow/statecmd.txt', 'TWILIO_API_KEY': '', 'TWILIO_FROM_...T': 'tests/cluster/test_cluster.py::ClusterTest::test_allow_special_characters_for_friendly_and_identity_name (call)'})\n[Test and Deploy/Test]   | edge = None, user_agent_extensions = None\n[Test and Deploy/Test]   | \n[Test and Deploy/Test]   |     def __init__(\n[Test and Deploy/Test]   |         self,\n[Test and Deploy/Test]   |         username: Optional[str] = None,\n[Test and Deploy/Test]   |         password: Optional[str] = None,\n[Test and Deploy/Test]   |         account_sid: Optional[str] = None,\n[Test and Deploy/Test]   |         region: Optional[str] = None,\n[Test and Deploy/Test]   |         http_client: Optional[HttpClient] = None,\n[Test and Deploy/Test]   |         environment: Optional[MutableMapping[str, str]] = None,\n[Test and Deploy/Test]   |         edge: Optional[str] = None,\n[Test and Deploy/Test]   |         user_agent_extensions: Optional[List[str]] = None,\n[Test and Deploy/Test]   |     ):\n[Test and Deploy/Test]   |         \"\"\"\n[Test and Deploy/Test]   |         Initializes the Twilio Client\n[Test and Deploy/Test]   |     \n[Test and Deploy/Test]   |         :param username: Username to authenticate with\n[Test and Deploy/Test]   |         :param password: Password to authenticate with\n[Test and Deploy/Test]   |         :param account_sid: Account SID, defaults to Username\n[Test and Deploy/Test]   |         :param region: Twilio Region to make requests to, defaults to 'us1' if an edge is provided\n[Test and Deploy/Test]   |         :param http_client: HttpClient, defaults to TwilioHttpClient\n[Test and Deploy/Test]   |         :param environment: Environment to look for auth details, defaults to os.environ\n[Test and Deploy/Test]   |         :param edge: Twilio Edge to make requests to, defaults to None\n[Test and Deploy/Test]   |         :param user_agent_extensions: Additions to the user agent string\n[Test and Deploy/Test]   |         \"\"\"\n[Test and Deploy/Test]   |         environment = environment or os.environ\n[Test and Deploy/Test]   |     \n[Test and Deploy/Test]   |         self.username = username or environment.get(\"TWILIO_ACCOUNT_SID\")\n[Test and Deploy/Test]   |         \"\"\" :type : str \"\"\"\n[Test and Deploy/Test]   |         self.password = password or environment.get(\"TWILIO_AUTH_TOKEN\")\n[Test and Deploy/Test]   |         \"\"\" :type : str \"\"\"\n[Test and Deploy/Test]   |         self.edge = edge or environment.get(\"TWILIO_EDGE\")\n[Test and Deploy/Test]   |         \"\"\" :type : str \"\"\"\n[Test and Deploy/Test]   |         self.region = region or environment.get(\"TWILIO_REGION\")\n[Test and Deploy/Test]   |         \"\"\" :type : str \"\"\"\n[Test and Deploy/Test]   |         self.user_agent_extensions = user_agent_extensions or []\n[Test and Deploy/Test]   |         \"\"\" :type : list[str] \"\"\"\n[Test and Deploy/Test]   |     \n[Test and Deploy/Test]   |         if not self.username or not self.password:\n[Test and Deploy/Test]   | >           raise TwilioException(\"Credentials are required to create a TwilioClient\")\n[Test and Deploy/Test]   | E           twilio.base.exceptions.TwilioException: Credentials are required to create a TwilioClient\n[Test and Deploy/Test]   | \n[Test and Deploy/Test]   | venv/lib/python3.7/site-packages/twilio/base/client_base.py:53: TwilioException\n[Test and Deploy/Test]   | ____________________ ClusterTest.test_calling_twiml_object _____________________\n[Test and Deploy/Test]   | \n[Test and Deploy/Test]   | self = <test_cluster.ClusterTest testMethod=test_calling_twiml_object>\n[Test and Deploy/Test]   | \n[Test and Deploy/Test]   |     def setUp(self):\n[Test and Deploy/Test]   |         self.from_number = os.environ[\"TWILIO_FROM_NUMBER\"]\n[Test and Deploy/Test]   |         self.to_number = os.environ[\"TWILIO_TO_NUMBER\"]\n[Test and Deploy/Test]   |         self.api_key = os.environ[\"TWILIO_API_KEY\"]\n[Test and Deploy/Test]   |         self.api_secret = os.environ[\"TWILIO_API_SECRET\"]\n[Test and Deploy/Test]   |         self.account_sid = os.environ[\"TWILIO_ACCOUNT_SID\"]\n[Test and Deploy/Test]   |         self.client = Client(\n[Test and Deploy/Test]   |             username=self.api_key,\n[Test and Deploy/Test]   |             password=self.api_secret,\n[Test and Deploy/Test]   | >           account_sid=self.account_sid,\n[Test and Deploy/Test]   |         )\n[Test and Deploy/Test]   | \n[Test and Deploy/Test]   | tests/cluster/test_cluster.py:18: \n[Test and Deploy/Test]   | _ _ _ _ _ _ _ _ _ _ _ _ _ _ _ _ _ _ _ _ _ _ _ _ _ _ _ _ _ _ _ _ _ _ _ _ _ _ _ _ \n[Test and Deploy/Test]   | venv/lib/python3.7/site-packages/twilio/rest/__init__.py:120: in __init__\n[Test and Deploy/Test]   |     user_agent_extensions,\n[Test and Deploy/Test]   | _ _ _ _ _ _ _ _ _ _ _ _ _ _ _ _ _ _ _ _ _ _ _ _ _ _ _ _ _ _ _ _ _ _ _ _ _ _ _ _ \n[Test and Deploy/Test]   | \n[Test and Deploy/Test]   | self = <[AttributeError(\"'Client' object has no attribute 'account_sid'\") raised in repr()] Client object at 0x7feb5febb790>\n[Test and Deploy/Test]   | username = '', password = '', account_sid = '', region = None\n[Test and Deploy/Test]   | http_client = None\n[Test and Deploy/Test]   | environment = environ({'GITHUB_TOKEN': '', 'GITHUB_STATE': '/var/run/act/workflow/statecmd.txt', 'TWILIO_API_KEY': '', 'TWILIO_FROM_...ow/SUMMARY.md', 'PYTEST_CURRENT_TEST': 'tests/cluster/test_cluster.py::ClusterTest::test_calling_twiml_object (call)'})\n[Test and Deploy/Test]   | edge = None, user_agent_extensions = None\n[Test and Deploy/Test]   | \n[Test and Deploy/Test]   |     def __init__(\n[Test and Deploy/Test]   |         self,\n[Test and Deploy/Test]   |         username: Optional[str] = None,\n[Test and Deploy/Test]   |         password: Optional[str] = None,\n[Test and Deploy/Test]   |         account_sid: Optional[str] = None,\n[Test and Deploy/Test]   |         region: Optional[str] = None,\n[Test and Deploy/Test]   |         http_client: Optional[HttpClient] = None,\n[Test and Deploy/Test]   |         environment: Optional[MutableMapping[str, str]] = None,\n[Test and Deploy/Test]   |         edge: Optional[str] = None,\n[Test and Deploy/Test]   |         user_agent_extensions: Optional[List[str]] = None,\n[Test and Deploy/Test]   |     ):\n[Test and Deploy/Test]   |         \"\"\"\n[Test and Deploy/Test]   |         Initializes the Twilio Client\n[Test and Deploy/Test]   |     \n[Test and Deploy/Test]   |         :param username: Username to authenticate with\n[Test and Deploy/Test]   |         :param password: Password to authenticate with\n[Test and Deploy/Test]   |         :param account_sid: Account SID, defaults to Username\n[Test and Deploy/Test]   |         :param region: Twilio Region to make requests to, defaults to 'us1' if an edge is provided\n[Test and Deploy/Test]   |         :param http_client: HttpClient, defaults to TwilioHttpClient\n[Test and Deploy/Test]   |         :param environment: Environment to look for auth details, defaults to os.environ\n[Test and Deploy/Test]   |         :param edge: Twilio Edge to make requests to, defaults to None\n[Test and Deploy/Test]   |         :param user_agent_extensions: Additions to the user agent string\n[Test and Deploy/Test]   |         \"\"\"\n[Test and Deploy/Test]   |         environment = environment or os.environ\n[Test and Deploy/Test]   |     \n[Test and Deploy/Test]   |         self.username = username or environment.get(\"TWILIO_ACCOUNT_SID\")\n[Test and Deploy/Test]   |         \"\"\" :type : str \"\"\"\n[Test and Deploy/Test]   |         self.password = password or environment.get(\"TWILIO_AUTH_TOKEN\")\n[Test and Deploy/Test]   |         \"\"\" :type : str \"\"\"\n[Test and Deploy/Test]   |         self.edge = edge or environment.get(\"TWILIO_EDGE\")\n[Test and Deploy/Test]   |         \"\"\" :type : str \"\"\"\n[Test and Deploy/Test]   |         self.region = region or environment.get(\"TWILIO_REGION\")\n[Test and Deploy/Test]   |         \"\"\" :type : str \"\"\"\n[Test and Deploy/Test]   |         self.user_agent_extensions = user_agent_extensions or []\n[Test and Deploy/Test]   |         \"\"\" :type : list[str] \"\"\"\n[Test and Deploy/Test]   |     \n[Test and Deploy/Test]   |         if not self.username or not self.password:\n[Test and Deploy/Test]   | >           raise TwilioException(\"Credentials are required to create a TwilioClient\")\n[Test and Deploy/Test]   | E           twilio.base.exceptions.TwilioException: Credentials are required to create a TwilioClient\n[Test and Deploy/Test]   | \n[Test and Deploy/Test]   | venv/lib/python3.7/site-packages/twilio/base/client_base.py:53: TwilioException\n[Test and Deploy/Test]   | ____________________ ClusterTest.test_calling_twiml_string _____________________\n[Test and Deploy/Test]   | \n[Test and Deploy/Test]   | self = <test_cluster.ClusterTest testMethod=test_calling_twiml_string>\n[Test and Deploy/Test]   | \n[Test and Deploy/Test]   |     def setUp(self):\n[Test and Deploy/Test]   |         self.from_number = os.environ[\"TWILIO_FROM_NUMBER\"]\n[Test and Deploy/Test]   |         self.to_number = os.environ[\"TWILIO_TO_NUMBER\"]\n[Test and Deploy/Test]   |         self.api_key = os.environ[\"TWILIO_API_KEY\"]\n[Test and Deploy/Test]   |         self.api_secret = os.environ[\"TWILIO_API_SECRET\"]\n[Test and Deploy/Test]   |         self.account_sid = os.environ[\"TWILIO_ACCOUNT_SID\"]\n[Test and Deploy/Test]   |         self.client = Client(\n[Test and Deploy/Test]   |             username=self.api_key,\n[Test and Deploy/Test]   |             password=self.api_secret,\n[Test and Deploy/Test]   | >           account_sid=self.account_sid,\n[Test and Deploy/Test]   |         )\n[Test and Deploy/Test]   | \n[Test and Deploy/Test]   | tests/cluster/test_cluster.py:18: \n[Test and Deploy/Test]   | _ _ _ _ _ _ _ _ _ _ _ _ _ _ _ _ _ _ _ _ _ _ _ _ _ _ _ _ _ _ _ _ _ _ _ _ _ _ _ _ \n[Test and Deploy/Test]   | venv/lib/python3.7/site-packages/twilio/rest/__init__.py:120: in __init__\n[Test and Deploy/Test]   |     user_agent_extensions,\n[Test and Deploy/Test]   | _ _ _ _ _ _ _ _ _ _ _ _ _ _ _ _ _ _ _ _ _ _ _ _ _ _ _ _ _ _ _ _ _ _ _ _ _ _ _ _ \n[Test and Deploy/Test]   | \n[Test and Deploy/Test]   | self = <[AttributeError(\"'Client' object has no attribute 'account_sid'\") raised in repr()] Client object at 0x7feb5ff44790>\n[Test and Deploy/Test]   | username = '', password = '', account_sid = '', region = None\n[Test and Deploy/Test]   | http_client = None\n[Test and Deploy/Test]   | environment = environ({'GITHUB_TOKEN': '', 'GITHUB_STATE': '/var/run/act/workflow/statecmd.txt', 'TWILIO_API_KEY': '', 'TWILIO_FROM_...ow/SUMMARY.md', 'PYTEST_CURRENT_TEST': 'tests/cluster/test_cluster.py::ClusterTest::test_calling_twiml_string (call)'})\n[Test and Deploy/Test]   | edge = None, user_agent_extensions = None\n[Test and Deploy/Test]   | \n[Test and Deploy/Test]   |     def __init__(\n[Test and Deploy/Test]   |         self,\n[Test and Deploy/Test]   |         username: Optional[str] = None,\n[Test and Deploy/Test]   |         password: Optional[str] = None,\n[Test and Deploy/Test]   |         account_sid: Optional[str] = None,\n[Test and Deploy/Test]   |         region: Optional[str] = None,\n[Test and Deploy/Test]   |         http_client: Optional[HttpClient] = None,\n[Test and Deploy/Test]   |         environment: Optional[MutableMapping[str, str]] = None,\n[Test and Deploy/Test]   |         edge: Optional[str] = None,\n[Test and Deploy/Test]   |         user_agent_extensions: Optional[List[str]] = None,\n[Test and Deploy/Test]   |     ):\n[Test and Deploy/Test]   |         \"\"\"\n[Test and Deploy/Test]   |         Initializes the Twilio Client\n[Test and Deploy/Test]   |     \n[Test and Deploy/Test]   |         :param username: Username to authenticate with\n[Test and Deploy/Test]   |         :param password: Password to authenticate with\n[Test and Deploy/Test]   |         :param account_sid: Account SID, defaults to Username\n[Test and Deploy/Test]   |         :param region: Twilio Region to make requests to, defaults to 'us1' if an edge is provided\n[Test and Deploy/Test]   |         :param http_client: HttpClient, defaults to TwilioHttpClient\n[Test and Deploy/Test]   |         :param environment: Environment to look for auth details, defaults to os.environ\n[Test and Deploy/Test]   |         :param edge: Twilio Edge to make requests to, defaults to None\n[Test and Deploy/Test]   |         :param user_agent_extensions: Additions to the user agent string\n[Test and Deploy/Test]   |         \"\"\"\n[Test and Deploy/Test]   |         environment = environment or os.environ\n[Test and Deploy/Test]   |     \n[Test and Deploy/Test]   |         self.username = username or environment.get(\"TWILIO_ACCOUNT_SID\")\n[Test and Deploy/Test]   |         \"\"\" :type : str \"\"\"\n[Test and Deploy/Test]   |         self.password = password or environment.get(\"TWILIO_AUTH_TOKEN\")\n[Test and Deploy/Test]   |         \"\"\" :type : str \"\"\"\n[Test and Deploy/Test]   |         self.edge = edge or environment.get(\"TWILIO_EDGE\")\n[Test and Deploy/Test]   |         \"\"\" :type : str \"\"\"\n[Test and Deploy/Test]   |         self.region = region or environment.get(\"TWILIO_REGION\")\n[Test and Deploy/Test]   |         \"\"\" :type : str \"\"\"\n[Test and Deploy/Test]   |         self.user_agent_extensions = user_agent_extensions or []\n[Test and Deploy/Test]   |         \"\"\" :type : list[str] \"\"\"\n[Test and Deploy/Test]   |     \n[Test and Deploy/Test]   |         if not self.username or not self.password:\n[Test and Deploy/Test]   | >           raise TwilioException(\"Credentials are required to create a TwilioClient\")\n[Test and Deploy/Test]   | E           twilio.base.exceptions.TwilioException: Credentials are required to create a TwilioClient\n[Test and Deploy/Test]   | \n[Test and Deploy/Test]   | venv/lib/python3.7/site-packages/twilio/base/client_base.py:53: TwilioException\n[Test and Deploy/Test]   | ___________________ ClusterTest.test_list_an_incoming_number ___________________\n[Test and Deploy/Test]   | \n[Test and Deploy/Test]   | self = <test_cluster.ClusterTest testMethod=test_list_an_incoming_number>\n[Test and Deploy/Test]   | \n[Test and Deploy/Test]   |     def setUp(self):\n[Test and Deploy/Test]   |         self.from_number = os.environ[\"TWILIO_FROM_NUMBER\"]\n[Test and Deploy/Test]   |         self.to_number = os.environ[\"TWILIO_TO_NUMBER\"]\n[Test and Deploy/Test]   |         self.api_key = os.environ[\"TWILIO_API_KEY\"]\n[Test and Deploy/Test]   |         self.api_secret = os.environ[\"TWILIO_API_SECRET\"]\n[Test and Deploy/Test]   |         self.account_sid = os.environ[\"TWILIO_ACCOUNT_SID\"]\n[Test and Deploy/Test]   |         self.client = Client(\n[Test and Deploy/Test]   |             username=self.api_key,\n[Test and Deploy/Test]   |             password=self.api_secret,\n[Test and Deploy/Test]   | >           account_sid=self.account_sid,\n[Test and Deploy/Test]   |         )\n[Test and Deploy/Test]   | \n[Test and Deploy/Test]   | tests/cluster/test_cluster.py:18: \n[Test and Deploy/Test]   | _ _ _ _ _ _ _ _ _ _ _ _ _ _ _ _ _ _ _ _ _ _ _ _ _ _ _ _ _ _ _ _ _ _ _ _ _ _ _ _ \n[Test and Deploy/Test]   | venv/lib/python3.7/site-packages/twilio/rest/__init__.py:120: in __init__\n[Test and Deploy/Test]   |     user_agent_extensions,\n[Test and Deploy/Test]   | _ _ _ _ _ _ _ _ _ _ _ _ _ _ _ _ _ _ _ _ _ _ _ _ _ _ _ _ _ _ _ _ _ _ _ _ _ _ _ _ \n[Test and Deploy/Test]   | \n[Test and Deploy/Test]   | self = <[AttributeError(\"'Client' object has no attribute 'account_sid'\") raised in repr()] Client object at 0x7feb610f25d0>\n[Test and Deploy/Test]   | username = '', password = '', account_sid = '', region = None\n[Test and Deploy/Test]   | http_client = None\n[Test and Deploy/Test]   | environment = environ({'GITHUB_TOKEN': '', 'GITHUB_STATE': '/var/run/act/workflow/statecmd.txt', 'TWILIO_API_KEY': '', 'TWILIO_FROM_...SUMMARY.md', 'PYTEST_CURRENT_TEST': 'tests/cluster/test_cluster.py::ClusterTest::test_list_an_incoming_number (call)'})\n[Test and Deploy/Test]   | edge = None, user_agent_extensions = None\n[Test and Deploy/Test]   | \n[Test and Deploy/Test]   |     def __init__(\n[Test and Deploy/Test]   |         self,\n[Test and Deploy/Test]   |         username: Optional[str] = None,\n[Test and Deploy/Test]   |         password: Optional[str] = None,\n[Test and Deploy/Test]   |         account_sid: Optional[str] = None,\n[Test and Deploy/Test]   |         region: Optional[str] = None,\n[Test and Deploy/Test]   |         http_client: Optional[HttpClient] = None,\n[Test and Deploy/Test]   |         environment: Optional[MutableMapping[str, str]] = None,\n[Test and Deploy/Test]   |         edge: Optional[str] = None,\n[Test and Deploy/Test]   |         user_agent_extensions: Optional[List[str]] = None,\n[Test and Deploy/Test]   |     ):\n[Test and Deploy/Test]   |         \"\"\"\n[Test and Deploy/Test]   |         Initializes the Twilio Client\n[Test and Deploy/Test]   |     \n[Test and Deploy/Test]   |         :param username: Username to authenticate with\n[Test and Deploy/Test]   |         :param password: Password to authenticate with\n[Test and Deploy/Test]   |         :param account_sid: Account SID, defaults to Username\n[Test and Deploy/Test]   |         :param region: Twilio Region to make requests to, defaults to 'us1' if an edge is provided\n[Test and Deploy/Test]   |         :param http_client: HttpClient, defaults to TwilioHttpClient\n[Test and Deploy/Test]   |         :param environment: Environment to look for auth details, defaults to os.environ\n[Test and Deploy/Test]   |         :param edge: Twilio Edge to make requests to, defaults to None\n[Test and Deploy/Test]   |         :param user_agent_extensions: Additions to the user agent string\n[Test and Deploy/Test]   |         \"\"\"\n[Test and Deploy/Test]   |         environment = environment or os.environ\n[Test and Deploy/Test]   |     \n[Test and Deploy/Test]   |         self.username = username or environment.get(\"TWILIO_ACCOUNT_SID\")\n[Test and Deploy/Test]   |         \"\"\" :type : str \"\"\"\n[Test and Deploy/Test]   |         self.password = password or environment.get(\"TWILIO_AUTH_TOKEN\")\n[Test and Deploy/Test]   |         \"\"\" :type : str \"\"\"\n[Test and Deploy/Test]   |         self.edge = edge or environment.get(\"TWILIO_EDGE\")\n[Test and Deploy/Test]   |         \"\"\" :type : str \"\"\"\n[Test and Deploy/Test]   |         self.region = region or environment.get(\"TWILIO_REGION\")\n[Test and Deploy/Test]   |         \"\"\" :type : str \"\"\"\n[Test and Deploy/Test]   |         self.user_agent_extensions = user_agent_extensions or []\n[Test and Deploy/Test]   |         \"\"\" :type : list[str] \"\"\"\n[Test and Deploy/Test]   |     \n[Test and Deploy/Test]   |         if not self.username or not self.password:\n[Test and Deploy/Test]   | >           raise TwilioException(\"Credentials are required to create a TwilioClient\")\n[Test and Deploy/Test]   | E           twilio.base.exceptions.TwilioException: Credentials are required to create a TwilioClient\n[Test and Deploy/Test]   | \n[Test and Deploy/Test]   | venv/lib/python3.7/site-packages/twilio/base/client_base.py:53: TwilioException\n[Test and Deploy/Test]   | ___________________ ClusterTest.test_list_available_numbers ____________________\n[Test and Deploy/Test]   | \n[Test and Deploy/Test]   | self = <test_cluster.ClusterTest testMethod=test_list_available_numbers>\n[Test and Deploy/Test]   | \n[Test and Deploy/Test]   |     def setUp(self):\n[Test and Deploy/Test]   |         self.from_number = os.environ[\"TWILIO_FROM_NUMBER\"]\n[Test and Deploy/Test]   |         self.to_number = os.environ[\"TWILIO_TO_NUMBER\"]\n[Test and Deploy/Test]   |         self.api_key = os.environ[\"TWILIO_API_KEY\"]\n[Test and Deploy/Test]   |         self.api_secret = os.environ[\"TWILIO_API_SECRET\"]\n[Test and Deploy/Test]   |         self.account_sid = os.environ[\"TWILIO_ACCOUNT_SID\"]\n[Test and Deploy/Test]   |         self.client = Client(\n[Test and Deploy/Test]   |             username=self.api_key,\n[Test and Deploy/Test]   |             password=self.api_secret,\n[Test and Deploy/Test]   | >           account_sid=self.account_sid,\n[Test and Deploy/Test]   |         )\n[Test and Deploy/Test]   | \n[Test and Deploy/Test]   | tests/cluster/test_cluster.py:18: \n[Test and Deploy/Test]   | _ _ _ _ _ _ _ _ _ _ _ _ _ _ _ _ _ _ _ _ _ _ _ _ _ _ _ _ _ _ _ _ _ _ _ _ _ _ _ _ \n[Test and Deploy/Test]   | venv/lib/python3.7/site-packages/twilio/rest/__init__.py:120: in __init__\n[Test and Deploy/Test]   |     user_agent_extensions,\n[Test and Deploy/Test]   | _ _ _ _ _ _ _ _ _ _ _ _ _ _ _ _ _ _ _ _ _ _ _ _ _ _ _ _ _ _ _ _ _ _ _ _ _ _ _ _ \n[Test and Deploy/Test]   | \n[Test and Deploy/Test]   | self = <[AttributeError(\"'Client' object has no attribute 'account_sid'\") raised in repr()] Client object at 0x7feb5febba50>\n[Test and Deploy/Test]   | username = '', password = '', account_sid = '', region = None\n[Test and Deploy/Test]   | http_client = None\n[Test and Deploy/Test]   | environment = environ({'GITHUB_TOKEN': '', 'GITHUB_STATE': '/var/run/act/workflow/statecmd.txt', 'TWILIO_API_KEY': '', 'TWILIO_FROM_.../SUMMARY.md', 'PYTEST_CURRENT_TEST': 'tests/cluster/test_cluster.py::ClusterTest::test_list_available_numbers (call)'})\n[Test and Deploy/Test]   | edge = None, user_agent_extensions = None\n[Test and Deploy/Test]   | \n[Test and Deploy/Test]   |     def __init__(\n[Test and Deploy/Test]   |         self,\n[Test and Deploy/Test]   |         username: Optional[str] = None,\n[Test and Deploy/Test]   |         password: Optional[str] = None,\n[Test and Deploy/Test]   |         account_sid: Optional[str] = None,\n[Test and Deploy/Test]   |         region: Optional[str] = None,\n[Test and Deploy/Test]   |         http_client: Optional[HttpClient] = None,\n[Test and Deploy/Test]   |         environment: Optional[MutableMapping[str, str]] = None,\n[Test and Deploy/Test]   |         edge: Optional[str] = None,\n[Test and Deploy/Test]   |         user_agent_extensions: Optional[List[str]] = None,\n[Test and Deploy/Test]   |     ):\n[Test and Deploy/Test]   |         \"\"\"\n[Test and Deploy/Test]   |         Initializes the Twilio Client\n[Test and Deploy/Test]   |     \n[Test and Deploy/Test]   |         :param username: Username to authenticate with\n[Test and Deploy/Test]   |         :param password: Password to authenticate with\n[Test and Deploy/Test]   |         :param account_sid: Account SID, defaults to Username\n[Test and Deploy/Test]   |         :param region: Twilio Region to make requests to, defaults to 'us1' if an edge is provided\n[Test and Deploy/Test]   |         :param http_client: HttpClient, defaults to TwilioHttpClient\n[Test and Deploy/Test]   |         :param environment: Environment to look for auth details, defaults to os.environ\n[Test and Deploy/Test]   |         :param edge: Twilio Edge to make requests to, defaults to None\n[Test and Deploy/Test]   |         :param user_agent_extensions: Additions to the user agent string\n[Test and Deploy/Test]   |         \"\"\"\n[Test and Deploy/Test]   |         environment = environment or os.environ\n[Test and Deploy/Test]   |     \n[Test and Deploy/Test]   |         self.username = username or environment.get(\"TWILIO_ACCOUNT_SID\")\n[Test and Deploy/Test]   |         \"\"\" :type : str \"\"\"\n[Test and Deploy/Test]   |         self.password = password or environment.get(\"TWILIO_AUTH_TOKEN\")\n[Test and Deploy/Test]   |         \"\"\" :type : str \"\"\"\n[Test and Deploy/Test]   |         self.edge = edge or environment.get(\"TWILIO_EDGE\")\n[Test and Deploy/Test]   |         \"\"\" :type : str \"\"\"\n[Test and Deploy/Test]   |         self.region = region or environment.get(\"TWILIO_REGION\")\n[Test and Deploy/Test]   |         \"\"\" :type : str \"\"\"\n[Test and Deploy/Test]   |         self.user_agent_extensions = user_agent_extensions or []\n[Test and Deploy/Test]   |         \"\"\" :type : list[str] \"\"\"\n[Test and Deploy/Test]   |     \n[Test and Deploy/Test]   |         if not self.username or not self.password:\n[Test and Deploy/Test]   | >           raise TwilioException(\"Credentials are required to create a TwilioClient\")\n[Test and Deploy/Test]   | E           twilio.base.exceptions.TwilioException: Credentials are required to create a TwilioClient\n[Test and Deploy/Test]   | \n[Test and Deploy/Test]   | venv/lib/python3.7/site-packages/twilio/base/client_base.py:53: TwilioException\n[Test and Deploy/Test]   | ____________________ ClusterTest.test_list_incoming_numbers ____________________\n[Test and Deploy/Test]   | \n[Test and Deploy/Test]   | self = <test_cluster.ClusterTest testMethod=test_list_incoming_numbers>\n[Test and Deploy/Test]   | \n[Test and Deploy/Test]   |     def setUp(self):\n[Test and Deploy/Test]   |         self.from_number = os.environ[\"TWILIO_FROM_NUMBER\"]\n[Test and Deploy/Test]   |         self.to_number = os.environ[\"TWILIO_TO_NUMBER\"]\n[Test and Deploy/Test]   |         self.api_key = os.environ[\"TWILIO_API_KEY\"]\n[Test and Deploy/Test]   |         self.api_secret = os.environ[\"TWILIO_API_SECRET\"]\n[Test and Deploy/Test]   |         self.account_sid = os.environ[\"TWILIO_ACCOUNT_SID\"]\n[Test and Deploy/Test]   |         self.client = Client(\n[Test and Deploy/Test]   |             username=self.api_key,\n[Test and Deploy/Test]   |             password=self.api_secret,\n[Test and Deploy/Test]   | >           account_sid=self.account_sid,\n[Test and Deploy/Test]   |         )\n[Test and Deploy/Test]   | \n[Test and Deploy/Test]   | tests/cluster/test_cluster.py:18: \n[Test and Deploy/Test]   | _ _ _ _ _ _ _ _ _ _ _ _ _ _ _ _ _ _ _ _ _ _ _ _ _ _ _ _ _ _ _ _ _ _ _ _ _ _ _ _ \n[Test and Deploy/Test]   | venv/lib/python3.7/site-packages/twilio/rest/__init__.py:120: in __init__\n[Test and Deploy/Test]   |     user_agent_extensions,\n[Test and Deploy/Test]   | _ _ _ _ _ _ _ _ _ _ _ _ _ _ _ _ _ _ _ _ _ _ _ _ _ _ _ _ _ _ _ _ _ _ _ _ _ _ _ _ \n[Test and Deploy/Test]   | \n[Test and Deploy/Test]   | self = <[AttributeError(\"'Client' object has no attribute 'account_sid'\") raised in repr()] Client object at 0x7feb5ff3cc50>\n[Test and Deploy/Test]   | username = '', password = '', account_sid = '', region = None\n[Test and Deploy/Test]   | http_client = None\n[Test and Deploy/Test]   | environment = environ({'GITHUB_TOKEN': '', 'GITHUB_STATE': '/var/run/act/workflow/statecmd.txt', 'TWILIO_API_KEY': '', 'TWILIO_FROM_...w/SUMMARY.md', 'PYTEST_CURRENT_TEST': 'tests/cluster/test_cluster.py::ClusterTest::test_list_incoming_numbers (call)'})\n[Test and Deploy/Test]   | edge = None, user_agent_extensions = None\n[Test and Deploy/Test]   | \n[Test and Deploy/Test]   |     def __init__(\n[Test and Deploy/Test]   |         self,\n[Test and Deploy/Test]   |         username: Optional[str] = None,\n[Test and Deploy/Test]   |         password: Optional[str] = None,\n[Test and Deploy/Test]   |         account_sid: Optional[str] = None,\n[Test and Deploy/Test]   |         region: Optional[str] = None,\n[Test and Deploy/Test]   |         http_client: Optional[HttpClient] = None,\n[Test and Deploy/Test]   |         environment: Optional[MutableMapping[str, str]] = None,\n[Test and Deploy/Test]   |         edge: Optional[str] = None,\n[Test and Deploy/Test]   |         user_agent_extensions: Optional[List[str]] = None,\n[Test and Deploy/Test]   |     ):\n[Test and Deploy/Test]   |         \"\"\"\n[Test and Deploy/Test]   |         Initializes the Twilio Client\n[Test and Deploy/Test]   |     \n[Test and Deploy/Test]   |         :param username: Username to authenticate with\n[Test and Deploy/Test]   |         :param password: Password to authenticate with\n[Test and Deploy/Test]   |         :param account_sid: Account SID, defaults to Username\n[Test and Deploy/Test]   |         :param region: Twilio Region to make requests to, defaults to 'us1' if an edge is provided\n[Test and Deploy/Test]   |         :param http_client: HttpClient, defaults to TwilioHttpClient\n[Test and Deploy/Test]   |         :param environment: Environment to look for auth details, defaults to os.environ\n[Test and Deploy/Test]   |         :param edge: Twilio Edge to make requests to, defaults to None\n[Test and Deploy/Test]   |         :param user_agent_extensions: Additions to the user agent string\n[Test and Deploy/Test]   |         \"\"\"\n[Test and Deploy/Test]   |         environment = environment or os.environ\n[Test and Deploy/Test]   |     \n[Test and Deploy/Test]   |         self.username = username or environment.get(\"TWILIO_ACCOUNT_SID\")\n[Test and Deploy/Test]   |         \"\"\" :type : str \"\"\"\n[Test and Deploy/Test]   |         self.password = password or environment.get(\"TWILIO_AUTH_TOKEN\")\n[Test and Deploy/Test]   |         \"\"\" :type : str \"\"\"\n[Test and Deploy/Test]   |         self.edge = edge or environment.get(\"TWILIO_EDGE\")\n[Test and Deploy/Test]   |         \"\"\" :type : str \"\"\"\n[Test and Deploy/Test]   |         self.region = region or environment.get(\"TWILIO_REGION\")\n[Test and Deploy/Test]   |         \"\"\" :type : str \"\"\"\n[Test and Deploy/Test]   |         self.user_agent_extensions = user_agent_extensions or []\n[Test and Deploy/Test]   |         \"\"\" :type : list[str] \"\"\"\n[Test and Deploy/Test]   |     \n[Test and Deploy/Test]   |         if not self.username or not self.password:\n[Test and Deploy/Test]   | >           raise TwilioException(\"Credentials are required to create a TwilioClient\")\n[Test and Deploy/Test]   | E           twilio.base.exceptions.TwilioException: Credentials are required to create a TwilioClient\n[Test and Deploy/Test]   | \n[Test and Deploy/Test]   | venv/lib/python3.7/site-packages/twilio/base/client_base.py:53: TwilioException\n[Test and Deploy/Test]   | ______________________ ClusterTest.test_send_text_message ______________________\n[Test and Deploy/Test]   | \n[Test and Deploy/Test]   | self = <test_cluster.ClusterTest testMethod=test_send_text_message>\n[Test and Deploy/Test]   | \n[Test and Deploy/Test]   |     def setUp(self):\n[Test and Deploy/Test]   |         self.from_number = os.environ[\"TWILIO_FROM_NUMBER\"]\n[Test and Deploy/Test]   |         self.to_number = os.environ[\"TWILIO_TO_NUMBER\"]\n[Test and Deploy/Test]   |         self.api_key = os.environ[\"TWILIO_API_KEY\"]\n[Test and Deploy/Test]   |         self.api_secret = os.environ[\"TWILIO_API_SECRET\"]\n[Test and Deploy/Test]   |         self.account_sid = os.environ[\"TWILIO_ACCOUNT_SID\"]\n[Test and Deploy/Test]   |         self.client = Client(\n[Test and Deploy/Test]   |             username=self.api_key,\n[Test and Deploy/Test]   |             password=self.api_secret,\n[Test and Deploy/Test]   | >           account_sid=self.account_sid,\n[Test and Deploy/Test]   |         )\n[Test and Deploy/Test]   | \n[Test and Deploy/Test]   | tests/cluster/test_cluster.py:18: \n[Test and Deploy/Test]   | _ _ _ _ _ _ _ _ _ _ _ _ _ _ _ _ _ _ _ _ _ _ _ _ _ _ _ _ _ _ _ _ _ _ _ _ _ _ _ _ \n[Test and Deploy/Test]   | venv/lib/python3.7/site-packages/twilio/rest/__init__.py:120: in __init__\n[Test and Deploy/Test]   |     user_agent_extensions,\n[Test and Deploy/Test]   | _ _ _ _ _ _ _ _ _ _ _ _ _ _ _ _ _ _ _ _ _ _ _ _ _ _ _ _ _ _ _ _ _ _ _ _ _ _ _ _ \n[Test and Deploy/Test]   | \n[Test and Deploy/Test]   | self = <[AttributeError(\"'Client' object has no attribute 'account_sid'\") raised in repr()] Client object at 0x7feb5fe45410>\n[Test and Deploy/Test]   | username = '', password = '', account_sid = '', region = None\n[Test and Deploy/Test]   | http_client = None\n[Test and Deploy/Test]   | environment = environ({'GITHUB_TOKEN': '', 'GITHUB_STATE': '/var/run/act/workflow/statecmd.txt', 'TWILIO_API_KEY': '', 'TWILIO_FROM_...kflow/SUMMARY.md', 'PYTEST_CURRENT_TEST': 'tests/cluster/test_cluster.py::ClusterTest::test_send_text_message (call)'})\n[Test and Deploy/Test]   | edge = None, user_agent_extensions = None\n[Test and Deploy/Test]   | \n[Test and Deploy/Test]   |     def __init__(\n[Test and Deploy/Test]   |         self,\n[Test and Deploy/Test]   |         username: Optional[str] = None,\n[Test and Deploy/Test]   |         password: Optional[str] = None,\n[Test and Deploy/Test]   |         account_sid: Optional[str] = None,\n[Test and Deploy/Test]   |         region: Optional[str] = None,\n[Test and Deploy/Test]   |         http_client: Optional[HttpClient] = None,\n[Test and Deploy/Test]   |         environment: Optional[MutableMapping[str, str]] = None,\n[Test and Deploy/Test]   |         edge: Optional[str] = None,\n[Test and Deploy/Test]   |         user_agent_extensions: Optional[List[str]] = None,\n[Test and Deploy/Test]   |     ):\n[Test and Deploy/Test]   |         \"\"\"\n[Test and Deploy/Test]   |         Initializes the Twilio Client\n[Test and Deploy/Test]   |     \n[Test and Deploy/Test]   |         :param username: Username to authenticate with\n[Test and Deploy/Test]   |         :param password: Password to authenticate with\n[Test and Deploy/Test]   |         :param account_sid: Account SID, defaults to Username\n[Test and Deploy/Test]   |         :param region: Twilio Region to make requests to, defaults to 'us1' if an edge is provided\n[Test and Deploy/Test]   |         :param http_client: HttpClient, defaults to TwilioHttpClient\n[Test and Deploy/Test]   |         :param environment: Environment to look for auth details, defaults to os.environ\n[Test and Deploy/Test]   |         :param edge: Twilio Edge to make requests to, defaults to None\n[Test and Deploy/Test]   |         :param user_agent_extensions: Additions to the user agent string\n[Test and Deploy/Test]   |         \"\"\"\n[Test and Deploy/Test]   |         environment = environment or os.environ\n[Test and Deploy/Test]   |     \n[Test and Deploy/Test]   |         self.username = username or environment.get(\"TWILIO_ACCOUNT_SID\")\n[Test and Deploy/Test]   |         \"\"\" :type : str \"\"\"\n[Test and Deploy/Test]   |         self.password = password or environment.get(\"TWILIO_AUTH_TOKEN\")\n[Test and Deploy/Test]   |         \"\"\" :type : str \"\"\"\n[Test and Deploy/Test]   |         self.edge = edge or environment.get(\"TWILIO_EDGE\")\n[Test and Deploy/Test]   |         \"\"\" :type : str \"\"\"\n[Test and Deploy/Test]   |         self.region = region or environment.get(\"TWILIO_REGION\")\n[Test and Deploy/Test]   |         \"\"\" :type : str \"\"\"\n[Test and Deploy/Test]   |         self.user_agent_extensions = user_agent_extensions or []\n[Test and Deploy/Test]   |         \"\"\" :type : list[str] \"\"\"\n[Test and Deploy/Test]   |     \n[Test and Deploy/Test]   |         if not self.username or not self.password:\n[Test and Deploy/Test]   | >           raise TwilioException(\"Credentials are required to create a TwilioClient\")\n[Test and Deploy/Test]   | E           twilio.base.exceptions.TwilioException: Credentials are required to create a TwilioClient\n[Test and Deploy/Test]   | \n[Test and Deploy/Test]   | venv/lib/python3.7/site-packages/twilio/base/client_base.py:53: TwilioException\n[Test and Deploy/Test]   | _____________________________ WebhookTest.test_get _____________________________\n[Test and Deploy/Test]   | \n[Test and Deploy/Test]   | self = <test_webhook.WebhookTest testMethod=test_get>\n[Test and Deploy/Test]   | \n[Test and Deploy/Test]   |     def setUp(self):\n[Test and Deploy/Test]   |         api_key = os.environ[\"TWILIO_API_KEY\"]\n[Test and Deploy/Test]   |         api_secret = os.environ[\"TWILIO_API_SECRET\"]\n[Test and Deploy/Test]   |         account_sid = os.environ[\"TWILIO_ACCOUNT_SID\"]\n[Test and Deploy/Test]   | >       self.client = Client(api_key, api_secret, account_sid)\n[Test and Deploy/Test]   | \n[Test and Deploy/Test]   | tests/cluster/test_webhook.py:42: \n[Test and Deploy/Test]   | _ _ _ _ _ _ _ _ _ _ _ _ _ _ _ _ _ _ _ _ _ _ _ _ _ _ _ _ _ _ _ _ _ _ _ _ _ _ _ _ \n[Test and Deploy/Test]   | venv/lib/python3.7/site-packages/twilio/rest/__init__.py:120: in __init__\n[Test and Deploy/Test]   |     user_agent_extensions,\n[Test and Deploy/Test]   | _ _ _ _ _ _ _ _ _ _ _ _ _ _ _ _ _ _ _ _ _ _ _ _ _ _ _ _ _ _ _ _ _ _ _ _ _ _ _ _ \n[Test and Deploy/Test]   | \n[Test and Deploy/Test]   | self = <[AttributeError(\"'Client' object has no attribute 'account_sid'\") raised in repr()] Client object at 0x7feb5fe4c210>\n[Test and Deploy/Test]   | username = '', password = '', account_sid = '', region = None\n[Test and Deploy/Test]   | http_client = None\n[Test and Deploy/Test]   | environment = environ({'GITHUB_TOKEN': '', 'GITHUB_STATE': '/var/run/act/workflow/statecmd.txt', 'TWILIO_API_KEY': '', 'TWILIO_FROM_...ar/run/act/workflow/SUMMARY.md', 'PYTEST_CURRENT_TEST': 'tests/cluster/test_webhook.py::WebhookTest::test_get (call)'})\n[Test and Deploy/Test]   | edge = None, user_agent_extensions = None\n[Test and Deploy/Test]   | \n[Test and Deploy/Test]   |     def __init__(\n[Test and Deploy/Test]   |         self,\n[Test and Deploy/Test]   |         username: Optional[str] = None,\n[Test and Deploy/Test]   |         password: Optional[str] = None,\n[Test and Deploy/Test]   |         account_sid: Optional[str] = None,\n[Test and Deploy/Test]   |         region: Optional[str] = None,\n[Test and Deploy/Test]   |         http_client: Optional[HttpClient] = None,\n[Test and Deploy/Test]   |         environment: Optional[MutableMapping[str, str]] = None,\n[Test and Deploy/Test]   |         edge: Optional[str] = None,\n[Test and Deploy/Test]   |         user_agent_extensions: Optional[List[str]] = None,\n[Test and Deploy/Test]   |     ):\n[Test and Deploy/Test]   |         \"\"\"\n[Test and Deploy/Test]   |         Initializes the Twilio Client\n[Test and Deploy/Test]   |     \n[Test and Deploy/Test]   |         :param username: Username to authenticate with\n[Test and Deploy/Test]   |         :param password: Password to authenticate with\n[Test and Deploy/Test]   |         :param account_sid: Account SID, defaults to Username\n[Test and Deploy/Test]   |         :param region: Twilio Region to make requests to, defaults to 'us1' if an edge is provided\n[Test and Deploy/Test]   |         :param http_client: HttpClient, defaults to TwilioHttpClient\n[Test and Deploy/Test]   |         :param environment: Environment to look for auth details, defaults to os.environ\n[Test and Deploy/Test]   |         :param edge: Twilio Edge to make requests to, defaults to None\n[Test and Deploy/Test]   |         :param user_agent_extensions: Additions to the user agent string\n[Test and Deploy/Test]   |         \"\"\"\n[Test and Deploy/Test]   |         environment = environment or os.environ\n[Test and Deploy/Test]   |     \n[Test and Deploy/Test]   |         self.username = username or environment.get(\"TWILIO_ACCOUNT_SID\")\n[Test and Deploy/Test]   |         \"\"\" :type : str \"\"\"\n[Test and Deploy/Test]   |         self.password = password or environment.get(\"TWILIO_AUTH_TOKEN\")\n[Test and Deploy/Test]   |         \"\"\" :type : str \"\"\"\n[Test and Deploy/Test]   |         self.edge = edge or environment.get(\"TWILIO_EDGE\")\n[Test and Deploy/Test]   |         \"\"\" :type : str \"\"\"\n[Test and Deploy/Test]   |         self.region = region or environment.get(\"TWILIO_REGION\")\n[Test and Deploy/Test]   |         \"\"\" :type : str \"\"\"\n[Test and Deploy/Test]   |         self.user_agent_extensions = user_agent_extensions or []\n[Test and Deploy/Test]   |         \"\"\" :type : list[str] \"\"\"\n[Test and Deploy/Test]   |     \n[Test and Deploy/Test]   |         if not self.username or not self.password:\n[Test and Deploy/Test]   | >           raise TwilioException(\"Credentials are required to create a TwilioClient\")\n[Test and Deploy/Test]   | E           twilio.base.exceptions.TwilioException: Credentials are required to create a TwilioClient\n[Test and Deploy/Test]   | \n[Test and Deploy/Test]   | venv/lib/python3.7/site-packages/twilio/base/client_base.py:53: TwilioException\n[Test and Deploy/Test]   | ____________________________ WebhookTest.test_post _____________________________\n[Test and Deploy/Test]   | \n[Test and Deploy/Test]   | self = <test_webhook.WebhookTest testMethod=test_post>\n[Test and Deploy/Test]   | \n[Test and Deploy/Test]   |     def setUp(self):\n[Test and Deploy/Test]   |         api_key = os.environ[\"TWILIO_API_KEY\"]\n[Test and Deploy/Test]   |         api_secret = os.environ[\"TWILIO_API_SECRET\"]\n[Test and Deploy/Test]   |         account_sid = os.environ[\"TWILIO_ACCOUNT_SID\"]\n[Test and Deploy/Test]   | >       self.client = Client(api_key, api_secret, account_sid)\n[Test and Deploy/Test]   | \n[Test and Deploy/Test]   | tests/cluster/test_webhook.py:42: \n[Test and Deploy/Test]   | _ _ _ _ _ _ _ _ _ _ _ _ _ _ _ _ _ _ _ _ _ _ _ _ _ _ _ _ _ _ _ _ _ _ _ _ _ _ _ _ \n[Test and Deploy/Test]   | venv/lib/python3.7/site-packages/twilio/rest/__init__.py:120: in __init__\n[Test and Deploy/Test]   |     user_agent_extensions,\n[Test and Deploy/Test]   | _ _ _ _ _ _ _ _ _ _ _ _ _ _ _ _ _ _ _ _ _ _ _ _ _ _ _ _ _ _ _ _ _ _ _ _ _ _ _ _ \n[Test and Deploy/Test]   | \n[Test and Deploy/Test]   | self = <[AttributeError(\"'Client' object has no attribute 'account_sid'\") raised in repr()] Client object at 0x7feb5ff41290>\n[Test and Deploy/Test]   | username = '', password = '', account_sid = '', region = None\n[Test and Deploy/Test]   | http_client = None\n[Test and Deploy/Test]   | environment = environ({'GITHUB_TOKEN': '', 'GITHUB_STATE': '/var/run/act/workflow/statecmd.txt', 'TWILIO_API_KEY': '', 'TWILIO_FROM_...r/run/act/workflow/SUMMARY.md', 'PYTEST_CURRENT_TEST': 'tests/cluster/test_webhook.py::WebhookTest::test_post (call)'})\n[Test and Deploy/Test]   | edge = None, user_agent_extensions = None\n[Test and Deploy/Test]   | \n[Test and Deploy/Test]   |     def __init__(\n[Test and Deploy/Test]   |         self,\n[Test and Deploy/Test]   |         username: Optional[str] = None,\n[Test and Deploy/Test]   |         password: Optional[str] = None,\n[Test and Deploy/Test]   |         account_sid: Optional[str] = None,\n[Test and Deploy/Test]   |         region: Optional[str] = None,\n[Test and Deploy/Test]   |         http_client: Optional[HttpClient] = None,\n[Test and Deploy/Test]   |         environment: Optional[MutableMapping[str, str]] = None,\n[Test and Deploy/Test]   |         edge: Optional[str] = None,\n[Test and Deploy/Test]   |         user_agent_extensions: Optional[List[str]] = None,\n[Test and Deploy/Test]   |     ):\n[Test and Deploy/Test]   |         \"\"\"\n[Test and Deploy/Test]   |         Initializes the Twilio Client\n[Test and Deploy/Test]   |     \n[Test and Deploy/Test]   |         :param username: Username to authenticate with\n[Test and Deploy/Test]   |         :param password: Password to authenticate with\n[Test and Deploy/Test]   |         :param account_sid: Account SID, defaults to Username\n[Test and Deploy/Test]   |         :param region: Twilio Region to make requests to, defaults to 'us1' if an edge is provided\n[Test and Deploy/Test]   |         :param http_client: HttpClient, defaults to TwilioHttpClient\n[Test and Deploy/Test]   |         :param environment: Environment to look for auth details, defaults to os.environ\n[Test and Deploy/Test]   |         :param edge: Twilio Edge to make requests to, defaults to None\n[Test and Deploy/Test]   |         :param user_agent_extensions: Additions to the user agent string\n[Test and Deploy/Test]   |         \"\"\"\n[Test and Deploy/Test]   |         environment = environment or os.environ\n[Test and Deploy/Test]   |     \n[Test and Deploy/Test]   |         self.username = username or environment.get(\"TWILIO_ACCOUNT_SID\")\n[Test and Deploy/Test]   |         \"\"\" :type : str \"\"\"\n[Test and Deploy/Test]   |         self.password = password or environment.get(\"TWILIO_AUTH_TOKEN\")\n[Test and Deploy/Test]   |         \"\"\" :type : str \"\"\"\n[Test and Deploy/Test]   |         self.edge = edge or environment.get(\"TWILIO_EDGE\")\n[Test and Deploy/Test]   |         \"\"\" :type : str \"\"\"\n[Test and Deploy/Test]   |         self.region = region or environment.get(\"TWILIO_REGION\")\n[Test and Deploy/Test]   |         \"\"\" :type : str \"\"\"\n[Test and Deploy/Test]   |         self.user_agent_extensions = user_agent_extensions or []\n[Test and Deploy/Test]   |         \"\"\" :type : list[str] \"\"\"\n[Test and Deploy/Test]   |     \n[Test and Deploy/Test]   |         if not self.username or not self.password:\n[Test and Deploy/Test]   | >           raise TwilioException(\"Credentials are required to create a TwilioClient\")\n[Test and Deploy/Test]   | E           twilio.base.exceptions.TwilioException: Credentials are required to create a TwilioClient\n[Test and Deploy/Test]   | \n[Test and Deploy/Test]   | venv/lib/python3.7/site-packages/twilio/base/client_base.py:53: TwilioException\n[Test and Deploy/Test]   | =========================== short test summary info ============================\n[Test and Deploy/Test]   | FAILED tests/cluster/test_cluster.py::ClusterTest::test_allow_special_characters_for_friendly_and_identity_name - twilio.base.exceptions.TwilioException: Credentials are required to create a TwilioClient\n[Test and Deploy/Test]   | FAILED tests/cluster/test_cluster.py::ClusterTest::test_calling_twiml_object - twilio.base.exceptions.TwilioException: Credentials are required to create a TwilioClient\n[Test and Deploy/Test]   | FAILED tests/cluster/test_cluster.py::ClusterTest::test_calling_twiml_string - twilio.base.exceptions.TwilioException: Credentials are required to create a TwilioClient\n[Test and Deploy/Test]   | FAILED tests/cluster/test_cluster.py::ClusterTest::test_list_an_incoming_number - twilio.base.exceptions.TwilioException: Credentials are required to create a TwilioClient\n[Test and Deploy/Test]   | FAILED tests/cluster/test_cluster.py::ClusterTest::test_list_available_numbers - twilio.base.exceptions.TwilioException: Credentials are required to create a TwilioClient\n[Test and Deploy/Test]   | FAILED tests/cluster/test_cluster.py::ClusterTest::test_list_incoming_numbers - twilio.base.exceptions.TwilioException: Credentials are required to create a TwilioClient\n[Test and Deploy/Test]   | FAILED tests/cluster/test_cluster.py::ClusterTest::test_send_text_message - twilio.base.exceptions.TwilioException: Credentials are required to create a TwilioClient\n[Test and Deploy/Test]   | FAILED tests/cluster/test_webhook.py::WebhookTest::test_get - twilio.base.exceptions.TwilioException: Credentials are required to create a TwilioClient\n[Test and Deploy/Test]   | FAILED tests/cluster/test_webhook.py::WebhookTest::test_post - twilio.base.exceptions.TwilioException: Credentials are required to create a TwilioClient\n[Test and Deploy/Test]   | ============================== 9 failed in 0.49s ===============================\n[Test and Deploy/Test]   | make: *** [Makefile:33: cluster-test] Error 1\n[Test and Deploy/Test]   \u274c  Failure - Main Run Cluster Tests\n[Test and Deploy/Test] exitcode '2': failure\n[Test and Deploy/Test] \ud83c\udfc1  Job failed\n[Test and Deploy/Slack notify on failure] \ud83d\ude80  Start image=crawlergpt:latest\n[Test and Deploy/Slack notify on failure]   \ud83d\udc33  docker pull image=crawlergpt:latest platform= username= forcePull=false\n[Test and Deploy/Slack notify on failure]   \ud83d\udc33  docker create image=crawlergpt:latest platform= entrypoint=[\"tail\" \"-f\" \"/dev/null\"] cmd=[]\n[Test and Deploy/Slack notify on failure]   \ud83d\udc33  docker run image=crawlergpt:latest platform= entrypoint=[\"tail\" \"-f\" \"/dev/null\"] cmd=[]\n[Test and Deploy/Slack notify on failure]   \ud83d\udc33  docker exec cmd=[chown -R 1012:1000 /tmp/de65f406-fe28-11ed-a890-af2cc187fc11/twilio-twilio-python] user=0 workdir=\n[Test and Deploy/Slack notify on failure]   \u2601  git clone 'https://github.com/rtCamp/action-slack-notify' # ref=v2\n[Test and Deploy/Slack notify on failure] \u2b50 Run Main rtCamp/action-slack-notify@v2\n[Test and Deploy/Slack notify on failure]   \ud83d\udc33  docker pull image=ghcr.io/rtcamp/action-slack-notify:v2.2.0 platform= username= forcePull=false\n[Test and Deploy/Slack notify on failure]   \ud83d\udc33  docker create image=ghcr.io/rtcamp/action-slack-notify:v2.2.0 platform= entrypoint=[] cmd=[]\n[Test and Deploy/Slack notify on failure]   \ud83d\udc33  docker run image=ghcr.io/rtcamp/action-slack-notify:v2.2.0 platform= entrypoint=[] cmd=[]\n[Test and Deploy/Slack notify on failure]   | [\u001b[0;31mERROR\u001b[0m] Secret `SLACK_WEBHOOK` is missing. Please add it to this action for proper execution.\n[Test and Deploy/Slack notify on failure]   | Refer https://github.com/rtCamp/action-slack-notify for more information.\n[Test and Deploy/Slack notify on failure]   \u274c  Failure - Main rtCamp/action-slack-notify@v2\n[Test and Deploy/Slack notify on failure] exit with `FAILURE`: 1\n[Test and Deploy/Slack notify on failure] \ud83c\udfc1  Job failed\n",
    "actions_stderr": "Error: Job 'Test' failed\n"
}