{
    "repository": "wtforms/wtforms-sqlalchemy",
    "clone_url": "https://github.com/wtforms/wtforms-sqlalchemy.git",
    "timestamp": "2023-05-29T15:18:43.541983Z",
    "clone_success": true,
    "number of actions": 1,
    "number_of_test_actions": 1,
    "actions_successful": false,
    "actions_stdout": "[tests/3.9  ] \ud83d\ude80  Start image=crawlergpt:latest\n[tests/style] \ud83d\ude80  Start image=crawlergpt:latest\n[tests/docs ] \ud83d\ude80  Start image=crawlergpt:latest\n[tests/3.9  ]   \ud83d\udc33  docker pull image=crawlergpt:latest platform= username= forcePull=false\n[tests/style]   \ud83d\udc33  docker pull image=crawlergpt:latest platform= username= forcePull=false\n[tests/docs ]   \ud83d\udc33  docker pull image=crawlergpt:latest platform= username= forcePull=false\n[tests/3.9  ]   \ud83d\udc33  docker create image=crawlergpt:latest platform= entrypoint=[\"tail\" \"-f\" \"/dev/null\"] cmd=[]\n[tests/docs ]   \ud83d\udc33  docker create image=crawlergpt:latest platform= entrypoint=[\"tail\" \"-f\" \"/dev/null\"] cmd=[]\n[tests/style]   \ud83d\udc33  docker create image=crawlergpt:latest platform= entrypoint=[\"tail\" \"-f\" \"/dev/null\"] cmd=[]\n[tests/3.9  ]   \ud83d\udc33  docker run image=crawlergpt:latest platform= entrypoint=[\"tail\" \"-f\" \"/dev/null\"] cmd=[]\n[tests/style]   \ud83d\udc33  docker run image=crawlergpt:latest platform= entrypoint=[\"tail\" \"-f\" \"/dev/null\"] cmd=[]\n[tests/docs ]   \ud83d\udc33  docker run image=crawlergpt:latest platform= entrypoint=[\"tail\" \"-f\" \"/dev/null\"] cmd=[]\n[tests/docs ]   \ud83d\udc33  docker exec cmd=[chown -R 1012:1000 /tmp/de65f406-fe28-11ed-a890-af2cc187fc11/wtforms-wtforms-sqlalchemy] user=0 workdir=\n[tests/style]   \ud83d\udc33  docker exec cmd=[chown -R 1012:1000 /tmp/de65f406-fe28-11ed-a890-af2cc187fc11/wtforms-wtforms-sqlalchemy] user=0 workdir=\n[tests/3.9  ]   \ud83d\udc33  docker exec cmd=[chown -R 1012:1000 /tmp/de65f406-fe28-11ed-a890-af2cc187fc11/wtforms-wtforms-sqlalchemy] user=0 workdir=\n[tests/docs ]   \u2601  git clone 'https://github.com/actions/setup-python' # ref=v2\n[tests/docs ]   \u2601  git clone 'https://github.com/actions/cache' # ref=v1\n[tests/docs ] \u2b50 Run Main actions/checkout@v2\n[tests/docs ]   \u2705  Success - Main actions/checkout@v2\n[tests/docs ] \u2b50 Run Main actions/setup-python@v2\n[tests/3.9  ]   \u2601  git clone 'https://github.com/actions/setup-python' # ref=v2\n[tests/docs ]   \ud83d\udc33  docker cp src=/home/andre-silva/.cache/act/actions-setup-python@v2/ dst=/var/run/act/actions/actions-setup-python@v2/\n[tests/style]   \u2601  git clone 'https://github.com/actions/setup-python' # ref=v2\n[tests/3.9  ]   \u2601  git clone 'https://github.com/actions/cache' # ref=v1\n[tests/docs ]   \ud83d\udc33  docker exec cmd=[chown -R 1012:1000 /var/run/act/actions/actions-setup-python@v2/] user=0 workdir=\n[tests/style]   \u2601  git clone 'https://github.com/actions/cache' # ref=v1\n[tests/3.9  ] \ud83e\uddea  Matrix: map[python:3.9]\n[tests/3.9  ] \u2b50 Run Main actions/checkout@v2\n[tests/3.9  ]   \u2705  Success - Main actions/checkout@v2\n[tests/style]   \u2601  git clone 'https://github.com/actions/cache' # ref=v1\n[tests/3.9  ] \u2b50 Run Main actions/setup-python@v2\n[tests/3.9  ]   \ud83d\udc33  docker cp src=/home/andre-silva/.cache/act/actions-setup-python@v2/ dst=/var/run/act/actions/actions-setup-python@v2/\n[tests/3.9  ]   \ud83d\udc33  docker exec cmd=[chown -R 1012:1000 /var/run/act/actions/actions-setup-python@v2/] user=0 workdir=\n[tests/style] \u2b50 Run Main actions/checkout@v2\n[tests/style]   \u2705  Success - Main actions/checkout@v2\n[tests/style] \u2b50 Run Main actions/setup-python@v2\n[tests/style]   \ud83d\udc33  docker cp src=/home/andre-silva/.cache/act/actions-setup-python@v2/ dst=/var/run/act/actions/actions-setup-python@v2/\n[tests/style]   \ud83d\udc33  docker exec cmd=[chown -R 1012:1000 /var/run/act/actions/actions-setup-python@v2/] user=0 workdir=\n[tests/docs ]   \ud83d\udc33  docker exec cmd=[node /var/run/act/actions/actions-setup-python@v2/dist/setup/index.js] user= workdir=\n[tests/style]   \ud83d\udc33  docker exec cmd=[node /var/run/act/actions/actions-setup-python@v2/dist/setup/index.js] user= workdir=\n[tests/3.9  ]   \ud83d\udc33  docker exec cmd=[node /var/run/act/actions/actions-setup-python@v2/dist/setup/index.js] user= workdir=\n[tests/3.9  ]   \ud83d\udcac  ::debug::Semantic version spec of 3.9 is 3.9\n[tests/3.9  ]   \ud83d\udcac  ::debug::isExplicit: \n[tests/3.9  ]   \ud83d\udcac  ::debug::explicit? false\n[tests/3.9  ]   \ud83d\udcac  ::debug::isExplicit: 2.7.18\n[tests/3.9  ]   \ud83d\udcac  ::debug::explicit? true\n[tests/3.9  ]   \ud83d\udcac  ::debug::isExplicit: 3.5.10\n[tests/3.9  ]   \ud83d\udcac  ::debug::explicit? true\n[tests/3.9  ]   \ud83d\udcac  ::debug::isExplicit: 3.6.14\n[tests/3.9  ]   \ud83d\udcac  ::debug::explicit? true\n[tests/3.9  ]   \ud83d\udcac  ::debug::isExplicit: 3.7.11\n[tests/3.9  ]   \ud83d\udcac  ::debug::explicit? true\n[tests/3.9  ]   \ud83d\udcac  ::debug::isExplicit: 3.8.11\n[tests/3.9  ]   \ud83d\udcac  ::debug::explicit? true\n[tests/3.9  ]   \ud83d\udcac  ::debug::isExplicit: 3.9.6\n[tests/3.9  ]   \ud83d\udcac  ::debug::explicit? true\n[tests/3.9  ]   \ud83d\udcac  ::debug::evaluating 6 versions\n[tests/3.9  ]   \ud83d\udcac  ::debug::matched: 3.9.6\n[tests/3.9  ]   \ud83d\udcac  ::debug::checking cache: /opt/hostedtoolcache/Python/3.9.6/x64\n[tests/3.9  ]   \ud83d\udcac  ::debug::Found tool in cache Python 3.9.6 x64\n[tests/3.9  ]   | Successfully setup CPython (3.9.6)\n[tests/3.9  ]   \u2753 add-matcher /run/act/actions/actions-setup-python@v2/.github/python.json\n[tests/docs ]   \ud83d\udcac  ::debug::Semantic version spec of 3.9 is 3.9\n[tests/docs ]   \ud83d\udcac  ::debug::isExplicit: \n[tests/docs ]   \ud83d\udcac  ::debug::explicit? false\n[tests/docs ]   \ud83d\udcac  ::debug::isExplicit: 2.7.18\n[tests/docs ]   \ud83d\udcac  ::debug::explicit? true\n[tests/docs ]   \ud83d\udcac  ::debug::isExplicit: 3.5.10\n[tests/docs ]   \ud83d\udcac  ::debug::explicit? true\n[tests/docs ]   \ud83d\udcac  ::debug::isExplicit: 3.6.14\n[tests/docs ]   \ud83d\udcac  ::debug::explicit? true\n[tests/docs ]   \ud83d\udcac  ::debug::isExplicit: 3.7.11\n[tests/docs ]   \ud83d\udcac  ::debug::explicit? true\n[tests/docs ]   \ud83d\udcac  ::debug::isExplicit: 3.8.11\n[tests/docs ]   \ud83d\udcac  ::debug::explicit? true\n[tests/docs ]   \ud83d\udcac  ::debug::isExplicit: 3.9.6\n[tests/docs ]   \ud83d\udcac  ::debug::explicit? true\n[tests/docs ]   \ud83d\udcac  ::debug::evaluating 6 versions\n[tests/docs ]   \ud83d\udcac  ::debug::matched: 3.9.6\n[tests/docs ]   \ud83d\udcac  ::debug::checking cache: /opt/hostedtoolcache/Python/3.9.6/x64\n[tests/docs ]   \ud83d\udcac  ::debug::Found tool in cache Python 3.9.6 x64\n[tests/docs ]   | Successfully setup CPython (3.9.6)\n[tests/docs ]   \u2753 add-matcher /run/act/actions/actions-setup-python@v2/.github/python.json\n[tests/style]   \ud83d\udcac  ::debug::Semantic version spec of 3.9 is 3.9\n[tests/style]   \ud83d\udcac  ::debug::isExplicit: \n[tests/style]   \ud83d\udcac  ::debug::explicit? false\n[tests/style]   \ud83d\udcac  ::debug::isExplicit: 2.7.18\n[tests/style]   \ud83d\udcac  ::debug::explicit? true\n[tests/style]   \ud83d\udcac  ::debug::isExplicit: 3.5.10\n[tests/style]   \ud83d\udcac  ::debug::explicit? true\n[tests/style]   \ud83d\udcac  ::debug::isExplicit: 3.6.14\n[tests/style]   \ud83d\udcac  ::debug::explicit? true\n[tests/style]   \ud83d\udcac  ::debug::isExplicit: 3.7.11\n[tests/style]   \ud83d\udcac  ::debug::explicit? true\n[tests/style]   \ud83d\udcac  ::debug::isExplicit: 3.8.11\n[tests/style]   \ud83d\udcac  ::debug::explicit? true\n[tests/style]   \ud83d\udcac  ::debug::isExplicit: 3.9.6\n[tests/style]   \ud83d\udcac  ::debug::explicit? true\n[tests/style]   \ud83d\udcac  ::debug::evaluating 6 versions\n[tests/style]   \ud83d\udcac  ::debug::matched: 3.9.6\n[tests/style]   \ud83d\udcac  ::debug::checking cache: /opt/hostedtoolcache/Python/3.9.6/x64\n[tests/style]   \ud83d\udcac  ::debug::Found tool in cache Python 3.9.6 x64\n[tests/style]   | Successfully setup CPython (3.9.6)\n[tests/style]   \u2753 add-matcher /run/act/actions/actions-setup-python@v2/.github/python.json\n[tests/3.9  ]   \u2705  Success - Main actions/setup-python@v2\n[tests/docs ]   \u2705  Success - Main actions/setup-python@v2\n[tests/style]   \u2705  Success - Main actions/setup-python@v2\n[tests/style]   \u2699  ::set-env:: pythonLocation=/opt/hostedtoolcache/Python/3.9.6/x64\n[tests/style]   \u2699  ::set-env:: LD_LIBRARY_PATH=/opt/hostedtoolcache/Python/3.9.6/x64/lib\n[tests/3.9  ]   \u2699  ::set-env:: pythonLocation=/opt/hostedtoolcache/Python/3.9.6/x64\n[tests/3.9  ]   \u2699  ::set-env:: LD_LIBRARY_PATH=/opt/hostedtoolcache/Python/3.9.6/x64/lib\n[tests/docs ]   \u2699  ::set-env:: pythonLocation=/opt/hostedtoolcache/Python/3.9.6/x64\n[tests/docs ]   \u2699  ::set-env:: LD_LIBRARY_PATH=/opt/hostedtoolcache/Python/3.9.6/x64/lib\n[tests/3.9  ]   \u2699  ::set-output:: python-version=3.9.6\n[tests/style]   \u2699  ::set-output:: python-version=3.9.6\n[tests/docs ]   \u2699  ::set-output:: python-version=3.9.6\n[tests/3.9  ]   \u2699  ::add-path:: /opt/hostedtoolcache/Python/3.9.6/x64\n[tests/3.9  ]   \u2699  ::add-path:: /opt/hostedtoolcache/Python/3.9.6/x64/bin\n[tests/style]   \u2699  ::add-path:: /opt/hostedtoolcache/Python/3.9.6/x64\n[tests/style]   \u2699  ::add-path:: /opt/hostedtoolcache/Python/3.9.6/x64/bin\n[tests/docs ]   \u2699  ::add-path:: /opt/hostedtoolcache/Python/3.9.6/x64\n[tests/docs ]   \u2699  ::add-path:: /opt/hostedtoolcache/Python/3.9.6/x64/bin\n[tests/3.9  ] \u2b50 Run Main actions/cache@v1\n[tests/docs ] \u2b50 Run Main actions/cache@v1\n[tests/style] \u2b50 Run Main actions/cache@v1\n[tests/style]   \ud83d\udc33  docker cp src=/home/andre-silva/.cache/act/actions-cache@v1/ dst=/var/run/act/actions/actions-cache@v1/\n[tests/docs ]   \ud83d\udc33  docker cp src=/home/andre-silva/.cache/act/actions-cache@v1/ dst=/var/run/act/actions/actions-cache@v1/\n[tests/3.9  ]   \ud83d\udc33  docker cp src=/home/andre-silva/.cache/act/actions-cache@v1/ dst=/var/run/act/actions/actions-cache@v1/\n[tests/style]   \ud83d\udc33  docker exec cmd=[chown -R 1012:1000 /var/run/act/actions/actions-cache@v1/] user=0 workdir=\n[tests/docs ]   \ud83d\udc33  docker exec cmd=[chown -R 1012:1000 /var/run/act/actions/actions-cache@v1/] user=0 workdir=\n[tests/3.9  ]   \ud83d\udc33  docker exec cmd=[chown -R 1012:1000 /var/run/act/actions/actions-cache@v1/] user=0 workdir=\n[tests/style]   \ud83d\udc33  docker exec cmd=[node /var/run/act/actions/actions-cache@v1/dist/restore/index.js] user= workdir=\n[tests/docs ]   \ud83d\udc33  docker exec cmd=[node /var/run/act/actions/actions-cache@v1/dist/restore/index.js] user= workdir=\n[tests/3.9  ]   \ud83d\udc33  docker exec cmd=[node /var/run/act/actions/actions-cache@v1/dist/restore/index.js] user= workdir=\n[tests/3.9  ]   \ud83d\udcac  ::debug::Cache Path: /home/runneradmin/.cache/pip\n[tests/3.9  ]   \ud83d\udcac  ::debug::Resolved Keys:\n[tests/3.9  ]   \ud83d\udcac  ::debug::[\"pip|d7807f1fb801ed8e040b5241d1807b757b50a41754e89703deae226e1e827df2|98bfb64162d8973de76bc4df02bf679476685cc52e597aeda14f919f25af2908\"]\n[tests/3.9  ]   \ud83d\udcac  ::debug::getCacheEntry - Attempt 1 of 2 failed with error: Cache Service Url not found, unable to restore cache.\n[tests/3.9  ]   \ud83d\udcac  ::debug::getCacheEntry - Attempt 2 of 2 failed with error: Cache Service Url not found, unable to restore cache.\n[tests/3.9  ]   | [warning]getCacheEntry failed: Cache Service Url not found, unable to restore cache.\n[tests/style]   \ud83d\udcac  ::debug::Cache Path: /home/runneradmin/.cache/pip\n[tests/style]   \ud83d\udcac  ::debug::Resolved Keys:\n[tests/style]   \ud83d\udcac  ::debug::[\"pip|d7807f1fb801ed8e040b5241d1807b757b50a41754e89703deae226e1e827df2|98bfb64162d8973de76bc4df02bf679476685cc52e597aeda14f919f25af2908\"]\n[tests/style]   \ud83d\udcac  ::debug::getCacheEntry - Attempt 1 of 2 failed with error: Cache Service Url not found, unable to restore cache.\n[tests/style]   \ud83d\udcac  ::debug::getCacheEntry - Attempt 2 of 2 failed with error: Cache Service Url not found, unable to restore cache.\n[tests/style]   | [warning]getCacheEntry failed: Cache Service Url not found, unable to restore cache.\n[tests/docs ]   \ud83d\udcac  ::debug::Cache Path: /home/runneradmin/.cache/pip\n[tests/docs ]   \ud83d\udcac  ::debug::Resolved Keys:\n[tests/docs ]   \ud83d\udcac  ::debug::[\"pip|d7807f1fb801ed8e040b5241d1807b757b50a41754e89703deae226e1e827df2|98bfb64162d8973de76bc4df02bf679476685cc52e597aeda14f919f25af2908\"]\n[tests/docs ]   \ud83d\udcac  ::debug::getCacheEntry - Attempt 1 of 2 failed with error: Cache Service Url not found, unable to restore cache.\n[tests/docs ]   \ud83d\udcac  ::debug::getCacheEntry - Attempt 2 of 2 failed with error: Cache Service Url not found, unable to restore cache.\n[tests/docs ]   | [warning]getCacheEntry failed: Cache Service Url not found, unable to restore cache.\n[tests/style]   \u2705  Success - Main actions/cache@v1\n[tests/3.9  ]   \u2705  Success - Main actions/cache@v1\n[tests/docs ]   \u2705  Success - Main actions/cache@v1\n[tests/style]   \u2699  ::set-output:: cache-hit=false\n[tests/docs ]   \u2699  ::set-output:: cache-hit=false\n[tests/3.9  ]   \u2699  ::set-output:: cache-hit=false\n[tests/3.9  ] \u2b50 Run Main pip install tox\n[tests/docs ] \u2b50 Run Main pip install tox\n[tests/style] \u2b50 Run Main actions/cache@v1\n[tests/style]   \ud83d\udc33  docker cp src=/home/andre-silva/.cache/act/actions-cache@v1/ dst=/var/run/act/actions/actions-cache@v1/\n[tests/3.9  ]   \ud83d\udc33  docker exec cmd=[bash --noprofile --norc -e -o pipefail /var/run/act/workflow/3] user= workdir=\n[tests/docs ]   \ud83d\udc33  docker exec cmd=[bash --noprofile --norc -e -o pipefail /var/run/act/workflow/3] user= workdir=\n[tests/style]   \ud83d\udc33  docker exec cmd=[chown -R 1012:1000 /var/run/act/actions/actions-cache@v1/] user=0 workdir=\n[tests/style]   \ud83d\udc33  docker exec cmd=[node /var/run/act/actions/actions-cache@v1/dist/restore/index.js] user= workdir=\n[tests/docs ]   | Collecting tox\n[tests/docs ]   |   Downloading tox-4.5.2-py3-none-any.whl (148 kB)\n[tests/3.9  ]   | Collecting tox\n[tests/3.9  ]   |   Downloading tox-4.5.2-py3-none-any.whl (148 kB)\n[tests/docs ]   | Collecting platformdirs>=3.5.1\n[tests/docs ]   |   Downloading platformdirs-3.5.1-py3-none-any.whl (15 kB)\n[tests/3.9  ]   | Collecting pluggy>=1\n[tests/3.9  ]   |   Downloading pluggy-1.0.0-py2.py3-none-any.whl (13 kB)\n[tests/3.9  ]   | Collecting platformdirs>=3.5.1\n[tests/3.9  ]   |   Downloading platformdirs-3.5.1-py3-none-any.whl (15 kB)\n[tests/docs ]   | Collecting colorama>=0.4.6\n[tests/docs ]   |   Downloading colorama-0.4.6-py2.py3-none-any.whl (25 kB)\n[tests/3.9  ]   | Collecting packaging>=23.1\n[tests/3.9  ]   |   Downloading packaging-23.1-py3-none-any.whl (48 kB)\n[tests/3.9  ]   | Collecting filelock>=3.12\n[tests/3.9  ]   |   Downloading filelock-3.12.0-py3-none-any.whl (10 kB)\n[tests/docs ]   | Collecting virtualenv>=20.23\n[tests/docs ]   |   Downloading virtualenv-20.23.0-py3-none-any.whl (3.3 MB)\n[tests/3.9  ]   | Collecting pyproject-api>=1.5.1\n[tests/3.9  ]   |   Downloading pyproject_api-1.5.1-py3-none-any.whl (12 kB)\n[tests/docs ]   | Collecting chardet>=5.1\n[tests/3.9  ]   | Collecting colorama>=0.4.6\n[tests/docs ]   |   Downloading chardet-5.1.0-py3-none-any.whl (199 kB)\n[tests/3.9  ]   |   Downloading colorama-0.4.6-py2.py3-none-any.whl (25 kB)\n[tests/3.9  ]   | Collecting chardet>=5.1\n[tests/3.9  ]   |   Downloading chardet-5.1.0-py3-none-any.whl (199 kB)\n[tests/docs ]   | Collecting packaging>=23.1\n[tests/docs ]   |   Downloading packaging-23.1-py3-none-any.whl (48 kB)\n[tests/3.9  ]   | Collecting cachetools>=5.3\n[tests/3.9  ]   |   Downloading cachetools-5.3.1-py3-none-any.whl (9.3 kB)\n[tests/docs ]   | Collecting cachetools>=5.3\n[tests/docs ]   |   Downloading cachetools-5.3.1-py3-none-any.whl (9.3 kB)\n[tests/docs ]   | Collecting filelock>=3.12\n[tests/docs ]   |   Downloading filelock-3.12.0-py3-none-any.whl (10 kB)\n[tests/docs ]   | Collecting tomli>=2.0.1\n[tests/docs ]   |   Downloading tomli-2.0.1-py3-none-any.whl (12 kB)\n[tests/3.9  ]   | Collecting virtualenv>=20.23\n[tests/3.9  ]   |   Downloading virtualenv-20.23.0-py3-none-any.whl (3.3 MB)\n[tests/docs ]   | Collecting pluggy>=1\n[tests/docs ]   |   Downloading pluggy-1.0.0-py2.py3-none-any.whl (13 kB)\n[tests/docs ]   | Collecting pyproject-api>=1.5.1\n[tests/3.9  ]   | Collecting tomli>=2.0.1\n[tests/3.9  ]   |   Downloading tomli-2.0.1-py3-none-any.whl (12 kB)\n[tests/docs ]   |   Downloading pyproject_api-1.5.1-py3-none-any.whl (12 kB)\n[tests/3.9  ]   | Collecting distlib<1,>=0.3.6\n[tests/3.9  ]   |   Downloading distlib-0.3.6-py2.py3-none-any.whl (468 kB)\n[tests/docs ]   | Collecting distlib<1,>=0.3.6\n[tests/docs ]   |   Downloading distlib-0.3.6-py2.py3-none-any.whl (468 kB)\n[tests/3.9  ]   | Installing collected packages: tomli, platformdirs, packaging, filelock, distlib, virtualenv, pyproject-api, pluggy, colorama, chardet, cachetools, tox\n[tests/docs ]   | Installing collected packages: tomli, platformdirs, packaging, filelock, distlib, virtualenv, pyproject-api, pluggy, colorama, chardet, cachetools, tox\n[tests/3.9  ]   | Successfully installed cachetools-5.3.1 chardet-5.1.0 colorama-0.4.6 distlib-0.3.6 filelock-3.12.0 packaging-23.1 platformdirs-3.5.1 pluggy-1.0.0 pyproject-api-1.5.1 tomli-2.0.1 tox-4.5.2 virtualenv-20.23.0\n[tests/docs ]   | Successfully installed cachetools-5.3.1 chardet-5.1.0 colorama-0.4.6 distlib-0.3.6 filelock-3.12.0 packaging-23.1 platformdirs-3.5.1 pluggy-1.0.0 pyproject-api-1.5.1 tomli-2.0.1 tox-4.5.2 virtualenv-20.23.0\n[tests/3.9  ]   | WARNING: You are using pip version 21.2.4; however, version 23.1.2 is available.\n[tests/3.9  ]   | You should consider upgrading via the '/opt/hostedtoolcache/Python/3.9.6/x64/bin/python -m pip install --upgrade pip' command.\n[tests/docs ]   | WARNING: You are using pip version 21.2.4; however, version 23.1.2 is available.\n[tests/docs ]   | You should consider upgrading via the '/opt/hostedtoolcache/Python/3.9.6/x64/bin/python -m pip install --upgrade pip' command.\n[tests/3.9  ]   \u2705  Success - Main pip install tox\n[tests/docs ]   \u2705  Success - Main pip install tox\n[tests/docs ] \u2b50 Run Main tox -e docs\n[tests/3.9  ] \u2b50 Run Main tox -e py\n[tests/docs ]   \ud83d\udc33  docker exec cmd=[bash --noprofile --norc -e -o pipefail /var/run/act/workflow/4] user= workdir=\n[tests/3.9  ]   \ud83d\udc33  docker exec cmd=[bash --noprofile --norc -e -o pipefail /var/run/act/workflow/4] user= workdir=\n[tests/style]   \ud83d\udcac  ::debug::Cache Path: /home/runneradmin/.cache/pre-commit\n[tests/style]   \ud83d\udcac  ::debug::Resolved Keys:\n[tests/style]   \ud83d\udcac  ::debug::[\"pre-commit|d09927d60300ff2b8fe1a48ae81bcaf5614419836048bea897ef163b401baa11\"]\n[tests/style]   \ud83d\udcac  ::debug::getCacheEntry - Attempt 1 of 2 failed with error: Cache Service Url not found, unable to restore cache.\n[tests/style]   \ud83d\udcac  ::debug::getCacheEntry - Attempt 2 of 2 failed with error: Cache Service Url not found, unable to restore cache.\n[tests/style]   | [warning]getCacheEntry failed: Cache Service Url not found, unable to restore cache.\n[tests/style]   \u2705  Success - Main actions/cache@v1\n[tests/style]   \u2699  ::set-output:: cache-hit=false\n[tests/style] \u2b50 Run Main pip install tox\n[tests/docs ]   | docs: install_deps> python -I -m pip install -r docs/requirements.txt\n[tests/style]   \ud83d\udc33  docker exec cmd=[bash --noprofile --norc -e -o pipefail /var/run/act/workflow/4] user= workdir=\n[tests/3.9  ]   | .pkg: install_requires> python -I -m pip install 'setuptools>=40.8.0' wheel\n[tests/3.9  ]   | .pkg: _optional_hooks> python /opt/hostedtoolcache/Python/3.9.6/x64/lib/python3.9/site-packages/pyproject_api/_backend.py True setuptools.build_meta __legacy__\n[tests/3.9  ]   | .pkg: get_requires_for_build_sdist> python /opt/hostedtoolcache/Python/3.9.6/x64/lib/python3.9/site-packages/pyproject_api/_backend.py True setuptools.build_meta __legacy__\n[tests/3.9  ]   | .pkg: freeze> python -m pip freeze --all\n[tests/3.9  ]   | .pkg: pip==23.1.2,setuptools==67.7.2,wheel==0.40.0\n[tests/3.9  ]   | .pkg: prepare_metadata_for_build_wheel> python /opt/hostedtoolcache/Python/3.9.6/x64/lib/python3.9/site-packages/pyproject_api/_backend.py True setuptools.build_meta __legacy__\n[tests/3.9  ]   | .pkg: build_sdist> python /opt/hostedtoolcache/Python/3.9.6/x64/lib/python3.9/site-packages/pyproject_api/_backend.py True setuptools.build_meta __legacy__\n[tests/3.9  ]   | py: install_package_deps> python -I -m pip install 'SQLAlchemy>=0.7.10' 'WTForms>=1.0.5'\n[tests/3.9  ]   | py: install_package> python -I -m pip install --force-reinstall --no-deps /tmp/de65f406-fe28-11ed-a890-af2cc187fc11/wtforms-wtforms-sqlalchemy/.tox/.tmp/package/1/WTForms-SQLAlchemy-0.3.tar.gz\n[tests/docs ]   | .pkg: _optional_hooks> python /opt/hostedtoolcache/Python/3.9.6/x64/lib/python3.9/site-packages/pyproject_api/_backend.py True setuptools.build_meta __legacy__\n[tests/docs ]   | .pkg: get_requires_for_build_sdist> python /opt/hostedtoolcache/Python/3.9.6/x64/lib/python3.9/site-packages/pyproject_api/_backend.py True setuptools.build_meta __legacy__\n[tests/docs ]   | .pkg: freeze> python -m pip freeze --all\n[tests/3.9  ]   | py: freeze> python -m pip freeze --all\n[tests/docs ]   | .pkg: pip==23.1.2,setuptools==67.7.2,wheel==0.40.0\n[tests/docs ]   | .pkg: prepare_metadata_for_build_wheel> python /opt/hostedtoolcache/Python/3.9.6/x64/lib/python3.9/site-packages/pyproject_api/_backend.py True setuptools.build_meta __legacy__\n[tests/docs ]   | .pkg: build_sdist> python /opt/hostedtoolcache/Python/3.9.6/x64/lib/python3.9/site-packages/pyproject_api/_backend.py True setuptools.build_meta __legacy__\n[tests/3.9  ]   | py: greenlet==2.0.2,MarkupSafe==2.1.2,pip==23.1.2,setuptools==67.7.2,SQLAlchemy==2.0.15,typing_extensions==4.6.2,wheel==0.40.0,WTForms==3.0.1,WTForms-SQLAlchemy==0.3\n[tests/3.9  ]   | py: commands[0]> python setup.py test\n[tests/docs ]   | docs: install_package_deps> python -I -m pip install 'SQLAlchemy>=0.7.10' 'WTForms>=1.0.5'\n[tests/3.9  ]   | running test\n[tests/3.9  ]   | WARNING: Testing via this command is deprecated and will be removed in a future version. Users looking for a generic test entry point independent of test runner are encouraged to use tox.\n[tests/3.9  ]   | /tmp/de65f406-fe28-11ed-a890-af2cc187fc11/wtforms-wtforms-sqlalchemy/.tox/py/lib/python3.9/site-packages/setuptools/command/test.py:194: _DeprecatedInstaller: setuptools.installer and fetch_build_eggs are deprecated.\n[tests/3.9  ]   | !!\n[tests/3.9  ]   | \n[tests/3.9  ]   |         ********************************************************************************\n[tests/3.9  ]   |         Requirements should be satisfied by a PEP 517 installer.\n[tests/3.9  ]   |         If you are using pip, you can try `pip install --use-pep517`.\n[tests/3.9  ]   |         ********************************************************************************\n[tests/3.9  ]   | \n[tests/3.9  ]   | !!\n[tests/3.9  ]   |   ir_d = dist.fetch_build_eggs(dist.install_requires)\n[tests/3.9  ]   | /tmp/de65f406-fe28-11ed-a890-af2cc187fc11/wtforms-wtforms-sqlalchemy/.tox/py/lib/python3.9/site-packages/setuptools/command/test.py:195: _DeprecatedInstaller: setuptools.installer and fetch_build_eggs are deprecated.\n[tests/3.9  ]   | !!\n[tests/3.9  ]   | \n[tests/3.9  ]   |         ********************************************************************************\n[tests/3.9  ]   |         Requirements should be satisfied by a PEP 517 installer.\n[tests/3.9  ]   |         If you are using pip, you can try `pip install --use-pep517`.\n[tests/3.9  ]   |         ********************************************************************************\n[tests/3.9  ]   | \n[tests/3.9  ]   | !!\n[tests/3.9  ]   |   tr_d = dist.fetch_build_eggs(dist.tests_require or [])\n[tests/style]   | Collecting tox\n[tests/style]   |   Downloading tox-4.5.2-py3-none-any.whl (148 kB)\n[tests/style]   | Collecting pluggy>=1\n[tests/style]   |   Downloading pluggy-1.0.0-py2.py3-none-any.whl (13 kB)\n[tests/style]   | Collecting virtualenv>=20.23\n[tests/style]   |   Downloading virtualenv-20.23.0-py3-none-any.whl (3.3 MB)\n[tests/style]   | Collecting pyproject-api>=1.5.1\n[tests/style]   |   Downloading pyproject_api-1.5.1-py3-none-any.whl (12 kB)\n[tests/style]   | Collecting tomli>=2.0.1\n[tests/style]   |   Downloading tomli-2.0.1-py3-none-any.whl (12 kB)\n[tests/style]   | Collecting filelock>=3.12\n[tests/style]   |   Downloading filelock-3.12.0-py3-none-any.whl (10 kB)\n[tests/style]   | Collecting colorama>=0.4.6\n[tests/style]   |   Downloading colorama-0.4.6-py2.py3-none-any.whl (25 kB)\n[tests/style]   | Collecting cachetools>=5.3\n[tests/style]   |   Downloading cachetools-5.3.1-py3-none-any.whl (9.3 kB)\n[tests/style]   | Collecting packaging>=23.1\n[tests/style]   |   Downloading packaging-23.1-py3-none-any.whl (48 kB)\n[tests/style]   | Collecting platformdirs>=3.5.1\n[tests/style]   |   Downloading platformdirs-3.5.1-py3-none-any.whl (15 kB)\n[tests/3.9  ]   | /tmp/de65f406-fe28-11ed-a890-af2cc187fc11/wtforms-wtforms-sqlalchemy/.tox/py/lib/python3.9/site-packages/setuptools/command/test.py:196: _DeprecatedInstaller: setuptools.installer and fetch_build_eggs are deprecated.\n[tests/3.9  ]   | !!\n[tests/3.9  ]   | \n[tests/3.9  ]   |         ********************************************************************************\n[tests/3.9  ]   |         Requirements should be satisfied by a PEP 517 installer.\n[tests/3.9  ]   |         If you are using pip, you can try `pip install --use-pep517`.\n[tests/3.9  ]   |         ********************************************************************************\n[tests/3.9  ]   | \n[tests/3.9  ]   | !!\n[tests/3.9  ]   |   er_d = dist.fetch_build_eggs(\n[tests/3.9  ]   | running egg_info\n[tests/3.9  ]   | writing WTForms_SQLAlchemy.egg-info/PKG-INFO\n[tests/3.9  ]   | writing dependency_links to WTForms_SQLAlchemy.egg-info/dependency_links.txt\n[tests/3.9  ]   | writing requirements to WTForms_SQLAlchemy.egg-info/requires.txt\n[tests/3.9  ]   | writing top-level names to WTForms_SQLAlchemy.egg-info/top_level.txt\n[tests/3.9  ]   | reading manifest file 'WTForms_SQLAlchemy.egg-info/SOURCES.txt'\n[tests/style]   | Collecting chardet>=5.1\n[tests/style]   |   Downloading chardet-5.1.0-py3-none-any.whl (199 kB)\n[tests/3.9  ]   | warning: no files found matching 'README.md'\n[tests/3.9  ]   | warning: no previously-included files matching '*' found under directory 'docs/_build'\n[tests/3.9  ]   | warning: no previously-included files matching '*.pyc' found under directory 'tests'\n[tests/3.9  ]   | reading manifest template 'MANIFEST.in'\n[tests/3.9  ]   | adding license file 'LICENSE.txt'\n[tests/3.9  ]   | writing manifest file 'WTForms_SQLAlchemy.egg-info/SOURCES.txt'\n[tests/3.9  ]   | running build_ext\n[tests/style]   | Collecting distlib<1,>=0.3.6\n[tests/style]   |   Downloading distlib-0.3.6-py2.py3-none-any.whl (468 kB)\n[tests/style]   | Installing collected packages: tomli, platformdirs, packaging, filelock, distlib, virtualenv, pyproject-api, pluggy, colorama, chardet, cachetools, tox\n[tests/3.9  ]   | test_column_default_callable (tests.tests.ModelFormColumnDefaultTest) ... /tmp/de65f406-fe28-11ed-a890-af2cc187fc11/wtforms-wtforms-sqlalchemy/tests/tests.py:386: MovedIn20Warning: The ``declarative_base()`` function is now available as sqlalchemy.orm.declarative_base(). (deprecated since: 2.0) (Background on SQLAlchemy 2.0 at: https://sqlalche.me/e/b8d9)\n[tests/3.9  ]   |   Model = declarative_base()\n[tests/3.9  ]   | ok\n[tests/3.9  ]   | test_column_default_scalar (tests.tests.ModelFormColumnDefaultTest) ... ok\n[tests/3.9  ]   | test_auto_validators (tests.tests.ModelFormTest) ... /tmp/de65f406-fe28-11ed-a890-af2cc187fc11/wtforms-wtforms-sqlalchemy/tests/tests.py:254: MovedIn20Warning: The ``declarative_base()`` function is now available as sqlalchemy.orm.declarative_base(). (deprecated since: 2.0) (Background on SQLAlchemy 2.0 at: https://sqlalche.me/e/b8d9)\n[tests/3.9  ]   |   Model = declarative_base()\n[tests/3.9  ]   | ok\n[tests/3.9  ]   | test_convert_basic (tests.tests.ModelFormTest) ... FAIL\n[tests/3.9  ]   | test_convert_many_to_many (tests.tests.ModelFormTest) ... ERROR\n[tests/3.9  ]   | test_convert_many_to_one (tests.tests.ModelFormTest) ... ERROR\n[tests/3.9  ]   | test_convert_one_to_many (tests.tests.ModelFormTest) ... ERROR\n[tests/3.9  ]   | test_exclude_fk (tests.tests.ModelFormTest) ... ok\n[tests/3.9  ]   | test_exclude_pk (tests.tests.ModelFormTest) ... ok\n[tests/3.9  ]   | test_field_args (tests.tests.ModelFormTest) ... ok\n[tests/3.9  ]   | test_include_fk (tests.tests.ModelFormTest) ... ok\n[tests/3.9  ]   | test_include_pk (tests.tests.ModelFormTest) ... ok\n[tests/3.9  ]   | test_no_mro (tests.tests.ModelFormTest) ... FAIL\n[tests/3.9  ]   | test_only (tests.tests.ModelFormTest) ... ok\n[tests/3.9  ]   | test_convert_types (tests.tests.ModelFormTest2) ... /tmp/de65f406-fe28-11ed-a890-af2cc187fc11/wtforms-wtforms-sqlalchemy/tests/tests.py:425: MovedIn20Warning: The ``declarative_base()`` function is now available as sqlalchemy.orm.declarative_base(). (deprecated since: 2.0) (Background on SQLAlchemy 2.0 at: https://sqlalche.me/e/b8d9)\n[tests/3.9  ]   |   Model = declarative_base()\n[tests/3.9  ]   | ERROR\n[tests/3.9  ]   | test_with_query_factory (tests.tests.QuerySelectFieldTest) ... ERROR\n[tests/3.9  ]   | test_without_factory (tests.tests.QuerySelectFieldTest) ... ERROR\n[tests/3.9  ]   | test_multiple_values_without_query_factory (tests.tests.QuerySelectMultipleFieldTest) ... ERROR\n[tests/3.9  ]   | test_single_default_value (tests.tests.QuerySelectMultipleFieldTest) ... ERROR\n[tests/3.9  ]   | test_single_value_without_factory (tests.tests.QuerySelectMultipleFieldTest) ... ERROR\n[tests/3.9  ]   | test_unpopulated_default (tests.tests.QuerySelectMultipleFieldTest) ... ERROR\n[tests/3.9  ]   | \n[tests/3.9  ]   | ======================================================================\n[tests/3.9  ]   | ERROR: test_convert_many_to_many (tests.tests.ModelFormTest)\n[tests/3.9  ]   | ----------------------------------------------------------------------\n[tests/3.9  ]   | Traceback (most recent call last):\n[tests/3.9  ]   |   File \"/tmp/de65f406-fe28-11ed-a890-af2cc187fc11/wtforms-wtforms-sqlalchemy/tests/tests.py\", line 353, in test_convert_many_to_many\n[tests/3.9  ]   |     assert isinstance(student_form.courses, QuerySelectMultipleField)\n[tests/3.9  ]   | AttributeError: 'StudentForm' object has no attribute 'courses'\n[tests/3.9  ]   | \n[tests/3.9  ]   | ======================================================================\n[tests/3.9  ]   | ERROR: test_convert_many_to_one (tests.tests.ModelFormTest)\n[tests/3.9  ]   | ----------------------------------------------------------------------\n[tests/3.9  ]   | Traceback (most recent call last):\n[tests/3.9  ]   |   File \"/tmp/de65f406-fe28-11ed-a890-af2cc187fc11/wtforms-wtforms-sqlalchemy/tests/tests.py\", line 345, in test_convert_many_to_one\n[tests/3.9  ]   |     assert isinstance(student_form.current_school, QuerySelectField)\n[tests/3.9  ]   | AttributeError: 'StudentForm' object has no attribute 'current_school'\n[tests/3.9  ]   | \n[tests/3.9  ]   | ======================================================================\n[tests/3.9  ]   | ERROR: test_convert_one_to_many (tests.tests.ModelFormTest)\n[tests/3.9  ]   | ----------------------------------------------------------------------\n[tests/3.9  ]   | Traceback (most recent call last):\n[tests/3.9  ]   |   File \"/tmp/de65f406-fe28-11ed-a890-af2cc187fc11/wtforms-wtforms-sqlalchemy/tests/tests.py\", line 349, in test_convert_one_to_many\n[tests/3.9  ]   |     assert isinstance(school_form.students, QuerySelectMultipleField)\n[tests/3.9  ]   | AttributeError: 'SchoolForm' object has no attribute 'students'\n[tests/3.9  ]   | \n[tests/3.9  ]   | ======================================================================\n[tests/3.9  ]   | ERROR: test_convert_types (tests.tests.ModelFormTest2)\n[tests/3.9  ]   | ----------------------------------------------------------------------\n[tests/3.9  ]   | Traceback (most recent call last):\n[tests/3.9  ]   |   File \"/tmp/de65f406-fe28-11ed-a890-af2cc187fc11/wtforms-wtforms-sqlalchemy/tests/tests.py\", line 455, in test_convert_types\n[tests/3.9  ]   |     form = model_form(self.AllTypesModel)()\n[tests/3.9  ]   |   File \"/tmp/de65f406-fe28-11ed-a890-af2cc187fc11/wtforms-wtforms-sqlalchemy/wtforms_sqlalchemy/orm.py\", line 333, in model_form\n[tests/3.9  ]   |     field_dict = model_fields(\n[tests/3.9  ]   |   File \"/tmp/de65f406-fe28-11ed-a890-af2cc187fc11/wtforms-wtforms-sqlalchemy/wtforms_sqlalchemy/orm.py\", line 278, in model_fields\n[tests/3.9  ]   |     field = converter.convert(model, mapper, prop, field_args.get(name), db_session)\n[tests/3.9  ]   |   File \"/tmp/de65f406-fe28-11ed-a890-af2cc187fc11/wtforms-wtforms-sqlalchemy/wtforms_sqlalchemy/orm.py\", line 131, in convert\n[tests/3.9  ]   |     converter = self.get_converter(column)\n[tests/3.9  ]   |   File \"/tmp/de65f406-fe28-11ed-a890-af2cc187fc11/wtforms-wtforms-sqlalchemy/wtforms_sqlalchemy/orm.py\", line 73, in get_converter\n[tests/3.9  ]   |     raise ModelConversionError(\n[tests/3.9  ]   | wtforms_sqlalchemy.orm.ModelConversionError: Could not find field converter for column postgres_inet (<class 'sqlalchemy.dialects.postgresql.types.INET'>).\n[tests/3.9  ]   | \n[tests/3.9  ]   | ======================================================================\n[tests/3.9  ]   | ERROR: test_with_query_factory (tests.tests.QuerySelectFieldTest)\n[tests/3.9  ]   | ----------------------------------------------------------------------\n[tests/3.9  ]   | Traceback (most recent call last):\n[tests/3.9  ]   |   File \"/tmp/de65f406-fe28-11ed-a890-af2cc187fc11/wtforms-wtforms-sqlalchemy/tests/tests.py\", line 99, in setUp\n[tests/3.9  ]   |     self._do_tables(mapper, engine)\n[tests/3.9  ]   |   File \"/tmp/de65f406-fe28-11ed-a890-af2cc187fc11/wtforms-wtforms-sqlalchemy/tests/tests.py\", line 76, in _do_tables\n[tests/3.9  ]   |     mapper(Test, test_table)\n[tests/3.9  ]   |   File \"/tmp/de65f406-fe28-11ed-a890-af2cc187fc11/wtforms-wtforms-sqlalchemy/.tox/py/lib/python3.9/site-packages/sqlalchemy/orm/_orm_constructors.py\", line 1982, in _mapper_fn\n[tests/3.9  ]   |     raise InvalidRequestError(\n[tests/3.9  ]   | sqlalchemy.exc.InvalidRequestError: The 'sqlalchemy.orm.mapper()' function is removed as of SQLAlchemy 2.0.  Use the 'sqlalchemy.orm.registry.map_imperatively()` method of the ``sqlalchemy.orm.registry`` class to perform classical mapping.\n[tests/3.9  ]   | \n[tests/3.9  ]   | ======================================================================\n[tests/3.9  ]   | ERROR: test_without_factory (tests.tests.QuerySelectFieldTest)\n[tests/3.9  ]   | ----------------------------------------------------------------------\n[tests/3.9  ]   | Traceback (most recent call last):\n[tests/3.9  ]   |   File \"/tmp/de65f406-fe28-11ed-a890-af2cc187fc11/wtforms-wtforms-sqlalchemy/tests/tests.py\", line 99, in setUp\n[tests/3.9  ]   |     self._do_tables(mapper, engine)\n[tests/3.9  ]   |   File \"/tmp/de65f406-fe28-11ed-a890-af2cc187fc11/wtforms-wtforms-sqlalchemy/tests/tests.py\", line 76, in _do_tables\n[tests/3.9  ]   |     mapper(Test, test_table)\n[tests/3.9  ]   |   File \"/tmp/de65f406-fe28-11ed-a890-af2cc187fc11/wtforms-wtforms-sqlalchemy/.tox/py/lib/python3.9/site-packages/sqlalchemy/orm/_orm_constructors.py\", line 1982, in _mapper_fn\n[tests/3.9  ]   |     raise InvalidRequestError(\n[tests/3.9  ]   | sqlalchemy.exc.InvalidRequestError: The 'sqlalchemy.orm.mapper()' function is removed as of SQLAlchemy 2.0.  Use the 'sqlalchemy.orm.registry.map_imperatively()` method of the ``sqlalchemy.orm.registry`` class to perform classical mapping.\n[tests/3.9  ]   | \n[tests/3.9  ]   | ======================================================================\n[tests/3.9  ]   | ERROR: test_multiple_values_without_query_factory (tests.tests.QuerySelectMultipleFieldTest)\n[tests/3.9  ]   | ----------------------------------------------------------------------\n[tests/3.9  ]   | Traceback (most recent call last):\n[tests/3.9  ]   |   File \"/tmp/de65f406-fe28-11ed-a890-af2cc187fc11/wtforms-wtforms-sqlalchemy/tests/tests.py\", line 205, in setUp\n[tests/3.9  ]   |     self._do_tables(mapper, engine)\n[tests/3.9  ]   |   File \"/tmp/de65f406-fe28-11ed-a890-af2cc187fc11/wtforms-wtforms-sqlalchemy/tests/tests.py\", line 76, in _do_tables\n[tests/3.9  ]   |     mapper(Test, test_table)\n[tests/3.9  ]   |   File \"/tmp/de65f406-fe28-11ed-a890-af2cc187fc11/wtforms-wtforms-sqlalchemy/.tox/py/lib/python3.9/site-packages/sqlalchemy/orm/_orm_constructors.py\", line 1982, in _mapper_fn\n[tests/3.9  ]   |     raise InvalidRequestError(\n[tests/3.9  ]   | sqlalchemy.exc.InvalidRequestError: The 'sqlalchemy.orm.mapper()' function is removed as of SQLAlchemy 2.0.  Use the 'sqlalchemy.orm.registry.map_imperatively()` method of the ``sqlalchemy.orm.registry`` class to perform classical mapping.\n[tests/3.9  ]   | \n[tests/3.9  ]   | ======================================================================\n[tests/3.9  ]   | ERROR: test_single_default_value (tests.tests.QuerySelectMultipleFieldTest)\n[tests/3.9  ]   | ----------------------------------------------------------------------\n[tests/3.9  ]   | Traceback (most recent call last):\n[tests/3.9  ]   |   File \"/tmp/de65f406-fe28-11ed-a890-af2cc187fc11/wtforms-wtforms-sqlalchemy/tests/tests.py\", line 205, in setUp\n[tests/3.9  ]   |     self._do_tables(mapper, engine)\n[tests/3.9  ]   |   File \"/tmp/de65f406-fe28-11ed-a890-af2cc187fc11/wtforms-wtforms-sqlalchemy/tests/tests.py\", line 76, in _do_tables\n[tests/3.9  ]   |     mapper(Test, test_table)\n[tests/3.9  ]   |   File \"/tmp/de65f406-fe28-11ed-a890-af2cc187fc11/wtforms-wtforms-sqlalchemy/.tox/py/lib/python3.9/site-packages/sqlalchemy/orm/_orm_constructors.py\", line 1982, in _mapper_fn\n[tests/3.9  ]   |     raise InvalidRequestError(\n[tests/3.9  ]   | sqlalchemy.exc.InvalidRequestError: The 'sqlalchemy.orm.mapper()' function is removed as of SQLAlchemy 2.0.  Use the 'sqlalchemy.orm.registry.map_imperatively()` method of the ``sqlalchemy.orm.registry`` class to perform classical mapping.\n[tests/3.9  ]   | \n[tests/3.9  ]   | ======================================================================\n[tests/3.9  ]   | ERROR: test_single_value_without_factory (tests.tests.QuerySelectMultipleFieldTest)\n[tests/3.9  ]   | ----------------------------------------------------------------------\n[tests/3.9  ]   | Traceback (most recent call last):\n[tests/3.9  ]   |   File \"/tmp/de65f406-fe28-11ed-a890-af2cc187fc11/wtforms-wtforms-sqlalchemy/tests/tests.py\", line 205, in setUp\n[tests/3.9  ]   |     self._do_tables(mapper, engine)\n[tests/3.9  ]   |   File \"/tmp/de65f406-fe28-11ed-a890-af2cc187fc11/wtforms-wtforms-sqlalchemy/tests/tests.py\", line 76, in _do_tables\n[tests/3.9  ]   |     mapper(Test, test_table)\n[tests/3.9  ]   |   File \"/tmp/de65f406-fe28-11ed-a890-af2cc187fc11/wtforms-wtforms-sqlalchemy/.tox/py/lib/python3.9/site-packages/sqlalchemy/orm/_orm_constructors.py\", line 1982, in _mapper_fn\n[tests/3.9  ]   |     raise InvalidRequestError(\n[tests/3.9  ]   | sqlalchemy.exc.InvalidRequestError: The 'sqlalchemy.orm.mapper()' function is removed as of SQLAlchemy 2.0.  Use the 'sqlalchemy.orm.registry.map_imperatively()` method of the ``sqlalchemy.orm.registry`` class to perform classical mapping.\n[tests/3.9  ]   | \n[tests/3.9  ]   | ======================================================================\n[tests/3.9  ]   | ERROR: test_unpopulated_default (tests.tests.QuerySelectMultipleFieldTest)\n[tests/3.9  ]   | ----------------------------------------------------------------------\n[tests/3.9  ]   | Traceback (most recent call last):\n[tests/3.9  ]   |   File \"/tmp/de65f406-fe28-11ed-a890-af2cc187fc11/wtforms-wtforms-sqlalchemy/tests/tests.py\", line 205, in setUp\n[tests/3.9  ]   |     self._do_tables(mapper, engine)\n[tests/3.9  ]   |   File \"/tmp/de65f406-fe28-11ed-a890-af2cc187fc11/wtforms-wtforms-sqlalchemy/tests/tests.py\", line 76, in _do_tables\n[tests/3.9  ]   |     mapper(Test, test_table)\n[tests/3.9  ]   |   File \"/tmp/de65f406-fe28-11ed-a890-af2cc187fc11/wtforms-wtforms-sqlalchemy/.tox/py/lib/python3.9/site-packages/sqlalchemy/orm/_orm_constructors.py\", line 1982, in _mapper_fn\n[tests/3.9  ]   |     raise InvalidRequestError(\n[tests/3.9  ]   | sqlalchemy.exc.InvalidRequestError: The 'sqlalchemy.orm.mapper()' function is removed as of SQLAlchemy 2.0.  Use the 'sqlalchemy.orm.registry.map_imperatively()` method of the ``sqlalchemy.orm.registry`` class to perform classical mapping.\n[tests/3.9  ]   | \n[tests/3.9  ]   | ======================================================================\n[tests/3.9  ]   | FAIL: test_convert_basic (tests.tests.ModelFormTest)\n[tests/3.9  ]   | ----------------------------------------------------------------------\n[tests/3.9  ]   | Traceback (most recent call last):\n[tests/3.9  ]   |   File \"/tmp/de65f406-fe28-11ed-a890-af2cc187fc11/wtforms-wtforms-sqlalchemy/tests/tests.py\", line 357, in test_convert_basic\n[tests/3.9  ]   |     self.assertRaises(ModelConversionError, model_form, self.Course)\n[tests/3.9  ]   | AssertionError: ModelConversionError not raised by model_form\n[tests/3.9  ]   | \n[tests/3.9  ]   | ======================================================================\n[tests/3.9  ]   | FAIL: test_no_mro (tests.tests.ModelFormTest)\n[tests/3.9  ]   | ----------------------------------------------------------------------\n[tests/3.9  ]   | Traceback (most recent call last):\n[tests/3.9  ]   |   File \"/tmp/de65f406-fe28-11ed-a890-af2cc187fc11/wtforms-wtforms-sqlalchemy/tests/tests.py\", line 381, in test_no_mro\n[tests/3.9  ]   |     self.assertEqual(len(list(F())), 8)\n[tests/3.9  ]   | AssertionError: 7 != 8\n[tests/3.9  ]   | \n[tests/3.9  ]   | ----------------------------------------------------------------------\n[tests/3.9  ]   | Ran 21 tests in 0.289s\n[tests/3.9  ]   | \n[tests/3.9  ]   | FAILED (failures=2, errors=10)\n[tests/3.9  ]   | Test failed: <unittest.runner.TextTestResult run=21 errors=10 failures=2>\n[tests/3.9  ]   | error: Test failed: <unittest.runner.TextTestResult run=21 errors=10 failures=2>\n[tests/3.9  ]   | py: exit 1 (4.68 seconds) /tmp/de65f406-fe28-11ed-a890-af2cc187fc11/wtforms-wtforms-sqlalchemy> python setup.py test pid=130\n[tests/3.9  ]   | .pkg: _exit> python /opt/hostedtoolcache/Python/3.9.6/x64/lib/python3.9/site-packages/pyproject_api/_backend.py True setuptools.build_meta __legacy__\n[tests/3.9  ]   |   py: FAIL code 1 (23.18=setup[18.49]+cmd[4.68] seconds)\n[tests/3.9  ]   |   evaluation failed :( (23.32 seconds)\n[tests/3.9  ]   \u274c  Failure - Main tox -e py\n[tests/3.9  ] exitcode '1': failure\n[tests/style]   | Successfully installed cachetools-5.3.1 chardet-5.1.0 colorama-0.4.6 distlib-0.3.6 filelock-3.12.0 packaging-23.1 platformdirs-3.5.1 pluggy-1.0.0 pyproject-api-1.5.1 tomli-2.0.1 tox-4.5.2 virtualenv-20.23.0\n[tests/style]   | WARNING: You are using pip version 21.2.4; however, version 23.1.2 is available.\n[tests/style]   | You should consider upgrading via the '/opt/hostedtoolcache/Python/3.9.6/x64/bin/python -m pip install --upgrade pip' command.\n[tests/style]   \u2705  Success - Main pip install tox\n[tests/style] \u2b50 Run Main tox -e style\n[tests/3.9  ] \ud83c\udfc1  Job failed\n[tests/style]   \ud83d\udc33  docker exec cmd=[bash --noprofile --norc -e -o pipefail /var/run/act/workflow/5] user= workdir=\n[tests/docs ]   | docs: install_package> python -I -m pip install --force-reinstall --no-deps /tmp/de65f406-fe28-11ed-a890-af2cc187fc11/wtforms-wtforms-sqlalchemy/.tox/.tmp/package/2/WTForms-SQLAlchemy-0.3.tar.gz\n[tests/docs ]   | docs: freeze> python -m pip freeze --all\n[tests/docs ]   | docs: alabaster==0.7.13,Babel==2.12.1,certifi==2023.5.7,charset-normalizer==3.1.0,docutils==0.17.1,greenlet==2.0.2,idna==3.4,imagesize==1.4.1,Jinja2==3.1.2,MarkupSafe==2.1.2,packaging==23.1,Pallets-Sphinx-Themes==2.0.3,pip==23.1.2,Pygments==2.15.1,python-dateutil==2.8.2,requests==2.31.0,setuptools==67.7.2,six==1.16.0,snowballstemmer==2.2.0,Sphinx==4.2.0,sphinx-issues==1.2.0,sphinxcontrib-applehelp==1.0.4,sphinxcontrib-devhelp==1.0.2,sphinxcontrib-htmlhelp==2.0.1,sphinxcontrib-jsmath==1.0.1,sphinxcontrib-log-cabinet==1.0.1,sphinxcontrib-qthelp==1.0.3,sphinxcontrib-serializinghtml==1.1.5,SQLAlchemy==2.0.15,typing_extensions==4.6.2,urllib3==2.0.2,wheel==0.40.0,WTForms==3.0.1,WTForms-SQLAlchemy==0.3\n[tests/docs ]   | docs: commands[0]> sphinx-build -W -b html -d /tmp/de65f406-fe28-11ed-a890-af2cc187fc11/wtforms-wtforms-sqlalchemy/.tox/docs/tmp/doctrees docs /tmp/de65f406-fe28-11ed-a890-af2cc187fc11/wtforms-wtforms-sqlalchemy/.tox/docs/tmp/html\n[tests/docs ]   | Traceback (most recent call last):\n[tests/docs ]   |   File \"/tmp/de65f406-fe28-11ed-a890-af2cc187fc11/wtforms-wtforms-sqlalchemy/.tox/docs/bin/sphinx-build\", line 5, in <module>\n[tests/docs ]   |     from sphinx.cmd.build import main\n[tests/docs ]   |   File \"/tmp/de65f406-fe28-11ed-a890-af2cc187fc11/wtforms-wtforms-sqlalchemy/.tox/docs/lib/python3.9/site-packages/sphinx/cmd/build.py\", line 25, in <module>\n[tests/docs ]   |     from sphinx.application import Sphinx\n[tests/docs ]   |   File \"/tmp/de65f406-fe28-11ed-a890-af2cc187fc11/wtforms-wtforms-sqlalchemy/.tox/docs/lib/python3.9/site-packages/sphinx/application.py\", line 32, in <module>\n[tests/docs ]   |     from sphinx.config import Config\n[tests/docs ]   |   File \"/tmp/de65f406-fe28-11ed-a890-af2cc187fc11/wtforms-wtforms-sqlalchemy/.tox/docs/lib/python3.9/site-packages/sphinx/config.py\", line 22, in <module>\n[tests/docs ]   |     from sphinx.util.i18n import format_date\n[tests/docs ]   |   File \"/tmp/de65f406-fe28-11ed-a890-af2cc187fc11/wtforms-wtforms-sqlalchemy/.tox/docs/lib/python3.9/site-packages/sphinx/util/i18n.py\", line 17, in <module>\n[tests/docs ]   |     import babel.dates\n[tests/docs ]   |   File \"/tmp/de65f406-fe28-11ed-a890-af2cc187fc11/wtforms-wtforms-sqlalchemy/.tox/docs/lib/python3.9/site-packages/babel/dates.py\", line 34, in <module>\n[tests/docs ]   |     from babel import localtime\n[tests/docs ]   |   File \"/tmp/de65f406-fe28-11ed-a890-af2cc187fc11/wtforms-wtforms-sqlalchemy/.tox/docs/lib/python3.9/site-packages/babel/localtime/__init__.py\", line 41, in <module>\n[tests/docs ]   |     LOCALTZ = get_localzone()\n[tests/docs ]   |   File \"/tmp/de65f406-fe28-11ed-a890-af2cc187fc11/wtforms-wtforms-sqlalchemy/.tox/docs/lib/python3.9/site-packages/babel/localtime/__init__.py\", line 37, in get_localzone\n[tests/docs ]   |     return _get_localzone()\n[tests/docs ]   |   File \"/tmp/de65f406-fe28-11ed-a890-af2cc187fc11/wtforms-wtforms-sqlalchemy/.tox/docs/lib/python3.9/site-packages/babel/localtime/_unix.py\", line 49, in _get_localzone\n[tests/docs ]   |     tzinfo = _get_tzinfo(zone_name)\n[tests/docs ]   |   File \"/tmp/de65f406-fe28-11ed-a890-af2cc187fc11/wtforms-wtforms-sqlalchemy/.tox/docs/lib/python3.9/site-packages/babel/localtime/_helpers.py\", line 21, in _get_tzinfo\n[tests/docs ]   |     return zoneinfo.ZoneInfo(tzenv)\n[tests/docs ]   |   File \"/opt/hostedtoolcache/Python/3.9.6/x64/lib/python3.9/zoneinfo/_tzpath.py\", line 67, in find_tzfile\n[tests/docs ]   |     _validate_tzfile_path(key)\n[tests/docs ]   |   File \"/opt/hostedtoolcache/Python/3.9.6/x64/lib/python3.9/zoneinfo/_tzpath.py\", line 81, in _validate_tzfile_path\n[tests/docs ]   |     raise ValueError(\n[tests/docs ]   | ValueError: ZoneInfo keys may not be absolute paths, got: /UTC\n[tests/docs ]   | docs: exit 1 (0.32 seconds) /tmp/de65f406-fe28-11ed-a890-af2cc187fc11/wtforms-wtforms-sqlalchemy> sphinx-build -W -b html -d /tmp/de65f406-fe28-11ed-a890-af2cc187fc11/wtforms-wtforms-sqlalchemy/.tox/docs/tmp/doctrees docs /tmp/de65f406-fe28-11ed-a890-af2cc187fc11/wtforms-wtforms-sqlalchemy/.tox/docs/tmp/html pid=137\n[tests/docs ]   | .pkg: _exit> python /opt/hostedtoolcache/Python/3.9.6/x64/lib/python3.9/site-packages/pyproject_api/_backend.py True setuptools.build_meta __legacy__\n[tests/docs ]   |   docs: FAIL code 1 (30.61=setup[30.29]+cmd[0.32] seconds)\n[tests/docs ]   |   evaluation failed :( (30.90 seconds)\n[tests/docs ]   \u274c  Failure - Main tox -e docs\n[tests/docs ] exitcode '1': failure\n[tests/style]   | style: install_deps> python -I -m pip install pre-commit\n[tests/docs ] Unable to interpolate expression 'format('pip|{0}|{1}', hashFiles('setup.py'), hashFiles('tox.ini'))': Unable to filepath.Walk: lstat /tmp/de65f406-fe28-11ed-a890-af2cc187fc11/wtforms-wtforms-sqlalchemy/.tox/style/lib/python3.9/site-packages/pip/_vendor/rich/__pycache__/style.cpython-39.pyc.139680945912096: no such file or directory\n[tests/style]   | style: freeze> python -m pip freeze --all\n[tests/style]   | style: cfgv==3.3.1,distlib==0.3.6,filelock==3.12.0,identify==2.5.24,nodeenv==1.8.0,pip==23.1.2,platformdirs==3.5.1,pre-commit==3.3.2,PyYAML==6.0,setuptools==67.7.2,virtualenv==20.23.0,wheel==0.40.0,WTForms-SQLAlchemy==0.3\n[tests/style]   | style: commands[0]> pre-commit run --all-files --show-diff-on-failure\n[tests/style]   | [INFO] Initializing environment for https://github.com/asottile/pyupgrade.\n[tests/style]   | [INFO] Initializing environment for https://github.com/asottile/reorder_python_imports.\n[tests/docs ] \ud83c\udfc1  Job failed\n[tests/style]   | [INFO] Initializing environment for https://github.com/psf/black.\n[tests/style]   | [INFO] Initializing environment for https://gitlab.com/pycqa/flake8.\n[tests/style]   | An unexpected error has occurred: CalledProcessError: command: ('/usr/bin/git', 'fetch', 'origin', '--tags')\n[tests/style]   | return code: 128\n[tests/style]   | stdout: (none)\n[tests/style]   | stderr:\n[tests/style]   |     fatal: could not read Username for 'https://gitlab.com': No such device or address\n[tests/style]   | Check the log at /home/runneradmin/.cache/pre-commit/pre-commit.log\n[tests/style]   | style: exit 3 (4.98 seconds) /tmp/de65f406-fe28-11ed-a890-af2cc187fc11/wtforms-wtforms-sqlalchemy> pre-commit run --all-files --show-diff-on-failure pid=116\n[tests/style]   |   style: FAIL code 3 (15.72=setup[10.74]+cmd[4.98] seconds)\n[tests/style]   |   evaluation failed :( (15.93 seconds)\n[tests/style]   \u274c  Failure - Main tox -e style\n[tests/style] exitcode '3': failure\n[tests/style] \ud83c\udfc1  Job failed\n",
    "actions_stderr": "Error: Job 'style' failed\n"
}