<?xml version="1.0" encoding="UTF-8" ?>
<testsuite tests="7" failures="3" name="fr.spoonlabs.flacoco.cli.FlacocoMainTest" time="2.638" errors="0" skipped="0">
  <properties>
[...]
</properties>
  <testcase classname="fr.spoonlabs.flacoco.cli.FlacocoMainTest" name="testMainExplicitArguments" time="0.537"/>
  <testcase classname="fr.spoonlabs.flacoco.cli.FlacocoMainTest" name="testMainDefaultValues" time="0.26"/>
  <testcase classname="fr.spoonlabs.flacoco.cli.FlacocoMainTest" name="testMainCSVExport" time="0.234">
    <failure message="The files differ!" type="java.lang.AssertionError">java.lang.AssertionError: The files differ!
	at org.junit.Assert.fail(Assert.java:89)
	at org.junit.Assert.assertTrue(Assert.java:42)
	at fr.spoonlabs.flacoco.cli.FlacocoMainTest$CheckOutput.finished(FlacocoMainTest.java:202)
	at org.junit.rules.TestWatcher.finishedQuietly(TestWatcher.java:122)
	at org.junit.rules.TestWatcher.access$400(TestWatcher.java:52)
	at org.junit.rules.TestWatcher$1.evaluate(TestWatcher.java:70)
	at org.junit.runners.ParentRunner$3.evaluate(ParentRunner.java:306)
	at org.junit.runners.BlockJUnit4ClassRunner$1.evaluate(BlockJUnit4ClassRunner.java:100)
	at org.junit.runners.ParentRunner.runLeaf(ParentRunner.java:366)
	at org.junit.runners.BlockJUnit4ClassRunner.runChild(BlockJUnit4ClassRunner.java:103)
	at org.junit.runners.BlockJUnit4ClassRunner.runChild(BlockJUnit4ClassRunner.java:63)
	at org.junit.runners.ParentRunner$4.run(ParentRunner.java:331)
	at org.junit.runners.ParentRunner$1.schedule(ParentRunner.java:79)
	at org.junit.runners.ParentRunner.runChildren(ParentRunner.java:329)
	at org.junit.runners.ParentRunner.access$100(ParentRunner.java:66)
	at org.junit.runners.ParentRunner$2.evaluate(ParentRunner.java:293)
	at org.junit.runners.ParentRunner$3.evaluate(ParentRunner.java:306)
	at org.junit.runners.ParentRunner.run(ParentRunner.java:413)
	at org.apache.maven.surefire.junit4.JUnit4Provider.execute(JUnit4Provider.java:252)
	at org.apache.maven.surefire.junit4.JUnit4Provider.executeTestSet(JUnit4Provider.java:141)
	at org.apache.maven.surefire.junit4.JUnit4Provider.invoke(JUnit4Provider.java:112)
	at sun.reflect.NativeMethodAccessorImpl.invoke0(Native Method)
	at sun.reflect.NativeMethodAccessorImpl.invoke(NativeMethodAccessorImpl.java:62)
	at sun.reflect.DelegatingMethodAccessorImpl.invoke(DelegatingMethodAccessorImpl.java:43)
	at java.lang.reflect.Method.invoke(Method.java:498)
	at org.apache.maven.surefire.util.ReflectionUtils.invokeMethodWithArray(ReflectionUtils.java:189)
	at org.apache.maven.surefire.booter.ProviderFactory$ProviderProxy.invoke(ProviderFactory.java:165)
	at org.apache.maven.surefire.booter.ProviderFactory.invokeProvider(ProviderFactory.java:85)
	at org.apache.maven.surefire.booter.ForkedBooter.runSuitesInProcess(ForkedBooter.java:115)
	at org.apache.maven.surefire.booter.ForkedBooter.main(ForkedBooter.java:75)
</failure>
    <system-out>[611] INFO Flacoco - Running Flacoco...
[611] DEBUG SpectrumRunner - Running spectrum-based fault localization...
[612] DEBUG SpectrumRunner - FlacocoConfig{workspace=&apos;/home/andre/Repos/flacoco/.&apos;, projectPath=&apos;/home/andre/Repos/flacoco/examples/exampleFL1/FLtest1&apos;, srcJavaDir=[/home/andre/Repos/flacoco/examples/exampleFL1/FLtest1/src/main/java], srcTestDir=[/home/andre/Repos/flacoco/examples/exampleFL1/FLtest1/src/test], binJavaDir=[/home/andre/Repos/flacoco/examples/exampleFL1/FLtest1/target/classes], binTestDir=[/home/andre/Repos/flacoco/examples/exampleFL1/FLtest1/target/test-classes], classpath=&apos;&apos;, customJUnitClasspath=&apos;null&apos;, customJacocoClasspath=&apos;null&apos;, mavenHome=&apos;/root/.m2/repository/&apos;, coverTests=false, testRunnerVerbose=false, testRunnerTimeoutInMs=1000000, testRunnerJVMArgs=&apos;null&apos;, threshold=0.0, includeZeros=true, complianceLevel=8, testDetectionStrategy=CLASSLOADER, ignoredTests=[], jUnit4Tests=[], jUnit5Tests=[], jacocoIncludes=[], jacocoExcludes=[], family=SPECTRUM_BASED, spectrumFormula=OCHIAI, computeSpoonResults=false}
[612] DEBUG TestDetector - Running chosen test detection strategy: CLASSLOADER
[615] DEBUG CoverageRunner - Running TestContext{testMethods=[[Manual]TestMethod=fr.spoonlabs.FLtest1.CalculatorTest#testIgnore, [Manual]TestMethod=fr.spoonlabs.FLtest1.CalculatorTest#testSubs, [Manual]TestMethod=fr.spoonlabs.FLtest1.CalculatorTest#testSum, [Manual]TestMethod=fr.spoonlabs.FLtest1.CalculatorTest#testMul, [Manual]TestMethod=fr.spoonlabs.FLtest1.CalculatorTest#testDiv], testFrameworkStrategy=fr.spoonlabs.flacoco.core.coverage.framework.JUnit4Strategy@2a50b32d}
[615] DEBUG JUnit4Strategy - Running TestContext{testMethods=[[Manual]TestMethod=fr.spoonlabs.FLtest1.CalculatorTest#testIgnore, [Manual]TestMethod=fr.spoonlabs.FLtest1.CalculatorTest#testSubs, [Manual]TestMethod=fr.spoonlabs.FLtest1.CalculatorTest#testSum, [Manual]TestMethod=fr.spoonlabs.FLtest1.CalculatorTest#testMul, [Manual]TestMethod=fr.spoonlabs.FLtest1.CalculatorTest#testDiv], testFrameworkStrategy=fr.spoonlabs.flacoco.core.coverage.framework.JUnit4Strategy@2a50b32d}
[827] WARN CoverageRunner - Test [Manual]TestMethod=fr.spoonlabs.FLtest1.CalculatorTest#testIgnore result was not reported by test-runner.
[833] INFO CoverageRunner - Tests found: 5
[833] INFO CoverageRunner - Tests executed: 4
</system-out>
  </testcase>
  <testcase classname="fr.spoonlabs.flacoco.cli.FlacocoMainTest" name="testMainJSONExport" time="0.279">
    <failure message="The files differ!" type="java.lang.AssertionError">java.lang.AssertionError: The files differ!
	at org.junit.Assert.fail(Assert.java:89)
	at org.junit.Assert.assertTrue(Assert.java:42)
	at fr.spoonlabs.flacoco.cli.FlacocoMainTest$CheckOutput.finished(FlacocoMainTest.java:202)
	at org.junit.rules.TestWatcher.finishedQuietly(TestWatcher.java:122)
	at org.junit.rules.TestWatcher.access$400(TestWatcher.java:52)
	at org.junit.rules.TestWatcher$1.evaluate(TestWatcher.java:70)
	at org.junit.runners.ParentRunner$3.evaluate(ParentRunner.java:306)
	at org.junit.runners.BlockJUnit4ClassRunner$1.evaluate(BlockJUnit4ClassRunner.java:100)
	at org.junit.runners.ParentRunner.runLeaf(ParentRunner.java:366)
	at org.junit.runners.BlockJUnit4ClassRunner.runChild(BlockJUnit4ClassRunner.java:103)
	at org.junit.runners.BlockJUnit4ClassRunner.runChild(BlockJUnit4ClassRunner.java:63)
	at org.junit.runners.ParentRunner$4.run(ParentRunner.java:331)
	at org.junit.runners.ParentRunner$1.schedule(ParentRunner.java:79)
	at org.junit.runners.ParentRunner.runChildren(ParentRunner.java:329)
	at org.junit.runners.ParentRunner.access$100(ParentRunner.java:66)
	at org.junit.runners.ParentRunner$2.evaluate(ParentRunner.java:293)
	at org.junit.runners.ParentRunner$3.evaluate(ParentRunner.java:306)
	at org.junit.runners.ParentRunner.run(ParentRunner.java:413)
	at org.apache.maven.surefire.junit4.JUnit4Provider.execute(JUnit4Provider.java:252)
	at org.apache.maven.surefire.junit4.JUnit4Provider.executeTestSet(JUnit4Provider.java:141)
	at org.apache.maven.surefire.junit4.JUnit4Provider.invoke(JUnit4Provider.java:112)
	at sun.reflect.NativeMethodAccessorImpl.invoke0(Native Method)
	at sun.reflect.NativeMethodAccessorImpl.invoke(NativeMethodAccessorImpl.java:62)
	at sun.reflect.DelegatingMethodAccessorImpl.invoke(DelegatingMethodAccessorImpl.java:43)
	at java.lang.reflect.Method.invoke(Method.java:498)
	at org.apache.maven.surefire.util.ReflectionUtils.invokeMethodWithArray(ReflectionUtils.java:189)
	at org.apache.maven.surefire.booter.ProviderFactory$ProviderProxy.invoke(ProviderFactory.java:165)
	at org.apache.maven.surefire.booter.ProviderFactory.invokeProvider(ProviderFactory.java:85)
	at org.apache.maven.surefire.booter.ForkedBooter.runSuitesInProcess(ForkedBooter.java:115)
	at org.apache.maven.surefire.booter.ForkedBooter.main(ForkedBooter.java:75)
</failure>
    <system-out>[843] INFO Flacoco - Running Flacoco...
[844] DEBUG SpectrumRunner - Running spectrum-based fault localization...
[844] DEBUG SpectrumRunner - FlacocoConfig{workspace=&apos;/home/andre/Repos/flacoco/.&apos;, projectPath=&apos;/home/andre/Repos/flacoco/examples/exampleFL1/FLtest1&apos;, srcJavaDir=[/home/andre/Repos/flacoco/examples/exampleFL1/FLtest1/src/main/java], srcTestDir=[/home/andre/Repos/flacoco/examples/exampleFL1/FLtest1/src/test], binJavaDir=[/home/andre/Repos/flacoco/examples/exampleFL1/FLtest1/target/classes], binTestDir=[/home/andre/Repos/flacoco/examples/exampleFL1/FLtest1/target/test-classes], classpath=&apos;&apos;, customJUnitClasspath=&apos;null&apos;, customJacocoClasspath=&apos;null&apos;, mavenHome=&apos;/root/.m2/repository/&apos;, coverTests=false, testRunnerVerbose=false, testRunnerTimeoutInMs=1000000, testRunnerJVMArgs=&apos;null&apos;, threshold=0.0, includeZeros=true, complianceLevel=8, testDetectionStrategy=CLASSLOADER, ignoredTests=[], jUnit4Tests=[], jUnit5Tests=[], jacocoIncludes=[], jacocoExcludes=[], family=SPECTRUM_BASED, spectrumFormula=OCHIAI, computeSpoonResults=false}
[844] DEBUG TestDetector - Running chosen test detection strategy: CLASSLOADER
[847] DEBUG CoverageRunner - Running TestContext{testMethods=[[Manual]TestMethod=fr.spoonlabs.FLtest1.CalculatorTest#testIgnore, [Manual]TestMethod=fr.spoonlabs.FLtest1.CalculatorTest#testSubs, [Manual]TestMethod=fr.spoonlabs.FLtest1.CalculatorTest#testSum, [Manual]TestMethod=fr.spoonlabs.FLtest1.CalculatorTest#testMul, [Manual]TestMethod=fr.spoonlabs.FLtest1.CalculatorTest#testDiv], testFrameworkStrategy=fr.spoonlabs.flacoco.core.coverage.framework.JUnit4Strategy@5a622fe8}
[847] DEBUG JUnit4Strategy - Running TestContext{testMethods=[[Manual]TestMethod=fr.spoonlabs.FLtest1.CalculatorTest#testIgnore, [Manual]TestMethod=fr.spoonlabs.FLtest1.CalculatorTest#testSubs, [Manual]TestMethod=fr.spoonlabs.FLtest1.CalculatorTest#testSum, [Manual]TestMethod=fr.spoonlabs.FLtest1.CalculatorTest#testMul, [Manual]TestMethod=fr.spoonlabs.FLtest1.CalculatorTest#testDiv], testFrameworkStrategy=fr.spoonlabs.flacoco.core.coverage.framework.JUnit4Strategy@5a622fe8}
[1062] WARN CoverageRunner - Test [Manual]TestMethod=fr.spoonlabs.FLtest1.CalculatorTest#testIgnore result was not reported by test-runner.
[1067] INFO CoverageRunner - Tests found: 5
[1067] INFO CoverageRunner - Tests executed: 4
</system-out>
  </testcase>
  <testcase classname="fr.spoonlabs.flacoco.cli.FlacocoMainTest" name="testMainCustomExport" time="1.088">
    <failure message="The files differ!" type="java.lang.AssertionError">java.lang.AssertionError: The files differ!
	at org.junit.Assert.fail(Assert.java:89)
	at org.junit.Assert.assertTrue(Assert.java:42)
	at fr.spoonlabs.flacoco.cli.FlacocoMainTest$CheckOutput.finished(FlacocoMainTest.java:202)
	at org.junit.rules.TestWatcher.finishedQuietly(TestWatcher.java:122)
	at org.junit.rules.TestWatcher.access$400(TestWatcher.java:52)
	at org.junit.rules.TestWatcher$1.evaluate(TestWatcher.java:70)
	at org.junit.runners.ParentRunner$3.evaluate(ParentRunner.java:306)
	at org.junit.runners.BlockJUnit4ClassRunner$1.evaluate(BlockJUnit4ClassRunner.java:100)
	at org.junit.runners.ParentRunner.runLeaf(ParentRunner.java:366)
	at org.junit.runners.BlockJUnit4ClassRunner.runChild(BlockJUnit4ClassRunner.java:103)
	at org.junit.runners.BlockJUnit4ClassRunner.runChild(BlockJUnit4ClassRunner.java:63)
	at org.junit.runners.ParentRunner$4.run(ParentRunner.java:331)
	at org.junit.runners.ParentRunner$1.schedule(ParentRunner.java:79)
	at org.junit.runners.ParentRunner.runChildren(ParentRunner.java:329)
	at org.junit.runners.ParentRunner.access$100(ParentRunner.java:66)
	at org.junit.runners.ParentRunner$2.evaluate(ParentRunner.java:293)
	at org.junit.runners.ParentRunner$3.evaluate(ParentRunner.java:306)
	at org.junit.runners.ParentRunner.run(ParentRunner.java:413)
	at org.apache.maven.surefire.junit4.JUnit4Provider.execute(JUnit4Provider.java:252)
	at org.apache.maven.surefire.junit4.JUnit4Provider.executeTestSet(JUnit4Provider.java:141)
	at org.apache.maven.surefire.junit4.JUnit4Provider.invoke(JUnit4Provider.java:112)
	at sun.reflect.NativeMethodAccessorImpl.invoke0(Native Method)
	at sun.reflect.NativeMethodAccessorImpl.invoke(NativeMethodAccessorImpl.java:62)
	at sun.reflect.DelegatingMethodAccessorImpl.invoke(DelegatingMethodAccessorImpl.java:43)
	at java.lang.reflect.Method.invoke(Method.java:498)
	at org.apache.maven.surefire.util.ReflectionUtils.invokeMethodWithArray(ReflectionUtils.java:189)
	at org.apache.maven.surefire.booter.ProviderFactory$ProviderProxy.invoke(ProviderFactory.java:165)
	at org.apache.maven.surefire.booter.ProviderFactory.invokeProvider(ProviderFactory.java:85)
	at org.apache.maven.surefire.booter.ForkedBooter.runSuitesInProcess(ForkedBooter.java:115)
	at org.apache.maven.surefire.booter.ForkedBooter.main(ForkedBooter.java:75)
</failure>
    <system-out>[1123] INFO Flacoco - Running Flacoco...
[1123] DEBUG SpectrumRunner - Running spectrum-based fault localization...
[1123] DEBUG SpectrumRunner - FlacocoConfig{workspace=&apos;/home/andre/Repos/flacoco/.&apos;, projectPath=&apos;/home/andre/Repos/flacoco/examples/exampleFL1/FLtest1&apos;, srcJavaDir=[/home/andre/Repos/flacoco/examples/exampleFL1/FLtest1/src/main/java], srcTestDir=[/home/andre/Repos/flacoco/examples/exampleFL1/FLtest1/src/test], binJavaDir=[/home/andre/Repos/flacoco/examples/exampleFL1/FLtest1/target/classes], binTestDir=[/home/andre/Repos/flacoco/examples/exampleFL1/FLtest1/target/test-classes], classpath=&apos;&apos;, customJUnitClasspath=&apos;null&apos;, customJacocoClasspath=&apos;null&apos;, mavenHome=&apos;/root/.m2/repository/&apos;, coverTests=false, testRunnerVerbose=false, testRunnerTimeoutInMs=1000000, testRunnerJVMArgs=&apos;null&apos;, threshold=0.0, includeZeros=true, complianceLevel=8, testDetectionStrategy=CLASSLOADER, ignoredTests=[], jUnit4Tests=[], jUnit5Tests=[], jacocoIncludes=[], jacocoExcludes=[], family=SPECTRUM_BASED, spectrumFormula=OCHIAI, computeSpoonResults=false}
[1123] DEBUG TestDetector - Running chosen test detection strategy: CLASSLOADER
[1128] DEBUG CoverageRunner - Running TestContext{testMethods=[[Manual]TestMethod=fr.spoonlabs.FLtest1.CalculatorTest#testIgnore, [Manual]TestMethod=fr.spoonlabs.FLtest1.CalculatorTest#testSubs, [Manual]TestMethod=fr.spoonlabs.FLtest1.CalculatorTest#testSum, [Manual]TestMethod=fr.spoonlabs.FLtest1.CalculatorTest#testMul, [Manual]TestMethod=fr.spoonlabs.FLtest1.CalculatorTest#testDiv], testFrameworkStrategy=fr.spoonlabs.flacoco.core.coverage.framework.JUnit4Strategy@2a8f8555}
[1128] DEBUG JUnit4Strategy - Running TestContext{testMethods=[[Manual]TestMethod=fr.spoonlabs.FLtest1.CalculatorTest#testIgnore, [Manual]TestMethod=fr.spoonlabs.FLtest1.CalculatorTest#testSubs, [Manual]TestMethod=fr.spoonlabs.FLtest1.CalculatorTest#testSum, [Manual]TestMethod=fr.spoonlabs.FLtest1.CalculatorTest#testMul, [Manual]TestMethod=fr.spoonlabs.FLtest1.CalculatorTest#testDiv], testFrameworkStrategy=fr.spoonlabs.flacoco.core.coverage.framework.JUnit4Strategy@2a8f8555}
[1352] WARN CoverageRunner - Test [Manual]TestMethod=fr.spoonlabs.FLtest1.CalculatorTest#testIgnore result was not reported by test-runner.
[1358] INFO CoverageRunner - Tests found: 5
[1358] INFO CoverageRunner - Tests executed: 4
</system-out>
  </testcase>
  <testcase classname="fr.spoonlabs.flacoco.cli.FlacocoMainTest" name="testMainExplicitArgumentsNotMaven" time="0.234"/>
  <testcase classname="fr.spoonlabs.flacoco.cli.FlacocoMainTest" name="testMainIncorrectInputs" time="0.006"/>
</testsuite>