<?xml version="1.0" encoding="UTF-8" ?>
<testsuite tests="7" failures="0" name="fr.spoonlabs.flacoco.cli.FlacocoMainTest" time="7.174" errors="0" skipped="0">
  <properties>
[...]
</properties>
  <testcase classname="fr.spoonlabs.flacoco.cli.FlacocoMainTest" name="testMainExplicitArguments" time="1.742"/>
  <testcase classname="fr.spoonlabs.flacoco.cli.FlacocoMainTest" name="testMainDefaultValues" time="0.812"/>
  <testcase classname="fr.spoonlabs.flacoco.cli.FlacocoMainTest" name="testMainCSVExport" time="0.52"/>
  <testcase classname="fr.spoonlabs.flacoco.cli.FlacocoMainTest" name="testMainJSONExport" time="0.761"/>
  <testcase classname="fr.spoonlabs.flacoco.cli.FlacocoMainTest" name="testMainCustomExport" time="2.75"/>
  <testcase classname="fr.spoonlabs.flacoco.cli.FlacocoMainTest" name="testMainExplicitArgumentsNotMaven" time="0.575"/>
  <testcase classname="fr.spoonlabs.flacoco.cli.FlacocoMainTest" name="testMainIncorrectInputs" time="0.014"/>
</testsuite>